Trial 289 finished with value: 0.8033132791515123 and parameters: {'objective': 'binary:logistic', 'tree_method': 'gpu_hist', 'lambda': 0.05640134579575395, 'alpha': 0.0483287285577158, 'colsample_bytree': 0.3465121201616175, 'subsample': 0.8847387058176714, 'learning_rate': 0.022052446645918686, 'max_depth': 20, 'min_child_weight': 276, 'eval_metric': 'logloss'}. Best is trial 254 with value: 0.8034457656439646.
start listen on 192.168.1.101:45547
@tracker All of 4 nodes getting started
@tracker All nodes finishes job
Trial 290 finished with value: 0.7996541622303857 and parameters: {'objective': 'binary:logistic', 'tree_method': 'gpu_hist', 'lambda': 0.03909919670805692, 'alpha': 0.04844784573681841, 'colsample_bytree': 0.322887326081752, 'subsample': 0.913185487498376, 'learning_rate': 0.007250580156788715, 'max_depth': 20, 'min_child_weight': 277, 'eval_metric': 'logloss'}. Best is trial 254 with value: 0.8034457656439646.
start listen on 192.168.1.101:51871
@tracker All of 4 nodes getting started
@tracker All nodes finishes job
Trial 291 finished with value: 0.8033814154386766 and parameters: {'objective': 'binary:logistic', 'tree_method': 'gpu_hist', 'lambda': 0.04742355881955376, 'alpha': 0.052345562097727685, 'colsample_bytree': 0.3201071171217393, 'subsample': 0.8860025155960211, 'learning_rate': 0.025985110341366323, 'max_depth': 20, 'min_child_weight': 275, 'eval_metric': 'logloss'}. Best is trial 254 with value: 0.8034457656439646.
start listen on 192.168.1.101:42231
@tracker All of 4 nodes getting started
@tracker All nodes finishes job
Trial 292 finished with value: 0.803294644623433 and parameters: {'objective': 'binary:logistic', 'tree_method': 'gpu_hist', 'lambda': 0.04575144048513201, 'alpha': 0.04564260321748573, 'colsample_bytree': 0.3084094555912739, 'subsample': 0.8920511961282473, 'learning_rate': 0.022727675941693545, 'max_depth': 20, 'min_child_weight': 274, 'eval_metric': 'logloss'}. Best is trial 254 with value: 0.8034457656439646.
start listen on 192.168.1.101:51907
@tracker All of 4 nodes getting started
@tracker All nodes finishes job
Trial 293 finished with value: 0.8008121457961689 and parameters: {'objective': 'binary:logistic', 'tree_method': 'gpu_hist', 'lambda': 0.04983446028987204, 'alpha': 0.05484690188482835, 'colsample_bytree': 0.3301464108141153, 'subsample': 0.9195664913075503, 'learning_rate': 0.024640050136596904, 'max_depth': 7, 'min_child_weight': 271, 'eval_metric': 'logloss'}. Best is trial 254 with value: 0.8034457656439646.
start listen on 192.168.1.101:50251
@tracker All of 4 nodes getting started
@tracker All nodes finishes job
Trial 294 finished with value: 0.8032882782713417 and parameters: {'objective': 'binary:logistic', 'tree_method': 'gpu_hist', 'lambda': 0.07328049773098533, 'alpha': 0.04221568339135708, 'colsample_bytree': 0.32553039532616146, 'subsample': 0.9381008561781604, 'learning_rate': 0.02210058624214383, 'max_depth': 20, 'min_child_weight': 280, 'eval_metric': 'logloss'}. Best is trial 254 with value: 0.8034457656439646.
start listen on 192.168.1.101:43487
@tracker All of 4 nodes getting started
@tracker All nodes finishes job
Trial 295 finished with value: 0.8032666884176151 and parameters: {'objective': 'binary:logistic', 'tree_method': 'gpu_hist', 'lambda': 0.04116156368485826, 'alpha': 0.052569151211849, 'colsample_bytree': 0.3001894745039596, 'subsample': 0.886016063567722, 'learning_rate': 0.0188585304449072, 'max_depth': 20, 'min_child_weight': 272, 'eval_metric': 'logloss'}. Best is trial 254 with value: 0.8034457656439646.
start listen on 192.168.1.101:47765
@tracker All of 4 nodes getting started
@tracker All nodes finishes job
Trial 296 finished with value: 0.803248263730952 and parameters: {'objective': 'binary:logistic', 'tree_method': 'gpu_hist', 'lambda': 0.05831719709460823, 'alpha': 0.06598335440597425, 'colsample_bytree': 0.34357792602165477, 'subsample': 0.8784222772172067, 'learning_rate': 0.026138095403454787, 'max_depth': 20, 'min_child_weight': 265, 'eval_metric': 'logloss'}. Best is trial 254 with value: 0.8034457656439646.
start listen on 192.168.1.101:47681
@tracker All of 4 nodes getting started
@tracker All nodes finishes job
Trial 297 finished with value: 0.8033095792729914 and parameters: {'objective': 'binary:logistic', 'tree_method': 'gpu_hist', 'lambda': 0.039042532961303174, 'alpha': 0.04847614044726076, 'colsample_bytree': 0.3575731047208441, 'subsample': 0.9027314138372601, 'learning_rate': 0.021091897613027145, 'max_depth': 20, 'min_child_weight': 280, 'eval_metric': 'logloss'}. Best is trial 254 with value: 0.8034457656439646.
start listen on 192.168.1.101:36683
@tracker All of 4 nodes getting started
@tracker All nodes finishes job
Trial 298 finished with value: 0.8032236892903883 and parameters: {'objective': 'binary:logistic', 'tree_method': 'gpu_hist', 'lambda': 0.04149981662205485, 'alpha': 0.034834439154669175, 'colsample_bytree': 0.35154515772997136, 'subsample': 0.8927751706180004, 'learning_rate': 0.02306042165810307, 'max_depth': 20, 'min_child_weight': 283, 'eval_metric': 'logloss'}. Best is trial 254 with value: 0.8034457656439646.
start listen on 192.168.1.101:49761
@tracker All of 4 nodes getting started
@tracker All nodes finishes job
Trial 299 finished with value: 0.8025543656817795 and parameters: {'objective': 'binary:logistic', 'tree_method': 'gpu_hist', 'lambda': 0.0329836607796715, 'alpha': 0.05277439831369459, 'colsample_bytree': 0.33834583791552947, 'subsample': 0.9034798252044681, 'learning_rate': 0.021504595082825408, 'max_depth': 15, 'min_child_weight': 277, 'eval_metric': 'logloss'}. Best is trial 254 with value: 0.8034457656439646.
start listen on 192.168.1.101:35565
@tracker All of 4 nodes getting started
@tracker All nodes finishes job
Trial 300 finished with value: 0.7986437927560952 and parameters: {'objective': 'binary:logistic', 'tree_method': 'gpu_hist', 'lambda': 0.04840089856158684, 'alpha': 0.04293802880422717, 'colsample_bytree': 0.34431386314381185, 'subsample': 0.9298213872846658, 'learning_rate': 0.024076149017086972, 'max_depth': 5, 'min_child_weight': 270, 'eval_metric': 'logloss'}. Best is trial 254 with value: 0.8034457656439646.
start listen on 192.168.1.101:56105
@tracker All of 4 nodes getting started
@tracker All nodes finishes job
Trial 301 finished with value: 0.8031453777379004 and parameters: {'objective': 'binary:logistic', 'tree_method': 'gpu_hist', 'lambda': 0.026205724196137686, 'alpha': 3.3740908470921656, 'colsample_bytree': 0.3625421003198963, 'subsample': 0.9069380562352544, 'learning_rate': 0.02715700708046179, 'max_depth': 20, 'min_child_weight': 286, 'eval_metric': 'logloss'}. Best is trial 254 with value: 0.8034457656439646.
start listen on 192.168.1.101:43247
@tracker All of 4 nodes getting started
@tracker All nodes finishes job
Trial 302 finished with value: 0.8020386965024222 and parameters: {'objective': 'binary:logistic', 'tree_method': 'gpu_hist', 'lambda': 0.05495972274227762, 'alpha': 0.044640247825747, 'colsample_bytree': 0.3213792079882535, 'subsample': 0.8179084948364522, 'learning_rate': 0.034281663143417164, 'max_depth': 9, 'min_child_weight': 266, 'eval_metric': 'logloss'}. Best is trial 254 with value: 0.8034457656439646.
start listen on 192.168.1.101:38143
@tracker All of 4 nodes getting started
@tracker All nodes finishes job
Trial 303 finished with value: 0.803360999955817 and parameters: {'objective': 'binary:logistic', 'tree_method': 'gpu_hist', 'lambda': 0.0385108871270663, 'alpha': 0.4430460543849329, 'colsample_bytree': 0.3617715808357126, 'subsample': 0.8073719821131148, 'learning_rate': 0.020883823887630503, 'max_depth': 20, 'min_child_weight': 279, 'eval_metric': 'logloss'}. Best is trial 254 with value: 0.8034457656439646.
start listen on 192.168.1.101:54411
@tracker All of 4 nodes getting started
@tracker All nodes finishes job
Trial 304 finished with value: 0.8031200964516199 and parameters: {'objective': 'binary:logistic', 'tree_method': 'gpu_hist', 'lambda': 0.03663819960434671, 'alpha': 0.5252385840637864, 'colsample_bytree': 0.3550439250766156, 'subsample': 0.8069971833915277, 'learning_rate': 0.01744308766399004, 'max_depth': 20, 'min_child_weight': 277, 'eval_metric': 'logloss'}. Best is trial 254 with value: 0.8034457656439646.
start listen on 192.168.1.101:54787
@tracker All of 4 nodes getting started
@tracker All nodes finishes job
Trial 305 finished with value: 0.8031885321074526 and parameters: {'objective': 'binary:logistic', 'tree_method': 'gpu_hist', 'lambda': 0.039757147513103, 'alpha': 0.5155501284090325, 'colsample_bytree': 0.3619440054577009, 'subsample': 0.8105700595243156, 'learning_rate': 0.02036552021429457, 'max_depth': 20, 'min_child_weight': 283, 'eval_metric': 'logloss'}. Best is trial 254 with value: 0.8034457656439646.
start listen on 192.168.1.101:34039
@tracker All of 4 nodes getting started
@tracker All nodes finishes job
Trial 306 finished with value: 0.7995546737502303 and parameters: {'objective': 'binary:logistic', 'tree_method': 'gpu_hist', 'lambda': 0.028815292878062348, 'alpha': 0.42234826674478443, 'colsample_bytree': 0.3429410883236549, 'subsample': 0.7803852512739801, 'learning_rate': 0.043953387150182294, 'max_depth': 20, 'min_child_weight': 35, 'eval_metric': 'logloss'}. Best is trial 254 with value: 0.8034457656439646.
start listen on 192.168.1.101:50557
@tracker All of 4 nodes getting started
@tracker All nodes finishes job
Trial 307 finished with value: 0.7994797008613189 and parameters: {'objective': 'binary:logistic', 'tree_method': 'gpu_hist', 'lambda': 0.03592806711948788, 'alpha': 0.6360217257258662, 'colsample_bytree': 0.36997813736962776, 'subsample': 0.8728669704551202, 'learning_rate': 0.06593303062434032, 'max_depth': 20, 'min_child_weight': 273, 'eval_metric': 'logloss'}. Best is trial 254 with value: 0.8034457656439646.
start listen on 192.168.1.101:53885
@tracker All of 4 nodes getting started
@tracker All nodes finishes job
Trial 308 finished with value: 0.7947193808679996 and parameters: {'objective': 'binary:logistic', 'tree_method': 'gpu_hist', 'lambda': 0.05271297526755224, 'alpha': 1.0622109869102185, 'colsample_bytree': 0.3549164843956031, 'subsample': 0.8000970737436904, 'learning_rate': 0.024581478694821534, 'max_depth': 3, 'min_child_weight': 289, 'eval_metric': 'logloss'}. Best is trial 254 with value: 0.8034457656439646.
start listen on 192.168.1.101:35861
@tracker All of 4 nodes getting started
@tracker All nodes finishes job
Trial 309 finished with value: 0.8031147897687126 and parameters: {'objective': 'binary:logistic', 'tree_method': 'gpu_hist', 'lambda': 0.0255316924007549, 'alpha': 0.05538257082217505, 'colsample_bytree': 0.38373799172913453, 'subsample': 0.8115417328967149, 'learning_rate': 0.018870719910337484, 'max_depth': 20, 'min_child_weight': 204, 'eval_metric': 'logloss'}. Best is trial 254 with value: 0.8034457656439646.
start listen on 192.168.1.101:44867
@tracker All of 4 nodes getting started
@tracker All nodes finishes job
Trial 310 finished with value: 0.7932120186998164 and parameters: {'objective': 'binary:logistic', 'tree_method': 'gpu_hist', 'lambda': 0.03143165131088186, 'alpha': 0.3732749031730702, 'colsample_bytree': 0.3170851073373661, 'subsample': 0.9058022337846413, 'learning_rate': 0.0015198699668681319, 'max_depth': 20, 'min_child_weight': 280, 'eval_metric': 'logloss'}. Best is trial 254 with value: 0.8034457656439646.
start listen on 192.168.1.101:47289
@tracker All of 4 nodes getting started
@tracker All nodes finishes job
Trial 311 finished with value: 0.8024275841404541 and parameters: {'objective': 'binary:logistic', 'tree_method': 'gpu_hist', 'lambda': 0.021988178119677966, 'alpha': 0.033154325744174214, 'colsample_bytree': 0.3345442567433517, 'subsample': 0.7851888628348901, 'learning_rate': 0.029257909373422483, 'max_depth': 13, 'min_child_weight': 272, 'eval_metric': 'logloss'}. Best is trial 254 with value: 0.8034457656439646.
start listen on 192.168.1.101:60157
@tracker All of 4 nodes getting started
@tracker All nodes finishes job
Trial 312 finished with value: 0.8031847013436857 and parameters: {'objective': 'binary:logistic', 'tree_method': 'gpu_hist', 'lambda': 0.04813221853657444, 'alpha': 0.06268239990830052, 'colsample_bytree': 0.38880755145282947, 'subsample': 0.7714179906515907, 'learning_rate': 0.022804708902359697, 'max_depth': 20, 'min_child_weight': 286, 'eval_metric': 'logloss'}. Best is trial 254 with value: 0.8034457656439646.
start listen on 192.168.1.101:37475
@tracker All of 4 nodes getting started
@tracker All nodes finishes job
Trial 313 finished with value: 0.8032566475793944 and parameters: {'objective': 'binary:logistic', 'tree_method': 'gpu_hist', 'lambda': 0.04126934291063055, 'alpha': 0.464651599897093, 'colsample_bytree': 0.36883779297294056, 'subsample': 0.8193086451673186, 'learning_rate': 0.02594338219119052, 'max_depth': 20, 'min_child_weight': 278, 'eval_metric': 'logloss'}. Best is trial 254 with value: 0.8034457656439646.
start listen on 192.168.1.101:53321
@tracker All of 4 nodes getting started
@tracker All nodes finishes job
Trial 314 finished with value: 0.8031660348299111 and parameters: {'objective': 'binary:logistic', 'tree_method': 'gpu_hist', 'lambda': 0.07029717049681698, 'alpha': 0.038066072534717506, 'colsample_bytree': 0.40465456360335283, 'subsample': 0.9179664463603883, 'learning_rate': 0.0208135633511939, 'max_depth': 20, 'min_child_weight': 266, 'eval_metric': 'logloss'}. Best is trial 254 with value: 0.8034457656439646.
start listen on 192.168.1.101:49341
@tracker All of 4 nodes getting started
@tracker All nodes finishes job
Trial 315 finished with value: 0.8030711649860344 and parameters: {'objective': 'binary:logistic', 'tree_method': 'gpu_hist', 'lambda': 0.03321557347865264, 'alpha': 0.05049108124235908, 'colsample_bytree': 0.3139383661220282, 'subsample': 0.7989369814738599, 'learning_rate': 0.02314195064763363, 'max_depth': 17, 'min_child_weight': 171, 'eval_metric': 'logloss'}. Best is trial 254 with value: 0.8034457656439646.
start listen on 192.168.1.101:46865
@tracker All of 4 nodes getting started
@tracker All nodes finishes job
Trial 316 finished with value: 0.8028525557837161 and parameters: {'objective': 'binary:logistic', 'tree_method': 'gpu_hist', 'lambda': 0.023419950407680936, 'alpha': 0.07276502366423872, 'colsample_bytree': 0.4779335374941469, 'subsample': 0.8695364748306484, 'learning_rate': 0.01658821215934989, 'max_depth': 20, 'min_child_weight': 260, 'eval_metric': 'logloss'}. Best is trial 254 with value: 0.8034457656439646.
start listen on 192.168.1.101:47765
@tracker All of 4 nodes getting started
@tracker All nodes finishes job
Trial 317 finished with value: 0.8032098919039319 and parameters: {'objective': 'binary:logistic', 'tree_method': 'gpu_hist', 'lambda': 0.059850703767336484, 'alpha': 0.3080385513288302, 'colsample_bytree': 0.3967903249695791, 'subsample': 0.887999966577002, 'learning_rate': 0.027179866203040574, 'max_depth': 20, 'min_child_weight': 283, 'eval_metric': 'logloss'}. Best is trial 254 with value: 0.8034457656439646.
start listen on 192.168.1.101:60617
@tracker All of 4 nodes getting started
@tracker All nodes finishes job
Trial 318 finished with value: 0.8031534561147816 and parameters: {'objective': 'binary:logistic', 'tree_method': 'gpu_hist', 'lambda': 0.04344006710133475, 'alpha': 0.06324107739103312, 'colsample_bytree': 0.3548141078413699, 'subsample': 0.8494142505016113, 'learning_rate': 0.018515687075545947, 'max_depth': 20, 'min_child_weight': 273, 'eval_metric': 'logloss'}. Best is trial 254 with value: 0.8034457656439646.
start listen on 192.168.1.101:50905
@tracker All of 4 nodes getting started
@tracker All nodes finishes job
Trial 319 finished with value: 0.8031241787417381 and parameters: {'objective': 'binary:logistic', 'tree_method': 'gpu_hist', 'lambda': 0.03314027998394196, 'alpha': 0.7548801145546095, 'colsample_bytree': 0.379846577747189, 'subsample': 0.8144942753411377, 'learning_rate': 0.021037758586858607, 'max_depth': 20, 'min_child_weight': 288, 'eval_metric': 'logloss'}. Best is trial 254 with value: 0.8034457656439646.
start listen on 192.168.1.101:43001
@tracker All of 4 nodes getting started
@tracker All nodes finishes job
Trial 320 finished with value: 0.8021863912392789 and parameters: {'objective': 'binary:logistic', 'tree_method': 'gpu_hist', 'lambda': 0.02567707168541251, 'alpha': 0.07272136122800008, 'colsample_bytree': 0.4269003504603212, 'subsample': 0.8441246005523527, 'learning_rate': 0.02492018271317888, 'max_depth': 11, 'min_child_weight': 267, 'eval_metric': 'logloss'}. Best is trial 254 with value: 0.8034457656439646.
start listen on 192.168.1.101:44019
@tracker All of 4 nodes getting started
@tracker All nodes finishes job
Trial 321 finished with value: 0.803095491496594 and parameters: {'objective': 'binary:logistic', 'tree_method': 'gpu_hist', 'lambda': 0.05109928900597648, 'alpha': 0.04220132997522396, 'colsample_bytree': 0.41802988163158883, 'subsample': 0.8240380550184966, 'learning_rate': 0.030973336599314293, 'max_depth': 20, 'min_child_weight': 276, 'eval_metric': 'logloss'}. Best is trial 254 with value: 0.8034457656439646.
start listen on 192.168.1.101:45267
@tracker All of 4 nodes getting started
@tracker All nodes finishes job
Trial 322 finished with value: 0.803283692056679 and parameters: {'objective': 'binary:logistic', 'tree_method': 'gpu_hist', 'lambda': 0.028904784521968867, 'alpha': 0.0812684674552976, 'colsample_bytree': 0.44677465406933126, 'subsample': 0.9009527646538219, 'learning_rate': 0.02263873415060544, 'max_depth': 20, 'min_child_weight': 281, 'eval_metric': 'logloss'}. Best is trial 254 with value: 0.8034457656439646.
start listen on 192.168.1.101:56105
@tracker All of 4 nodes getting started
@tracker All nodes finishes job
Trial 323 finished with value: 0.803281363094855 and parameters: {'objective': 'binary:logistic', 'tree_method': 'gpu_hist', 'lambda': 0.038955213689838564, 'alpha': 0.02471118185044421, 'colsample_bytree': 0.3389221429606246, 'subsample': 0.79581367541895, 'learning_rate': 0.01973945079248053, 'max_depth': 20, 'min_child_weight': 291, 'eval_metric': 'logloss'}. Best is trial 254 with value: 0.8034457656439646.
start listen on 192.168.1.101:38087
@tracker All of 4 nodes getting started
@tracker All nodes finishes job
Trial 324 finished with value: 0.80320335799475 and parameters: {'objective': 'binary:logistic', 'tree_method': 'gpu_hist', 'lambda': 0.02114224740896772, 'alpha': 0.05095707195659541, 'colsample_bytree': 0.3996982115451183, 'subsample': 0.8672975510681846, 'learning_rate': 0.027060902533928396, 'max_depth': 20, 'min_child_weight': 261, 'eval_metric': 'logloss'}. Best is trial 254 with value: 0.8034457656439646.
start listen on 192.168.1.101:33941
@tracker All of 4 nodes getting started
@tracker All nodes finishes job
Trial 325 finished with value: 0.8007076797533753 and parameters: {'objective': 'binary:logistic', 'tree_method': 'gpu_hist', 'lambda': 0.06735429821653993, 'alpha': 0.0312874291668263, 'colsample_bytree': 0.37489595360238737, 'subsample': 0.8386586519687105, 'learning_rate': 0.024252485954297905, 'max_depth': 7, 'min_child_weight': 272, 'eval_metric': 'logloss'}. Best is trial 254 with value: 0.8034457656439646.
start listen on 192.168.1.101:42559
@tracker All of 4 nodes getting started
@tracker All nodes finishes job
Trial 326 finished with value: 0.8032972869578842 and parameters: {'objective': 'binary:logistic', 'tree_method': 'gpu_hist', 'lambda': 0.013918848505602223, 'alpha': 0.0999653882489308, 'colsample_bytree': 0.47044650847719116, 'subsample': 0.8570865164171559, 'learning_rate': 0.021360166043514966, 'max_depth': 20, 'min_child_weight': 287, 'eval_metric': 'logloss'}. Best is trial 254 with value: 0.8034457656439646.
start listen on 192.168.1.101:34561
@tracker All of 4 nodes getting started
@tracker All nodes finishes job
Trial 327 finished with value: 0.8032066770418866 and parameters: {'objective': 'binary:logistic', 'tree_method': 'gpu_hist', 'lambda': 0.5435348137166348, 'alpha': 0.27324464194570786, 'colsample_bytree': 0.3880638010470765, 'subsample': 0.8067507429427483, 'learning_rate': 0.01806249617820702, 'max_depth': 20, 'min_child_weight': 215, 'eval_metric': 'logloss'}. Best is trial 254 with value: 0.8034457656439646.
start listen on 192.168.1.101:46175
@tracker All of 4 nodes getting started
@tracker All nodes finishes job
Trial 328 finished with value: 0.8032217443203747 and parameters: {'objective': 'binary:logistic', 'tree_method': 'gpu_hist', 'lambda': 0.057951405187290424, 'alpha': 0.12952506781840223, 'colsample_bytree': 0.4377824539728461, 'subsample': 0.827805614521575, 'learning_rate': 0.02341799918081006, 'max_depth': 20, 'min_child_weight': 268, 'eval_metric': 'logloss'}. Best is trial 254 with value: 0.8034457656439646.
start listen on 192.168.1.101:41625
@tracker All of 4 nodes getting started
@tracker All nodes finishes job
Trial 329 finished with value: 0.8031316549484054 and parameters: {'objective': 'binary:logistic', 'tree_method': 'gpu_hist', 'lambda': 0.04113253778656761, 'alpha': 0.39619745076333207, 'colsample_bytree': 0.4617162823176781, 'subsample': 0.879248791049421, 'learning_rate': 0.02025432498773194, 'max_depth': 20, 'min_child_weight': 279, 'eval_metric': 'logloss'}. Best is trial 254 with value: 0.8034457656439646.
start listen on 192.168.1.101:40783
@tracker All of 4 nodes getting started
@tracker All nodes finishes job
