Trial 986 finished with value: 0.7931762324285518 and parameters: {'objective': 'binary:logistic', 'tree_method': 'gpu_hist', 'lambda': 0.02889914029538235, 'alpha': 0.04992394627019122, 'colsample_bytree': 0.33060303116113865, 'subsample': 0.7923112635591485, 'learning_rate': 0.015863911751914712, 'max_depth': 3, 'min_child_weight': 264, 'eval_metric': 'logloss'}. Best is trial 725 with value: 0.8034700928628958.
start listen on 192.168.1.101:51665
@tracker All of 4 nodes getting started
@tracker All nodes finishes job
Trial 987 finished with value: 0.8031358257849537 and parameters: {'objective': 'binary:logistic', 'tree_method': 'gpu_hist', 'lambda': 0.0453078011417895, 'alpha': 0.08422468152781172, 'colsample_bytree': 0.46629078133066576, 'subsample': 0.8307312478962545, 'learning_rate': 0.017793131822893046, 'max_depth': 20, 'min_child_weight': 295, 'eval_metric': 'logloss'}. Best is trial 725 with value: 0.8034700928628958.
start listen on 192.168.1.101:53049
@tracker All of 4 nodes getting started
@tracker All nodes finishes job
Trial 988 finished with value: 0.8031813623531683 and parameters: {'objective': 'binary:logistic', 'tree_method': 'gpu_hist', 'lambda': 0.013199045544697337, 'alpha': 0.10640412855969393, 'colsample_bytree': 0.4399157284683792, 'subsample': 0.7798284073599461, 'learning_rate': 0.019989995563983943, 'max_depth': 20, 'min_child_weight': 282, 'eval_metric': 'logloss'}. Best is trial 725 with value: 0.8034700928628958.
start listen on 192.168.1.101:57371
@tracker All of 4 nodes getting started
@tracker All nodes finishes job
Trial 989 finished with value: 0.8024484049752477 and parameters: {'objective': 'binary:logistic', 'tree_method': 'gpu_hist', 'lambda': 0.018163703170579127, 'alpha': 0.0555548503776015, 'colsample_bytree': 0.3140101842267964, 'subsample': 0.87622997566009, 'learning_rate': 0.022531834531068003, 'max_depth': 13, 'min_child_weight': 271, 'eval_metric': 'logloss'}. Best is trial 725 with value: 0.8034700928628958.
start listen on 192.168.1.101:41375
@tracker All of 4 nodes getting started
@tracker All nodes finishes job
Trial 990 finished with value: 0.8027321423381654 and parameters: {'objective': 'binary:logistic', 'tree_method': 'gpu_hist', 'lambda': 0.03646813849197704, 'alpha': 0.0010082554541291672, 'colsample_bytree': 0.402427345620171, 'subsample': 0.7410941109672499, 'learning_rate': 0.0313457663021339, 'max_depth': 20, 'min_child_weight': 288, 'eval_metric': 'logloss'}. Best is trial 725 with value: 0.8034700928628958.
start listen on 192.168.1.101:57789
@tracker All of 4 nodes getting started
@tracker All nodes finishes job
Trial 991 finished with value: 0.8029739837261489 and parameters: {'objective': 'binary:logistic', 'tree_method': 'gpu_hist', 'lambda': 0.02441822795854536, 'alpha': 0.041139287616397006, 'colsample_bytree': 0.38114857483093734, 'subsample': 0.807986049999089, 'learning_rate': 0.025343053115726533, 'max_depth': 20, 'min_child_weight': 280, 'eval_metric': 'logloss'}. Best is trial 725 with value: 0.8034700928628958.
start listen on 192.168.1.101:46821
@tracker All of 4 nodes getting started
@tracker All nodes finishes job
Trial 992 finished with value: 0.8032444198350686 and parameters: {'objective': 'binary:logistic', 'tree_method': 'gpu_hist', 'lambda': 0.048209199428461, 'alpha': 0.06888827209998451, 'colsample_bytree': 0.4238714888346487, 'subsample': 0.8903432196614579, 'learning_rate': 0.02826309101039128, 'max_depth': 20, 'min_child_weight': 277, 'eval_metric': 'logloss'}. Best is trial 725 with value: 0.8034700928628958.
start listen on 192.168.1.101:33287
@tracker All of 4 nodes getting started
@tracker All nodes finishes job
Trial 993 finished with value: 0.8031910372902948 and parameters: {'objective': 'binary:logistic', 'tree_method': 'gpu_hist', 'lambda': 0.8917923584990164, 'alpha': 0.1699041601406723, 'colsample_bytree': 0.4795955925910137, 'subsample': 0.8651768864136795, 'learning_rate': 0.021142872363398523, 'max_depth': 20, 'min_child_weight': 261, 'eval_metric': 'logloss'}. Best is trial 725 with value: 0.8034700928628958.
start listen on 192.168.1.101:55713
@tracker All of 4 nodes getting started
@tracker All nodes finishes job
Trial 994 finished with value: 0.8028379223009998 and parameters: {'objective': 'binary:logistic', 'tree_method': 'gpu_hist', 'lambda': 0.01026331030608103, 'alpha': 7.049634768699492, 'colsample_bytree': 0.34258276442870333, 'subsample': 0.8406174761916347, 'learning_rate': 0.023231341731048114, 'max_depth': 17, 'min_child_weight': 291, 'eval_metric': 'logloss'}. Best is trial 725 with value: 0.8034700928628958.
start listen on 192.168.1.101:36837
@tracker All of 4 nodes getting started
@tracker All nodes finishes job
Trial 995 finished with value: 0.8032070451770751 and parameters: {'objective': 'binary:logistic', 'tree_method': 'gpu_hist', 'lambda': 0.03962539465457283, 'alpha': 0.21722473301629616, 'colsample_bytree': 0.3598682761726371, 'subsample': 0.9040576235771906, 'learning_rate': 0.026278341191148736, 'max_depth': 20, 'min_child_weight': 270, 'eval_metric': 'logloss'}. Best is trial 725 with value: 0.8034700928628958.
start listen on 192.168.1.101:56909
@tracker All of 4 nodes getting started
@tracker All nodes finishes job
Trial 996 finished with value: 0.8017016340817978 and parameters: {'objective': 'binary:logistic', 'tree_method': 'gpu_hist', 'lambda': 0.03266356057313817, 'alpha': 0.39973369044807056, 'colsample_bytree': 0.3263397235411685, 'subsample': 0.8227585895638002, 'learning_rate': 0.018974345934010314, 'max_depth': 11, 'min_child_weight': 286, 'eval_metric': 'logloss'}. Best is trial 725 with value: 0.8034700928628958.
start listen on 192.168.1.101:41797
@tracker All of 4 nodes getting started
@tracker All nodes finishes job
Trial 997 finished with value: 0.8033677894781083 and parameters: {'objective': 'binary:logistic', 'tree_method': 'gpu_hist', 'lambda': 0.012133279264703764, 'alpha': 0.08747475878747875, 'colsample_bytree': 0.4498298774267092, 'subsample': 0.852453541718632, 'learning_rate': 0.024046735409128404, 'max_depth': 20, 'min_child_weight': 295, 'eval_metric': 'logloss'}. Best is trial 725 with value: 0.8034700928628958.
start listen on 192.168.1.101:49739
@tracker All of 4 nodes getting started
@tracker All nodes finishes job
Trial 998 finished with value: 0.8031404734644613 and parameters: {'objective': 'binary:logistic', 'tree_method': 'gpu_hist', 'lambda': 0.06399293263973252, 'alpha': 0.2589478167966812, 'colsample_bytree': 0.4143116569652445, 'subsample': 0.8814186704222626, 'learning_rate': 0.03354363790413888, 'max_depth': 20, 'min_child_weight': 279, 'eval_metric': 'logloss'}. Best is trial 725 with value: 0.8034700928628958.
start listen on 192.168.1.101:46645
@tracker All of 4 nodes getting started
@tracker All nodes finishes job
Trial 999 finished with value: 0.8031679084178798 and parameters: {'objective': 'binary:logistic', 'tree_method': 'gpu_hist', 'lambda': 0.5938632020891054, 'alpha': 0.1305482160340956, 'colsample_bytree': 0.37174702732189024, 'subsample': 0.8364086462942948, 'learning_rate': 0.020910228057524988, 'max_depth': 20, 'min_child_weight': 273, 'eval_metric': 'logloss'}. Best is trial 725 with value: 0.8034700928628958.
