A new study created in RDB with name: nov_2021_test_1000
Start optimization.
start listen on 192.168.1.101:39437
@tracker All of 4 nodes getting started
@tracker All nodes finishes job
Trial 0 finished with value: 0.7994931123488112 and parameters: {'objective': 'binary:logistic', 'tree_method': 'gpu_hist', 'lambda': 8.974708565486653, 'alpha': 0.2104887380166018, 'colsample_bytree': 0.41614035779077274, 'subsample': 0.8760720197603942, 'learning_rate': 0.009119465152798455, 'max_depth': 15, 'min_child_weight': 78, 'eval_metric': 'logloss'}. Best is trial 0 with value: 0.7994931123488112.
start listen on 192.168.1.101:56525
@tracker All of 4 nodes getting started
@tracker All nodes finishes job
Trial 1 finished with value: 0.7930246368536455 and parameters: {'objective': 'binary:logistic', 'tree_method': 'gpu_hist', 'lambda': 0.34184110017462627, 'alpha': 0.430876870551647, 'colsample_bytree': 0.8249550589791224, 'subsample': 0.755056649851281, 'learning_rate': 0.002127210499290845, 'max_depth': 5, 'min_child_weight': 283, 'eval_metric': 'logloss'}. Best is trial 0 with value: 0.7994931123488112.
start listen on 192.168.1.101:54129
@tracker All of 4 nodes getting started
@tracker All nodes finishes job
Trial 2 finished with value: 0.8031447612367872 and parameters: {'objective': 'binary:logistic', 'tree_method': 'gpu_hist', 'lambda': 0.06401084745239802, 'alpha': 0.07534482847712978, 'colsample_bytree': 0.4054507119852392, 'subsample': 0.8161824807241169, 'learning_rate': 0.019162468371737944, 'max_depth': 20, 'min_child_weight': 217, 'eval_metric': 'logloss'}. Best is trial 2 with value: 0.8031447612367872.
start listen on 192.168.1.101:55727
@tracker All of 4 nodes getting started
@tracker All nodes finishes job
Trial 3 finished with value: 0.7935725039670035 and parameters: {'objective': 'binary:logistic', 'tree_method': 'gpu_hist', 'lambda': 0.0171061637033485, 'alpha': 0.11498537997244541, 'colsample_bytree': 0.5328555401858892, 'subsample': 0.5985076478499866, 'learning_rate': 0.003499434217856861, 'max_depth': 13, 'min_child_weight': 182, 'eval_metric': 'logloss'}. Best is trial 2 with value: 0.8031447612367872.
start listen on 192.168.1.101:48703
@tracker All of 4 nodes getting started
@tracker All nodes finishes job
Trial 4 finished with value: 0.8006836100547077 and parameters: {'objective': 'binary:logistic', 'tree_method': 'gpu_hist', 'lambda': 4.823493930412516, 'alpha': 1.3435538486730643, 'colsample_bytree': 0.4616413940678651, 'subsample': 0.7124624656950524, 'learning_rate': 0.02255786733178418, 'max_depth': 7, 'min_child_weight': 119, 'eval_metric': 'logloss'}. Best is trial 2 with value: 0.8031447612367872.
start listen on 192.168.1.101:34115
@tracker All of 4 nodes getting started
@tracker All nodes finishes job
Trial 5 finished with value: 0.7910329851076218 and parameters: {'objective': 'binary:logistic', 'tree_method': 'gpu_hist', 'lambda': 0.4387831172737235, 'alpha': 3.477476425617604, 'colsample_bytree': 0.7257485044682741, 'subsample': 0.8192339230260728, 'learning_rate': 0.001633494411538358, 'max_depth': 3, 'min_child_weight': 233, 'eval_metric': 'logloss'}. Best is trial 2 with value: 0.8031447612367872.
start listen on 192.168.1.101:38241
@tracker All of 4 nodes getting started
@tracker All nodes finishes job
Trial 6 finished with value: 0.802901950360753 and parameters: {'objective': 'binary:logistic', 'tree_method': 'gpu_hist', 'lambda': 3.577763303823696, 'alpha': 0.0057791229720288596, 'colsample_bytree': 0.7694100986047554, 'subsample': 0.5104671327874061, 'learning_rate': 0.017158481736782756, 'max_depth': 20, 'min_child_weight': 115, 'eval_metric': 'logloss'}. Best is trial 2 with value: 0.8031447612367872.
start listen on 192.168.1.101:51347
@tracker All of 4 nodes getting started
@tracker All nodes finishes job
Trial 7 finished with value: 0.7931009707965435 and parameters: {'objective': 'binary:logistic', 'tree_method': 'gpu_hist', 'lambda': 0.008612561112422526, 'alpha': 0.0011951175902837998, 'colsample_bytree': 0.7563532813242297, 'subsample': 0.8596882360874726, 'learning_rate': 0.0011877571098924751, 'max_depth': 9, 'min_child_weight': 260, 'eval_metric': 'logloss'}. Best is trial 2 with value: 0.8031447612367872.
start listen on 192.168.1.101:33187
@tracker All of 4 nodes getting started
@tracker All nodes finishes job
Trial 8 finished with value: 0.800644622216985 and parameters: {'objective': 'binary:logistic', 'tree_method': 'gpu_hist', 'lambda': 5.970362367351449, 'alpha': 1.5544961562609891, 'colsample_bytree': 0.8830642919904113, 'subsample': 0.9993383494325592, 'learning_rate': 0.024206667687296377, 'max_depth': 7, 'min_child_weight': 77, 'eval_metric': 'logloss'}. Best is trial 2 with value: 0.8031447612367872.
start listen on 192.168.1.101:56685
@tracker All of 4 nodes getting started
@tracker All nodes finishes job
Trial 9 finished with value: 0.8017226971251338 and parameters: {'objective': 'binary:logistic', 'tree_method': 'gpu_hist', 'lambda': 0.14407991837850326, 'alpha': 0.004612472913328104, 'colsample_bytree': 0.7300081455510724, 'subsample': 0.9248032241531872, 'learning_rate': 0.02360548171885699, 'max_depth': 9, 'min_child_weight': 225, 'eval_metric': 'logloss'}. Best is trial 2 with value: 0.8031447612367872.
start listen on 192.168.1.101:53175
@tracker All of 4 nodes getting started
@tracker All nodes finishes job
Trial 10 finished with value: 0.7945132898967878 and parameters: {'objective': 'binary:logistic', 'tree_method': 'gpu_hist', 'lambda': 0.001442829917361214, 'alpha': 0.022672188329421087, 'colsample_bytree': 0.3305761809957943, 'subsample': 0.598091837946949, 'learning_rate': 0.0887359071594985, 'max_depth': 17, 'min_child_weight': 2, 'eval_metric': 'logloss'}. Best is trial 2 with value: 0.8031447612367872.
start listen on 192.168.1.101:41449
@tracker All of 4 nodes getting started
@tracker All nodes finishes job
Trial 11 finished with value: 0.8015817550752535 and parameters: {'objective': 'binary:logistic', 'tree_method': 'gpu_hist', 'lambda': 0.033292393569049956, 'alpha': 0.013679598314216522, 'colsample_bytree': 0.9665476572286062, 'subsample': 0.4059377766220915, 'learning_rate': 0.010113261022294996, 'max_depth': 20, 'min_child_weight': 173, 'eval_metric': 'logloss'}. Best is trial 2 with value: 0.8031447612367872.
start listen on 192.168.1.101:46979
@tracker All of 4 nodes getting started
@tracker All nodes finishes job
Trial 12 finished with value: 0.7910632201443621 and parameters: {'objective': 'binary:logistic', 'tree_method': 'gpu_hist', 'lambda': 1.1185836318388442, 'alpha': 0.028816976980395793, 'colsample_bytree': 0.5834076924449759, 'subsample': 0.4127463595427995, 'learning_rate': 0.0631797560586982, 'max_depth': 20, 'min_child_weight': 95, 'eval_metric': 'logloss'}. Best is trial 2 with value: 0.8031447612367872.
start listen on 192.168.1.101:59059
@tracker All of 4 nodes getting started
@tracker All nodes finishes job
Trial 13 finished with value: 0.8009723498277539 and parameters: {'objective': 'binary:logistic', 'tree_method': 'gpu_hist', 'lambda': 0.06500500958207939, 'alpha': 0.003218755267251609, 'colsample_bytree': 0.6130871958439362, 'subsample': 0.5812303840521511, 'learning_rate': 0.00876512000080478, 'max_depth': 20, 'min_child_weight': 137, 'eval_metric': 'logloss'}. Best is trial 2 with value: 0.8031447612367872.
start listen on 192.168.1.101:42415
@tracker All of 4 nodes getting started
@tracker All nodes finishes job
Trial 14 finished with value: 0.7999959725378312 and parameters: {'objective': 'binary:logistic', 'tree_method': 'gpu_hist', 'lambda': 1.6548155981054797, 'alpha': 0.05300267747169055, 'colsample_bytree': 0.3057247273172443, 'subsample': 0.500838596534819, 'learning_rate': 0.03998849310930326, 'max_depth': 11, 'min_child_weight': 21, 'eval_metric': 'logloss'}. Best is trial 2 with value: 0.8031447612367872.
start listen on 192.168.1.101:50445
@tracker All of 4 nodes getting started
@tracker All nodes finishes job
Trial 15 finished with value: 0.7965188960152774 and parameters: {'objective': 'binary:logistic', 'tree_method': 'gpu_hist', 'lambda': 0.0076453902673210864, 'alpha': 0.008261010583951178, 'colsample_bytree': 0.6666700953621059, 'subsample': 0.6597311231039816, 'learning_rate': 0.0046223897653411665, 'max_depth': 20, 'min_child_weight': 200, 'eval_metric': 'logloss'}. Best is trial 2 with value: 0.8031447612367872.
start listen on 192.168.1.101:53561
@tracker All of 4 nodes getting started
@tracker All nodes finishes job
Trial 16 finished with value: 0.8029260662670347 and parameters: {'objective': 'binary:logistic', 'tree_method': 'gpu_hist', 'lambda': 0.14312097878479166, 'alpha': 0.001185758787240562, 'colsample_bytree': 0.47593884203897296, 'subsample': 0.7679135440994659, 'learning_rate': 0.015169399997606041, 'max_depth': 20, 'min_child_weight': 150, 'eval_metric': 'logloss'}. Best is trial 2 with value: 0.8031447612367872.
start listen on 192.168.1.101:41995
@tracker All of 4 nodes getting started
@tracker All nodes finishes job
Trial 17 finished with value: 0.801824622130592 and parameters: {'objective': 'binary:logistic', 'tree_method': 'gpu_hist', 'lambda': 0.1652965687560425, 'alpha': 0.001587914213575648, 'colsample_bytree': 0.4347862691018499, 'subsample': 0.7743635421990925, 'learning_rate': 0.041973974423649606, 'max_depth': 11, 'min_child_weight': 162, 'eval_metric': 'logloss'}. Best is trial 2 with value: 0.8031447612367872.
start listen on 192.168.1.101:35547
@tracker All of 4 nodes getting started
@tracker All nodes finishes job
Trial 18 finished with value: 0.7931042075091231 and parameters: {'objective': 'binary:logistic', 'tree_method': 'gpu_hist', 'lambda': 0.0021922538655026066, 'alpha': 0.23578058191864104, 'colsample_bytree': 0.5036232494106275, 'subsample': 0.9421909518188454, 'learning_rate': 0.005450351453205253, 'max_depth': 3, 'min_child_weight': 215, 'eval_metric': 'logloss'}. Best is trial 2 with value: 0.8031447612367872.
start listen on 192.168.1.101:42951
@tracker All of 4 nodes getting started
@tracker All nodes finishes job
Trial 19 finished with value: 0.7964775253795011 and parameters: {'objective': 'binary:logistic', 'tree_method': 'gpu_hist', 'lambda': 0.04716297043311866, 'alpha': 0.05815187832190094, 'colsample_bytree': 0.3802108326031387, 'subsample': 0.7065852868718806, 'learning_rate': 0.017753370849933153, 'max_depth': 5, 'min_child_weight': 295, 'eval_metric': 'logloss'}. Best is trial 2 with value: 0.8031447612367872.
start listen on 192.168.1.101:60829
@tracker All of 4 nodes getting started
@tracker All nodes finishes job
Trial 20 finished with value: 0.8016981954833581 and parameters: {'objective': 'binary:logistic', 'tree_method': 'gpu_hist', 'lambda': 0.3729458393711536, 'alpha': 9.299237431917364, 'colsample_bytree': 0.5429428650643067, 'subsample': 0.7960115404931698, 'learning_rate': 0.03930410884384349, 'max_depth': 17, 'min_child_weight': 250, 'eval_metric': 'logloss'}. Best is trial 2 with value: 0.8031447612367872.
start listen on 192.168.1.101:32937
@tracker All of 4 nodes getting started
@tracker All nodes finishes job
Trial 21 finished with value: 0.8024920512815198 and parameters: {'objective': 'binary:logistic', 'tree_method': 'gpu_hist', 'lambda': 1.3976011552727223, 'alpha': 0.003616346218469905, 'colsample_bytree': 0.6653920537626075, 'subsample': 0.5169500740050593, 'learning_rate': 0.013880040704341083, 'max_depth': 20, 'min_child_weight': 137, 'eval_metric': 'logloss'}. Best is trial 2 with value: 0.8031447612367872.
start listen on 192.168.1.101:47503
@tracker All of 4 nodes getting started
@tracker All nodes finishes job
Trial 22 finished with value: 0.803012480390013 and parameters: {'objective': 'binary:logistic', 'tree_method': 'gpu_hist', 'lambda': 0.016158824372662133, 'alpha': 0.0010054113614851648, 'colsample_bytree': 0.3724425616766653, 'subsample': 0.6609030474945773, 'learning_rate': 0.016669418493204444, 'max_depth': 20, 'min_child_weight': 108, 'eval_metric': 'logloss'}. Best is trial 2 with value: 0.8031447612367872.
start listen on 192.168.1.101:40075
@tracker All of 4 nodes getting started
@tracker All nodes finishes job
Trial 23 finished with value: 0.8022046383426708 and parameters: {'objective': 'binary:logistic', 'tree_method': 'gpu_hist', 'lambda': 0.021783861741874362, 'alpha': 0.0020016605767044712, 'colsample_bytree': 0.38230232117101587, 'subsample': 0.6626054361404335, 'learning_rate': 0.011971244265543274, 'max_depth': 20, 'min_child_weight': 193, 'eval_metric': 'logloss'}. Best is trial 2 with value: 0.8031447612367872.
start listen on 192.168.1.101:45137
@tracker All of 4 nodes getting started
@tracker All nodes finishes job
Trial 24 finished with value: 0.7962515950493708 and parameters: {'objective': 'binary:logistic', 'tree_method': 'gpu_hist', 'lambda': 0.00404052867875397, 'alpha': 0.0011036176706063165, 'colsample_bytree': 0.49033099753641163, 'subsample': 0.7396820762505251, 'learning_rate': 0.005830500998258611, 'max_depth': 15, 'min_child_weight': 45, 'eval_metric': 'logloss'}. Best is trial 2 with value: 0.8031447612367872.
start listen on 192.168.1.101:49533
@tracker All of 4 nodes getting started
@tracker All nodes finishes job
Trial 25 finished with value: 0.8021940873680332 and parameters: {'objective': 'binary:logistic', 'tree_method': 'gpu_hist', 'lambda': 0.116363886419925, 'alpha': 0.011079945164789958, 'colsample_bytree': 0.35913598174818867, 'subsample': 0.8534538293288442, 'learning_rate': 0.03072232370477994, 'max_depth': 13, 'min_child_weight': 154, 'eval_metric': 'logloss'}. Best is trial 2 with value: 0.8031447612367872.
start listen on 192.168.1.101:54841
@tracker All of 4 nodes getting started
@tracker All nodes finishes job
Trial 26 finished with value: 0.7998226130677843 and parameters: {'objective': 'binary:logistic', 'tree_method': 'gpu_hist', 'lambda': 0.013324902774850123, 'alpha': 0.003051005610208553, 'colsample_bytree': 0.4161715594568495, 'subsample': 0.6674635502458943, 'learning_rate': 0.007016928582645263, 'max_depth': 20, 'min_child_weight': 111, 'eval_metric': 'logloss'}. Best is trial 2 with value: 0.8031447612367872.
start listen on 192.168.1.101:36989
@tracker All of 4 nodes getting started
@tracker All nodes finishes job
Trial 27 finished with value: 0.8025376210342118 and parameters: {'objective': 'binary:logistic', 'tree_method': 'gpu_hist', 'lambda': 0.0724309603376375, 'alpha': 0.592170985889445, 'colsample_bytree': 0.46704038511633356, 'subsample': 0.8147653892784924, 'learning_rate': 0.014432394152428528, 'max_depth': 20, 'min_child_weight': 72, 'eval_metric': 'logloss'}. Best is trial 2 with value: 0.8031447612367872.
start listen on 192.168.1.101:41753
@tracker All of 4 nodes getting started
@tracker All nodes finishes job
Trial 28 finished with value: 0.7988237373015379 and parameters: {'objective': 'binary:logistic', 'tree_method': 'gpu_hist', 'lambda': 0.029943651411290476, 'alpha': 0.0010293610564497963, 'colsample_bytree': 0.3040995869791557, 'subsample': 0.9140563899186984, 'learning_rate': 0.05684445605451233, 'max_depth': 20, 'min_child_weight': 140, 'eval_metric': 'logloss'}. Best is trial 2 with value: 0.8031447612367872.
start listen on 192.168.1.101:54327
@tracker All of 4 nodes getting started
@tracker All nodes finishes job
Trial 29 finished with value: 0.7993936031624138 and parameters: {'objective': 'binary:logistic', 'tree_method': 'gpu_hist', 'lambda': 0.1859499172563887, 'alpha': 0.020682875170421302, 'colsample_bytree': 0.4101073114773435, 'subsample': 0.6337817358892421, 'learning_rate': 0.008482130948326679, 'max_depth': 15, 'min_child_weight': 53, 'eval_metric': 'logloss'}. Best is trial 2 with value: 0.8031447612367872.
start listen on 192.168.1.101:48701
@tracker All of 4 nodes getting started
@tracker All nodes finishes job
Trial 30 finished with value: 0.8018657227678694 and parameters: {'objective': 'binary:logistic', 'tree_method': 'gpu_hist', 'lambda': 0.004243769395136195, 'alpha': 0.0025467889706863645, 'colsample_bytree': 0.5849569144062416, 'subsample': 0.7350463932820174, 'learning_rate': 0.02833123624136207, 'max_depth': 20, 'min_child_weight': 96, 'eval_metric': 'logloss'}. Best is trial 2 with value: 0.8031447612367872.
start listen on 192.168.1.101:49163
@tracker All of 4 nodes getting started
@tracker All nodes finishes job
Trial 31 finished with value: 0.8030705419461078 and parameters: {'objective': 'binary:logistic', 'tree_method': 'gpu_hist', 'lambda': 2.609424316662601, 'alpha': 0.007339441371344682, 'colsample_bytree': 0.8037641954214461, 'subsample': 0.5144151778446515, 'learning_rate': 0.017221008206919308, 'max_depth': 20, 'min_child_weight': 118, 'eval_metric': 'logloss'}. Best is trial 2 with value: 0.8031447612367872.
start listen on 192.168.1.101:49751
@tracker All of 4 nodes getting started
@tracker All nodes finishes job
Trial 32 finished with value: 0.7965113163318898 and parameters: {'objective': 'binary:logistic', 'tree_method': 'gpu_hist', 'lambda': 0.7529354413508452, 'alpha': 0.005870510233558841, 'colsample_bytree': 0.8809024880085734, 'subsample': 0.7746854122607046, 'learning_rate': 0.018244885350463664, 'max_depth': 5, 'min_child_weight': 95, 'eval_metric': 'logloss'}. Best is trial 2 with value: 0.8031447612367872.
start listen on 192.168.1.101:44457
@tracker All of 4 nodes getting started
@tracker All nodes finishes job
Trial 33 finished with value: 0.8019124582275011 and parameters: {'objective': 'binary:logistic', 'tree_method': 'gpu_hist', 'lambda': 2.909447068521006, 'alpha': 0.05169117922789271, 'colsample_bytree': 0.9607278994646997, 'subsample': 0.5494551771115099, 'learning_rate': 0.010706149441568875, 'max_depth': 20, 'min_child_weight': 165, 'eval_metric': 'logloss'}. Best is trial 2 with value: 0.8031447612367872.
start listen on 192.168.1.101:38739
@tracker All of 4 nodes getting started
@tracker All nodes finishes job
Trial 34 finished with value: 0.7936103664204684 and parameters: {'objective': 'binary:logistic', 'tree_method': 'gpu_hist', 'lambda': 0.011843474160650796, 'alpha': 0.1463906465797729, 'colsample_bytree': 0.531691412497667, 'subsample': 0.437466053723464, 'learning_rate': 0.0033685254645687166, 'max_depth': 13, 'min_child_weight': 185, 'eval_metric': 'logloss'}. Best is trial 2 with value: 0.8031447612367872.
start listen on 192.168.1.101:45925
@tracker All of 4 nodes getting started
@tracker All nodes finishes job
Trial 35 finished with value: 0.7939699328209175 and parameters: {'objective': 'binary:logistic', 'tree_method': 'gpu_hist', 'lambda': 0.22374424309978289, 'alpha': 0.0021352111907609705, 'colsample_bytree': 0.8276979599629399, 'subsample': 0.4662439794544676, 'learning_rate': 0.019336898192070257, 'max_depth': 3, 'min_child_weight': 125, 'eval_metric': 'logloss'}. Best is trial 2 with value: 0.8031447612367872.
start listen on 192.168.1.101:54539
@tracker All of 4 nodes getting started
@tracker All nodes finishes job
Trial 36 finished with value: 0.7969102848583738 and parameters: {'objective': 'binary:logistic', 'tree_method': 'gpu_hist', 'lambda': 0.598829906406939, 'alpha': 0.33797275094202534, 'colsample_bytree': 0.4380705889579176, 'subsample': 0.8339138272788748, 'learning_rate': 0.013622860027061224, 'max_depth': 7, 'min_child_weight': 270, 'eval_metric': 'logloss'}. Best is trial 2 with value: 0.8031447612367872.
start listen on 192.168.1.101:49025
@tracker All of 4 nodes getting started
@tracker All nodes finishes job
Trial 37 finished with value: 0.8024726354742324 and parameters: {'objective': 'binary:logistic', 'tree_method': 'gpu_hist', 'lambda': 0.06918445655867703, 'alpha': 0.008625905951009986, 'colsample_bytree': 0.3909551979659684, 'subsample': 0.6325704182505875, 'learning_rate': 0.031549894202927954, 'max_depth': 20, 'min_child_weight': 207, 'eval_metric': 'logloss'}. Best is trial 2 with value: 0.8031447612367872.
start listen on 192.168.1.101:42113
@tracker All of 4 nodes getting started
@tracker All nodes finishes job
Trial 38 finished with value: 0.8014321736728018 and parameters: {'objective': 'binary:logistic', 'tree_method': 'gpu_hist', 'lambda': 8.962049630744037, 'alpha': 0.0019081440404737089, 'colsample_bytree': 0.34625240821050135, 'subsample': 0.8891666437775573, 'learning_rate': 0.02212712323824798, 'max_depth': 9, 'min_child_weight': 238, 'eval_metric': 'logloss'}. Best is trial 2 with value: 0.8031447612367872.
start listen on 192.168.1.101:59191
@tracker All of 4 nodes getting started
@tracker All nodes finishes job
Trial 39 finished with value: 0.7940264781351903 and parameters: {'objective': 'binary:logistic', 'tree_method': 'gpu_hist', 'lambda': 0.02515757358916722, 'alpha': 0.08805473526926758, 'colsample_bytree': 0.8151481962926044, 'subsample': 0.6845713693922582, 'learning_rate': 0.002681292921898039, 'max_depth': 20, 'min_child_weight': 105, 'eval_metric': 'logloss'}. Best is trial 2 with value: 0.8031447612367872.
start listen on 192.168.1.101:43479
@tracker All of 4 nodes getting started
@tracker All nodes finishes job
Trial 40 finished with value: 0.7994929820629564 and parameters: {'objective': 'binary:logistic', 'tree_method': 'gpu_hist', 'lambda': 0.24226636969855306, 'alpha': 0.8542635915257174, 'colsample_bytree': 0.4824995111463779, 'subsample': 0.5629787896734152, 'learning_rate': 0.007705601388093503, 'max_depth': 17, 'min_child_weight': 68, 'eval_metric': 'logloss'}. Best is trial 2 with value: 0.8031447612367872.
start listen on 192.168.1.101:38775
@tracker All of 4 nodes getting started
@tracker All nodes finishes job
