Trial 740 finished with value: 0.8033831485511395 and parameters: {'objective': 'binary:logistic', 'tree_method': 'gpu_hist', 'lambda': 0.842567935728912, 'alpha': 0.412154821508542, 'colsample_bytree': 0.33910176236624645, 'subsample': 0.8876606593193553, 'learning_rate': 0.019738845805632083, 'max_depth': 20, 'min_child_weight': 290, 'eval_metric': 'logloss'}. Best is trial 725 with value: 0.8034700928628958.
start listen on 192.168.1.101:41723
@tracker All of 4 nodes getting started
@tracker All nodes finishes job
Trial 741 finished with value: 0.8026939895613903 and parameters: {'objective': 'binary:logistic', 'tree_method': 'gpu_hist', 'lambda': 2.178621189532959, 'alpha': 0.391138969629234, 'colsample_bytree': 0.3464602679197557, 'subsample': 0.8778057515156255, 'learning_rate': 0.015366185105780406, 'max_depth': 20, 'min_child_weight': 296, 'eval_metric': 'logloss'}. Best is trial 725 with value: 0.8034700928628958.
start listen on 192.168.1.101:36879
@tracker All of 4 nodes getting started
@tracker All nodes finishes job
Trial 742 finished with value: 0.8029351407776308 and parameters: {'objective': 'binary:logistic', 'tree_method': 'gpu_hist', 'lambda': 1.0128725604543083, 'alpha': 0.6687927743183507, 'colsample_bytree': 0.34612642154308254, 'subsample': 0.89247366663404, 'learning_rate': 0.01746864792058532, 'max_depth': 20, 'min_child_weight': 292, 'eval_metric': 'logloss'}. Best is trial 725 with value: 0.8034700928628958.
start listen on 192.168.1.101:38429
@tracker All of 4 nodes getting started
@tracker All nodes finishes job
Trial 743 finished with value: 0.8029140040636652 and parameters: {'objective': 'binary:logistic', 'tree_method': 'gpu_hist', 'lambda': 0.04288336665662721, 'alpha': 0.5119072132557967, 'colsample_bytree': 0.3000852967330344, 'subsample': 0.8856141662749311, 'learning_rate': 0.01655913455763718, 'max_depth': 20, 'min_child_weight': 300, 'eval_metric': 'logloss'}. Best is trial 725 with value: 0.8034700928628958.
start listen on 192.168.1.101:48517
@tracker All of 4 nodes getting started
@tracker All nodes finishes job
Trial 744 finished with value: 0.8033112990353772 and parameters: {'objective': 'binary:logistic', 'tree_method': 'gpu_hist', 'lambda': 2.700076583550553, 'alpha': 0.4098231801170599, 'colsample_bytree': 0.33621633085147196, 'subsample': 0.8978052051075712, 'learning_rate': 0.0187262399596593, 'max_depth': 20, 'min_child_weight': 289, 'eval_metric': 'logloss'}. Best is trial 725 with value: 0.8034700928628958.
start listen on 192.168.1.101:58325
@tracker All of 4 nodes getting started
@tracker All nodes finishes job
Trial 745 finished with value: 0.8031931979866572 and parameters: {'objective': 'binary:logistic', 'tree_method': 'gpu_hist', 'lambda': 0.7675268004074742, 'alpha': 0.36966910590480123, 'colsample_bytree': 0.31425431277341803, 'subsample': 0.9123017074211175, 'learning_rate': 0.0200596347464096, 'max_depth': 20, 'min_child_weight': 289, 'eval_metric': 'logloss'}. Best is trial 725 with value: 0.8034700928628958.
start listen on 192.168.1.101:56327
@tracker All of 4 nodes getting started
@tracker All nodes finishes job
Trial 746 finished with value: 0.8030725907197824 and parameters: {'objective': 'binary:logistic', 'tree_method': 'gpu_hist', 'lambda': 1.5263593417951211, 'alpha': 0.45910029089126364, 'colsample_bytree': 0.3358735422559207, 'subsample': 0.882826618089874, 'learning_rate': 0.019931207233157385, 'max_depth': 20, 'min_child_weight': 287, 'eval_metric': 'logloss'}. Best is trial 725 with value: 0.8034700928628958.
start listen on 192.168.1.101:54687
@tracker All of 4 nodes getting started
@tracker All nodes finishes job
Trial 747 finished with value: 0.8034129878806955 and parameters: {'objective': 'binary:logistic', 'tree_method': 'gpu_hist', 'lambda': 0.0148976299911276, 'alpha': 0.2725675201536605, 'colsample_bytree': 0.34469456950501215, 'subsample': 0.8744496008900176, 'learning_rate': 0.021252913929521094, 'max_depth': 20, 'min_child_weight': 284, 'eval_metric': 'logloss'}. Best is trial 725 with value: 0.8034700928628958.
start listen on 192.168.1.101:54611
@tracker All of 4 nodes getting started
@tracker All nodes finishes job
Trial 748 finished with value: 0.8004308979441166 and parameters: {'objective': 'binary:logistic', 'tree_method': 'gpu_hist', 'lambda': 1.4460792558019073, 'alpha': 0.3483752722533252, 'colsample_bytree': 0.35007280297618876, 'subsample': 0.8784907441666195, 'learning_rate': 0.022009025405196003, 'max_depth': 7, 'min_child_weight': 292, 'eval_metric': 'logloss'}. Best is trial 725 with value: 0.8034700928628958.
start listen on 192.168.1.101:46259
@tracker All of 4 nodes getting started
@tracker All nodes finishes job
Trial 749 finished with value: 0.8028735148054305 and parameters: {'objective': 'binary:logistic', 'tree_method': 'gpu_hist', 'lambda': 0.011738227501539175, 'alpha': 0.2985959058025403, 'colsample_bytree': 0.358936537911344, 'subsample': 0.8764066772529404, 'learning_rate': 0.015789992700615443, 'max_depth': 20, 'min_child_weight': 294, 'eval_metric': 'logloss'}. Best is trial 725 with value: 0.8034700928628958.
start listen on 192.168.1.101:58949
@tracker All of 4 nodes getting started
@tracker All nodes finishes job
Trial 750 finished with value: 0.8031751348418792 and parameters: {'objective': 'binary:logistic', 'tree_method': 'gpu_hist', 'lambda': 0.013089644957638981, 'alpha': 0.4458210022651358, 'colsample_bytree': 0.3457839411410738, 'subsample': 0.8933382422118683, 'learning_rate': 0.018613152297295793, 'max_depth': 20, 'min_child_weight': 284, 'eval_metric': 'logloss'}. Best is trial 725 with value: 0.8034700928628958.
start listen on 192.168.1.101:53139
@tracker All of 4 nodes getting started
@tracker All nodes finishes job
Trial 751 finished with value: 0.8034447573044647 and parameters: {'objective': 'binary:logistic', 'tree_method': 'gpu_hist', 'lambda': 0.00838712480485938, 'alpha': 0.34261452190649305, 'colsample_bytree': 0.36270614522550015, 'subsample': 0.9022440004913335, 'learning_rate': 0.02135762875810367, 'max_depth': 20, 'min_child_weight': 285, 'eval_metric': 'logloss'}. Best is trial 725 with value: 0.8034700928628958.
start listen on 192.168.1.101:49155
@tracker All of 4 nodes getting started
@tracker All nodes finishes job
Trial 752 finished with value: 0.7962598121580743 and parameters: {'objective': 'binary:logistic', 'tree_method': 'gpu_hist', 'lambda': 0.5712682665813642, 'alpha': 0.5729438125136406, 'colsample_bytree': 0.36856825324051234, 'subsample': 0.9010148964186419, 'learning_rate': 0.017423712801704027, 'max_depth': 5, 'min_child_weight': 300, 'eval_metric': 'logloss'}. Best is trial 725 with value: 0.8034700928628958.
start listen on 192.168.1.101:58255
@tracker All of 4 nodes getting started
@tracker All nodes finishes job
Trial 753 finished with value: 0.8031974556259518 and parameters: {'objective': 'binary:logistic', 'tree_method': 'gpu_hist', 'lambda': 1.0332114766405551, 'alpha': 0.5027382151774242, 'colsample_bytree': 0.3629638508163274, 'subsample': 0.9056846961823577, 'learning_rate': 0.019452987732355004, 'max_depth': 20, 'min_child_weight': 294, 'eval_metric': 'logloss'}. Best is trial 725 with value: 0.8034700928628958.
start listen on 192.168.1.101:36237
@tracker All of 4 nodes getting started
@tracker All nodes finishes job
Trial 754 finished with value: 0.8033007197258822 and parameters: {'objective': 'binary:logistic', 'tree_method': 'gpu_hist', 'lambda': 0.009793465722675986, 'alpha': 0.39299869480818916, 'colsample_bytree': 0.3722410166375937, 'subsample': 0.9216976662186205, 'learning_rate': 0.020964714229003884, 'max_depth': 20, 'min_child_weight': 288, 'eval_metric': 'logloss'}. Best is trial 725 with value: 0.8034700928628958.
start listen on 192.168.1.101:60695
@tracker All of 4 nodes getting started
@tracker All nodes finishes job
Trial 755 finished with value: 0.8031746500978539 and parameters: {'objective': 'binary:logistic', 'tree_method': 'gpu_hist', 'lambda': 0.00875635561070129, 'alpha': 0.437765635784027, 'colsample_bytree': 0.3553055163783312, 'subsample': 0.8900030462092262, 'learning_rate': 0.019190033975444068, 'max_depth': 20, 'min_child_weight': 286, 'eval_metric': 'logloss'}. Best is trial 725 with value: 0.8034700928628958.
start listen on 192.168.1.101:36019
@tracker All of 4 nodes getting started
@tracker All nodes finishes job
Trial 756 finished with value: 0.8031818068834919 and parameters: {'objective': 'binary:logistic', 'tree_method': 'gpu_hist', 'lambda': 0.0075997486949578134, 'alpha': 0.30008138537112156, 'colsample_bytree': 0.35134544348572383, 'subsample': 0.913821173412153, 'learning_rate': 0.02157427930611542, 'max_depth': 20, 'min_child_weight': 295, 'eval_metric': 'logloss'}. Best is trial 725 with value: 0.8034700928628958.
start listen on 192.168.1.101:52447
@tracker All of 4 nodes getting started
@tracker All nodes finishes job
Trial 757 finished with value: 0.8023629704209905 and parameters: {'objective': 'binary:logistic', 'tree_method': 'gpu_hist', 'lambda': 0.00870438601895118, 'alpha': 0.3369912516151074, 'colsample_bytree': 0.36949030422738327, 'subsample': 0.8862704522830216, 'learning_rate': 0.017906461246695923, 'max_depth': 15, 'min_child_weight': 285, 'eval_metric': 'logloss'}. Best is trial 725 with value: 0.8034700928628958.
start listen on 192.168.1.101:60157
@tracker All of 4 nodes getting started
@tracker All nodes finishes job
Trial 758 finished with value: 0.8030808755052034 and parameters: {'objective': 'binary:logistic', 'tree_method': 'gpu_hist', 'lambda': 1.728683841877954, 'alpha': 0.3785747276578191, 'colsample_bytree': 0.35858128050799887, 'subsample': 0.8739601966413739, 'learning_rate': 0.02213961908139103, 'max_depth': 20, 'min_child_weight': 290, 'eval_metric': 'logloss'}. Best is trial 725 with value: 0.8034700928628958.
start listen on 192.168.1.101:43981
@tracker All of 4 nodes getting started
@tracker All nodes finishes job
Trial 759 finished with value: 0.8031465356527543 and parameters: {'objective': 'binary:logistic', 'tree_method': 'gpu_hist', 'lambda': 0.006568047217655505, 'alpha': 0.33590190295632966, 'colsample_bytree': 0.3345782626807313, 'subsample': 0.9026728812219169, 'learning_rate': 0.02022701860610733, 'max_depth': 20, 'min_child_weight': 282, 'eval_metric': 'logloss'}. Best is trial 725 with value: 0.8034700928628958.
start listen on 192.168.1.101:59243
@tracker All of 4 nodes getting started
@tracker All nodes finishes job
Trial 760 finished with value: 0.8029713495652143 and parameters: {'objective': 'binary:logistic', 'tree_method': 'gpu_hist', 'lambda': 1.1971429523171901, 'alpha': 0.23679353609636963, 'colsample_bytree': 0.3746930680577846, 'subsample': 0.9362838769147559, 'learning_rate': 0.016869490757223854, 'max_depth': 20, 'min_child_weight': 294, 'eval_metric': 'logloss'}. Best is trial 725 with value: 0.8034700928628958.
start listen on 192.168.1.101:54477
@tracker All of 4 nodes getting started
@tracker All nodes finishes job
Trial 761 finished with value: 0.8015239635721478 and parameters: {'objective': 'binary:logistic', 'tree_method': 'gpu_hist', 'lambda': 0.8744827761961038, 'alpha': 0.31415330651534196, 'colsample_bytree': 0.38295050047051454, 'subsample': 0.86869839303388, 'learning_rate': 0.02190571779161677, 'max_depth': 9, 'min_child_weight': 282, 'eval_metric': 'logloss'}. Best is trial 725 with value: 0.8034700928628958.
start listen on 192.168.1.101:56555
@tracker All of 4 nodes getting started
@tracker All nodes finishes job
Trial 762 finished with value: 0.7931194655029987 and parameters: {'objective': 'binary:logistic', 'tree_method': 'gpu_hist', 'lambda': 3.126935921211013, 'alpha': 0.4403376979034363, 'colsample_bytree': 0.34226169186593347, 'subsample': 0.8879884646201956, 'learning_rate': 0.013917708882701937, 'max_depth': 3, 'min_child_weight': 288, 'eval_metric': 'logloss'}. Best is trial 725 with value: 0.8034700928628958.
start listen on 192.168.1.101:36915
@tracker All of 4 nodes getting started
@tracker All nodes finishes job
Trial 763 finished with value: 0.8032646856335938 and parameters: {'objective': 'binary:logistic', 'tree_method': 'gpu_hist', 'lambda': 0.01035342227524264, 'alpha': 0.2981902746574093, 'colsample_bytree': 0.35422451157215473, 'subsample': 0.9089185932440679, 'learning_rate': 0.019423716467155596, 'max_depth': 20, 'min_child_weight': 281, 'eval_metric': 'logloss'}. Best is trial 725 with value: 0.8034700928628958.
start listen on 192.168.1.101:57133
@tracker All of 4 nodes getting started
@tracker All nodes finishes job
Trial 764 finished with value: 0.8033132185040192 and parameters: {'objective': 'binary:logistic', 'tree_method': 'gpu_hist', 'lambda': 1.937006148871252, 'alpha': 0.35141569686399016, 'colsample_bytree': 0.32619012348098353, 'subsample': 0.9245499765155104, 'learning_rate': 0.022629739256322827, 'max_depth': 20, 'min_child_weight': 296, 'eval_metric': 'logloss'}. Best is trial 725 with value: 0.8034700928628958.
start listen on 192.168.1.101:46899
@tracker All of 4 nodes getting started
@tracker All nodes finishes job
Trial 765 finished with value: 0.8017786074661457 and parameters: {'objective': 'binary:logistic', 'tree_method': 'gpu_hist', 'lambda': 1.083774414447935, 'alpha': 0.5368106828823568, 'colsample_bytree': 0.34185923420107306, 'subsample': 0.877755552798264, 'learning_rate': 0.020803285723023025, 'max_depth': 13, 'min_child_weight': 9, 'eval_metric': 'logloss'}. Best is trial 725 with value: 0.8034700928628958.
start listen on 192.168.1.101:41895
@tracker All of 4 nodes getting started
@tracker All nodes finishes job
Trial 766 finished with value: 0.8031886470270961 and parameters: {'objective': 'binary:logistic', 'tree_method': 'gpu_hist', 'lambda': 0.014181444869995768, 'alpha': 0.27574978356286417, 'colsample_bytree': 0.36589030738419054, 'subsample': 0.8993443836398832, 'learning_rate': 0.02324931726130462, 'max_depth': 20, 'min_child_weight': 286, 'eval_metric': 'logloss'}. Best is trial 725 with value: 0.8034700928628958.
start listen on 192.168.1.101:40065
@tracker All of 4 nodes getting started
@tracker All nodes finishes job
Trial 767 finished with value: 0.8031275261782226 and parameters: {'objective': 'binary:logistic', 'tree_method': 'gpu_hist', 'lambda': 2.0608284847054072, 'alpha': 0.4017020554081613, 'colsample_bytree': 0.391183260792042, 'subsample': 0.8657761790689942, 'learning_rate': 0.018864601749699336, 'max_depth': 20, 'min_child_weight': 280, 'eval_metric': 'logloss'}. Best is trial 725 with value: 0.8034700928628958.
start listen on 192.168.1.101:44813
@tracker All of 4 nodes getting started
@tracker All nodes finishes job
Trial 768 finished with value: 0.8027672790873097 and parameters: {'objective': 'binary:logistic', 'tree_method': 'gpu_hist', 'lambda': 0.010809573932187086, 'alpha': 0.2833764391301394, 'colsample_bytree': 0.3772626822305147, 'subsample': 0.8854471455283751, 'learning_rate': 0.01571799489937126, 'max_depth': 20, 'min_child_weight': 300, 'eval_metric': 'logloss'}. Best is trial 725 with value: 0.8034700928628958.
start listen on 192.168.1.101:52217
@tracker All of 4 nodes getting started
@tracker All nodes finishes job
Trial 769 finished with value: 0.8031699013936809 and parameters: {'objective': 'binary:logistic', 'tree_method': 'gpu_hist', 'lambda': 0.008591096618558131, 'alpha': 0.43250388844827, 'colsample_bytree': 0.3257191604055603, 'subsample': 0.8961884364202586, 'learning_rate': 0.022376359908060924, 'max_depth': 20, 'min_child_weight': 290, 'eval_metric': 'logloss'}. Best is trial 725 with value: 0.8034700928628958.
start listen on 192.168.1.101:53617
@tracker All of 4 nodes getting started
@tracker All nodes finishes job
Trial 770 finished with value: 0.8028452171100884 and parameters: {'objective': 'binary:logistic', 'tree_method': 'gpu_hist', 'lambda': 0.0068152059703184935, 'alpha': 0.3548856296641633, 'colsample_bytree': 0.3125404186774025, 'subsample': 0.8707343593004658, 'learning_rate': 0.02029369213091041, 'max_depth': 17, 'min_child_weight': 279, 'eval_metric': 'logloss'}. Best is trial 725 with value: 0.8034700928628958.
start listen on 192.168.1.101:49407
@tracker All of 4 nodes getting started
@tracker All nodes finishes job
Trial 771 finished with value: 0.8032752839601376 and parameters: {'objective': 'binary:logistic', 'tree_method': 'gpu_hist', 'lambda': 0.01380039651255285, 'alpha': 0.25792461158548197, 'colsample_bytree': 0.3415566687849331, 'subsample': 0.9462452010162306, 'learning_rate': 0.023421120305790077, 'max_depth': 20, 'min_child_weight': 290, 'eval_metric': 'logloss'}. Best is trial 725 with value: 0.8034700928628958.
start listen on 192.168.1.101:45391
@tracker All of 4 nodes getting started
@tracker All nodes finishes job
Trial 772 finished with value: 0.8014780339667642 and parameters: {'objective': 'binary:logistic', 'tree_method': 'gpu_hist', 'lambda': 0.012250363737807987, 'alpha': 0.6420232147874939, 'colsample_bytree': 0.361645780143931, 'subsample': 0.9194622423395191, 'learning_rate': 0.017852920558181103, 'max_depth': 11, 'min_child_weight': 285, 'eval_metric': 'logloss'}. Best is trial 725 with value: 0.8034700928628958.
start listen on 192.168.1.101:57741
@tracker All of 4 nodes getting started
@tracker All nodes finishes job
Trial 773 finished with value: 0.8032439712724767 and parameters: {'objective': 'binary:logistic', 'tree_method': 'gpu_hist', 'lambda': 0.011627239737480288, 'alpha': 0.33122510633420355, 'colsample_bytree': 0.40127470092191614, 'subsample': 0.8819989638445093, 'learning_rate': 0.020925992497162264, 'max_depth': 20, 'min_child_weight': 276, 'eval_metric': 'logloss'}. Best is trial 725 with value: 0.8034700928628958.
start listen on 192.168.1.101:45813
@tracker All of 4 nodes getting started
@tracker All nodes finishes job
Trial 774 finished with value: 0.8032736041390028 and parameters: {'objective': 'binary:logistic', 'tree_method': 'gpu_hist', 'lambda': 1.2219280891656963, 'alpha': 0.28365888360184593, 'colsample_bytree': 0.38684897016917275, 'subsample': 0.9083760697087202, 'learning_rate': 0.02343933648209205, 'max_depth': 20, 'min_child_weight': 300, 'eval_metric': 'logloss'}. Best is trial 725 with value: 0.8034700928628958.
start listen on 192.168.1.101:43057
@tracker All of 4 nodes getting started
@tracker All nodes finishes job
Trial 775 finished with value: 0.8033360962315138 and parameters: {'objective': 'binary:logistic', 'tree_method': 'gpu_hist', 'lambda': 0.015525935523754008, 'alpha': 0.20451051320659214, 'colsample_bytree': 0.35301340298857753, 'subsample': 0.8633083802118827, 'learning_rate': 0.01994157047815653, 'max_depth': 20, 'min_child_weight': 282, 'eval_metric': 'logloss'}. Best is trial 725 with value: 0.8034700928628958.
start listen on 192.168.1.101:50871
@tracker All of 4 nodes getting started
@tracker All nodes finishes job
Trial 776 finished with value: 0.803299074070047 and parameters: {'objective': 'binary:logistic', 'tree_method': 'gpu_hist', 'lambda': 0.4226719284216706, 'alpha': 0.5224536668648609, 'colsample_bytree': 0.41656460133625905, 'subsample': 0.8970026018739384, 'learning_rate': 0.023315223263208028, 'max_depth': 20, 'min_child_weight': 293, 'eval_metric': 'logloss'}. Best is trial 725 with value: 0.8034700928628958.
start listen on 192.168.1.101:52743
@tracker All of 4 nodes getting started
@tracker All nodes finishes job
Trial 777 finished with value: 0.8031999087707385 and parameters: {'objective': 'binary:logistic', 'tree_method': 'gpu_hist', 'lambda': 9.54525049869938, 'alpha': 0.05120384062781022, 'colsample_bytree': 0.43565392415038395, 'subsample': 0.8773063762010459, 'learning_rate': 0.021604360407459878, 'max_depth': 20, 'min_child_weight': 278, 'eval_metric': 'logloss'}. Best is trial 725 with value: 0.8034700928628958.
start listen on 192.168.1.101:48871
@tracker All of 4 nodes getting started
@tracker All nodes finishes job
Trial 778 finished with value: 0.8030921766996859 and parameters: {'objective': 'binary:logistic', 'tree_method': 'gpu_hist', 'lambda': 0.010100316794584587, 'alpha': 0.2583398191964748, 'colsample_bytree': 0.3160959636526538, 'subsample': 0.8686503425859664, 'learning_rate': 0.01810805647972095, 'max_depth': 20, 'min_child_weight': 287, 'eval_metric': 'logloss'}. Best is trial 725 with value: 0.8034700928628958.
start listen on 192.168.1.101:51647
@tracker All of 4 nodes getting started
@tracker All nodes finishes job
Trial 779 finished with value: 0.8007937927640018 and parameters: {'objective': 'binary:logistic', 'tree_method': 'gpu_hist', 'lambda': 0.0049532945414396635, 'alpha': 0.3856434238895932, 'colsample_bytree': 0.33586385256851936, 'subsample': 0.889508134756166, 'learning_rate': 0.024709506901659253, 'max_depth': 7, 'min_child_weight': 296, 'eval_metric': 'logloss'}. Best is trial 725 with value: 0.8034700928628958.
start listen on 192.168.1.101:60985
@tracker All of 4 nodes getting started
@tracker All nodes finishes job
Trial 780 finished with value: 0.8032674330794687 and parameters: {'objective': 'binary:logistic', 'tree_method': 'gpu_hist', 'lambda': 0.016788623905867012, 'alpha': 0.05893307961604242, 'colsample_bytree': 0.36979788916354744, 'subsample': 0.9137556406784593, 'learning_rate': 0.021279539247268775, 'max_depth': 20, 'min_child_weight': 282, 'eval_metric': 'logloss'}. Best is trial 725 with value: 0.8034700928628958.
start listen on 192.168.1.101:55963
@tracker All of 4 nodes getting started
@tracker All nodes finishes job
