number,value,params_alpha,params_colsample_bytree,params_eval_metric,params_lambda,params_learning_rate,params_max_depth,params_min_child_weight,params_objective,params_subsample,params_tree_method,state
381,0.8029818841383285,0.1476048326367542,0.30877664581569786,logloss,0.07565402331431162,0.027722072787197474,17,286,binary:logistic,0.8538881451690618,gpu_hist,COMPLETE
382,0.80294794562672,0.06856355135474575,0.3375757452129583,logloss,0.06242245166211617,0.03387140906609728,20,281,binary:logistic,0.8714062868654293,gpu_hist,COMPLETE
383,0.8032269568443705,0.12252644775063486,0.4497847131909184,logloss,0.04635679538377876,0.026357469532518264,20,293,binary:logistic,0.7661823902146266,gpu_hist,COMPLETE
384,0.8022830077091662,0.08904476464676259,0.31975010201057297,logloss,0.02957111425782491,0.029018387157759985,11,162,binary:logistic,0.83315158910453,gpu_hist,COMPLETE
385,0.8031862686972316,0.1083004260594112,0.42851705989661104,logloss,0.08155344966457174,0.024686608339488963,20,284,binary:logistic,0.8479879693370851,gpu_hist,COMPLETE
386,0.8028126619389218,0.06869520531971947,0.35119104231600057,logloss,0.05312349196193974,0.031483535382368186,20,278,binary:logistic,0.8200172506495532,gpu_hist,COMPLETE
387,0.8025360144477861,0.9959389622325474,0.3736979316969448,logloss,0.03814136797298351,0.026026456797424494,20,89,binary:logistic,0.78509561788068,gpu_hist,COMPLETE
388,0.8030206231197153,0.07967007067544886,0.4344050436916178,logloss,0.006344881870222047,0.016753778476691808,20,295,binary:logistic,0.8118634017358155,gpu_hist,COMPLETE
389,0.8033759683892441,0.05806594388239221,0.40877374379576226,logloss,0.044866149200739384,0.02326384470100115,20,266,binary:logistic,0.8651642905688429,gpu_hist,COMPLETE
390,0.8032518442761306,0.06364588717036307,0.40179187409189704,logloss,0.04555713117637192,0.02367114286095163,20,270,binary:logistic,0.8740725067257745,gpu_hist,COMPLETE
391,0.8015038195590201,0.05999760850491687,0.49072870327674556,logloss,0.06039458804828299,0.05054024495051421,7,289,binary:logistic,0.8607787041183926,gpu_hist,COMPLETE
392,0.8026121481395269,0.052341452747415855,0.3855982569009773,logloss,0.46306932651834914,0.02754697206873887,20,276,binary:logistic,0.4295000828465046,gpu_hist,COMPLETE
393,0.7987486721608691,0.08854081757361895,0.3595111195232245,logloss,0.06460282932127277,0.00623459400736583,20,266,binary:logistic,0.8771758636348393,gpu_hist,COMPLETE
394,0.8031319569870894,0.05567803839903561,0.33368354977154047,logloss,0.010571528304569066,0.02478781747224595,20,284,binary:logistic,0.6724763058904947,gpu_hist,COMPLETE
395,0.8030221927073558,0.1278815088179701,0.4111543769275444,logloss,0.13086681454909793,0.02991426596238523,20,273,binary:logistic,0.864611734131102,gpu_hist,COMPLETE
396,0.8025645491751101,1.6589968885933841,0.44822857678469796,logloss,0.05063934447181229,0.038624209644153466,20,279,binary:logistic,0.8511691377767403,gpu_hist,COMPLETE
397,0.7983258650282771,0.07498691633549932,0.30848606665172296,logloss,0.2888711266008397,0.02263801785724,5,266,binary:logistic,0.7475997747165802,gpu_hist,COMPLETE
398,0.8031227345358424,0.10025220297021827,0.37788807139292424,logloss,0.043083290930544714,0.01946809539552914,20,195,binary:logistic,0.6197296856597708,gpu_hist,COMPLETE
399,0.8033110723565166,0.04259184776634304,0.42466466212899373,logloss,0.06999993272771236,0.027103072925025302,20,286,binary:logistic,0.7963018682900073,gpu_hist,COMPLETE
400,0.8031695729272933,0.09091170235034558,0.39563413776364703,logloss,0.05311555496775971,0.023320734932586892,20,295,binary:logistic,0.774913972138624,gpu_hist,COMPLETE
401,0.8030160768463038,8.774909626455115,0.48230252213532043,logloss,0.03606683106762125,0.024794236985922688,20,274,binary:logistic,0.8836051065373989,gpu_hist,COMPLETE
402,0.8027005546934056,0.16182057792882723,0.44341083417498367,logloss,0.1056267174300846,0.021525281440880176,15,280,binary:logistic,0.828847340090227,gpu_hist,COMPLETE
403,0.8033057420793913,0.07669406756825779,0.41579007239427934,logloss,0.15167975277039172,0.026174697587985653,20,267,binary:logistic,0.8039388495033051,gpu_hist,COMPLETE
404,0.8012439312098214,0.059795896622629637,0.3659901699415251,logloss,0.043504258906297305,0.019980648563095473,9,129,binary:logistic,0.8409357463673979,gpu_hist,COMPLETE
405,0.8033028897945433,0.12531407564931935,0.45889628718391484,logloss,0.08826130648544671,0.022768100274046715,20,289,binary:logistic,0.7867104985927603,gpu_hist,COMPLETE
406,0.7935146269144238,0.09979046421518437,0.40777042623357185,logloss,0.06925009479977062,0.01801636738567801,3,300,binary:logistic,0.7591501995918889,gpu_hist,COMPLETE
407,0.8027975005560125,0.06798646834272298,0.3450173756987262,logloss,0.056752610161076404,0.030230873807583415,20,271,binary:logistic,0.8615981538449453,gpu_hist,COMPLETE
408,0.8023932470881755,0.04795121736347112,0.3210419577382916,logloss,0.005267460056114444,0.025136739060974328,13,281,binary:logistic,0.8182029368870596,gpu_hist,COMPLETE
409,0.8032654835867757,0.14776302899262325,0.38792563165024285,logloss,0.03532411823070747,0.0215826848879181,20,263,binary:logistic,0.7990650823892611,gpu_hist,COMPLETE
410,0.8029110908043833,0.03646224735528594,0.4332187503927149,logloss,0.04167366849869891,0.02776501934929357,20,274,binary:logistic,0.6869080890202285,gpu_hist,COMPLETE
411,0.803196593265459,0.11183878490278837,0.3008310686332194,logloss,0.00829402847955801,0.019926749309328563,20,286,binary:logistic,0.8892045013671044,gpu_hist,COMPLETE
412,0.8028092660062387,0.08514893310584548,0.40178725394440973,logloss,0.05081595155525974,0.023877966310068888,17,184,binary:logistic,0.8513812949068544,gpu_hist,COMPLETE
413,0.8032646474360261,0.055403745236153185,0.47426061807591274,logloss,0.0736055376102767,0.022301716377772555,20,293,binary:logistic,0.8710237295081885,gpu_hist,COMPLETE
414,0.8028538451287168,0.07369605926148676,0.42149976577804243,logloss,0.030661358268644412,0.03287431735250013,20,279,binary:logistic,0.8127530091197447,gpu_hist,COMPLETE
415,0.8031364785219905,0.1069639312965903,0.3760633642681796,logloss,0.014767372369484676,0.025771164199493053,20,269,binary:logistic,0.8261386347839564,gpu_hist,COMPLETE
416,0.8016958803075319,0.06613423245565478,0.5080223775770524,logloss,0.010388905335733473,0.018604813460673022,11,264,binary:logistic,0.7846647465083416,gpu_hist,COMPLETE
417,0.8002763875842055,0.16192851773695555,0.44577643946055817,logloss,0.04215350466929132,0.008080997427459427,20,284,binary:logistic,0.8424605523813784,gpu_hist,COMPLETE
418,0.8031312965669469,0.08859856931223778,0.40982848601922034,logloss,0.05838790223982659,0.02818068064628282,20,274,binary:logistic,0.7685846686084266,gpu_hist,COMPLETE
419,0.8032951421726344,0.053880485376791375,0.32918955972295016,logloss,0.001273896504225123,0.02061162712600953,20,290,binary:logistic,0.8033141944156712,gpu_hist,COMPLETE
420,0.8031923306675641,0.12974868944957085,0.3886082679236372,logloss,0.3411639203875381,0.02314825587811158,20,279,binary:logistic,0.8254728133071193,gpu_hist,COMPLETE
421,0.8032652382722971,0.04236563633666914,0.4333974393873619,logloss,0.026346844603751845,0.02485046575296647,20,272,binary:logistic,0.7933461120672737,gpu_hist,COMPLETE
422,0.8031263516983753,0.0726136679073581,0.3463299842092596,logloss,0.09165414061515983,0.016944640202947597,20,260,binary:logistic,0.8536343856208392,gpu_hist,COMPLETE
423,0.8033210690032573,0.10088474572390393,0.36552711195795373,logloss,0.18204922986654531,0.021619890461312952,20,295,binary:logistic,0.811122640638183,gpu_hist,COMPLETE
424,0.8028048099139605,0.05983811900273625,0.36371404436931837,logloss,0.19487756548974453,0.02687478177334609,20,152,binary:logistic,0.8366119131163757,gpu_hist,COMPLETE
425,0.8004627649051843,0.08364217188569682,0.368163211267476,logloss,0.10481187772073147,0.022610915385923584,7,300,binary:logistic,0.8140420739177529,gpu_hist,COMPLETE
426,0.8031655079105402,0.17615782293092272,0.34461087121080175,logloss,0.2503296435380587,0.030502350414126668,20,291,binary:logistic,0.8702107839913555,gpu_hist,COMPLETE
427,0.8033242746564735,0.11878382663297025,0.354619603401776,logloss,0.2614454212884393,0.024201613572454796,20,296,binary:logistic,0.6998472374426399,gpu_hist,COMPLETE
428,0.7988650276188909,0.13451147230380806,0.3286676044355006,logloss,0.25026407446707655,0.02470419415444747,5,294,binary:logistic,0.8801504795400644,gpu_hist,COMPLETE
429,0.8029429498643849,0.03331660094599097,0.3474612801187861,logloss,0.2674591946063814,0.028123613369485663,20,266,binary:logistic,0.8924507110916571,gpu_hist,COMPLETE
430,0.7932413618424238,0.1194824770271753,0.35576945414536526,logloss,0.3275228351741572,0.001953624102663327,20,286,binary:logistic,0.7387292046003666,gpu_hist,COMPLETE
431,0.8005426173835144,0.05038707884463492,0.49594012432749196,logloss,0.35987193665234696,0.026382538123870546,15,2,binary:logistic,0.7182832833763222,gpu_hist,COMPLETE
432,0.8025446114615417,0.06825007912540296,0.37963083075571774,logloss,0.4531931425530483,0.03600753049122247,20,295,binary:logistic,0.7097481992693933,gpu_hist,COMPLETE
433,0.8032219559054748,0.19507927588823473,0.3153537973870715,logloss,0.1614310068616318,0.023784858343717352,20,276,binary:logistic,0.8464870748581564,gpu_hist,COMPLETE
434,0.8021585400903943,0.08797844494839478,0.4633259340663626,logloss,0.2871183360563664,0.02970495727493902,9,300,binary:logistic,0.7301661509459272,gpu_hist,COMPLETE
435,0.8031243128419007,0.15302822194494675,0.3936825175844251,logloss,0.2219915474183821,0.019262181032559406,20,270,binary:logistic,0.9134035294008078,gpu_hist,COMPLETE
436,0.8031771117975879,0.04153219206092036,0.3788374740116574,logloss,0.03241307459298476,0.024304971959253543,20,285,binary:logistic,0.8641457814457844,gpu_hist,COMPLETE
437,0.7956559954708248,0.058557787993814225,0.3400619163354606,logloss,0.05120201320168813,0.026942562029500676,3,262,binary:logistic,0.8276787544230934,gpu_hist,COMPLETE
438,0.803317047251652,0.07859259011269776,0.40097827126891444,logloss,0.04502273866780885,0.022383084509024247,20,229,binary:logistic,0.8533126666319455,gpu_hist,COMPLETE
439,0.8033391990618912,0.12490532735604369,0.47970276901994363,logloss,0.0391241134785191,0.02065369296044716,20,279,binary:logistic,0.6853889978190884,gpu_hist,COMPLETE
440,0.803345242995997,0.13617126920274683,0.4854767214158188,logloss,0.036523781291291274,0.025418419871223858,20,279,binary:logistic,0.7088825702766978,gpu_hist,COMPLETE
441,0.8029354943639596,0.1740502015839121,0.4977115444564898,logloss,0.036595057196976734,0.029282887816522635,20,278,binary:logistic,0.643140228680742,gpu_hist,COMPLETE
442,0.8023903855400086,0.20178282265981062,0.47771889523194716,logloss,0.029976100352289987,0.032556279737790524,13,272,binary:logistic,0.8347719917734612,gpu_hist,COMPLETE
443,0.803139538632121,0.12760681294523885,0.5212010141343988,logloss,0.0407341485466811,0.02610038403867647,20,280,binary:logistic,0.7208592668226814,gpu_hist,COMPLETE
444,0.8030881049806491,0.10708843441288463,0.4926610974122032,logloss,0.024397046994040297,0.020515995793819745,20,269,binary:logistic,0.6843190880340616,gpu_hist,COMPLETE
445,0.8027888060594487,0.09703302421284613,0.5021075556789635,logloss,0.03298289455445703,0.02208088006117324,17,277,binary:logistic,0.6775869223311289,gpu_hist,COMPLETE
446,0.8032779346860658,0.14694876631555473,0.4770804986960899,logloss,0.03836740808217572,0.026375317198492863,20,283,binary:logistic,0.6896161324120313,gpu_hist,COMPLETE
447,0.8031261728618317,0.22220760783326352,0.485133470130464,logloss,0.053459419308066386,0.023993012825469506,20,274,binary:logistic,0.6503625889751482,gpu_hist,COMPLETE
448,0.803049171959978,5.926338467005803,0.5169196419903607,logloss,0.04747858364246967,0.02881205983124732,20,265,binary:logistic,0.6957186322426633,gpu_hist,COMPLETE
449,0.8030868288767452,0.1541792415974706,0.4581801286208256,logloss,0.02899428469334286,0.020815138893916504,20,284,binary:logistic,0.6680800531070186,gpu_hist,COMPLETE
450,0.8016686937745284,0.11827571098088448,0.4226408483427355,logloss,0.02136661733628519,0.01866798284516773,11,270,binary:logistic,0.8750665443116666,gpu_hist,COMPLETE
451,0.8033846980319292,0.1360027946901757,0.44216304721302396,logloss,0.036421864613798864,0.02367654756232055,20,278,binary:logistic,0.7496285925648126,gpu_hist,COMPLETE
452,0.80316073599358,0.1636876524044211,0.4505341846628771,logloss,0.03536803731634661,0.02252599285216981,20,289,binary:logistic,0.6652117101382657,gpu_hist,COMPLETE
453,0.8031335016182592,0.13641200262410963,0.46851157818050465,logloss,0.02607822867315061,0.025762408942785666,20,279,binary:logistic,0.7551073014040232,gpu_hist,COMPLETE
454,0.8027037693919803,0.17448780389722884,0.43719436644359605,logloss,0.037454823259514616,0.015173887972754142,20,287,binary:logistic,0.727698647385022,gpu_hist,COMPLETE
455,0.8029256764992723,0.1153318516120478,0.46133729803554735,logloss,0.04218024059529054,0.020183999648354035,20,46,binary:logistic,0.7475635229579944,gpu_hist,COMPLETE
456,0.8006069419784504,0.14026366456992692,0.482800925316286,logloss,0.03247671237503464,0.023334577313970446,7,276,binary:logistic,0.747901902725915,gpu_hist,COMPLETE
457,0.8031677489798156,0.23247276116721116,0.4392891063950463,logloss,0.01923789064617945,0.02214837068637684,20,282,binary:logistic,0.7018709552452652,gpu_hist,COMPLETE
458,0.7946690528208752,0.20239323808380436,0.4561423248670846,logloss,0.02834100254217178,0.003868513118266761,20,274,binary:logistic,0.76513877228076,gpu_hist,COMPLETE
459,0.8019467820931728,0.09864803264642709,0.43014933906819386,logloss,0.04421463688777549,0.027769204896175338,20,76,binary:logistic,0.7579306511983372,gpu_hist,COMPLETE
460,0.8028898599315062,0.1375095133321371,0.4495306278749303,logloss,0.02417878583133407,0.03178252992678457,20,289,binary:logistic,0.6805376641211918,gpu_hist,COMPLETE
461,0.8029877796413726,0.016972485861444283,0.473101179085488,logloss,0.03696381017093739,0.01865675693977718,20,281,binary:logistic,0.7353470239687733,gpu_hist,COMPLETE
462,0.7991300309547867,0.1699104782333383,0.504833208605988,logloss,0.045391906812740225,0.02515294347888751,5,102,binary:logistic,0.7739612879081692,gpu_hist,COMPLETE
463,0.803261065528595,0.1131911272961155,0.41943561733907614,logloss,0.0037238833028879334,0.020781250479771633,20,272,binary:logistic,0.7032786170610595,gpu_hist,COMPLETE
464,0.802589985594736,0.0214688259746982,0.4119242032868747,logloss,0.032374141062743736,0.0235002098970125,15,278,binary:logistic,0.6613404427124316,gpu_hist,COMPLETE
465,0.803096209185843,0.0924601385469653,0.48894158765780704,logloss,0.06341845715332244,0.01726960819457056,20,286,binary:logistic,0.8393451359458092,gpu_hist,COMPLETE
466,0.8019654476261253,0.13991367395371418,0.3142783082234201,logloss,0.05171735396756246,0.026994947637316313,9,267,binary:logistic,0.7129699854514658,gpu_hist,COMPLETE
467,0.8030983020420173,0.002305571418767864,0.3001478476728159,logloss,0.03823327114093183,0.0220734970576317,20,259,binary:logistic,0.8265655071131944,gpu_hist,COMPLETE
468,0.8030457201204412,0.07807081416855659,0.4434510878544894,logloss,0.028378879189130884,0.025043970086838268,20,282,binary:logistic,0.5435403199109587,gpu_hist,COMPLETE
469,0.8031301916164809,0.7846410491708233,0.42745925762673864,logloss,0.02152163677373478,0.01970078931462408,20,274,binary:logistic,0.8189846681630883,gpu_hist,COMPLETE
470,0.8030529357009087,0.09801487951692607,0.40597384420559973,logloss,0.0768435776751011,0.029618260480874545,20,289,binary:logistic,0.7431578465163198,gpu_hist,COMPLETE
471,0.8032523397547077,0.07030329221932562,0.46766734499470286,logloss,0.051323516050811945,0.02365682103582161,20,268,binary:logistic,0.7786328022072799,gpu_hist,COMPLETE
472,0.803240345337036,0.1236835806034161,0.43773316257933603,logloss,0.041766567745533764,0.02101306731853165,20,278,binary:logistic,0.8514381361554408,gpu_hist,COMPLETE
473,0.8028471623525526,0.18377227536146326,0.5112210967618854,logloss,0.03331430553251733,0.034796390454780286,20,284,binary:logistic,0.8370719021131949,gpu_hist,COMPLETE
474,0.8032451473870273,0.09136817335820546,0.3280787287168341,logloss,0.061588181047993636,0.02661673939814539,20,263,binary:logistic,0.7613051343961628,gpu_hist,COMPLETE
475,0.7942278373486538,0.0645036173907675,0.5618562754333108,logloss,0.026393323449118565,0.02284891126692416,3,272,binary:logistic,0.8048086440883213,gpu_hist,COMPLETE
476,0.8031091265025208,0.004709389395599062,0.5355256204695156,logloss,0.05116559602570704,0.01807979658459465,20,291,binary:logistic,0.8241913417981079,gpu_hist,COMPLETE
477,0.8031575667942478,0.15782498083684454,0.41571594956026725,logloss,0.036885592747171916,0.024750741404026867,20,278,binary:logistic,0.7839193757184197,gpu_hist,COMPLETE
478,0.8028081915702346,0.11162234196627505,0.39109222035027935,logloss,0.01649917097170729,0.02985539871090914,17,270,binary:logistic,0.8168046154382765,gpu_hist,COMPLETE
479,0.8033025307592035,0.23186795293791057,0.44946521088010044,logloss,0.047136098281562185,0.020629236108232293,20,283,binary:logistic,0.7962128034874549,gpu_hist,COMPLETE
480,0.802496747457226,0.08723805539178886,0.42588116391177266,logloss,0.031347590898849635,0.027652023920301513,13,261,binary:logistic,0.839685923342075,gpu_hist,COMPLETE
481,0.8021121182213502,0.07879076461568553,0.49064159308447775,logloss,0.12988626727640812,0.022311397465072377,11,275,binary:logistic,0.49058574844120195,gpu_hist,COMPLETE
482,0.8031744872269128,0.13718758675502246,0.399936906523625,logloss,0.07038128971681983,0.019244591252133167,20,289,binary:logistic,0.8609356507199364,gpu_hist,COMPLETE
483,0.8031099138846214,0.05786519697078635,0.7123722221583189,logloss,0.019732092473245973,0.02474724441870455,20,265,binary:logistic,0.8088847292717154,gpu_hist,COMPLETE
484,0.8028742311324266,0.06970012142198553,0.8881271130243593,logloss,0.042153541499693394,0.015747514161599932,20,256,binary:logistic,0.7718934696931145,gpu_hist,COMPLETE
485,0.8033092967417672,0.027336136795407452,0.33153274577410086,logloss,0.057624943547091016,0.02147706421297219,20,279,binary:logistic,0.8309232000848957,gpu_hist,COMPLETE
486,0.8032054974944589,0.10450656916093147,0.4590891304059053,logloss,0.026005775283202963,0.02607025243303724,20,295,binary:logistic,0.8457039393619992,gpu_hist,COMPLETE
487,0.8033338297698466,0.20318798251215134,0.40821533224144724,logloss,0.03625727021001233,0.02368033719993588,20,271,binary:logistic,0.8597792898102593,gpu_hist,COMPLETE
488,0.8031593262799244,0.21344532644013836,0.41120714241089074,logloss,8.101973723652334,0.019759545699111123,20,269,binary:logistic,0.8211447174316077,gpu_hist,COMPLETE
489,0.8031649349470255,0.28396862282179164,0.38836098305649036,logloss,0.03231327869675662,0.022109517244500575,20,262,binary:logistic,0.7886395448412572,gpu_hist,COMPLETE
490,0.803272278394608,0.18897614400278423,0.4229551892711775,logloss,0.02283806076110353,0.023703645067652615,20,272,binary:logistic,0.6941420543287546,gpu_hist,COMPLETE
491,0.7988830456458569,0.2194744114338532,0.43662960919752414,logloss,0.03697343877992381,0.01756479060493786,7,251,binary:logistic,0.8549530362934578,gpu_hist,COMPLETE
492,0.8025490684256618,0.25826693095366093,0.39852577681986806,logloss,0.03105183948615325,0.013852146178675617,20,267,binary:logistic,0.8076274207888012,gpu_hist,COMPLETE
493,0.8031700575623384,0.16798497847498534,0.40736097883942624,logloss,0.0423118924781257,0.02065099888045668,20,275,binary:logistic,0.8437914755072996,gpu_hist,COMPLETE
494,0.7986096084395969,0.15670392689185525,0.4188089955037186,logloss,0.026451091542431557,0.023796252909488166,5,270,binary:logistic,0.8292073737288093,gpu_hist,COMPLETE
495,0.7987863639513071,0.12852392498007104,0.4356673333827188,logloss,0.034681172236051654,0.06566800618566947,15,257,binary:logistic,0.795504505934554,gpu_hist,COMPLETE
496,0.8030934419600579,1.48169441245749,0.3840727891371498,logloss,0.043202834587273566,0.019037123472684287,20,277,binary:logistic,0.7642223025655704,gpu_hist,COMPLETE
497,0.8031639697092033,0.19696364903587263,0.4721195145748527,logloss,0.018065327657802048,0.023046579260809347,20,264,binary:logistic,0.8136280143241402,gpu_hist,COMPLETE
498,0.8013061557013985,0.15286622985032397,0.4041259774242398,logloss,0.012684463064718706,0.021303004733452206,9,281,binary:logistic,0.7354717064270487,gpu_hist,COMPLETE
499,0.8033752861730571,0.11520458155123987,0.45030718433590605,logloss,0.02911448141481719,0.024897605067379893,20,273,binary:logistic,0.8368240642758719,gpu_hist,COMPLETE
500,0.7974222342158297,0.12408730073591615,0.6083025055762219,logloss,0.01928258812061237,0.07536017292106074,20,267,binary:logistic,0.8461419784560442,gpu_hist,COMPLETE
501,0.8031605405920427,0.17950353128137325,0.6483188548316169,logloss,0.022770722512174966,0.028636021109216404,20,258,binary:logistic,0.8363430588130678,gpu_hist,COMPLETE
502,0.7951408724458473,0.13476059497557089,0.452763472081477,logloss,0.02799008769845101,0.025436711286828322,3,273,binary:logistic,0.8529089483861423,gpu_hist,COMPLETE
503,0.8030814955481737,0.24220068894476657,0.47787123873009435,logloss,0.023545126557751494,0.025126999195805903,20,265,binary:logistic,0.989391435411109,gpu_hist,COMPLETE
504,0.8030520668560925,0.10975187158797962,0.46399658119019854,logloss,0.03007473200098537,0.03006633217930847,20,275,binary:logistic,0.8302501915686165,gpu_hist,COMPLETE
505,0.8028911781017757,0.16647885198857526,0.44664692494532704,logloss,0.03675107690854726,0.032274309296158925,20,270,binary:logistic,0.8620607261054469,gpu_hist,COMPLETE
506,0.80242937272385,0.11052756305174738,0.4912222028030765,logloss,0.029154335797388953,0.02588484141727792,13,260,binary:logistic,0.8199185312465455,gpu_hist,COMPLETE
507,0.8032810928783956,0.14427569671555315,0.3733723866427036,logloss,0.014055492030248092,0.023999490979714076,20,276,binary:logistic,0.8374435834451733,gpu_hist,COMPLETE
