Trial 535 finished with value: 0.8031515919536024 and parameters: {'objective': 'binary:logistic', 'tree_method': 'gpu_hist', 'lambda': 0.04895069062568326, 'alpha': 0.10254678240840541, 'colsample_bytree': 0.45779839764289615, 'subsample': 0.8062684707320729, 'learning_rate': 0.02467845576451755, 'max_depth': 20, 'min_child_weight': 269, 'eval_metric': 'logloss'}. Best is trial 254 with value: 0.8034457656439646.
start listen on 192.168.1.101:49641
@tracker All of 4 nodes getting started
@tracker All nodes finishes job
Trial 536 finished with value: 0.7937896328909728 and parameters: {'objective': 'binary:logistic', 'tree_method': 'gpu_hist', 'lambda': 0.06424503889027075, 'alpha': 0.22333132763595698, 'colsample_bytree': 0.4847760479280282, 'subsample': 0.8927530885211645, 'learning_rate': 0.020326093672394515, 'max_depth': 3, 'min_child_weight': 290, 'eval_metric': 'logloss'}. Best is trial 254 with value: 0.8034457656439646.
start listen on 192.168.1.101:52179
@tracker All of 4 nodes getting started
@tracker All nodes finishes job
Trial 537 finished with value: 0.8031659775063146 and parameters: {'objective': 'binary:logistic', 'tree_method': 'gpu_hist', 'lambda': 0.040799664034965745, 'alpha': 0.07844580561154088, 'colsample_bytree': 0.40387952402895705, 'subsample': 0.8442238314702305, 'learning_rate': 0.02290048241301814, 'max_depth': 20, 'min_child_weight': 278, 'eval_metric': 'logloss'}. Best is trial 254 with value: 0.8034457656439646.
start listen on 192.168.1.101:38703
@tracker All of 4 nodes getting started
@tracker All nodes finishes job
Trial 538 finished with value: 0.8025301718546396 and parameters: {'objective': 'binary:logistic', 'tree_method': 'gpu_hist', 'lambda': 0.1849920105559934, 'alpha': 0.038536413097273535, 'colsample_bytree': 0.42743196788887844, 'subsample': 0.7946662713956582, 'learning_rate': 0.025832426592270023, 'max_depth': 13, 'min_child_weight': 256, 'eval_metric': 'logloss'}. Best is trial 254 with value: 0.8034457656439646.
start listen on 192.168.1.101:57989
@tracker All of 4 nodes getting started
@tracker All nodes finishes job
Trial 539 finished with value: 0.8029312627709377 and parameters: {'objective': 'binary:logistic', 'tree_method': 'gpu_hist', 'lambda': 0.002882085016414648, 'alpha': 0.060378117475689407, 'colsample_bytree': 0.5140935688816638, 'subsample': 0.8294127995862975, 'learning_rate': 0.030944992581350934, 'max_depth': 20, 'min_child_weight': 285, 'eval_metric': 'logloss'}. Best is trial 254 with value: 0.8034457656439646.
start listen on 192.168.1.101:43663
@tracker All of 4 nodes getting started
@tracker All nodes finishes job
Trial 540 finished with value: 0.8033604486793663 and parameters: {'objective': 'binary:logistic', 'tree_method': 'gpu_hist', 'lambda': 0.03028629210193669, 'alpha': 0.11517439711613447, 'colsample_bytree': 0.37848089687976355, 'subsample': 0.923732484917729, 'learning_rate': 0.021638538023286205, 'max_depth': 20, 'min_child_weight': 273, 'eval_metric': 'logloss'}. Best is trial 254 with value: 0.8034457656439646.
start listen on 192.168.1.101:56625
@tracker All of 4 nodes getting started
@tracker All nodes finishes job
Trial 541 finished with value: 0.8032247834518126 and parameters: {'objective': 'binary:logistic', 'tree_method': 'gpu_hist', 'lambda': 0.02660166397819932, 'alpha': 0.10312027309725372, 'colsample_bytree': 0.3626726948013611, 'subsample': 0.9283376359537957, 'learning_rate': 0.018390276920431766, 'max_depth': 20, 'min_child_weight': 268, 'eval_metric': 'logloss'}. Best is trial 254 with value: 0.8034457656439646.
start listen on 192.168.1.101:50595
@tracker All of 4 nodes getting started
@tracker All nodes finishes job
Trial 542 finished with value: 0.803251813979629 and parameters: {'objective': 'binary:logistic', 'tree_method': 'gpu_hist', 'lambda': 0.023461609186874816, 'alpha': 0.12070555868558572, 'colsample_bytree': 0.4516805998051854, 'subsample': 0.9173395500763196, 'learning_rate': 0.02082075011701509, 'max_depth': 20, 'min_child_weight': 281, 'eval_metric': 'logloss'}. Best is trial 254 with value: 0.8034457656439646.
start listen on 192.168.1.101:32797
@tracker All of 4 nodes getting started
@tracker All nodes finishes job
Trial 543 finished with value: 0.8032437935802255 and parameters: {'objective': 'binary:logistic', 'tree_method': 'gpu_hist', 'lambda': 0.030023253513354272, 'alpha': 0.08669673584720086, 'colsample_bytree': 0.37574410772972755, 'subsample': 0.9097949501362669, 'learning_rate': 0.027544458126029164, 'max_depth': 20, 'min_child_weight': 295, 'eval_metric': 'logloss'}. Best is trial 254 with value: 0.8034457656439646.
start listen on 192.168.1.101:42741
@tracker All of 4 nodes getting started
@tracker All nodes finishes job
Trial 544 finished with value: 0.8027982683761632 and parameters: {'objective': 'binary:logistic', 'tree_method': 'gpu_hist', 'lambda': 0.018321255524531458, 'alpha': 0.029171490009080755, 'colsample_bytree': 0.46521407852163255, 'subsample': 0.9037386586915728, 'learning_rate': 0.024115752291400974, 'max_depth': 17, 'min_child_weight': 264, 'eval_metric': 'logloss'}. Best is trial 254 with value: 0.8034457656439646.
start listen on 192.168.1.101:39083
@tracker All of 4 nodes getting started
@tracker All nodes finishes job
Trial 545 finished with value: 0.8021989934941361 and parameters: {'objective': 'binary:logistic', 'tree_method': 'gpu_hist', 'lambda': 0.030090804963621324, 'alpha': 0.11437250623643301, 'colsample_bytree': 0.3154865804489279, 'subsample': 0.9401601539551553, 'learning_rate': 0.03396925739447471, 'max_depth': 11, 'min_child_weight': 274, 'eval_metric': 'logloss'}. Best is trial 254 with value: 0.8034457656439646.
start listen on 192.168.1.101:36421
@tracker All of 4 nodes getting started
@tracker All nodes finishes job
Trial 546 finished with value: 0.8032396617041064 and parameters: {'objective': 'binary:logistic', 'tree_method': 'gpu_hist', 'lambda': 0.03558604631609997, 'alpha': 0.080105911369941, 'colsample_bytree': 0.4069715559685646, 'subsample': 0.9463409101731618, 'learning_rate': 0.019294532829883086, 'max_depth': 20, 'min_child_weight': 289, 'eval_metric': 'logloss'}. Best is trial 254 with value: 0.8034457656439646.
start listen on 192.168.1.101:52139
@tracker All of 4 nodes getting started
@tracker All nodes finishes job
Trial 547 finished with value: 0.80310610066667 and parameters: {'objective': 'binary:logistic', 'tree_method': 'gpu_hist', 'lambda': 0.0210744886102187, 'alpha': 0.0013910556089379797, 'colsample_bytree': 0.4399128165667168, 'subsample': 0.8873262239714935, 'learning_rate': 0.021259562772689762, 'max_depth': 20, 'min_child_weight': 281, 'eval_metric': 'logloss'}. Best is trial 254 with value: 0.8034457656439646.
start listen on 192.168.1.101:53569
@tracker All of 4 nodes getting started
@tracker All nodes finishes job
Trial 548 finished with value: 0.8032600777863571 and parameters: {'objective': 'binary:logistic', 'tree_method': 'gpu_hist', 'lambda': 0.01207930670181103, 'alpha': 0.013402597816525839, 'colsample_bytree': 0.49372848260322966, 'subsample': 0.9546155787974648, 'learning_rate': 0.02562992571159983, 'max_depth': 20, 'min_child_weight': 274, 'eval_metric': 'logloss'}. Best is trial 254 with value: 0.8034457656439646.
start listen on 192.168.1.101:56159
@tracker All of 4 nodes getting started
@tracker All nodes finishes job
Trial 549 finished with value: 0.8031132441022306 and parameters: {'objective': 'binary:logistic', 'tree_method': 'gpu_hist', 'lambda': 0.025853870961923126, 'alpha': 0.14133200093289025, 'colsample_bytree': 0.42019600184083766, 'subsample': 0.8601790223934501, 'learning_rate': 0.02293209684770925, 'max_depth': 20, 'min_child_weight': 259, 'eval_metric': 'logloss'}. Best is trial 254 with value: 0.8034457656439646.
start listen on 192.168.1.101:47879
@tracker All of 4 nodes getting started
@tracker All nodes finishes job
Trial 550 finished with value: 0.8029836462940205 and parameters: {'objective': 'binary:logistic', 'tree_method': 'gpu_hist', 'lambda': 0.03523963640842569, 'alpha': 0.10126284154190708, 'colsample_bytree': 0.4774389778529295, 'subsample': 0.9311220652262479, 'learning_rate': 0.02788582155483862, 'max_depth': 20, 'min_child_weight': 248, 'eval_metric': 'logloss'}. Best is trial 254 with value: 0.8034457656439646.
start listen on 192.168.1.101:48869
@tracker All of 4 nodes getting started
@tracker All nodes finishes job
Trial 551 finished with value: 0.8031281759727934 and parameters: {'objective': 'binary:logistic', 'tree_method': 'gpu_hist', 'lambda': 0.004083623990500045, 'alpha': 0.04857089496306546, 'colsample_bytree': 0.3822252526206638, 'subsample': 0.835355389840345, 'learning_rate': 0.017383535788974426, 'max_depth': 20, 'min_child_weight': 266, 'eval_metric': 'logloss'}. Best is trial 254 with value: 0.8034457656439646.
start listen on 192.168.1.101:55773
@tracker All of 4 nodes getting started
@tracker All nodes finishes job
Trial 552 finished with value: 0.8003108697436491 and parameters: {'objective': 'binary:logistic', 'tree_method': 'gpu_hist', 'lambda': 0.01674428405926343, 'alpha': 0.07029828118703815, 'colsample_bytree': 0.5433808170284736, 'subsample': 0.9246470014128544, 'learning_rate': 0.02156097028666709, 'max_depth': 7, 'min_child_weight': 279, 'eval_metric': 'logloss'}. Best is trial 254 with value: 0.8034457656439646.
start listen on 192.168.1.101:40303
@tracker All of 4 nodes getting started
@tracker All nodes finishes job
Trial 553 finished with value: 0.8031180641884487 and parameters: {'objective': 'binary:logistic', 'tree_method': 'gpu_hist', 'lambda': 0.03064414164348971, 'alpha': 0.13306213479319365, 'colsample_bytree': 0.3520164654596414, 'subsample': 0.8491030377515334, 'learning_rate': 0.02409664585193327, 'max_depth': 20, 'min_child_weight': 287, 'eval_metric': 'logloss'}. Best is trial 254 with value: 0.8034457656439646.
start listen on 192.168.1.101:59457
@tracker All of 4 nodes getting started
@tracker All nodes finishes job
Trial 554 finished with value: 0.8031233859651167 and parameters: {'objective': 'binary:logistic', 'tree_method': 'gpu_hist', 'lambda': 0.08034338318508547, 'alpha': 0.6600553405035371, 'colsample_bytree': 0.3988491128097853, 'subsample': 0.9163678764702792, 'learning_rate': 0.019638380203629166, 'max_depth': 20, 'min_child_weight': 271, 'eval_metric': 'logloss'}. Best is trial 254 with value: 0.8034457656439646.
start listen on 192.168.1.101:50353
@tracker All of 4 nodes getting started
@tracker All nodes finishes job
Trial 555 finished with value: 0.8028844750007998 and parameters: {'objective': 'binary:logistic', 'tree_method': 'gpu_hist', 'lambda': 0.036849799887035156, 'alpha': 0.0929080230804547, 'colsample_bytree': 0.7503285352801947, 'subsample': 0.8185548635558236, 'learning_rate': 0.02943763717370631, 'max_depth': 20, 'min_child_weight': 277, 'eval_metric': 'logloss'}. Best is trial 254 with value: 0.8034457656439646.
start listen on 192.168.1.101:43055
@tracker All of 4 nodes getting started
@tracker All nodes finishes job
Trial 556 finished with value: 0.8033277473112326 and parameters: {'objective': 'binary:logistic', 'tree_method': 'gpu_hist', 'lambda': 0.00699406401214816, 'alpha': 0.06015606255377107, 'colsample_bytree': 0.436156225983001, 'subsample': 0.8335874709897136, 'learning_rate': 0.0257877064112805, 'max_depth': 20, 'min_child_weight': 294, 'eval_metric': 'logloss'}. Best is trial 254 with value: 0.8034457656439646.
start listen on 192.168.1.101:47291
@tracker All of 4 nodes getting started
@tracker All nodes finishes job
Trial 557 finished with value: 0.8029794616714743 and parameters: {'objective': 'binary:logistic', 'tree_method': 'gpu_hist', 'lambda': 0.1031066781129781, 'alpha': 0.11409097233157421, 'colsample_bytree': 0.5056799522654025, 'subsample': 0.6587759431705859, 'learning_rate': 0.01582561737616613, 'max_depth': 20, 'min_child_weight': 264, 'eval_metric': 'logloss'}. Best is trial 254 with value: 0.8034457656439646.
start listen on 192.168.1.101:51735
@tracker All of 4 nodes getting started
@tracker All nodes finishes job
Trial 558 finished with value: 0.7980217153974163 and parameters: {'objective': 'binary:logistic', 'tree_method': 'gpu_hist', 'lambda': 0.1435247233441446, 'alpha': 2.8091068432491735, 'colsample_bytree': 0.41760633809279496, 'subsample': 0.8743995554595971, 'learning_rate': 0.021845091084330224, 'max_depth': 5, 'min_child_weight': 284, 'eval_metric': 'logloss'}. Best is trial 254 with value: 0.8034457656439646.
start listen on 192.168.1.101:42531
@tracker All of 4 nodes getting started
@tracker All nodes finishes job
Trial 559 finished with value: 0.8025902179950585 and parameters: {'objective': 'binary:logistic', 'tree_method': 'gpu_hist', 'lambda': 0.02248584281776956, 'alpha': 0.08677232721740023, 'colsample_bytree': 0.45400733923475284, 'subsample': 0.6949281211367544, 'learning_rate': 0.02363026762425039, 'max_depth': 15, 'min_child_weight': 273, 'eval_metric': 'logloss'}. Best is trial 254 with value: 0.8034457656439646.
start listen on 192.168.1.101:39021
@tracker All of 4 nodes getting started
@tracker All nodes finishes job
Trial 560 finished with value: 0.8032450626004151 and parameters: {'objective': 'binary:logistic', 'tree_method': 'gpu_hist', 'lambda': 0.04653111254226332, 'alpha': 0.14801412964775348, 'colsample_bytree': 0.3680000291706413, 'subsample': 0.8956222278966718, 'learning_rate': 0.019860930274094957, 'max_depth': 20, 'min_child_weight': 300, 'eval_metric': 'logloss'}. Best is trial 254 with value: 0.8034457656439646.
start listen on 192.168.1.101:36249
@tracker All of 4 nodes getting started
@tracker All nodes finishes job
Trial 561 finished with value: 0.8033258067004276 and parameters: {'objective': 'binary:logistic', 'tree_method': 'gpu_hist', 'lambda': 0.056380928679163084, 'alpha': 0.07673251271207954, 'colsample_bytree': 0.39077962301451724, 'subsample': 0.8492553076701146, 'learning_rate': 0.026146519095665594, 'max_depth': 20, 'min_child_weight': 254, 'eval_metric': 'logloss'}. Best is trial 254 with value: 0.8034457656439646.
start listen on 192.168.1.101:59943
@tracker All of 4 nodes getting started
@tracker All nodes finishes job
Trial 562 finished with value: 0.8019489056817696 and parameters: {'objective': 'binary:logistic', 'tree_method': 'gpu_hist', 'lambda': 0.027812111033905372, 'alpha': 0.05305419838722483, 'colsample_bytree': 0.9510315796341395, 'subsample': 0.8230702328011217, 'learning_rate': 0.028366612336623562, 'max_depth': 9, 'min_child_weight': 179, 'eval_metric': 'logloss'}. Best is trial 254 with value: 0.8034457656439646.
start listen on 192.168.1.101:55127
@tracker All of 4 nodes getting started
@tracker All nodes finishes job
Trial 563 finished with value: 0.803077201945406 and parameters: {'objective': 'binary:logistic', 'tree_method': 'gpu_hist', 'lambda': 0.0402905173992939, 'alpha': 0.11548660408132268, 'colsample_bytree': 0.33738239152005084, 'subsample': 0.6751918631619707, 'learning_rate': 0.022933521346511845, 'max_depth': 20, 'min_child_weight': 269, 'eval_metric': 'logloss'}. Best is trial 254 with value: 0.8034457656439646.
start listen on 192.168.1.101:33415
@tracker All of 4 nodes getting started
@tracker All nodes finishes job
Trial 564 finished with value: 0.8031482710538019 and parameters: {'objective': 'binary:logistic', 'tree_method': 'gpu_hist', 'lambda': 0.03203580708415893, 'alpha': 0.4631196684211061, 'colsample_bytree': 0.42757951398118327, 'subsample': 0.812791738905961, 'learning_rate': 0.02087674068909815, 'max_depth': 20, 'min_child_weight': 279, 'eval_metric': 'logloss'}. Best is trial 254 with value: 0.8034457656439646.
start listen on 192.168.1.101:34073
@tracker All of 4 nodes getting started
@tracker All nodes finishes job
Trial 565 finished with value: 0.8033775201586184 and parameters: {'objective': 'binary:logistic', 'tree_method': 'gpu_hist', 'lambda': 0.020332705371219614, 'alpha': 0.06559370261504298, 'colsample_bytree': 0.469749656013065, 'subsample': 0.8595466239058095, 'learning_rate': 0.024822686682659703, 'max_depth': 20, 'min_child_weight': 290, 'eval_metric': 'logloss'}. Best is trial 254 with value: 0.8034457656439646.
start listen on 192.168.1.101:36077
@tracker All of 4 nodes getting started
@tracker All nodes finishes job
Trial 566 finished with value: 0.7965702847124079 and parameters: {'objective': 'binary:logistic', 'tree_method': 'gpu_hist', 'lambda': 0.0200801808682176, 'alpha': 0.041092123305765255, 'colsample_bytree': 0.4663940741494236, 'subsample': 0.8456008642324839, 'learning_rate': 0.03060331674620828, 'max_depth': 3, 'min_child_weight': 293, 'eval_metric': 'logloss'}. Best is trial 254 with value: 0.8034457656439646.
start listen on 192.168.1.101:45955
@tracker All of 4 nodes getting started
@tracker All nodes finishes job
Trial 567 finished with value: 0.8032293687401432 and parameters: {'objective': 'binary:logistic', 'tree_method': 'gpu_hist', 'lambda': 0.014548955799226493, 'alpha': 0.05644220279444362, 'colsample_bytree': 0.483082392112863, 'subsample': 0.8325976416261581, 'learning_rate': 0.026011770270126897, 'max_depth': 20, 'min_child_weight': 290, 'eval_metric': 'logloss'}. Best is trial 254 with value: 0.8034457656439646.
start listen on 192.168.1.101:59049
@tracker All of 4 nodes getting started
@tracker All nodes finishes job
Trial 568 finished with value: 0.8019970346714939 and parameters: {'objective': 'binary:logistic', 'tree_method': 'gpu_hist', 'lambda': 0.01777369209114582, 'alpha': 0.07199757659377448, 'colsample_bytree': 0.49226139179834877, 'subsample': 0.7316352870955245, 'learning_rate': 0.01170957056719384, 'max_depth': 20, 'min_child_weight': 287, 'eval_metric': 'logloss'}. Best is trial 254 with value: 0.8034457656439646.
start listen on 192.168.1.101:33057
@tracker All of 4 nodes getting started
@tracker All nodes finishes job
Trial 569 finished with value: 0.8027925459337111 and parameters: {'objective': 'binary:logistic', 'tree_method': 'gpu_hist', 'lambda': 0.014580963636558196, 'alpha': 0.06722003180839968, 'colsample_bytree': 0.47016717503762895, 'subsample': 0.8717056823956765, 'learning_rate': 0.036768666693226947, 'max_depth': 20, 'min_child_weight': 295, 'eval_metric': 'logloss'}. Best is trial 254 with value: 0.8034457656439646.
start listen on 192.168.1.101:33181
@tracker All of 4 nodes getting started
@tracker All nodes finishes job
Trial 570 finished with value: 0.8031283570434317 and parameters: {'objective': 'binary:logistic', 'tree_method': 'gpu_hist', 'lambda': 0.018095052878909768, 'alpha': 0.0626188714530059, 'colsample_bytree': 0.527281860626327, 'subsample': 0.8119930390456682, 'learning_rate': 0.018148510097692666, 'max_depth': 20, 'min_child_weight': 285, 'eval_metric': 'logloss'}. Best is trial 254 with value: 0.8034457656439646.
start listen on 192.168.1.101:48621
@tracker All of 4 nodes getting started
@tracker All nodes finishes job
Trial 571 finished with value: 0.8023510735406172 and parameters: {'objective': 'binary:logistic', 'tree_method': 'gpu_hist', 'lambda': 0.02340530166989911, 'alpha': 0.04351177618955298, 'colsample_bytree': 0.4731023892894341, 'subsample': 0.8872567256804517, 'learning_rate': 0.028088903567440694, 'max_depth': 13, 'min_child_weight': 291, 'eval_metric': 'logloss'}. Best is trial 254 with value: 0.8034457656439646.
start listen on 192.168.1.101:56639
@tracker All of 4 nodes getting started
@tracker All nodes finishes job
Trial 572 finished with value: 0.7976654933275151 and parameters: {'objective': 'binary:logistic', 'tree_method': 'gpu_hist', 'lambda': 0.01247969848856874, 'alpha': 0.08928451925951748, 'colsample_bytree': 0.4607614908384332, 'subsample': 0.8236676416972994, 'learning_rate': 0.005371724582248343, 'max_depth': 20, 'min_child_weight': 283, 'eval_metric': 'logloss'}. Best is trial 254 with value: 0.8034457656439646.
start listen on 192.168.1.101:57417
@tracker All of 4 nodes getting started
@tracker All nodes finishes job
Trial 573 finished with value: 0.8032834201510265 and parameters: {'objective': 'binary:logistic', 'tree_method': 'gpu_hist', 'lambda': 0.0011181990087069315, 'alpha': 0.05311762976345064, 'colsample_bytree': 0.49981668520180655, 'subsample': 0.7438435415145865, 'learning_rate': 0.024419673178254244, 'max_depth': 20, 'min_child_weight': 296, 'eval_metric': 'logloss'}. Best is trial 254 with value: 0.8034457656439646.
start listen on 192.168.1.101:41175
@tracker All of 4 nodes getting started
@tracker All nodes finishes job
Trial 574 finished with value: 0.8032547286556536 and parameters: {'objective': 'binary:logistic', 'tree_method': 'gpu_hist', 'lambda': 0.02075340867241288, 'alpha': 0.0785861084666686, 'colsample_bytree': 0.4487283438409324, 'subsample': 0.8437628137658156, 'learning_rate': 0.02164528908371708, 'max_depth': 20, 'min_child_weight': 288, 'eval_metric': 'logloss'}. Best is trial 254 with value: 0.8034457656439646.
start listen on 192.168.1.101:33265
@tracker All of 4 nodes getting started
@tracker All nodes finishes job
Trial 575 finished with value: 0.8029720701969293 and parameters: {'objective': 'binary:logistic', 'tree_method': 'gpu_hist', 'lambda': 0.19364675584185054, 'alpha': 0.09854603991182592, 'colsample_bytree': 0.4787486278592785, 'subsample': 0.7075785682452049, 'learning_rate': 0.026168875060746027, 'max_depth': 20, 'min_child_weight': 280, 'eval_metric': 'logloss'}. Best is trial 254 with value: 0.8034457656439646.
start listen on 192.168.1.101:46655
@tracker All of 4 nodes getting started
@tracker All nodes finishes job
