number,value,params_alpha,params_colsample_bytree,params_eval_metric,params_lambda,params_learning_rate,params_max_depth,params_min_child_weight,params_objective,params_subsample,params_tree_method,state
635,0.8029963817771987,0.12367919983582046,0.4903468802303723,logloss,0.031074670607836554,0.020959053163903042,20,119,binary:logistic,0.9207782194288637,gpu_hist,COMPLETE
636,0.8032939191420982,0.08740592316504014,0.4374009298925158,logloss,0.009403016167057306,0.0236430049404996,20,277,binary:logistic,0.7710527553441701,gpu_hist,COMPLETE
637,0.8028289392792995,0.04633704872507907,0.4552447319509576,logloss,0.016506664028577523,0.028482808924102952,20,189,binary:logistic,0.8148577294033976,gpu_hist,COMPLETE
638,0.8030785433284626,0.06817634952396058,0.3886012447046294,logloss,0.041070069103753055,0.02223569023034525,17,281,binary:logistic,0.8008756898644342,gpu_hist,COMPLETE
639,0.8028460071077141,0.03594689447393611,0.3570690109476613,logloss,0.05571426337057094,0.017640492384968325,20,288,binary:logistic,0.606653695076274,gpu_hist,COMPLETE
640,0.8034093028779747,0.11420970511731961,0.30753576717088693,logloss,0.034652324847001884,0.025575396976544377,20,274,binary:logistic,0.7486932649156872,gpu_hist,COMPLETE
641,0.8021602629042265,0.2529447288990187,0.3164187707419761,logloss,0.021184093156971544,0.03160147877842576,11,262,binary:logistic,0.7461347738348377,gpu_hist,COMPLETE
642,0.8031650992347094,0.09610834792971953,0.3007467544453964,logloss,0.026248199143717826,0.026919358896006065,20,267,binary:logistic,0.7614650388298385,gpu_hist,COMPLETE
643,0.8030052700950865,0.0555249712358888,0.3274465447407326,logloss,0.1506971773174928,0.02577601703254108,20,273,binary:logistic,0.7324936529418486,gpu_hist,COMPLETE
644,0.8032131447455839,0.07612577459407208,0.33269027857874955,logloss,0.030788058265212928,0.02966084719597745,20,272,binary:logistic,0.7516114296852509,gpu_hist,COMPLETE
645,0.8032538681478244,0.11177833166718897,0.30856660312684875,logloss,0.09939903438119055,0.02538666396561651,20,262,binary:logistic,0.746912397743219,gpu_hist,COMPLETE
646,0.8028119292104023,0.14055408376645928,0.30366601075581506,logloss,3.3673770672037038,0.028382145995620153,20,276,binary:logistic,0.7363048106438393,gpu_hist,COMPLETE
647,0.8033011386458538,0.08951567494181506,0.3122646034792735,logloss,0.033745473553137104,0.023936724780060196,20,268,binary:logistic,0.7621123384529798,gpu_hist,COMPLETE
648,0.8012737746806259,0.0580302344302465,0.31931749627560163,logloss,0.021986158189275493,0.026579383423633657,7,69,binary:logistic,0.7253661823326307,gpu_hist,COMPLETE
649,0.8028719462531021,0.07540989766755825,0.3332197974068075,logloss,0.08111986597163379,0.03289845094134195,20,252,binary:logistic,0.7818307851870284,gpu_hist,COMPLETE
650,0.8031712381450783,0.15539428703905284,0.3461894952927092,logloss,0.007653270108099338,0.023479474790751652,20,294,binary:logistic,0.7732240817133585,gpu_hist,COMPLETE
651,0.8032824971430402,0.04624411394483932,0.3097956271126978,logloss,0.20472470540849474,0.025157171726617137,20,284,binary:logistic,0.8394032516785417,gpu_hist,COMPLETE
652,0.8031817248758751,0.023828505707605037,0.3420288379997664,logloss,0.02656604865005983,0.028019059204318,20,277,binary:logistic,0.7465197709446797,gpu_hist,COMPLETE
653,0.8030899574264547,0.10493368845773297,0.6635853541654614,logloss,0.04743298837831735,0.02226245591364613,20,271,binary:logistic,0.8269505708850418,gpu_hist,COMPLETE
654,0.793446647722249,0.08426058914069597,0.3718048889763449,logloss,0.01859721226383969,0.009937936434991346,5,300,binary:logistic,0.8473296248589974,gpu_hist,COMPLETE
655,0.8028132020993899,0.17817282611922935,0.3262893741316988,logloss,0.011135565839909939,0.024728765567917633,15,288,binary:logistic,0.8632193225121705,gpu_hist,COMPLETE
656,0.8031732426182927,0.06490744239948705,0.41610868876988566,logloss,0.03426640801313507,0.03009751070498102,20,265,binary:logistic,0.8144698340055416,gpu_hist,COMPLETE
657,0.8032001423698433,0.13378114444195444,0.42961230718953464,logloss,0.06453139911310914,0.022559219050354466,20,95,binary:logistic,0.934145280845838,gpu_hist,COMPLETE
658,0.8011601062389461,0.11224491809106753,0.38483003584844216,logloss,0.014433788829506862,0.01990301452081277,9,281,binary:logistic,0.8760895395652669,gpu_hist,COMPLETE
659,0.8032761580360043,0.09039803548385016,0.3991044231117812,logloss,0.039966388418454166,0.026815192194734182,20,256,binary:logistic,0.7996507955504396,gpu_hist,COMPLETE
660,0.803274619562217,0.24818913567484105,0.361631404873156,logloss,0.023835801012373016,0.023665425982245372,20,274,binary:logistic,0.759549279033967,gpu_hist,COMPLETE
661,0.7978587071412611,0.031940015870474965,0.31289660688637905,logloss,0.05259157326288653,0.08247297957973679,20,292,binary:logistic,0.8339357437825421,gpu_hist,COMPLETE
662,0.8032147474087218,0.07161333616272862,0.423670690626262,logloss,0.03079710917234593,0.021292743278654415,20,283,binary:logistic,0.7889762960647949,gpu_hist,COMPLETE
663,0.7957102658229729,0.03903998844818006,0.3317819996434787,logloss,0.03645265116988299,0.02604991688492538,3,266,binary:logistic,0.4046612052714587,gpu_hist,COMPLETE
664,0.8030751629799513,0.1544195048530551,0.37776694880086326,logloss,0.17112088473750006,0.028866824580542325,20,277,binary:logistic,0.8550477396156111,gpu_hist,COMPLETE
665,0.802590903044731,0.05470563236125808,0.44401460871279286,logloss,0.07006779519330318,0.02267731199943766,13,260,binary:logistic,0.8206769101870985,gpu_hist,COMPLETE
666,0.8031592100525181,0.3268199603389111,0.34653912778040996,logloss,0.044882446120682186,0.019560995178947414,20,286,binary:logistic,0.8416630828894509,gpu_hist,COMPLETE
667,0.80246518629466,0.10772327509906139,0.397547000705127,logloss,0.02928346750021514,0.036256249158303576,20,272,binary:logistic,0.8085444470743486,gpu_hist,COMPLETE
668,0.8030879980165617,0.18995550558140303,0.8954198158143144,logloss,0.01932680763635152,0.02538632563062904,20,295,binary:logistic,0.8907560157165475,gpu_hist,COMPLETE
669,0.8033340166709265,0.12498089561111467,0.411971661530634,logloss,0.025625625452829464,0.021443447716350653,20,280,binary:logistic,0.7683293309026431,gpu_hist,COMPLETE
670,0.8029747625533021,0.5848156317641439,0.5366126163892831,logloss,0.037353149194634686,0.030484295731851137,20,269,binary:logistic,0.8307435950105682,gpu_hist,COMPLETE
671,0.8027144553386221,0.08107159591521457,0.4349289701177714,logloss,0.10987778966555169,0.024152422147267344,20,109,binary:logistic,0.8712986697970008,gpu_hist,COMPLETE
672,0.8031914782787614,0.0982481289453813,0.4171809848111893,logloss,0.058061626111922046,0.026696796747518972,20,247,binary:logistic,0.7374323978973288,gpu_hist,COMPLETE
673,0.802100438375088,0.046224599625829324,0.3557507413613702,logloss,0.047203485776352985,0.022252691291103147,11,289,binary:logistic,0.7798796769729157,gpu_hist,COMPLETE
674,0.8028514377011332,0.06520573488106071,0.30163322384479463,logloss,0.017314007256843955,0.01984994983934764,17,275,binary:logistic,0.9123606844689918,gpu_hist,COMPLETE
675,0.8031312757517247,0.12850563657000172,0.31849373168727363,logloss,0.08165117013760885,0.0240296992848678,20,169,binary:logistic,0.8506774722844996,gpu_hist,COMPLETE
676,0.8033137039019258,0.014728928110353456,0.39277064663131644,logloss,0.033118081044565977,0.026627271644013142,20,262,binary:logistic,0.8044025226985234,gpu_hist,COMPLETE
677,0.8030695938181805,0.1536636153089712,0.4574426243720004,logloss,0.022213573872949723,0.018143761904513646,20,281,binary:logistic,0.819875322346309,gpu_hist,COMPLETE
678,0.8031020645841656,0.4693007517156764,0.3698463931747104,logloss,0.041794805037284784,0.028767842460870666,20,270,binary:logistic,0.8404174716915154,gpu_hist,COMPLETE
679,0.7932945522550667,0.20632086268975994,0.85394688571353,logloss,0.029390910192633308,0.0015863195898776251,20,288,binary:logistic,0.7541267766915439,gpu_hist,COMPLETE
680,0.8030843582951231,0.07795492206297515,0.3000413401954544,logloss,0.2869101554113791,0.0218201268536486,20,133,binary:logistic,0.7912089072112015,gpu_hist,COMPLETE
681,0.8033094519296026,0.055397097134684374,0.4293362007531393,logloss,0.12971279845426745,0.03183196782152909,20,300,binary:logistic,0.867096689152304,gpu_hist,COMPLETE
682,0.7931705414268934,0.0029464850352707525,0.33545288700921816,logloss,0.2295016525284824,0.0034669855258851394,7,278,binary:logistic,0.8251760057112012,gpu_hist,COMPLETE
683,0.8032753202505514,0.09487864539834262,0.448391500330031,logloss,0.0510483851750065,0.02420526859173543,20,284,binary:logistic,0.8121211912262042,gpu_hist,COMPLETE
684,0.8031778746591386,0.1173997005713223,0.4006902512106638,logloss,0.013290577989487976,0.020614522044062878,20,257,binary:logistic,0.9001127013781569,gpu_hist,COMPLETE
685,0.7992110825969847,0.06881888577642765,0.37982271955099073,logloss,0.06181104912717173,0.025408553733111384,5,266,binary:logistic,0.7235060170944548,gpu_hist,COMPLETE
686,0.8019880849977413,0.1730864705551758,0.4176235527858111,logloss,0.03782095103171704,0.04036910892936371,15,293,binary:logistic,0.8524343877055135,gpu_hist,COMPLETE
687,0.8032459494814579,0.019746878280413355,0.4331083302082662,logloss,0.027221449377914722,0.022938609482366725,20,274,binary:logistic,0.8366480937392619,gpu_hist,COMPLETE
688,0.8029398459986954,0.09498388368321069,0.4721342084223046,logloss,0.009926247720756282,0.02803369063434924,20,284,binary:logistic,0.7992687791746584,gpu_hist,COMPLETE
689,0.8033668913176126,0.0807300453224935,0.3475517034139351,logloss,0.04355046979202376,0.019597790216471813,20,270,binary:logistic,0.8823540763881095,gpu_hist,COMPLETE
690,0.8029886955656446,0.07416773656575175,0.34564542827776495,logloss,0.043833908846431444,0.016083935833567473,20,263,binary:logistic,0.8840929577036489,gpu_hist,COMPLETE
691,0.8029901064780826,0.08295762023565,0.32628590532189006,logloss,0.057727917351784355,0.01903028346791793,20,53,binary:logistic,0.8843587682858817,gpu_hist,COMPLETE
692,0.8004284966194253,0.06115128387899039,0.3502743244398185,logloss,0.04698212586055992,0.017373435054390624,9,270,binary:logistic,0.45219433762064976,gpu_hist,COMPLETE
693,0.8032092393303653,0.10163014316767888,0.364012018114589,logloss,0.03785935395580515,0.020487854899963426,20,257,binary:logistic,0.9020897535788325,gpu_hist,COMPLETE
694,0.8031200249061043,0.08161613073925598,0.3579233681672351,logloss,0.0334350755674489,0.018654070690906403,20,266,binary:logistic,0.8742263541180575,gpu_hist,COMPLETE
695,0.7940749214783636,0.12006840294000483,0.3315647527281786,logloss,0.07231672419814436,0.02104722468158568,3,271,binary:logistic,0.8958393682936213,gpu_hist,COMPLETE
696,0.8032632764648393,0.0653223471608437,0.3383313095255164,logloss,0.05241398653100487,0.02332331843004941,20,261,binary:logistic,0.8684828119399759,gpu_hist,COMPLETE
697,0.803191976372864,0.14326413338515884,0.3604270097041256,logloss,0.0421484253594564,0.025043969152554017,20,274,binary:logistic,0.8602201448218244,gpu_hist,COMPLETE
698,0.8030520568299122,0.08809197836785089,0.32037270796044026,logloss,0.02491846561544058,0.021857300401638666,20,253,binary:logistic,0.9175056917874476,gpu_hist,COMPLETE
699,0.7984022187510852,0.05400244288580718,0.3821895891778945,logloss,0.03342587295854737,0.008891313832633604,13,267,binary:logistic,0.8860268868758333,gpu_hist,COMPLETE
700,0.803153963472203,0.10672551989734988,0.37395523474425446,logloss,0.05101001285475683,0.01916755940617759,20,278,binary:logistic,0.8797063449835161,gpu_hist,COMPLETE
701,0.8027560860556971,0.07810371217392478,0.3359152776877999,logloss,0.020285962910106713,0.034207444095758974,20,274,binary:logistic,0.8617633515736242,gpu_hist,COMPLETE
702,0.803026230642524,0.0667752426250946,0.3539759582920399,logloss,0.029017157080282033,0.02760805384788078,20,263,binary:logistic,0.8445878841388847,gpu_hist,COMPLETE
703,0.8033240785465648,0.1392325060643577,0.3923275498115108,logloss,0.039143701594516876,0.023088339639499127,20,275,binary:logistic,0.906152986414618,gpu_hist,COMPLETE
704,0.802974311429675,0.2537687746189597,0.4086396318074562,logloss,0.006704606076349364,0.02075959201757322,17,279,binary:logistic,0.8262147134996859,gpu_hist,COMPLETE
705,0.8021775611713194,0.10873497679557728,0.3444047090556251,logloss,0.01574542031945109,0.025939016012257347,11,267,binary:logistic,0.8545679679786319,gpu_hist,COMPLETE
706,0.8031409064428814,0.09242739846400748,0.31513164676115957,logloss,0.06343631134936725,0.029780739847094374,20,271,binary:logistic,0.8721555990448707,gpu_hist,COMPLETE
707,0.8026303748091272,0.20682607309241124,0.3695405499933275,logloss,0.04646692751428784,0.013911198140958465,20,249,binary:logistic,0.814731059331983,gpu_hist,COMPLETE
708,0.8032497194887513,0.049795932124855405,0.4056431886266169,logloss,1.0753631409122049,0.0245964605705662,20,259,binary:logistic,0.8293996217434771,gpu_hist,COMPLETE
709,0.8031869029621209,0.12468773104185775,0.3232764526093312,logloss,0.08921114907428296,0.021790426061511766,20,280,binary:logistic,0.8417497504509611,gpu_hist,COMPLETE
710,0.8031916210973417,0.16077346908476162,0.4207047212375311,logloss,0.032388398080974094,0.019749346675537894,20,269,binary:logistic,0.8059188168959701,gpu_hist,COMPLETE
711,0.8032637115138838,0.0625696721128004,0.3826657555885667,logloss,0.03737783998986086,0.02635276612023778,20,276,binary:logistic,0.8936847732416899,gpu_hist,COMPLETE
712,0.7987764590659129,0.07680712460320635,0.4444317664260682,logloss,0.022955828836173996,0.01717302181502182,7,283,binary:logistic,0.8559732870821819,gpu_hist,COMPLETE
713,0.8032327274015906,0.10701315817104053,0.39273205568361536,logloss,0.056286109764068094,0.023567371169261983,20,265,binary:logistic,0.8193549493292882,gpu_hist,COMPLETE
714,0.8032177527562909,0.091202027362555,0.6816775884181568,logloss,0.0267135523598558,0.028507678485557505,20,271,binary:logistic,0.9393486601946269,gpu_hist,COMPLETE
715,0.8030633722463137,0.13555856628076107,0.34555156569212936,logloss,0.0467123549257923,0.022471460924173865,20,141,binary:logistic,0.8319042462468584,gpu_hist,COMPLETE
716,0.8029325922206604,0.05882629222834242,0.4336656125757703,logloss,0.06697900565557208,0.03225423459440339,20,277,binary:logistic,0.8811730155249965,gpu_hist,COMPLETE
717,0.798909222967519,0.07274930538805684,0.3600060714804926,logloss,0.011370792351219055,0.02487535478851074,5,260,binary:logistic,0.8448304275741322,gpu_hist,COMPLETE
718,0.8033603607868176,0.16653567121378884,0.41979000716967524,logloss,0.04131100020538917,0.020049611083402717,20,285,binary:logistic,0.8675494829060967,gpu_hist,COMPLETE
719,0.8021538671274754,0.21390854503902826,0.4523265215295843,logloss,0.03405205983344731,0.015955244036498246,15,288,binary:logistic,0.890272044443392,gpu_hist,COMPLETE
720,0.8031420853909179,0.17797853999880725,0.4270308192039283,logloss,0.02950552131277105,0.017608238112783368,20,286,binary:logistic,0.8686260443392688,gpu_hist,COMPLETE
721,0.8031823817541603,0.1739304602318872,0.4466388923086298,logloss,0.039074594894275984,0.019296484964682774,20,283,binary:logistic,0.9112652229566665,gpu_hist,COMPLETE
722,0.8031865148290619,0.2591272465534796,0.3261689038898495,logloss,0.020836939456004868,0.019347170922547143,20,291,binary:logistic,0.9230776040106738,gpu_hist,COMPLETE
723,0.8008583906813332,0.3420986360635185,0.7898176804893966,logloss,0.025668218237602153,0.018336917573385868,9,286,binary:logistic,0.873354461848125,gpu_hist,COMPLETE
724,0.8033774462155381,0.23112521458195662,0.31121773276562825,logloss,1.429394037966267,0.02093887804576969,20,282,binary:logistic,0.8929144662675241,gpu_hist,COMPLETE
725,0.8034700928628958,0.2637491336575551,0.31546260412928945,logloss,0.5885689536864864,0.020627188086480525,20,291,binary:logistic,0.9030019842756306,gpu_hist,COMPLETE
726,0.8029793422836417,0.2864416942570969,0.3064441214474505,logloss,1.8218324138257573,0.0167092955007655,20,294,binary:logistic,0.8973946829010295,gpu_hist,COMPLETE
727,0.8027006645454688,0.22693333084067724,0.31583951079003647,logloss,1.2481357878718682,0.014977236896365358,20,293,binary:logistic,0.9079103685276865,gpu_hist,COMPLETE
728,0.7934975901998624,0.3208785181648143,0.30307026359259054,logloss,0.9292234786328081,0.01846643538996607,3,290,binary:logistic,0.9170157257035114,gpu_hist,COMPLETE
729,0.8031864379435159,0.2649095326387797,0.3081096821392026,logloss,2.498457164457452,0.01974336056190909,20,288,binary:logistic,0.9037393142999518,gpu_hist,COMPLETE
730,0.8031355199864519,0.4007131016401432,0.32970826109035545,logloss,0.8521116553264629,0.017799382108663997,20,297,binary:logistic,0.8942508897074462,gpu_hist,COMPLETE
731,0.8029197605079466,0.28910095159476723,0.3189135737861951,logloss,1.6897121135285031,0.016574178672208336,20,284,binary:logistic,0.8958621553603984,gpu_hist,COMPLETE
732,0.8030827521991083,0.2986207319107162,0.30332999558440915,logloss,1.310938953665273,0.020073550915182526,20,300,binary:logistic,0.88842336642781,gpu_hist,COMPLETE
733,0.8033342692325901,0.35278360044302176,0.3158148355354596,logloss,0.6374411852262648,0.021280824471019606,20,291,binary:logistic,0.9286320631624803,gpu_hist,COMPLETE
734,0.8030627951415505,0.24882660076365637,0.3366333230124303,logloss,5.922242327864748,0.01809615326905234,20,283,binary:logistic,0.9072702290598336,gpu_hist,COMPLETE
735,0.802261658756219,0.22143939541828023,0.319559341481798,logloss,0.6482689847988894,0.012959976831531604,20,292,binary:logistic,0.8850025415462947,gpu_hist,COMPLETE
736,0.8022772102883216,0.22414653536462512,0.3221734597310202,logloss,0.7782047274841881,0.020151529048828512,13,281,binary:logistic,0.9012824334187098,gpu_hist,COMPLETE
737,0.8029714072157516,0.4987915925875505,0.30114981492567294,logloss,0.5304159989902568,0.020938544748621,17,286,binary:logistic,0.9143690826359567,gpu_hist,COMPLETE
738,0.8030735574833276,0.2517584447882706,0.33113542803841745,logloss,4.490094376139139,0.018060216808018947,20,279,binary:logistic,0.9688032980767725,gpu_hist,COMPLETE
739,0.8021195108946777,0.23045584908929348,0.3256411196294145,logloss,1.4264065337155247,0.021272365134760392,11,295,binary:logistic,0.925471756628106,gpu_hist,COMPLETE
740,0.8033831485511395,0.412154821508542,0.33910176236624645,logloss,0.842567935728912,0.019738845805632083,20,290,binary:logistic,0.8876606593193553,gpu_hist,COMPLETE
741,0.8026939895613903,0.391138969629234,0.3464602679197557,logloss,2.178621189532959,0.015366185105780406,20,296,binary:logistic,0.8778057515156255,gpu_hist,COMPLETE
742,0.8029351407776308,0.6687927743183507,0.34612642154308254,logloss,1.0128725604543083,0.01746864792058532,20,292,binary:logistic,0.89247366663404,gpu_hist,COMPLETE
743,0.8029140040636652,0.5119072132557967,0.3000852967330344,logloss,0.04288336665662721,0.01655913455763718,20,300,binary:logistic,0.8856141662749311,gpu_hist,COMPLETE
744,0.8033112990353772,0.4098231801170599,0.33621633085147196,logloss,2.700076583550553,0.0187262399596593,20,289,binary:logistic,0.8978052051075712,gpu_hist,COMPLETE
745,0.8031931979866572,0.36966910590480123,0.31425431277341803,logloss,0.7675268004074742,0.0200596347464096,20,289,binary:logistic,0.9123017074211175,gpu_hist,COMPLETE
746,0.8030725907197824,0.45910029089126364,0.3358735422559207,logloss,1.5263593417951211,0.019931207233157385,20,287,binary:logistic,0.882826618089874,gpu_hist,COMPLETE
747,0.8034129878806955,0.2725675201536605,0.34469456950501215,logloss,0.0148976299911276,0.021252913929521094,20,284,binary:logistic,0.8744496008900176,gpu_hist,COMPLETE
748,0.8004308979441166,0.3483752722533252,0.35007280297618876,logloss,1.4460792558019073,0.022009025405196003,7,292,binary:logistic,0.8784907441666195,gpu_hist,COMPLETE
749,0.8028735148054305,0.2985959058025403,0.358936537911344,logloss,0.011738227501539175,0.015789992700615443,20,294,binary:logistic,0.8764066772529404,gpu_hist,COMPLETE
750,0.8031751348418792,0.4458210022651358,0.3457839411410738,logloss,0.013089644957638981,0.018613152297295793,20,284,binary:logistic,0.8933382422118683,gpu_hist,COMPLETE
751,0.8034447573044647,0.34261452190649305,0.36270614522550015,logloss,0.00838712480485938,0.02135762875810367,20,285,binary:logistic,0.9022440004913335,gpu_hist,COMPLETE
752,0.7962598121580743,0.5729438125136406,0.36856825324051234,logloss,0.5712682665813642,0.017423712801704027,5,300,binary:logistic,0.9010148964186419,gpu_hist,COMPLETE
753,0.8031974556259518,0.5027382151774242,0.3629638508163274,logloss,1.0332114766405551,0.019452987732355004,20,294,binary:logistic,0.9056846961823577,gpu_hist,COMPLETE
754,0.8033007197258822,0.39299869480818916,0.3722410166375937,logloss,0.009793465722675986,0.020964714229003884,20,288,binary:logistic,0.9216976662186205,gpu_hist,COMPLETE
755,0.8031746500978539,0.437765635784027,0.3553055163783312,logloss,0.00875635561070129,0.019190033975444068,20,286,binary:logistic,0.8900030462092262,gpu_hist,COMPLETE
756,0.8031818068834919,0.30008138537112156,0.35134544348572383,logloss,0.0075997486949578134,0.02157427930611542,20,295,binary:logistic,0.913821173412153,gpu_hist,COMPLETE
757,0.8023629704209905,0.3369912516151074,0.36949030422738327,logloss,0.00870438601895118,0.017906461246695923,15,285,binary:logistic,0.8862704522830216,gpu_hist,COMPLETE
758,0.8030808755052034,0.3785747276578191,0.35858128050799887,logloss,1.728683841877954,0.02213961908139103,20,290,binary:logistic,0.8739601966413739,gpu_hist,COMPLETE
759,0.8031465356527543,0.33590190295632966,0.3345782626807313,logloss,0.006568047217655505,0.02022701860610733,20,282,binary:logistic,0.9026728812219169,gpu_hist,COMPLETE
760,0.8029713495652143,0.23679353609636963,0.3746930680577846,logloss,1.1971429523171901,0.016869490757223854,20,294,binary:logistic,0.9362838769147559,gpu_hist,COMPLETE
761,0.8015239635721478,0.31415330651534196,0.38295050047051454,logloss,0.8744827761961038,0.02190571779161677,9,282,binary:logistic,0.86869839303388,gpu_hist,COMPLETE
762,0.7931194655029987,0.4403376979034363,0.34226169186593347,logloss,3.126935921211013,0.013917708882701937,3,288,binary:logistic,0.8879884646201956,gpu_hist,COMPLETE
