Trial 699 finished with value: 0.7984022187510852 and parameters: {'objective': 'binary:logistic', 'tree_method': 'gpu_hist', 'lambda': 0.03342587295854737, 'alpha': 0.05400244288580718, 'colsample_bytree': 0.3821895891778945, 'subsample': 0.8860268868758333, 'learning_rate': 0.008891313832633604, 'max_depth': 13, 'min_child_weight': 267, 'eval_metric': 'logloss'}. Best is trial 618 with value: 0.8034519077147598.
start listen on 192.168.1.101:58623
@tracker All of 4 nodes getting started
@tracker All nodes finishes job
Trial 700 finished with value: 0.803153963472203 and parameters: {'objective': 'binary:logistic', 'tree_method': 'gpu_hist', 'lambda': 0.05101001285475683, 'alpha': 0.10672551989734988, 'colsample_bytree': 0.37395523474425446, 'subsample': 0.8797063449835161, 'learning_rate': 0.01916755940617759, 'max_depth': 20, 'min_child_weight': 278, 'eval_metric': 'logloss'}. Best is trial 618 with value: 0.8034519077147598.
start listen on 192.168.1.101:42611
@tracker All of 4 nodes getting started
@tracker All nodes finishes job
Trial 701 finished with value: 0.8027560860556971 and parameters: {'objective': 'binary:logistic', 'tree_method': 'gpu_hist', 'lambda': 0.020285962910106713, 'alpha': 0.07810371217392478, 'colsample_bytree': 0.3359152776877999, 'subsample': 0.8617633515736242, 'learning_rate': 0.034207444095758974, 'max_depth': 20, 'min_child_weight': 274, 'eval_metric': 'logloss'}. Best is trial 618 with value: 0.8034519077147598.
start listen on 192.168.1.101:59147
@tracker All of 4 nodes getting started
@tracker All nodes finishes job
Trial 702 finished with value: 0.803026230642524 and parameters: {'objective': 'binary:logistic', 'tree_method': 'gpu_hist', 'lambda': 0.029017157080282033, 'alpha': 0.0667752426250946, 'colsample_bytree': 0.3539759582920399, 'subsample': 0.8445878841388847, 'learning_rate': 0.02760805384788078, 'max_depth': 20, 'min_child_weight': 263, 'eval_metric': 'logloss'}. Best is trial 618 with value: 0.8034519077147598.
start listen on 192.168.1.101:34413
@tracker All of 4 nodes getting started
@tracker All nodes finishes job
Trial 703 finished with value: 0.8033240785465648 and parameters: {'objective': 'binary:logistic', 'tree_method': 'gpu_hist', 'lambda': 0.039143701594516876, 'alpha': 0.1392325060643577, 'colsample_bytree': 0.3923275498115108, 'subsample': 0.906152986414618, 'learning_rate': 0.023088339639499127, 'max_depth': 20, 'min_child_weight': 275, 'eval_metric': 'logloss'}. Best is trial 618 with value: 0.8034519077147598.
start listen on 192.168.1.101:45833
@tracker All of 4 nodes getting started
@tracker All nodes finishes job
Trial 704 finished with value: 0.802974311429675 and parameters: {'objective': 'binary:logistic', 'tree_method': 'gpu_hist', 'lambda': 0.006704606076349364, 'alpha': 0.2537687746189597, 'colsample_bytree': 0.4086396318074562, 'subsample': 0.8262147134996859, 'learning_rate': 0.02075959201757322, 'max_depth': 17, 'min_child_weight': 279, 'eval_metric': 'logloss'}. Best is trial 618 with value: 0.8034519077147598.
start listen on 192.168.1.101:51583
@tracker All of 4 nodes getting started
@tracker All nodes finishes job
Trial 705 finished with value: 0.8021775611713194 and parameters: {'objective': 'binary:logistic', 'tree_method': 'gpu_hist', 'lambda': 0.01574542031945109, 'alpha': 0.10873497679557728, 'colsample_bytree': 0.3444047090556251, 'subsample': 0.8545679679786319, 'learning_rate': 0.025939016012257347, 'max_depth': 11, 'min_child_weight': 267, 'eval_metric': 'logloss'}. Best is trial 618 with value: 0.8034519077147598.
start listen on 192.168.1.101:32917
@tracker All of 4 nodes getting started
@tracker All nodes finishes job
Trial 706 finished with value: 0.8031409064428814 and parameters: {'objective': 'binary:logistic', 'tree_method': 'gpu_hist', 'lambda': 0.06343631134936725, 'alpha': 0.09242739846400748, 'colsample_bytree': 0.31513164676115957, 'subsample': 0.8721555990448707, 'learning_rate': 0.029780739847094374, 'max_depth': 20, 'min_child_weight': 271, 'eval_metric': 'logloss'}. Best is trial 618 with value: 0.8034519077147598.
start listen on 192.168.1.101:34695
@tracker All of 4 nodes getting started
@tracker All nodes finishes job
Trial 707 finished with value: 0.8026303748091272 and parameters: {'objective': 'binary:logistic', 'tree_method': 'gpu_hist', 'lambda': 0.04646692751428784, 'alpha': 0.20682607309241124, 'colsample_bytree': 0.3695405499933275, 'subsample': 0.814731059331983, 'learning_rate': 0.013911198140958465, 'max_depth': 20, 'min_child_weight': 249, 'eval_metric': 'logloss'}. Best is trial 618 with value: 0.8034519077147598.
start listen on 192.168.1.101:38837
@tracker All of 4 nodes getting started
@tracker All nodes finishes job
Trial 708 finished with value: 0.8032497194887513 and parameters: {'objective': 'binary:logistic', 'tree_method': 'gpu_hist', 'lambda': 1.0753631409122049, 'alpha': 0.049795932124855405, 'colsample_bytree': 0.4056431886266169, 'subsample': 0.8293996217434771, 'learning_rate': 0.0245964605705662, 'max_depth': 20, 'min_child_weight': 259, 'eval_metric': 'logloss'}. Best is trial 618 with value: 0.8034519077147598.
start listen on 192.168.1.101:38617
@tracker All of 4 nodes getting started
@tracker All nodes finishes job
Trial 709 finished with value: 0.8031869029621209 and parameters: {'objective': 'binary:logistic', 'tree_method': 'gpu_hist', 'lambda': 0.08921114907428296, 'alpha': 0.12468773104185775, 'colsample_bytree': 0.3232764526093312, 'subsample': 0.8417497504509611, 'learning_rate': 0.021790426061511766, 'max_depth': 20, 'min_child_weight': 280, 'eval_metric': 'logloss'}. Best is trial 618 with value: 0.8034519077147598.
start listen on 192.168.1.101:39411
@tracker All of 4 nodes getting started
@tracker All nodes finishes job
Trial 710 finished with value: 0.8031916210973417 and parameters: {'objective': 'binary:logistic', 'tree_method': 'gpu_hist', 'lambda': 0.032388398080974094, 'alpha': 0.16077346908476162, 'colsample_bytree': 0.4207047212375311, 'subsample': 0.8059188168959701, 'learning_rate': 0.019749346675537894, 'max_depth': 20, 'min_child_weight': 269, 'eval_metric': 'logloss'}. Best is trial 618 with value: 0.8034519077147598.
start listen on 192.168.1.101:43267
@tracker All of 4 nodes getting started
@tracker All nodes finishes job
Trial 711 finished with value: 0.8032637115138838 and parameters: {'objective': 'binary:logistic', 'tree_method': 'gpu_hist', 'lambda': 0.03737783998986086, 'alpha': 0.0625696721128004, 'colsample_bytree': 0.3826657555885667, 'subsample': 0.8936847732416899, 'learning_rate': 0.02635276612023778, 'max_depth': 20, 'min_child_weight': 276, 'eval_metric': 'logloss'}. Best is trial 618 with value: 0.8034519077147598.
start listen on 192.168.1.101:37541
@tracker All of 4 nodes getting started
@tracker All nodes finishes job
Trial 712 finished with value: 0.7987764590659129 and parameters: {'objective': 'binary:logistic', 'tree_method': 'gpu_hist', 'lambda': 0.022955828836173996, 'alpha': 0.07680712460320635, 'colsample_bytree': 0.4444317664260682, 'subsample': 0.8559732870821819, 'learning_rate': 0.01717302181502182, 'max_depth': 7, 'min_child_weight': 283, 'eval_metric': 'logloss'}. Best is trial 618 with value: 0.8034519077147598.
start listen on 192.168.1.101:60213
@tracker All of 4 nodes getting started
@tracker All nodes finishes job
Trial 713 finished with value: 0.8032327274015906 and parameters: {'objective': 'binary:logistic', 'tree_method': 'gpu_hist', 'lambda': 0.056286109764068094, 'alpha': 0.10701315817104053, 'colsample_bytree': 0.39273205568361536, 'subsample': 0.8193549493292882, 'learning_rate': 0.023567371169261983, 'max_depth': 20, 'min_child_weight': 265, 'eval_metric': 'logloss'}. Best is trial 618 with value: 0.8034519077147598.
start listen on 192.168.1.101:35849
@tracker All of 4 nodes getting started
@tracker All nodes finishes job
Trial 714 finished with value: 0.8032177527562909 and parameters: {'objective': 'binary:logistic', 'tree_method': 'gpu_hist', 'lambda': 0.0267135523598558, 'alpha': 0.091202027362555, 'colsample_bytree': 0.6816775884181568, 'subsample': 0.9393486601946269, 'learning_rate': 0.028507678485557505, 'max_depth': 20, 'min_child_weight': 271, 'eval_metric': 'logloss'}. Best is trial 618 with value: 0.8034519077147598.
start listen on 192.168.1.101:53983
@tracker All of 4 nodes getting started
@tracker All nodes finishes job
Trial 715 finished with value: 0.8030633722463137 and parameters: {'objective': 'binary:logistic', 'tree_method': 'gpu_hist', 'lambda': 0.0467123549257923, 'alpha': 0.13555856628076107, 'colsample_bytree': 0.34555156569212936, 'subsample': 0.8319042462468584, 'learning_rate': 0.022471460924173865, 'max_depth': 20, 'min_child_weight': 141, 'eval_metric': 'logloss'}. Best is trial 618 with value: 0.8034519077147598.
start listen on 192.168.1.101:53935
@tracker All of 4 nodes getting started
@tracker All nodes finishes job
Trial 716 finished with value: 0.8029325922206604 and parameters: {'objective': 'binary:logistic', 'tree_method': 'gpu_hist', 'lambda': 0.06697900565557208, 'alpha': 0.05882629222834242, 'colsample_bytree': 0.4336656125757703, 'subsample': 0.8811730155249965, 'learning_rate': 0.03225423459440339, 'max_depth': 20, 'min_child_weight': 277, 'eval_metric': 'logloss'}. Best is trial 618 with value: 0.8034519077147598.
start listen on 192.168.1.101:53011
@tracker All of 4 nodes getting started
@tracker All nodes finishes job
Trial 717 finished with value: 0.798909222967519 and parameters: {'objective': 'binary:logistic', 'tree_method': 'gpu_hist', 'lambda': 0.011370792351219055, 'alpha': 0.07274930538805684, 'colsample_bytree': 0.3600060714804926, 'subsample': 0.8448304275741322, 'learning_rate': 0.02487535478851074, 'max_depth': 5, 'min_child_weight': 260, 'eval_metric': 'logloss'}. Best is trial 618 with value: 0.8034519077147598.
start listen on 192.168.1.101:54187
@tracker All of 4 nodes getting started
@tracker All nodes finishes job
Trial 718 finished with value: 0.8033603607868176 and parameters: {'objective': 'binary:logistic', 'tree_method': 'gpu_hist', 'lambda': 0.04131100020538917, 'alpha': 0.16653567121378884, 'colsample_bytree': 0.41979000716967524, 'subsample': 0.8675494829060967, 'learning_rate': 0.020049611083402717, 'max_depth': 20, 'min_child_weight': 285, 'eval_metric': 'logloss'}. Best is trial 618 with value: 0.8034519077147598.
start listen on 192.168.1.101:33631
@tracker All of 4 nodes getting started
@tracker All nodes finishes job
Trial 719 finished with value: 0.8021538671274754 and parameters: {'objective': 'binary:logistic', 'tree_method': 'gpu_hist', 'lambda': 0.03405205983344731, 'alpha': 0.21390854503902826, 'colsample_bytree': 0.4523265215295843, 'subsample': 0.890272044443392, 'learning_rate': 0.015955244036498246, 'max_depth': 15, 'min_child_weight': 288, 'eval_metric': 'logloss'}. Best is trial 618 with value: 0.8034519077147598.
start listen on 192.168.1.101:36039
@tracker All of 4 nodes getting started
@tracker All nodes finishes job
Trial 720 finished with value: 0.8031420853909179 and parameters: {'objective': 'binary:logistic', 'tree_method': 'gpu_hist', 'lambda': 0.02950552131277105, 'alpha': 0.17797853999880725, 'colsample_bytree': 0.4270308192039283, 'subsample': 0.8686260443392688, 'learning_rate': 0.017608238112783368, 'max_depth': 20, 'min_child_weight': 286, 'eval_metric': 'logloss'}. Best is trial 618 with value: 0.8034519077147598.
start listen on 192.168.1.101:48579
@tracker All of 4 nodes getting started
@tracker All nodes finishes job
Trial 721 finished with value: 0.8031823817541603 and parameters: {'objective': 'binary:logistic', 'tree_method': 'gpu_hist', 'lambda': 0.039074594894275984, 'alpha': 0.1739304602318872, 'colsample_bytree': 0.4466388923086298, 'subsample': 0.9112652229566665, 'learning_rate': 0.019296484964682774, 'max_depth': 20, 'min_child_weight': 283, 'eval_metric': 'logloss'}. Best is trial 618 with value: 0.8034519077147598.
start listen on 192.168.1.101:42401
@tracker All of 4 nodes getting started
@tracker All nodes finishes job
Trial 722 finished with value: 0.8031865148290619 and parameters: {'objective': 'binary:logistic', 'tree_method': 'gpu_hist', 'lambda': 0.020836939456004868, 'alpha': 0.2591272465534796, 'colsample_bytree': 0.3261689038898495, 'subsample': 0.9230776040106738, 'learning_rate': 0.019347170922547143, 'max_depth': 20, 'min_child_weight': 291, 'eval_metric': 'logloss'}. Best is trial 618 with value: 0.8034519077147598.
start listen on 192.168.1.101:59817
@tracker All of 4 nodes getting started
@tracker All nodes finishes job
Trial 723 finished with value: 0.8008583906813332 and parameters: {'objective': 'binary:logistic', 'tree_method': 'gpu_hist', 'lambda': 0.025668218237602153, 'alpha': 0.3420986360635185, 'colsample_bytree': 0.7898176804893966, 'subsample': 0.873354461848125, 'learning_rate': 0.018336917573385868, 'max_depth': 9, 'min_child_weight': 286, 'eval_metric': 'logloss'}. Best is trial 618 with value: 0.8034519077147598.
start listen on 192.168.1.101:37823
@tracker All of 4 nodes getting started
@tracker All nodes finishes job
Trial 724 finished with value: 0.8033774462155381 and parameters: {'objective': 'binary:logistic', 'tree_method': 'gpu_hist', 'lambda': 1.429394037966267, 'alpha': 0.23112521458195662, 'colsample_bytree': 0.31121773276562825, 'subsample': 0.8929144662675241, 'learning_rate': 0.02093887804576969, 'max_depth': 20, 'min_child_weight': 282, 'eval_metric': 'logloss'}. Best is trial 618 with value: 0.8034519077147598.
start listen on 192.168.1.101:47967
@tracker All of 4 nodes getting started
@tracker All nodes finishes job
Trial 725 finished with value: 0.8034700928628958 and parameters: {'objective': 'binary:logistic', 'tree_method': 'gpu_hist', 'lambda': 0.5885689536864864, 'alpha': 0.2637491336575551, 'colsample_bytree': 0.31546260412928945, 'subsample': 0.9030019842756306, 'learning_rate': 0.020627188086480525, 'max_depth': 20, 'min_child_weight': 291, 'eval_metric': 'logloss'}. Best is trial 725 with value: 0.8034700928628958.
start listen on 192.168.1.101:35391
@tracker All of 4 nodes getting started
@tracker All nodes finishes job
Trial 726 finished with value: 0.8029793422836417 and parameters: {'objective': 'binary:logistic', 'tree_method': 'gpu_hist', 'lambda': 1.8218324138257573, 'alpha': 0.2864416942570969, 'colsample_bytree': 0.3064441214474505, 'subsample': 0.8973946829010295, 'learning_rate': 0.0167092955007655, 'max_depth': 20, 'min_child_weight': 294, 'eval_metric': 'logloss'}. Best is trial 725 with value: 0.8034700928628958.
start listen on 192.168.1.101:37815
@tracker All of 4 nodes getting started
@tracker All nodes finishes job
Trial 727 finished with value: 0.8027006645454688 and parameters: {'objective': 'binary:logistic', 'tree_method': 'gpu_hist', 'lambda': 1.2481357878718682, 'alpha': 0.22693333084067724, 'colsample_bytree': 0.31583951079003647, 'subsample': 0.9079103685276865, 'learning_rate': 0.014977236896365358, 'max_depth': 20, 'min_child_weight': 293, 'eval_metric': 'logloss'}. Best is trial 725 with value: 0.8034700928628958.
start listen on 192.168.1.101:44921
@tracker All of 4 nodes getting started
@tracker All nodes finishes job
Trial 728 finished with value: 0.7934975901998624 and parameters: {'objective': 'binary:logistic', 'tree_method': 'gpu_hist', 'lambda': 0.9292234786328081, 'alpha': 0.3208785181648143, 'colsample_bytree': 0.30307026359259054, 'subsample': 0.9170157257035114, 'learning_rate': 0.01846643538996607, 'max_depth': 3, 'min_child_weight': 290, 'eval_metric': 'logloss'}. Best is trial 725 with value: 0.8034700928628958.
start listen on 192.168.1.101:45811
@tracker All of 4 nodes getting started
@tracker All nodes finishes job
Trial 729 finished with value: 0.8031864379435159 and parameters: {'objective': 'binary:logistic', 'tree_method': 'gpu_hist', 'lambda': 2.498457164457452, 'alpha': 0.2649095326387797, 'colsample_bytree': 0.3081096821392026, 'subsample': 0.9037393142999518, 'learning_rate': 0.01974336056190909, 'max_depth': 20, 'min_child_weight': 288, 'eval_metric': 'logloss'}. Best is trial 725 with value: 0.8034700928628958.
start listen on 192.168.1.101:50521
@tracker All of 4 nodes getting started
@tracker All nodes finishes job
Trial 730 finished with value: 0.8031355199864519 and parameters: {'objective': 'binary:logistic', 'tree_method': 'gpu_hist', 'lambda': 0.8521116553264629, 'alpha': 0.4007131016401432, 'colsample_bytree': 0.32970826109035545, 'subsample': 0.8942508897074462, 'learning_rate': 0.017799382108663997, 'max_depth': 20, 'min_child_weight': 297, 'eval_metric': 'logloss'}. Best is trial 725 with value: 0.8034700928628958.
start listen on 192.168.1.101:49799
@tracker All of 4 nodes getting started
@tracker All nodes finishes job
Trial 731 finished with value: 0.8029197605079466 and parameters: {'objective': 'binary:logistic', 'tree_method': 'gpu_hist', 'lambda': 1.6897121135285031, 'alpha': 0.28910095159476723, 'colsample_bytree': 0.3189135737861951, 'subsample': 0.8958621553603984, 'learning_rate': 0.016574178672208336, 'max_depth': 20, 'min_child_weight': 284, 'eval_metric': 'logloss'}. Best is trial 725 with value: 0.8034700928628958.
start listen on 192.168.1.101:60453
@tracker All of 4 nodes getting started
@tracker All nodes finishes job
Trial 732 finished with value: 0.8030827521991083 and parameters: {'objective': 'binary:logistic', 'tree_method': 'gpu_hist', 'lambda': 1.310938953665273, 'alpha': 0.2986207319107162, 'colsample_bytree': 0.30332999558440915, 'subsample': 0.88842336642781, 'learning_rate': 0.020073550915182526, 'max_depth': 20, 'min_child_weight': 300, 'eval_metric': 'logloss'}. Best is trial 725 with value: 0.8034700928628958.
start listen on 192.168.1.101:48215
@tracker All of 4 nodes getting started
@tracker All nodes finishes job
Trial 733 finished with value: 0.8033342692325901 and parameters: {'objective': 'binary:logistic', 'tree_method': 'gpu_hist', 'lambda': 0.6374411852262648, 'alpha': 0.35278360044302176, 'colsample_bytree': 0.3158148355354596, 'subsample': 0.9286320631624803, 'learning_rate': 0.021280824471019606, 'max_depth': 20, 'min_child_weight': 291, 'eval_metric': 'logloss'}. Best is trial 725 with value: 0.8034700928628958.
start listen on 192.168.1.101:56091
@tracker All of 4 nodes getting started
@tracker All nodes finishes job
Trial 734 finished with value: 0.8030627951415505 and parameters: {'objective': 'binary:logistic', 'tree_method': 'gpu_hist', 'lambda': 5.922242327864748, 'alpha': 0.24882660076365637, 'colsample_bytree': 0.3366333230124303, 'subsample': 0.9072702290598336, 'learning_rate': 0.01809615326905234, 'max_depth': 20, 'min_child_weight': 283, 'eval_metric': 'logloss'}. Best is trial 725 with value: 0.8034700928628958.
start listen on 192.168.1.101:52891
@tracker All of 4 nodes getting started
@tracker All nodes finishes job
Trial 735 finished with value: 0.802261658756219 and parameters: {'objective': 'binary:logistic', 'tree_method': 'gpu_hist', 'lambda': 0.6482689847988894, 'alpha': 0.22143939541828023, 'colsample_bytree': 0.319559341481798, 'subsample': 0.8850025415462947, 'learning_rate': 0.012959976831531604, 'max_depth': 20, 'min_child_weight': 292, 'eval_metric': 'logloss'}. Best is trial 725 with value: 0.8034700928628958.
start listen on 192.168.1.101:55369
@tracker All of 4 nodes getting started
@tracker All nodes finishes job
Trial 736 finished with value: 0.8022772102883216 and parameters: {'objective': 'binary:logistic', 'tree_method': 'gpu_hist', 'lambda': 0.7782047274841881, 'alpha': 0.22414653536462512, 'colsample_bytree': 0.3221734597310202, 'subsample': 0.9012824334187098, 'learning_rate': 0.020151529048828512, 'max_depth': 13, 'min_child_weight': 281, 'eval_metric': 'logloss'}. Best is trial 725 with value: 0.8034700928628958.
start listen on 192.168.1.101:32817
@tracker All of 4 nodes getting started
@tracker All nodes finishes job
Trial 737 finished with value: 0.8029714072157516 and parameters: {'objective': 'binary:logistic', 'tree_method': 'gpu_hist', 'lambda': 0.5304159989902568, 'alpha': 0.4987915925875505, 'colsample_bytree': 0.30114981492567294, 'subsample': 0.9143690826359567, 'learning_rate': 0.020938544748621, 'max_depth': 17, 'min_child_weight': 286, 'eval_metric': 'logloss'}. Best is trial 725 with value: 0.8034700928628958.
start listen on 192.168.1.101:54275
@tracker All of 4 nodes getting started
@tracker All nodes finishes job
Trial 738 finished with value: 0.8030735574833276 and parameters: {'objective': 'binary:logistic', 'tree_method': 'gpu_hist', 'lambda': 4.490094376139139, 'alpha': 0.2517584447882706, 'colsample_bytree': 0.33113542803841745, 'subsample': 0.9688032980767725, 'learning_rate': 0.018060216808018947, 'max_depth': 20, 'min_child_weight': 279, 'eval_metric': 'logloss'}. Best is trial 725 with value: 0.8034700928628958.
start listen on 192.168.1.101:55707
@tracker All of 4 nodes getting started
@tracker All nodes finishes job
Trial 739 finished with value: 0.8021195108946777 and parameters: {'objective': 'binary:logistic', 'tree_method': 'gpu_hist', 'lambda': 1.4264065337155247, 'alpha': 0.23045584908929348, 'colsample_bytree': 0.3256411196294145, 'subsample': 0.925471756628106, 'learning_rate': 0.021272365134760392, 'max_depth': 11, 'min_child_weight': 295, 'eval_metric': 'logloss'}. Best is trial 725 with value: 0.8034700928628958.
start listen on 192.168.1.101:52139
@tracker All of 4 nodes getting started
@tracker All nodes finishes job
