Trial 248 finished with value: 0.8032546467025271 and parameters: {'objective': 'binary:logistic', 'tree_method': 'gpu_hist', 'lambda': 0.014507734493242396, 'alpha': 0.41441800434720644, 'colsample_bytree': 0.4448921914219486, 'subsample': 0.8112081268718092, 'learning_rate': 0.0200488158033953, 'max_depth': 20, 'min_child_weight': 260, 'eval_metric': 'logloss'}. Best is trial 233 with value: 0.8034410558457306.
start listen on 192.168.1.101:32797
@tracker All of 4 nodes getting started
@tracker All nodes finishes job
Trial 249 finished with value: 0.8033191641924551 and parameters: {'objective': 'binary:logistic', 'tree_method': 'gpu_hist', 'lambda': 0.010041891865977363, 'alpha': 0.1031459132781839, 'colsample_bytree': 0.419403507667735, 'subsample': 0.7986214049216229, 'learning_rate': 0.0210014210002351, 'max_depth': 20, 'min_child_weight': 282, 'eval_metric': 'logloss'}. Best is trial 233 with value: 0.8034410558457306.
start listen on 192.168.1.101:54181
@tracker All of 4 nodes getting started
@tracker All nodes finishes job
Trial 250 finished with value: 0.8032867358197764 and parameters: {'objective': 'binary:logistic', 'tree_method': 'gpu_hist', 'lambda': 0.007418278768126001, 'alpha': 0.10878262197687426, 'colsample_bytree': 0.4233384244078932, 'subsample': 0.7914491073933279, 'learning_rate': 0.019655553580892486, 'max_depth': 20, 'min_child_weight': 283, 'eval_metric': 'logloss'}. Best is trial 233 with value: 0.8034410558457306.
start listen on 192.168.1.101:57965
@tracker All of 4 nodes getting started
@tracker All nodes finishes job
Trial 251 finished with value: 0.8026702818950185 and parameters: {'objective': 'binary:logistic', 'tree_method': 'gpu_hist', 'lambda': 0.01340672505503554, 'alpha': 0.10909424539298333, 'colsample_bytree': 0.41962574806118247, 'subsample': 0.7979833799313426, 'learning_rate': 0.017219944508711803, 'max_depth': 17, 'min_child_weight': 283, 'eval_metric': 'logloss'}. Best is trial 233 with value: 0.8034410558457306.
start listen on 192.168.1.101:57515
@tracker All of 4 nodes getting started
@tracker All nodes finishes job
Trial 252 finished with value: 0.8018074666275892 and parameters: {'objective': 'binary:logistic', 'tree_method': 'gpu_hist', 'lambda': 0.005734235209246035, 'alpha': 0.13636826433473395, 'colsample_bytree': 0.4254180987222856, 'subsample': 0.7946385131959702, 'learning_rate': 0.019880590767929824, 'max_depth': 11, 'min_child_weight': 281, 'eval_metric': 'logloss'}. Best is trial 233 with value: 0.8034410558457306.
start listen on 192.168.1.101:60783
@tracker All of 4 nodes getting started
@tracker All nodes finishes job
Trial 253 finished with value: 0.803129164477893 and parameters: {'objective': 'binary:logistic', 'tree_method': 'gpu_hist', 'lambda': 0.009222057623156178, 'alpha': 0.15371572205340617, 'colsample_bytree': 0.44627246895073813, 'subsample': 0.8294417180753546, 'learning_rate': 0.019196160845242033, 'max_depth': 20, 'min_child_weight': 285, 'eval_metric': 'logloss'}. Best is trial 233 with value: 0.8034410558457306.
start listen on 192.168.1.101:56873
@tracker All of 4 nodes getting started
@tracker All nodes finishes job
Trial 254 finished with value: 0.8034457656439646 and parameters: {'objective': 'binary:logistic', 'tree_method': 'gpu_hist', 'lambda': 0.009846008867314383, 'alpha': 0.08971257743181522, 'colsample_bytree': 0.40914927949547636, 'subsample': 0.8427512816049411, 'learning_rate': 0.024633923740759713, 'max_depth': 20, 'min_child_weight': 275, 'eval_metric': 'logloss'}. Best is trial 254 with value: 0.8034457656439646.
start listen on 192.168.1.101:34411
@tracker All of 4 nodes getting started
@tracker All nodes finishes job
Trial 255 finished with value: 0.8030473239278713 and parameters: {'objective': 'binary:logistic', 'tree_method': 'gpu_hist', 'lambda': 0.010676376551043077, 'alpha': 0.0861385120345961, 'colsample_bytree': 0.41162171920822616, 'subsample': 0.8043994721562971, 'learning_rate': 0.016230109051581683, 'max_depth': 20, 'min_child_weight': 275, 'eval_metric': 'logloss'}. Best is trial 254 with value: 0.8034457656439646.
start listen on 192.168.1.101:39445
@tracker All of 4 nodes getting started
@tracker All nodes finishes job
Trial 256 finished with value: 0.803245702586766 and parameters: {'objective': 'binary:logistic', 'tree_method': 'gpu_hist', 'lambda': 0.007461600080431653, 'alpha': 0.07786300258005086, 'colsample_bytree': 0.4246034908599808, 'subsample': 0.8436078165406089, 'learning_rate': 0.02087078108574879, 'max_depth': 20, 'min_child_weight': 280, 'eval_metric': 'logloss'}. Best is trial 254 with value: 0.8034457656439646.
start listen on 192.168.1.101:49003
@tracker All of 4 nodes getting started
@tracker All nodes finishes job
Trial 257 finished with value: 0.8033024136054654 and parameters: {'objective': 'binary:logistic', 'tree_method': 'gpu_hist', 'lambda': 0.0044648141402346495, 'alpha': 0.09805412921969103, 'colsample_bytree': 0.439412582551668, 'subsample': 0.8262017338655678, 'learning_rate': 0.028519307664413702, 'max_depth': 20, 'min_child_weight': 300, 'eval_metric': 'logloss'}. Best is trial 254 with value: 0.8034457656439646.
start listen on 192.168.1.101:55123
@tracker All of 4 nodes getting started
@tracker All nodes finishes job
Trial 258 finished with value: 0.803333931175943 and parameters: {'objective': 'binary:logistic', 'tree_method': 'gpu_hist', 'lambda': 0.002787477014370425, 'alpha': 0.10432027129297243, 'colsample_bytree': 0.40521126117593576, 'subsample': 0.8283530248590775, 'learning_rate': 0.018607835058081064, 'max_depth': 20, 'min_child_weight': 271, 'eval_metric': 'logloss'}. Best is trial 254 with value: 0.8034457656439646.
start listen on 192.168.1.101:39097
@tracker All of 4 nodes getting started
@tracker All nodes finishes job
Trial 259 finished with value: 0.8031237489237445 and parameters: {'objective': 'binary:logistic', 'tree_method': 'gpu_hist', 'lambda': 0.0030456475929969574, 'alpha': 0.10823609431413045, 'colsample_bytree': 0.4520048120020867, 'subsample': 0.8231550108586388, 'learning_rate': 0.028639930072816285, 'max_depth': 20, 'min_child_weight': 273, 'eval_metric': 'logloss'}. Best is trial 254 with value: 0.8034457656439646.
start listen on 192.168.1.101:37637
@tracker All of 4 nodes getting started
@tracker All nodes finishes job
Trial 260 finished with value: 0.7992570714331186 and parameters: {'objective': 'binary:logistic', 'tree_method': 'gpu_hist', 'lambda': 0.0043243784440972375, 'alpha': 0.09542854202496938, 'colsample_bytree': 0.4033002227054578, 'subsample': 0.8373432420539331, 'learning_rate': 0.018476833526932482, 'max_depth': 7, 'min_child_weight': 287, 'eval_metric': 'logloss'}. Best is trial 254 with value: 0.8034457656439646.
start listen on 192.168.1.101:43695
@tracker All of 4 nodes getting started
@tracker All nodes finishes job
Trial 261 finished with value: 0.802902928894162 and parameters: {'objective': 'binary:logistic', 'tree_method': 'gpu_hist', 'lambda': 0.004882281355368686, 'alpha': 0.10073897239227585, 'colsample_bytree': 0.4141841719326674, 'subsample': 0.8310189186155894, 'learning_rate': 0.03160931282790525, 'max_depth': 20, 'min_child_weight': 281, 'eval_metric': 'logloss'}. Best is trial 254 with value: 0.8034457656439646.
start listen on 192.168.1.101:41909
@tracker All of 4 nodes getting started
@tracker All nodes finishes job
Trial 262 finished with value: 0.8028246583182373 and parameters: {'objective': 'binary:logistic', 'tree_method': 'gpu_hist', 'lambda': 0.0070525034351760305, 'alpha': 0.08856743678407374, 'colsample_bytree': 0.43654246417452386, 'subsample': 0.7846775431387814, 'learning_rate': 0.015394029252204223, 'max_depth': 20, 'min_child_weight': 271, 'eval_metric': 'logloss'}. Best is trial 254 with value: 0.8034457656439646.
start listen on 192.168.1.101:35679
@tracker All of 4 nodes getting started
@tracker All nodes finishes job
Trial 263 finished with value: 0.8032150208945876 and parameters: {'objective': 'binary:logistic', 'tree_method': 'gpu_hist', 'lambda': 0.0035472377261130815, 'alpha': 0.5653091732788207, 'colsample_bytree': 0.4286249955797919, 'subsample': 0.8436925263787101, 'learning_rate': 0.027057902941106042, 'max_depth': 20, 'min_child_weight': 277, 'eval_metric': 'logloss'}. Best is trial 254 with value: 0.8034457656439646.
start listen on 192.168.1.101:48953
@tracker All of 4 nodes getting started
@tracker All nodes finishes job
Trial 264 finished with value: 0.8031495100499404 and parameters: {'objective': 'binary:logistic', 'tree_method': 'gpu_hist', 'lambda': 0.0017745993011275653, 'alpha': 0.1212221977820427, 'colsample_bytree': 0.4056348309453594, 'subsample': 0.8254048502567147, 'learning_rate': 0.017882874015001802, 'max_depth': 20, 'min_child_weight': 288, 'eval_metric': 'logloss'}. Best is trial 254 with value: 0.8034457656439646.
start listen on 192.168.1.101:36819
@tracker All of 4 nodes getting started
@tracker All nodes finishes job
Trial 265 finished with value: 0.7973779109789116 and parameters: {'objective': 'binary:logistic', 'tree_method': 'gpu_hist', 'lambda': 0.00958921684333068, 'alpha': 0.07693760277946955, 'colsample_bytree': 0.4486409225881729, 'subsample': 0.8056318552906541, 'learning_rate': 0.02002400022528401, 'max_depth': 5, 'min_child_weight': 294, 'eval_metric': 'logloss'}. Best is trial 254 with value: 0.8034457656439646.
start listen on 192.168.1.101:48265
@tracker All of 4 nodes getting started
@tracker All nodes finishes job
Trial 266 finished with value: 0.8026868735343552 and parameters: {'objective': 'binary:logistic', 'tree_method': 'gpu_hist', 'lambda': 0.008185877965270778, 'alpha': 0.12501709294132252, 'colsample_bytree': 0.4191677318022603, 'subsample': 0.8453828716710916, 'learning_rate': 0.02955791543511463, 'max_depth': 15, 'min_child_weight': 270, 'eval_metric': 'logloss'}. Best is trial 254 with value: 0.8034457656439646.
start listen on 192.168.1.101:52671
@tracker All of 4 nodes getting started
@tracker All nodes finishes job
Trial 267 finished with value: 0.8032526809172913 and parameters: {'objective': 'binary:logistic', 'tree_method': 'gpu_hist', 'lambda': 0.0026295194571542683, 'alpha': 0.1046897134467827, 'colsample_bytree': 0.39734986110025683, 'subsample': 0.7910559737308596, 'learning_rate': 0.024855894583430828, 'max_depth': 20, 'min_child_weight': 281, 'eval_metric': 'logloss'}. Best is trial 254 with value: 0.8034457656439646.
start listen on 192.168.1.101:34041
@tracker All of 4 nodes getting started
@tracker All nodes finishes job
Trial 268 finished with value: 0.8033823778430128 and parameters: {'objective': 'binary:logistic', 'tree_method': 'gpu_hist', 'lambda': 0.011901631711756688, 'alpha': 0.07586441132840002, 'colsample_bytree': 0.43799282802541467, 'subsample': 0.8150929844600994, 'learning_rate': 0.023575189324331624, 'max_depth': 20, 'min_child_weight': 286, 'eval_metric': 'logloss'}. Best is trial 254 with value: 0.8034457656439646.
start listen on 192.168.1.101:36775
@tracker All of 4 nodes getting started
@tracker All nodes finishes job
Trial 269 finished with value: 0.8033052020823938 and parameters: {'objective': 'binary:logistic', 'tree_method': 'gpu_hist', 'lambda': 0.0018745499766340348, 'alpha': 0.07558585659708532, 'colsample_bytree': 0.4556290500428657, 'subsample': 0.8307382482191403, 'learning_rate': 0.026277392768432446, 'max_depth': 20, 'min_child_weight': 297, 'eval_metric': 'logloss'}. Best is trial 254 with value: 0.8034457656439646.
start listen on 192.168.1.101:39041
@tracker All of 4 nodes getting started
@tracker All nodes finishes job
Trial 270 finished with value: 0.8031585836342047 and parameters: {'objective': 'binary:logistic', 'tree_method': 'gpu_hist', 'lambda': 0.001055423081749976, 'alpha': 0.0716709076733981, 'colsample_bytree': 0.4507197259554565, 'subsample': 0.8240302439795075, 'learning_rate': 0.02618866575075986, 'max_depth': 20, 'min_child_weight': 296, 'eval_metric': 'logloss'}. Best is trial 254 with value: 0.8034457656439646.
start listen on 192.168.1.101:39789
@tracker All of 4 nodes getting started
@tracker All nodes finishes job
Trial 271 finished with value: 0.802065716459157 and parameters: {'objective': 'binary:logistic', 'tree_method': 'gpu_hist', 'lambda': 0.003324907836666732, 'alpha': 0.08269398077468763, 'colsample_bytree': 0.989059231735129, 'subsample': 0.81041403945516, 'learning_rate': 0.03252584552775698, 'max_depth': 9, 'min_child_weight': 299, 'eval_metric': 'logloss'}. Best is trial 254 with value: 0.8034457656439646.
start listen on 192.168.1.101:36517
@tracker All of 4 nodes getting started
@tracker All nodes finishes job
Trial 272 finished with value: 0.803169314044777 and parameters: {'objective': 'binary:logistic', 'tree_method': 'gpu_hist', 'lambda': 0.0021151728525383735, 'alpha': 0.062497536669459654, 'colsample_bytree': 0.4636677605446321, 'subsample': 0.8580695837917964, 'learning_rate': 0.02951323353157454, 'max_depth': 20, 'min_child_weight': 289, 'eval_metric': 'logloss'}. Best is trial 254 with value: 0.8034457656439646.
start listen on 192.168.1.101:50723
@tracker All of 4 nodes getting started
@tracker All nodes finishes job
Trial 273 finished with value: 0.8032817487213688 and parameters: {'objective': 'binary:logistic', 'tree_method': 'gpu_hist', 'lambda': 0.0019333383558179911, 'alpha': 0.08569064631753785, 'colsample_bytree': 0.43982319536307246, 'subsample': 0.8358468463458608, 'learning_rate': 0.024054432083890416, 'max_depth': 20, 'min_child_weight': 300, 'eval_metric': 'logloss'}. Best is trial 254 with value: 0.8034457656439646.
start listen on 192.168.1.101:60249
@tracker All of 4 nodes getting started
@tracker All nodes finishes job
Trial 274 finished with value: 0.8032587718218726 and parameters: {'objective': 'binary:logistic', 'tree_method': 'gpu_hist', 'lambda': 0.0016018861475854166, 'alpha': 0.0729938563835103, 'colsample_bytree': 0.39289872960660976, 'subsample': 0.8464127842314118, 'learning_rate': 0.026207744957130054, 'max_depth': 20, 'min_child_weight': 292, 'eval_metric': 'logloss'}. Best is trial 254 with value: 0.8034457656439646.
start listen on 192.168.1.101:43613
@tracker All of 4 nodes getting started
@tracker All nodes finishes job
Trial 275 finished with value: 0.8029349922375889 and parameters: {'objective': 'binary:logistic', 'tree_method': 'gpu_hist', 'lambda': 0.011827039119342228, 'alpha': 0.3394139617443786, 'colsample_bytree': 0.453768022859098, 'subsample': 0.8181901326310798, 'learning_rate': 0.027975228015612225, 'max_depth': 20, 'min_child_weight': 276, 'eval_metric': 'logloss'}. Best is trial 254 with value: 0.8034457656439646.
start listen on 192.168.1.101:59197
@tracker All of 4 nodes getting started
@tracker All nodes finishes job
Trial 276 finished with value: 0.7933056557594274 and parameters: {'objective': 'binary:logistic', 'tree_method': 'gpu_hist', 'lambda': 0.0012850135271253178, 'alpha': 0.056646433793273394, 'colsample_bytree': 0.4111530333142321, 'subsample': 0.8030853426664383, 'learning_rate': 0.0028350998998157326, 'max_depth': 13, 'min_child_weight': 287, 'eval_metric': 'logloss'}. Best is trial 254 with value: 0.8034457656439646.
start listen on 192.168.1.101:51811
@tracker All of 4 nodes getting started
@tracker All nodes finishes job
Trial 277 finished with value: 0.7945198565000361 and parameters: {'objective': 'binary:logistic', 'tree_method': 'gpu_hist', 'lambda': 0.0025990403763456976, 'alpha': 0.09334721689322843, 'colsample_bytree': 0.47769020580282967, 'subsample': 0.829413990399231, 'learning_rate': 0.023522325700971104, 'max_depth': 3, 'min_child_weight': 268, 'eval_metric': 'logloss'}. Best is trial 254 with value: 0.8034457656439646.
start listen on 192.168.1.101:50003
@tracker All of 4 nodes getting started
@tracker All nodes finishes job
Trial 278 finished with value: 0.8033093050787541 and parameters: {'objective': 'binary:logistic', 'tree_method': 'gpu_hist', 'lambda': 0.028195576374628932, 'alpha': 0.061169977143373286, 'colsample_bytree': 0.43659800290333545, 'subsample': 0.856153094968004, 'learning_rate': 0.023037011651970297, 'max_depth': 20, 'min_child_weight': 292, 'eval_metric': 'logloss'}. Best is trial 254 with value: 0.8034457656439646.
start listen on 192.168.1.101:51037
@tracker All of 4 nodes getting started
@tracker All nodes finishes job
Trial 279 finished with value: 0.8032382272519405 and parameters: {'objective': 'binary:logistic', 'tree_method': 'gpu_hist', 'lambda': 0.0278589882522509, 'alpha': 0.05967990406528659, 'colsample_bytree': 0.3943458239236942, 'subsample': 0.8628425508842341, 'learning_rate': 0.025532196765714634, 'max_depth': 20, 'min_child_weight': 292, 'eval_metric': 'logloss'}. Best is trial 254 with value: 0.8034457656439646.
start listen on 192.168.1.101:48277
@tracker All of 4 nodes getting started
@tracker All nodes finishes job
Trial 280 finished with value: 0.8032894179864984 and parameters: {'objective': 'binary:logistic', 'tree_method': 'gpu_hist', 'lambda': 0.03144802771016255, 'alpha': 0.0637092875567532, 'colsample_bytree': 0.4112927861591037, 'subsample': 0.8503991353300722, 'learning_rate': 0.023053625290178806, 'max_depth': 20, 'min_child_weight': 294, 'eval_metric': 'logloss'}. Best is trial 254 with value: 0.8034457656439646.
start listen on 192.168.1.101:33663
@tracker All of 4 nodes getting started
@tracker All nodes finishes job
Trial 281 finished with value: 0.8028018973630502 and parameters: {'objective': 'binary:logistic', 'tree_method': 'gpu_hist', 'lambda': 0.00640178719794531, 'alpha': 0.08041762978780652, 'colsample_bytree': 0.9206340374602813, 'subsample': 0.8389113721275898, 'learning_rate': 0.028325387903842054, 'max_depth': 20, 'min_child_weight': 288, 'eval_metric': 'logloss'}. Best is trial 254 with value: 0.8034457656439646.
start listen on 192.168.1.101:33417
@tracker All of 4 nodes getting started
@tracker All nodes finishes job
Trial 282 finished with value: 0.7948211686128688 and parameters: {'objective': 'binary:logistic', 'tree_method': 'gpu_hist', 'lambda': 0.010896642617951537, 'alpha': 0.05239334238575975, 'colsample_bytree': 0.43408654953521136, 'subsample': 0.8554590765810104, 'learning_rate': 0.09587050552192354, 'max_depth': 17, 'min_child_weight': 268, 'eval_metric': 'logloss'}. Best is trial 254 with value: 0.8034457656439646.
start listen on 192.168.1.101:40349
@tracker All of 4 nodes getting started
@tracker All nodes finishes job
Trial 283 finished with value: 0.8032570497164118 and parameters: {'objective': 'binary:logistic', 'tree_method': 'gpu_hist', 'lambda': 0.027151641767449327, 'alpha': 0.06661434387217376, 'colsample_bytree': 0.4594031104359733, 'subsample': 0.8963565746739265, 'learning_rate': 0.023384392327112206, 'max_depth': 20, 'min_child_weight': 300, 'eval_metric': 'logloss'}. Best is trial 254 with value: 0.8034457656439646.
start listen on 192.168.1.101:49805
@tracker All of 4 nodes getting started
@tracker All nodes finishes job
Trial 284 finished with value: 0.8032535284019839 and parameters: {'objective': 'binary:logistic', 'tree_method': 'gpu_hist', 'lambda': 0.04704676974662461, 'alpha': 0.07736384362560705, 'colsample_bytree': 0.38988946718438083, 'subsample': 0.8199077861608257, 'learning_rate': 0.02571604173615125, 'max_depth': 20, 'min_child_weight': 275, 'eval_metric': 'logloss'}. Best is trial 254 with value: 0.8034457656439646.
start listen on 192.168.1.101:41427
@tracker All of 4 nodes getting started
@tracker All nodes finishes job
Trial 285 finished with value: 0.802007020202252 and parameters: {'objective': 'binary:logistic', 'tree_method': 'gpu_hist', 'lambda': 0.03469632739141966, 'alpha': 0.2965181529591383, 'colsample_bytree': 0.4070712444950763, 'subsample': 0.8425811066579266, 'learning_rate': 0.02186018125030298, 'max_depth': 11, 'min_child_weight': 295, 'eval_metric': 'logloss'}. Best is trial 254 with value: 0.8034457656439646.
start listen on 192.168.1.101:56721
@tracker All of 4 nodes getting started
@tracker All nodes finishes job
Trial 286 finished with value: 0.8030606773289055 and parameters: {'objective': 'binary:logistic', 'tree_method': 'gpu_hist', 'lambda': 0.036689400801293154, 'alpha': 0.0919745837615427, 'colsample_bytree': 0.4277010382496964, 'subsample': 0.8612998875247084, 'learning_rate': 0.03067745871391239, 'max_depth': 20, 'min_child_weight': 284, 'eval_metric': 'logloss'}. Best is trial 254 with value: 0.8034457656439646.
start listen on 192.168.1.101:38213
@tracker All of 4 nodes getting started
@tracker All nodes finishes job
Trial 287 finished with value: 0.8031657583470891 and parameters: {'objective': 'binary:logistic', 'tree_method': 'gpu_hist', 'lambda': 0.01246973263241573, 'alpha': 0.3531512611797538, 'colsample_bytree': 0.4727029936559898, 'subsample': 0.8318916487650557, 'learning_rate': 0.024228213746710463, 'max_depth': 20, 'min_child_weight': 267, 'eval_metric': 'logloss'}. Best is trial 254 with value: 0.8034457656439646.
start listen on 192.168.1.101:53995
@tracker All of 4 nodes getting started
@tracker All nodes finishes job
Trial 288 finished with value: 0.8034379780263142 and parameters: {'objective': 'binary:logistic', 'tree_method': 'gpu_hist', 'lambda': 0.042514224215594, 'alpha': 0.05385152173636917, 'colsample_bytree': 0.4395892244047154, 'subsample': 0.8126879582601907, 'learning_rate': 0.026254557624789676, 'max_depth': 20, 'min_child_weight': 277, 'eval_metric': 'logloss'}. Best is trial 254 with value: 0.8034457656439646.
start listen on 192.168.1.101:35561
@tracker All of 4 nodes getting started
@tracker All nodes finishes job
