number,value,params_alpha,params_colsample_bytree,params_eval_metric,params_lambda,params_learning_rate,params_max_depth,params_min_child_weight,params_objective,params_subsample,params_tree_method,state
891,0.8030904402088361,0.1104528664393556,0.33836075885368727,logloss,0.01848442845882022,0.023744579747241187,20,124,binary:logistic,0.8211052922710905,gpu_hist,COMPLETE
892,0.7942531119326506,0.07878113705433108,0.4058731401129628,logloss,0.021549032249606668,0.0224511396590804,3,277,binary:logistic,0.8233890285034235,gpu_hist,COMPLETE
893,0.803216868817714,0.07071580357012533,0.4226996007207732,logloss,0.028276386821997634,0.02450280273676591,20,272,binary:logistic,0.8486430087425745,gpu_hist,COMPLETE
894,0.8033266314082541,0.04867284189203122,0.3162216654039109,logloss,0.03566104879040839,0.020377186727316525,20,278,binary:logistic,0.8290179688366206,gpu_hist,COMPLETE
895,0.8031663899964532,0.09098802997271604,0.6435574542604137,logloss,0.027469753883837215,0.02512010842886497,20,265,binary:logistic,0.851714314052842,gpu_hist,COMPLETE
896,0.8023935978410185,0.1862602599308267,0.47779493081699714,logloss,0.036440514354907486,0.02215617864826991,13,277,binary:logistic,0.839102887945452,gpu_hist,COMPLETE
897,0.8032833887647226,0.06434797043330012,0.32952701362198855,logloss,0.022457791970007007,0.02607234649154776,20,271,binary:logistic,0.8347873073311518,gpu_hist,COMPLETE
898,0.8032370391495655,0.11448366580220666,0.418455087431135,logloss,2.4272502477342974,0.020818911721573886,20,278,binary:logistic,0.819768311703294,gpu_hist,COMPLETE
899,0.8028349483942246,0.08305352142197324,0.9718345678426499,logloss,0.031634034684586095,0.02306871934433658,17,264,binary:logistic,0.8531512024829806,gpu_hist,COMPLETE
900,0.802205303122022,0.09883650973283886,0.4368554148052901,logloss,0.014981033717666048,0.025818131771738626,20,63,binary:logistic,0.8406361577436695,gpu_hist,COMPLETE
901,0.803305269650131,0.05549020393951016,0.3933172883743631,logloss,0.03944459206051986,0.019098623367024507,20,280,binary:logistic,0.8571352138256911,gpu_hist,COMPLETE
902,0.8032770235024337,0.0750766617259685,0.4660850396907021,logloss,0.02607398391505154,0.0215615529861715,20,272,binary:logistic,0.8283177648383624,gpu_hist,COMPLETE
903,0.8022478071521023,0.20861563093121452,0.3425246086817868,logloss,0.020045541478695333,0.025155618965098745,11,280,binary:logistic,0.8619418014184301,gpu_hist,COMPLETE
904,0.8032788356255572,0.06024911145625096,0.3136625733766049,logloss,0.03592671096240357,0.023738960091890728,20,270,binary:logistic,0.8170735719767351,gpu_hist,COMPLETE
905,0.8033648355147137,0.10020229602993537,0.4472324417267608,logloss,0.03077072649463717,0.02081261468582031,20,262,binary:logistic,0.8462518739011717,gpu_hist,COMPLETE
906,0.8031795375338489,0.03923609574952674,0.48554860788255577,logloss,0.013201857127564488,0.028694366111808083,20,281,binary:logistic,0.8338856857943409,gpu_hist,COMPLETE
907,0.8031384003337071,0.16354561286502567,0.6935847367583512,logloss,0.04207656390875737,0.022812479386417374,20,274,binary:logistic,0.8613090578268099,gpu_hist,COMPLETE
908,0.8009535816354328,5.178488013296972,0.3001622141105347,logloss,0.016799997701788808,0.026227717984188145,7,283,binary:logistic,0.7698363211489628,gpu_hist,COMPLETE
909,0.8031258378021405,0.11478957368055517,0.3992289659229829,logloss,0.023949517472068787,0.01921491835643734,20,267,binary:logistic,0.8481623983343807,gpu_hist,COMPLETE
910,0.8033802218872904,0.0010863724497108974,0.3499033427299482,logloss,0.011163699807438043,0.023093355762395552,20,275,binary:logistic,0.7425058732544133,gpu_hist,COMPLETE
911,0.8031292096501947,0.007493248878124802,0.3512606724326816,logloss,0.015504803491524877,0.020812345313738934,20,281,binary:logistic,0.7210936230139146,gpu_hist,COMPLETE
912,0.8031864903085122,0.2598926935439218,0.3525800520082145,logloss,0.00887739133449889,0.021978863220323518,20,278,binary:logistic,0.7520616936869994,gpu_hist,COMPLETE
913,0.8030104734102534,1.904679333468947,0.33608469394182783,logloss,0.009014388362360938,0.018583806849522044,20,284,binary:logistic,0.7726316750323534,gpu_hist,COMPLETE
914,0.7986068901459313,0.0035240164586668233,0.3637301551841914,logloss,0.0108113961410373,0.023335279788871784,5,275,binary:logistic,0.739772669445013,gpu_hist,COMPLETE
915,0.803167477619064,0.22674122509669212,0.33308892935548623,logloss,0.007479726343427139,0.021507704117804345,20,284,binary:logistic,0.7852539728722324,gpu_hist,COMPLETE
916,0.8031438335426515,0.0017419433222151082,0.34611447523862493,logloss,0.012813442273049811,0.019953778740396336,20,270,binary:logistic,0.7429235568490582,gpu_hist,COMPLETE
917,0.802526597684804,0.3093043848784841,0.3263734348347402,logloss,0.011012387613338705,0.023826223625522447,15,277,binary:logistic,0.5084513809987242,gpu_hist,COMPLETE
918,0.8018805293111775,0.0026162679061848635,0.352733896358785,logloss,0.010298972343141099,0.026891151183519518,9,285,binary:logistic,0.7290173415116181,gpu_hist,COMPLETE
919,0.8032418458312162,0.18664294601461356,0.3604661763573174,logloss,0.011494408551357839,0.018563392250419593,20,264,binary:logistic,0.7478455122284877,gpu_hist,COMPLETE
920,0.8006862777815505,1.2475804708263054,0.3234503542556167,logloss,0.009217605064393498,0.008395763528025403,20,39,binary:logistic,0.7577111970327611,gpu_hist,COMPLETE
921,0.8032864520897697,0.0012376460003092533,0.3435763866205719,logloss,0.012631062200766307,0.02273055823206732,20,274,binary:logistic,0.7596081549409632,gpu_hist,COMPLETE
922,0.8031128465968727,0.2736162167871392,0.3153482595360953,logloss,0.013381619290592407,0.020331954230706595,20,258,binary:logistic,0.7363441106579264,gpu_hist,COMPLETE
923,0.7951462539981669,0.0050165898640072955,0.3693742608470994,logloss,0.0068265413979325,0.0250681036276575,3,281,binary:logistic,0.7531022022206114,gpu_hist,COMPLETE
924,0.8029820686963337,0.01044707272593673,0.3324222243661775,logloss,1.3873345594608173,0.028230392184481284,20,269,binary:logistic,0.7350876621421154,gpu_hist,COMPLETE
925,0.8031224127717385,0.002230728265458147,0.38493890177993023,logloss,2.0752132104666674,0.02273856954941213,20,287,binary:logistic,0.7357768657763426,gpu_hist,COMPLETE
926,0.8020809277005178,0.23428981040827404,0.6072474691999111,logloss,0.005593034264330281,0.01716628677447096,13,277,binary:logistic,0.7576706431803086,gpu_hist,COMPLETE
927,0.8031312810372654,0.08045721581478098,0.30070940518770845,logloss,0.01153318530455336,0.020715955315677187,20,285,binary:logistic,0.7821314249603206,gpu_hist,COMPLETE
928,0.8031679558242761,0.012474265078639916,0.34198694727211504,logloss,0.014720119528668425,0.025845034250815843,20,271,binary:logistic,0.7732881611338923,gpu_hist,COMPLETE
929,0.8033339019692434,0.29887411006114883,0.35838048791735283,logloss,0.5384694648600228,0.023632465043904545,20,280,binary:logistic,0.7507700912827407,gpu_hist,COMPLETE
930,0.803200326219477,2.7198902303623926,0.32212257567886116,logloss,0.007549992535688584,0.01960105690947929,20,263,binary:logistic,0.7636203649166323,gpu_hist,COMPLETE
931,0.8027837564608842,4.563938336543836,0.4079871527172938,logloss,0.05418779955281067,0.031174450076060727,17,289,binary:logistic,0.8741232606488105,gpu_hist,COMPLETE
932,0.8032565013824272,0.20094518826525984,0.38061762544470557,logloss,0.6989288525895873,0.0219454938261351,20,274,binary:logistic,0.8641859478419867,gpu_hist,COMPLETE
933,0.7933194514566905,0.005507061675563221,0.395199902311178,logloss,0.010373208676827131,0.0022421892025289826,20,282,binary:logistic,0.8018769025247764,gpu_hist,COMPLETE
934,0.80301791970185,0.003138686339117003,0.6244344266356562,logloss,0.008499785537351373,0.02698807825246728,20,238,binary:logistic,0.7928691444710531,gpu_hist,COMPLETE
935,0.7944528143198059,0.07209629875370456,0.3297181777683462,logloss,0.013104869274373293,0.006496695709434968,11,195,binary:logistic,0.7132523357245288,gpu_hist,COMPLETE
936,0.8027754706401511,0.0848973081223321,0.313734557290847,logloss,1.1253929662969682,0.02420101544404456,20,115,binary:logistic,0.8687360024171689,gpu_hist,COMPLETE
937,0.7984351398778357,0.06502331140259564,0.34825650898797106,logloss,4.868108148561393,0.0736917179233638,20,268,binary:logistic,0.8191933401435142,gpu_hist,COMPLETE
938,0.8031323790674874,0.23005113232859767,0.3652240113819865,logloss,0.04574587241925272,0.018225968480143698,20,288,binary:logistic,0.8105779478620291,gpu_hist,COMPLETE
939,0.7931246829855945,0.001402744275304144,0.3367760445659608,logloss,8.481604887077934,0.0013377390936008479,20,277,binary:logistic,0.770155842981716,gpu_hist,COMPLETE
940,0.8029029407185161,7.331365722150406,0.415611563185604,logloss,3.0566770329706876,0.029097583702332532,20,283,binary:logistic,0.7274438565146955,gpu_hist,COMPLETE
941,0.8032367224530416,0.0011753719132278997,0.3905648640503516,logloss,0.017109526915575567,0.021449403524285548,20,258,binary:logistic,0.7418865453636845,gpu_hist,COMPLETE
942,0.8009618656579922,0.004155283704865499,0.3174627598446364,logloss,0.043642548684564866,0.02491275750111948,7,275,binary:logistic,0.8548636636556189,gpu_hist,COMPLETE
943,0.8030130458338925,0.1472851454782959,0.35358069280255944,logloss,0.05594489690764281,0.027022671537744205,20,268,binary:logistic,0.8721966572407339,gpu_hist,COMPLETE
944,0.8032233637664666,0.09282726900003017,0.4047605354619399,logloss,0.9163547072227501,0.022378458794314094,20,289,binary:logistic,0.8367480559949335,gpu_hist,COMPLETE
945,0.802640873255298,0.3317615167466116,0.3766918740010024,logloss,0.009134178840990303,0.01988686170481769,15,279,binary:logistic,0.8231188806977237,gpu_hist,COMPLETE
946,0.8031305673257946,0.16715138425258702,0.3356239514544399,logloss,0.011622231121238492,0.024245121374196175,20,285,binary:logistic,0.8515100829997545,gpu_hist,COMPLETE
947,0.7981287498860709,0.8980244105732115,0.4214422717818918,logloss,1.7089927511042085,0.022386367449418864,5,273,binary:logistic,0.8627150586292248,gpu_hist,COMPLETE
948,0.8031506899787988,0.06963678844100399,0.30057983872161714,logloss,0.03855134486694603,0.02644019770716481,20,252,binary:logistic,0.7942149059496663,gpu_hist,COMPLETE
949,0.8025900344178751,0.001651953729689783,0.36585120130093,logloss,6.876442084958174,0.014952789950029176,20,264,binary:logistic,0.7458339817767082,gpu_hist,COMPLETE
950,0.801962063354326,0.08243647021724716,0.3263312186881878,logloss,0.014785945942096737,0.029078984136898117,9,290,binary:logistic,0.8460006542157251,gpu_hist,COMPLETE
951,0.8031898552363221,0.008586179734810672,0.49422758025880564,logloss,0.04735817406188149,0.020452062596723903,20,280,binary:logistic,0.8129826664379698,gpu_hist,COMPLETE
952,0.8030059017989404,0.05102008603154823,0.4352309614544067,logloss,2.6136977139134467,0.032331261885869586,20,285,binary:logistic,0.8738653232363713,gpu_hist,COMPLETE
953,0.8032008993464621,0.653393360612169,0.3448601688908568,logloss,0.018088861937989382,0.02398714599848073,20,272,binary:logistic,0.7770740773492044,gpu_hist,COMPLETE
954,0.7935070910410852,4.139932353707936,0.31428870810551557,logloss,0.006112451996346119,0.01772535880794224,3,290,binary:logistic,0.8285215259875589,gpu_hist,COMPLETE
955,0.802936751450815,0.001098630327331351,0.40382216780132335,logloss,9.988233004022705,0.021443822826781474,20,276,binary:logistic,0.5321957912905775,gpu_hist,COMPLETE
956,0.8033347323440413,0.24547333730512622,0.38061149925379123,logloss,0.060213017548049724,0.025563649630060345,20,281,binary:logistic,0.8578385725435893,gpu_hist,COMPLETE
957,0.8032599611230301,0.2969184211250158,0.42656919958788037,logloss,0.03733864310375203,0.01934834003882537,20,267,binary:logistic,0.8785457480842865,gpu_hist,COMPLETE
958,0.8029853864901978,0.05934654808772679,0.46969229137148644,logloss,0.4065579282591651,0.02349900815550646,20,148,binary:logistic,0.8396899093848127,gpu_hist,COMPLETE
959,0.8024493695591886,0.10170001858601872,0.35100608088471535,logloss,0.01028595505766665,0.0281516161547171,13,291,binary:logistic,0.7639119195530671,gpu_hist,COMPLETE
960,0.8033354116177621,0.12221875436065623,0.3272567911815627,logloss,0.044060079862432544,0.022116792216563312,20,261,binary:logistic,0.8272859264007246,gpu_hist,COMPLETE
961,0.8032373442396955,0.17803956641029597,0.3136678436836578,logloss,0.004752765160054258,0.02563594119583278,20,285,binary:logistic,0.8629973880575309,gpu_hist,COMPLETE
962,0.8032192598437744,0.3638725093208565,0.3940028772234657,logloss,0.052959707062520206,0.01933786140574826,20,275,binary:logistic,0.8031314968562809,gpu_hist,COMPLETE
963,0.8027405380654518,0.07599758068755827,0.41597438616288357,logloss,0.008104905819755473,0.024320843384478753,17,271,binary:logistic,0.8787897645614183,gpu_hist,COMPLETE
964,0.8030688765103624,9.484240462193371,0.3662659164091674,logloss,0.035911430381015914,0.021127198924588288,20,280,binary:logistic,0.8447954649089245,gpu_hist,COMPLETE
965,0.8028016145593753,0.13815791136868208,0.30017185568364857,logloss,3.6764357500002944,0.034733572178656996,20,291,binary:logistic,0.8663387158015187,gpu_hist,COMPLETE
966,0.8022902084138335,0.04759131185668757,0.4426126734047287,logloss,0.03291443423386165,0.029990675874027525,11,282,binary:logistic,0.8091306359456141,gpu_hist,COMPLETE
967,0.8032927081538767,0.19463366435758062,0.4786102168857679,logloss,0.7279971343137445,0.016876242003600314,20,185,binary:logistic,0.8197382509906912,gpu_hist,COMPLETE
968,0.8032681606314277,0.09379017339446562,0.3419991892918174,logloss,0.01434337786389693,0.026953748218956516,20,268,binary:logistic,0.8515203880580632,gpu_hist,COMPLETE
969,0.8033023172124594,0.2891471786918833,0.43148142241501175,logloss,0.04222670212491562,0.02292310542247894,20,287,binary:logistic,0.886965968483546,gpu_hist,COMPLETE
970,0.794863332243227,0.06523068104068715,0.4555127875441689,logloss,0.01909033887776142,0.09373518490716237,20,276,binary:logistic,0.7856796221979127,gpu_hist,COMPLETE
971,0.8032678540700644,0.5253791347080118,0.4102430445242721,logloss,1.2024340302238878,0.020742872013902066,20,255,binary:logistic,0.7226735276236732,gpu_hist,COMPLETE
972,0.8008395050628235,0.07832826854273858,0.3572671174387324,logloss,0.04916829896350418,0.02436379033466599,7,294,binary:logistic,0.8332069138625476,gpu_hist,COMPLETE
973,0.8029490771683601,0.0059029235693376925,0.7838210265931541,logloss,0.011438874726893897,0.01870187004489806,20,262,binary:logistic,0.7503538749289381,gpu_hist,COMPLETE
974,0.8032796123275961,0.006401981911074087,0.3880055200484275,logloss,0.02882406459046027,0.026605857641756703,20,284,binary:logistic,0.8525748262978812,gpu_hist,COMPLETE
975,0.803218803598077,0.10871416017655176,0.32743326053118527,logloss,5.519887321311827,0.02304522502887669,20,278,binary:logistic,0.8713794524343136,gpu_hist,COMPLETE
976,0.8001099458516807,0.23481016439884939,0.33890488388825907,logloss,0.022384605575996207,0.030638344318682825,5,271,binary:logistic,0.8378572970914945,gpu_hist,COMPLETE
977,0.8032369272268779,0.05986473583994699,0.3741317580523996,logloss,0.06101877071834441,0.020990067174750923,20,290,binary:logistic,0.7634321534055494,gpu_hist,COMPLETE
978,0.8032240776414078,0.09221611964897883,0.4896761659751511,logloss,0.03954327243830771,0.02509857005484648,20,280,binary:logistic,0.8154728013668503,gpu_hist,COMPLETE
979,0.8032903278078779,0.43608134575164614,0.31508013551800435,logloss,1.4177389342295106,0.028191055157525215,20,267,binary:logistic,0.7998524098592587,gpu_hist,COMPLETE
980,0.8026108134042639,0.15049468083653234,0.43587870432248327,logloss,0.009210073495685199,0.019258353417853154,15,275,binary:logistic,0.8825913355997707,gpu_hist,COMPLETE
981,0.803298393270603,0.3360944794888487,0.4576985240441989,logloss,0.033547258913175004,0.023091841155327166,20,286,binary:logistic,0.8435951326391604,gpu_hist,COMPLETE
982,0.7933244538668192,0.198671221724439,0.39822561104598864,logloss,0.014842496539883397,0.0038807074020044585,9,246,binary:logistic,0.8237594718678954,gpu_hist,COMPLETE
983,0.8031557660050672,0.07080633457588915,0.4182555789492555,logloss,0.05582759063871977,0.021823173971771238,20,293,binary:logistic,0.8627632045037277,gpu_hist,COMPLETE
984,0.8029155778470444,0.12685319772918427,0.5053066968103449,logloss,1.9920154002239938,0.026930689675496743,20,284,binary:logistic,0.8929372770706246,gpu_hist,COMPLETE
985,0.8032890555182818,0.2709562284313712,0.3556736563732403,logloss,0.007393064285839907,0.024533526479753192,20,274,binary:logistic,0.8544083109893581,gpu_hist,COMPLETE
986,0.7931762324285518,0.04992394627019122,0.33060303116113865,logloss,0.02889914029538235,0.015863911751914712,3,264,binary:logistic,0.7923112635591485,gpu_hist,COMPLETE
987,0.8031358257849537,0.08422468152781172,0.46629078133066576,logloss,0.0453078011417895,0.017793131822893046,20,295,binary:logistic,0.8307312478962545,gpu_hist,COMPLETE
988,0.8031813623531683,0.10640412855969393,0.4399157284683792,logloss,0.013199045544697337,0.019989995563983943,20,282,binary:logistic,0.7798284073599461,gpu_hist,COMPLETE
989,0.8024484049752477,0.0555548503776015,0.3140101842267964,logloss,0.018163703170579127,0.022531834531068003,13,271,binary:logistic,0.87622997566009,gpu_hist,COMPLETE
990,0.8027321423381654,0.0010082554541291672,0.402427345620171,logloss,0.03646813849197704,0.0313457663021339,20,288,binary:logistic,0.7410941109672499,gpu_hist,COMPLETE
991,0.8029739837261489,0.041139287616397006,0.38114857483093734,logloss,0.02441822795854536,0.025343053115726533,20,280,binary:logistic,0.807986049999089,gpu_hist,COMPLETE
992,0.8032444198350686,0.06888827209998451,0.4238714888346487,logloss,0.048209199428461,0.02826309101039128,20,277,binary:logistic,0.8903432196614579,gpu_hist,COMPLETE
993,0.8031910372902948,0.1699041601406723,0.4795955925910137,logloss,0.8917923584990164,0.021142872363398523,20,261,binary:logistic,0.8651768864136795,gpu_hist,COMPLETE
994,0.8028379223009998,7.049634768699492,0.34258276442870333,logloss,0.01026331030608103,0.023231341731048114,17,291,binary:logistic,0.8406174761916347,gpu_hist,COMPLETE
995,0.8032070451770751,0.21722473301629616,0.3598682761726371,logloss,0.03962539465457283,0.026278341191148736,20,270,binary:logistic,0.9040576235771906,gpu_hist,COMPLETE
996,0.8017016340817978,0.39973369044807056,0.3263397235411685,logloss,0.03266356057313817,0.018974345934010314,11,286,binary:logistic,0.8227585895638002,gpu_hist,COMPLETE
997,0.8033677894781083,0.08747475878747875,0.4498298774267092,logloss,0.012133279264703764,0.024046735409128404,20,295,binary:logistic,0.852453541718632,gpu_hist,COMPLETE
998,0.8031404734644613,0.2589478167966812,0.4143116569652445,logloss,0.06399293263973252,0.03354363790413888,20,279,binary:logistic,0.8814186704222626,gpu_hist,COMPLETE
999,0.8031679084178798,0.1305482160340956,0.37174702732189024,logloss,0.5938632020891054,0.020910228057524988,20,273,binary:logistic,0.8364086462942948,gpu_hist,COMPLETE
