Trial 41 finished with value: 0.8027172541141813 and parameters: {'objective': 'binary:logistic', 'tree_method': 'gpu_hist', 'lambda': 3.5701564257924616, 'alpha': 0.005149660560851367, 'colsample_bytree': 0.7840724983730925, 'subsample': 0.4985147633619038, 'learning_rate': 0.014293658966142977, 'max_depth': 20, 'min_child_weight': 129, 'eval_metric': 'logloss'}. Best is trial 2 with value: 0.8031447612367872.
start listen on 192.168.1.101:44919
@tracker All of 4 nodes getting started
@tracker All nodes finishes job
Trial 42 finished with value: 0.8029251339412394 and parameters: {'objective': 'binary:logistic', 'tree_method': 'gpu_hist', 'lambda': 1.8665747362270266, 'alpha': 0.01555392649615872, 'colsample_bytree': 0.7080624721124912, 'subsample': 0.4560963789039876, 'learning_rate': 0.017103555261948178, 'max_depth': 20, 'min_child_weight': 113, 'eval_metric': 'logloss'}. Best is trial 2 with value: 0.8031447612367872.
start listen on 192.168.1.101:46407
@tracker All of 4 nodes getting started
@tracker All nodes finishes job
Trial 43 finished with value: 0.8024394946433553 and parameters: {'objective': 'binary:logistic', 'tree_method': 'gpu_hist', 'lambda': 2.331845132250373, 'alpha': 0.01570759455256739, 'colsample_bytree': 0.7099595569308269, 'subsample': 0.46779414527584134, 'learning_rate': 0.025127706854550992, 'max_depth': 20, 'min_child_weight': 149, 'eval_metric': 'logloss'}. Best is trial 2 with value: 0.8031447612367872.
start listen on 192.168.1.101:41727
@tracker All of 4 nodes getting started
@tracker All nodes finishes job
Trial 44 finished with value: 0.8020767193747731 and parameters: {'objective': 'binary:logistic', 'tree_method': 'gpu_hist', 'lambda': 7.070913909647726, 'alpha': 0.03639682131484562, 'colsample_bytree': 0.6860495426159434, 'subsample': 0.5442243795012033, 'learning_rate': 0.011516971193277315, 'max_depth': 20, 'min_child_weight': 88, 'eval_metric': 'logloss'}. Best is trial 2 with value: 0.8031447612367872.
start listen on 192.168.1.101:34587
@tracker All of 4 nodes getting started
@tracker All nodes finishes job
Trial 45 finished with value: 0.7987869508642901 and parameters: {'objective': 'binary:logistic', 'tree_method': 'gpu_hist', 'lambda': 0.7999568755322276, 'alpha': 0.007397240723014803, 'colsample_bytree': 0.6326374230044274, 'subsample': 0.441187312175347, 'learning_rate': 0.016439505859109475, 'max_depth': 7, 'min_child_weight': 121, 'eval_metric': 'logloss'}. Best is trial 2 with value: 0.8031447612367872.
start listen on 192.168.1.101:56315
@tracker All of 4 nodes getting started
@tracker All nodes finishes job
Trial 46 finished with value: 0.801939120075228 and parameters: {'objective': 'binary:logistic', 'tree_method': 'gpu_hist', 'lambda': 0.0436733077951847, 'alpha': 0.09540854795400265, 'colsample_bytree': 0.8808256150769593, 'subsample': 0.7678137455070072, 'learning_rate': 0.02106496483885415, 'max_depth': 11, 'min_child_weight': 176, 'eval_metric': 'logloss'}. Best is trial 2 with value: 0.8031447612367872.
start listen on 192.168.1.101:45325
@tracker All of 4 nodes getting started
@tracker All nodes finishes job
Trial 47 finished with value: 0.8016994626508839 and parameters: {'objective': 'binary:logistic', 'tree_method': 'gpu_hist', 'lambda': 0.09311572885343643, 'alpha': 0.01741354793780236, 'colsample_bytree': 0.7473466356380276, 'subsample': 0.6179427374373819, 'learning_rate': 0.009967813913598174, 'max_depth': 20, 'min_child_weight': 111, 'eval_metric': 'logloss'}. Best is trial 2 with value: 0.8031447612367872.
start listen on 192.168.1.101:45455
@tracker All of 4 nodes getting started
@tracker All nodes finishes job
Trial 48 finished with value: 0.8014535904114466 and parameters: {'objective': 'binary:logistic', 'tree_method': 'gpu_hist', 'lambda': 1.8243058830795398, 'alpha': 0.032383835096319535, 'colsample_bytree': 0.7889757820994622, 'subsample': 0.8043921247238056, 'learning_rate': 0.03505905889467354, 'max_depth': 15, 'min_child_weight': 149, 'eval_metric': 'logloss'}. Best is trial 2 with value: 0.8031447612367872.
start listen on 192.168.1.101:58501
@tracker All of 4 nodes getting started
@tracker All nodes finishes job
Trial 49 finished with value: 0.8020250744651419 and parameters: {'objective': 'binary:logistic', 'tree_method': 'gpu_hist', 'lambda': 0.006184559726027443, 'alpha': 0.003987500108497528, 'colsample_bytree': 0.7118125427707855, 'subsample': 0.7219055901459037, 'learning_rate': 0.02696290063743679, 'max_depth': 9, 'min_child_weight': 57, 'eval_metric': 'logloss'}. Best is trial 2 with value: 0.8031447612367872.
start listen on 192.168.1.101:49747
@tracker All of 4 nodes getting started
@tracker All nodes finishes job
Trial 50 finished with value: 0.8015650216526486 and parameters: {'objective': 'binary:logistic', 'tree_method': 'gpu_hist', 'lambda': 5.0803238942592515, 'alpha': 0.009993046401039794, 'colsample_bytree': 0.8503754234987548, 'subsample': 0.9888182876922854, 'learning_rate': 0.056790787781808405, 'max_depth': 5, 'min_child_weight': 85, 'eval_metric': 'logloss'}. Best is trial 2 with value: 0.8031447612367872.
start listen on 192.168.1.101:56915
@tracker All of 4 nodes getting started
@tracker All nodes finishes job
Trial 51 finished with value: 0.8028704883701885 and parameters: {'objective': 'binary:logistic', 'tree_method': 'gpu_hist', 'lambda': 1.2409483155714596, 'alpha': 0.0013767705424386255, 'colsample_bytree': 0.9368987928421435, 'subsample': 0.5273818440580635, 'learning_rate': 0.01655990833605093, 'max_depth': 20, 'min_child_weight': 107, 'eval_metric': 'logloss'}. Best is trial 2 with value: 0.8031447612367872.
start listen on 192.168.1.101:44151
@tracker All of 4 nodes getting started
@tracker All nodes finishes job
Trial 52 finished with value: 0.802898755224128 and parameters: {'objective': 'binary:logistic', 'tree_method': 'gpu_hist', 'lambda': 3.8602227303713335, 'alpha': 0.012712566707754664, 'colsample_bytree': 0.7608090449503506, 'subsample': 0.47523392469258136, 'learning_rate': 0.021205833749362975, 'max_depth': 20, 'min_child_weight': 121, 'eval_metric': 'logloss'}. Best is trial 2 with value: 0.8031447612367872.
start listen on 192.168.1.101:53293
@tracker All of 4 nodes getting started
@tracker All nodes finishes job
Trial 53 finished with value: 0.8023954757881958 and parameters: {'objective': 'binary:logistic', 'tree_method': 'gpu_hist', 'lambda': 0.5109289763160296, 'alpha': 0.005537820939264782, 'colsample_bytree': 0.7381347402229702, 'subsample': 0.5750179971438683, 'learning_rate': 0.012531226831845946, 'max_depth': 20, 'min_child_weight': 136, 'eval_metric': 'logloss'}. Best is trial 2 with value: 0.8031447612367872.
start listen on 192.168.1.101:45921
@tracker All of 4 nodes getting started
@tracker All nodes finishes job
Trial 54 finished with value: 0.7935643519194924 and parameters: {'objective': 'binary:logistic', 'tree_method': 'gpu_hist', 'lambda': 2.1224672406048892, 'alpha': 0.0015326086454290101, 'colsample_bytree': 0.7817163714092221, 'subsample': 0.4175283863308646, 'learning_rate': 0.01610237002846662, 'max_depth': 3, 'min_child_weight': 162, 'eval_metric': 'logloss'}. Best is trial 2 with value: 0.8031447612367872.
start listen on 192.168.1.101:32957
@tracker All of 4 nodes getting started
@tracker All nodes finishes job
Trial 55 finished with value: 0.7981477724927191 and parameters: {'objective': 'binary:logistic', 'tree_method': 'gpu_hist', 'lambda': 9.91726230060427, 'alpha': 0.002693728268618335, 'colsample_bytree': 0.3242406334916266, 'subsample': 0.5028776915968841, 'learning_rate': 0.04467177078823895, 'max_depth': 20, 'min_child_weight': 80, 'eval_metric': 'logloss'}. Best is trial 2 with value: 0.8031447612367872.
start listen on 192.168.1.101:54439
@tracker All of 4 nodes getting started
@tracker All nodes finishes job
Trial 56 finished with value: 0.7936755117999428 and parameters: {'objective': 'binary:logistic', 'tree_method': 'gpu_hist', 'lambda': 0.9783963707804473, 'alpha': 0.16027680649357068, 'colsample_bytree': 0.6980853273438553, 'subsample': 0.8715525738875269, 'learning_rate': 0.0013553813144237957, 'max_depth': 13, 'min_child_weight': 32, 'eval_metric': 'logloss'}. Best is trial 2 with value: 0.8031447612367872.
start listen on 192.168.1.101:43945
@tracker All of 4 nodes getting started
@tracker All nodes finishes job
Trial 57 finished with value: 0.8026010602738282 and parameters: {'objective': 'binary:logistic', 'tree_method': 'gpu_hist', 'lambda': 0.00103452517347059, 'alpha': 0.006340178770947471, 'colsample_bytree': 0.4463735408673817, 'subsample': 0.6077382508467409, 'learning_rate': 0.024279149891390444, 'max_depth': 17, 'min_child_weight': 100, 'eval_metric': 'logloss'}. Best is trial 2 with value: 0.8031447612367872.
start listen on 192.168.1.101:41447
@tracker All of 4 nodes getting started
@tracker All nodes finishes job
Trial 58 finished with value: 0.7981046874890779 and parameters: {'objective': 'binary:logistic', 'tree_method': 'gpu_hist', 'lambda': 0.33664047854044693, 'alpha': 0.02496738423316421, 'colsample_bytree': 0.6025477181856049, 'subsample': 0.4462358312444001, 'learning_rate': 0.009609650228313001, 'max_depth': 11, 'min_child_weight': 133, 'eval_metric': 'logloss'}. Best is trial 2 with value: 0.8031447612367872.
start listen on 192.168.1.101:40175
@tracker All of 4 nodes getting started
@tracker All nodes finishes job
Trial 59 finished with value: 0.7986559346240066 and parameters: {'objective': 'binary:logistic', 'tree_method': 'gpu_hist', 'lambda': 0.016845800541847245, 'alpha': 2.206890169715098, 'colsample_bytree': 0.5226996325047888, 'subsample': 0.8376393908178112, 'learning_rate': 0.006041460504685177, 'max_depth': 20, 'min_child_weight': 114, 'eval_metric': 'logloss'}. Best is trial 2 with value: 0.8031447612367872.
start listen on 192.168.1.101:48897
@tracker All of 4 nodes getting started
@tracker All nodes finishes job
Trial 60 finished with value: 0.8027580103194686 and parameters: {'objective': 'binary:logistic', 'tree_method': 'gpu_hist', 'lambda': 6.083793185638438, 'alpha': 0.003740261856158736, 'colsample_bytree': 0.5575007911413062, 'subsample': 0.4019930312970523, 'learning_rate': 0.01884121708751182, 'max_depth': 20, 'min_child_weight': 147, 'eval_metric': 'logloss'}. Best is trial 2 with value: 0.8031447612367872.
start listen on 192.168.1.101:41891
@tracker All of 4 nodes getting started
@tracker All nodes finishes job
Trial 61 finished with value: 0.8025668870733125 and parameters: {'objective': 'binary:logistic', 'tree_method': 'gpu_hist', 'lambda': 3.953615370235318, 'alpha': 0.01211421346112694, 'colsample_bytree': 0.7562979755518947, 'subsample': 0.4732384355012725, 'learning_rate': 0.02148741800716522, 'max_depth': 20, 'min_child_weight': 124, 'eval_metric': 'logloss'}. Best is trial 2 with value: 0.8031447612367872.
start listen on 192.168.1.101:58155
@tracker All of 4 nodes getting started
@tracker All nodes finishes job
Trial 62 finished with value: 0.802857277896715 and parameters: {'objective': 'binary:logistic', 'tree_method': 'gpu_hist', 'lambda': 3.140394401110534, 'alpha': 0.0422967473444233, 'colsample_bytree': 0.7720761718414104, 'subsample': 0.4932968206093562, 'learning_rate': 0.015367945182835458, 'max_depth': 20, 'min_child_weight': 114, 'eval_metric': 'logloss'}. Best is trial 2 with value: 0.8031447612367872.
start listen on 192.168.1.101:41283
@tracker All of 4 nodes getting started
@tracker All nodes finishes job
Trial 63 finished with value: 0.8011570840539327 and parameters: {'objective': 'binary:logistic', 'tree_method': 'gpu_hist', 'lambda': 2.681198328653678, 'alpha': 0.014345797733676039, 'colsample_bytree': 0.8221219969153719, 'subsample': 0.4731151288531865, 'learning_rate': 0.034431048864580094, 'max_depth': 20, 'min_child_weight': 158, 'eval_metric': 'logloss'}. Best is trial 2 with value: 0.8031447612367872.
start listen on 192.168.1.101:49889
@tracker All of 4 nodes getting started
@tracker All nodes finishes job
Trial 64 finished with value: 0.8021944516344237 and parameters: {'objective': 'binary:logistic', 'tree_method': 'gpu_hist', 'lambda': 4.109459015521603, 'alpha': 0.001034953420500484, 'colsample_bytree': 0.36714779182934415, 'subsample': 0.5321790946405112, 'learning_rate': 0.012422723318788772, 'max_depth': 20, 'min_child_weight': 121, 'eval_metric': 'logloss'}. Best is trial 2 with value: 0.8031447612367872.
start listen on 192.168.1.101:56719
@tracker All of 4 nodes getting started
@tracker All nodes finishes job
Trial 65 finished with value: 0.8031135743667921 and parameters: {'objective': 'binary:logistic', 'tree_method': 'gpu_hist', 'lambda': 1.6585376343580116, 'alpha': 0.06514264434631808, 'colsample_bytree': 0.6526015814374826, 'subsample': 0.7848721568391177, 'learning_rate': 0.01958043341443301, 'max_depth': 20, 'min_child_weight': 140, 'eval_metric': 'logloss'}. Best is trial 2 with value: 0.8031447612367872.
start listen on 192.168.1.101:41571
@tracker All of 4 nodes getting started
@tracker All nodes finishes job
Trial 66 finished with value: 0.8030494924163194 and parameters: {'objective': 'binary:logistic', 'tree_method': 'gpu_hist', 'lambda': 1.6319002545770134, 'alpha': 0.07527969709169484, 'colsample_bytree': 0.6712714697498657, 'subsample': 0.752774973822372, 'learning_rate': 0.018684670187449064, 'max_depth': 20, 'min_child_weight': 180, 'eval_metric': 'logloss'}. Best is trial 2 with value: 0.8031447612367872.
start listen on 192.168.1.101:55221
@tracker All of 4 nodes getting started
@tracker All nodes finishes job
Trial 67 finished with value: 0.7994509781431128 and parameters: {'objective': 'binary:logistic', 'tree_method': 'gpu_hist', 'lambda': 1.3205486805165005, 'alpha': 0.21932654519420997, 'colsample_bytree': 0.6652283459285473, 'subsample': 0.744227675157649, 'learning_rate': 0.018691013418049227, 'max_depth': 7, 'min_child_weight': 218, 'eval_metric': 'logloss'}. Best is trial 2 with value: 0.8031447612367872.
start listen on 192.168.1.101:52113
@tracker All of 4 nodes getting started
@tracker All nodes finishes job
Trial 68 finished with value: 0.8026160877200451 and parameters: {'objective': 'binary:logistic', 'tree_method': 'gpu_hist', 'lambda': 0.0386167874497697, 'alpha': 0.08703474197729205, 'colsample_bytree': 0.6418613704038503, 'subsample': 0.7866984586624051, 'learning_rate': 0.02762562094312576, 'max_depth': 20, 'min_child_weight': 192, 'eval_metric': 'logloss'}. Best is trial 2 with value: 0.8031447612367872.
start listen on 192.168.1.101:35943
@tracker All of 4 nodes getting started
@tracker All nodes finishes job
Trial 69 finished with value: 0.7944289553888866 and parameters: {'objective': 'binary:logistic', 'tree_method': 'gpu_hist', 'lambda': 0.12848915486289378, 'alpha': 0.0738290657286362, 'colsample_bytree': 0.4034759547040765, 'subsample': 0.69488994337359, 'learning_rate': 0.013336880803276073, 'max_depth': 5, 'min_child_weight': 168, 'eval_metric': 'logloss'}. Best is trial 2 with value: 0.8031447612367872.
start listen on 192.168.1.101:48891
@tracker All of 4 nodes getting started
@tracker All nodes finishes job
Trial 70 finished with value: 0.7994942525543789 and parameters: {'objective': 'binary:logistic', 'tree_method': 'gpu_hist', 'lambda': 1.712568713468749, 'alpha': 0.3035202390698591, 'colsample_bytree': 0.6228781108176155, 'subsample': 0.7641520531160989, 'learning_rate': 0.008795999008764686, 'max_depth': 15, 'min_child_weight': 234, 'eval_metric': 'logloss'}. Best is trial 2 with value: 0.8031447612367872.
start listen on 192.168.1.101:41153
@tracker All of 4 nodes getting started
@tracker All nodes finishes job
Trial 71 finished with value: 0.8029954898830657 and parameters: {'objective': 'binary:logistic', 'tree_method': 'gpu_hist', 'lambda': 2.2666147889079755, 'alpha': 0.1195772140549137, 'colsample_bytree': 0.66901589282822, 'subsample': 0.7242772347345405, 'learning_rate': 0.017145919552973003, 'max_depth': 20, 'min_child_weight': 142, 'eval_metric': 'logloss'}. Best is trial 2 with value: 0.8031447612367872.
start listen on 192.168.1.101:48597
@tracker All of 4 nodes getting started
@tracker All nodes finishes job
Trial 72 finished with value: 0.8019275390195365 and parameters: {'objective': 'binary:logistic', 'tree_method': 'gpu_hist', 'lambda': 0.8476198253067758, 'alpha': 0.162232919086291, 'colsample_bytree': 0.6780040995645841, 'subsample': 0.7278307932468023, 'learning_rate': 0.010834566420725732, 'max_depth': 20, 'min_child_weight': 140, 'eval_metric': 'logloss'}. Best is trial 2 with value: 0.8031447612367872.
start listen on 192.168.1.101:35997
@tracker All of 4 nodes getting started
@tracker All nodes finishes job
Trial 73 finished with value: 0.8029229963486844 and parameters: {'objective': 'binary:logistic', 'tree_method': 'gpu_hist', 'lambda': 1.587124671867517, 'alpha': 0.06162451451101027, 'colsample_bytree': 0.6572702207181431, 'subsample': 0.8207799238712642, 'learning_rate': 0.01523156225542135, 'max_depth': 20, 'min_child_weight': 179, 'eval_metric': 'logloss'}. Best is trial 2 with value: 0.8031447612367872.
start listen on 192.168.1.101:41309
@tracker All of 4 nodes getting started
@tracker All nodes finishes job
Trial 74 finished with value: 0.8031668277700029 and parameters: {'objective': 'binary:logistic', 'tree_method': 'gpu_hist', 'lambda': 0.6700924726822797, 'alpha': 0.12052974217461822, 'colsample_bytree': 0.5661615043198077, 'subsample': 0.7075846219572404, 'learning_rate': 0.019325763088599512, 'max_depth': 20, 'min_child_weight': 186, 'eval_metric': 'logloss'}. Best is trial 74 with value: 0.8031668277700029.
start listen on 192.168.1.101:48921
@tracker All of 4 nodes getting started
@tracker All nodes finishes job
Trial 75 finished with value: 0.8016811956041116 and parameters: {'objective': 'binary:logistic', 'tree_method': 'gpu_hist', 'lambda': 0.6106257082747061, 'alpha': 0.42298195720221904, 'colsample_bytree': 0.5768741636890227, 'subsample': 0.7503036802445863, 'learning_rate': 0.024952397434455015, 'max_depth': 9, 'min_child_weight': 201, 'eval_metric': 'logloss'}. Best is trial 74 with value: 0.8031668277700029.
start listen on 192.168.1.101:42287
@tracker All of 4 nodes getting started
@tracker All nodes finishes job
Trial 76 finished with value: 0.8031607709217409 and parameters: {'objective': 'binary:logistic', 'tree_method': 'gpu_hist', 'lambda': 0.3190518519176687, 'alpha': 0.13374804882265465, 'colsample_bytree': 0.5091187173249125, 'subsample': 0.7119245804153361, 'learning_rate': 0.019981179869760075, 'max_depth': 20, 'min_child_weight': 193, 'eval_metric': 'logloss'}. Best is trial 74 with value: 0.8031668277700029.
start listen on 192.168.1.101:43813
@tracker All of 4 nodes getting started
@tracker All nodes finishes job
Trial 77 finished with value: 0.7941952233281674 and parameters: {'objective': 'binary:logistic', 'tree_method': 'gpu_hist', 'lambda': 0.30381312497247925, 'alpha': 0.12520816863160805, 'colsample_bytree': 0.598714692551143, 'subsample': 0.704996917375555, 'learning_rate': 0.020462303942941636, 'max_depth': 3, 'min_child_weight': 188, 'eval_metric': 'logloss'}. Best is trial 74 with value: 0.8031668277700029.
start listen on 192.168.1.101:54265
@tracker All of 4 nodes getting started
@tracker All nodes finishes job
Trial 78 finished with value: 0.8019856056432115 and parameters: {'objective': 'binary:logistic', 'tree_method': 'gpu_hist', 'lambda': 0.5210095410689557, 'alpha': 0.13059229369213843, 'colsample_bytree': 0.4967709129576171, 'subsample': 0.6872570890038963, 'learning_rate': 0.032710722982342066, 'max_depth': 13, 'min_child_weight': 211, 'eval_metric': 'logloss'}. Best is trial 74 with value: 0.8031668277700029.
start listen on 192.168.1.101:37455
@tracker All of 4 nodes getting started
@tracker All nodes finishes job
Trial 79 finished with value: 0.8025346169399152 and parameters: {'objective': 'binary:logistic', 'tree_method': 'gpu_hist', 'lambda': 1.0962152636464444, 'alpha': 0.24821688310498322, 'colsample_bytree': 0.5114522914228001, 'subsample': 0.6743360798547156, 'learning_rate': 0.029513808648058276, 'max_depth': 20, 'min_child_weight': 246, 'eval_metric': 'logloss'}. Best is trial 74 with value: 0.8031668277700029.
start listen on 192.168.1.101:44455
@tracker All of 4 nodes getting started
@tracker All nodes finishes job
Trial 80 finished with value: 0.803019693681896 and parameters: {'objective': 'binary:logistic', 'tree_method': 'gpu_hist', 'lambda': 2.614437589118019, 'alpha': 0.0659236462831679, 'colsample_bytree': 0.4547029731916233, 'subsample': 0.6464176078305831, 'learning_rate': 0.023103698171298256, 'max_depth': 20, 'min_child_weight': 223, 'eval_metric': 'logloss'}. Best is trial 74 with value: 0.8031668277700029.
start listen on 192.168.1.101:37021
@tracker All of 4 nodes getting started
@tracker All nodes finishes job
Trial 81 finished with value: 0.8028063109530418 and parameters: {'objective': 'binary:logistic', 'tree_method': 'gpu_hist', 'lambda': 2.4082434193627615, 'alpha': 0.07166834155444371, 'colsample_bytree': 0.5633466118715876, 'subsample': 0.6529794654250297, 'learning_rate': 0.02370184467274901, 'max_depth': 20, 'min_child_weight': 197, 'eval_metric': 'logloss'}. Best is trial 74 with value: 0.8031668277700029.
start listen on 192.168.1.101:32927
@tracker All of 4 nodes getting started
@tracker All nodes finishes job
Trial 82 finished with value: 0.8030039745927029 and parameters: {'objective': 'binary:logistic', 'tree_method': 'gpu_hist', 'lambda': 0.7154306907622565, 'alpha': 0.0487361726912809, 'colsample_bytree': 0.4577124373751493, 'subsample': 0.7210379131114508, 'learning_rate': 0.018064919792644893, 'max_depth': 20, 'min_child_weight': 220, 'eval_metric': 'logloss'}. Best is trial 74 with value: 0.8031668277700029.
start listen on 192.168.1.101:43037
@tracker All of 4 nodes getting started
@tracker All nodes finishes job
