Trial 658 finished with value: 0.8011601062389461 and parameters: {'objective': 'binary:logistic', 'tree_method': 'gpu_hist', 'lambda': 0.014433788829506862, 'alpha': 0.11224491809106753, 'colsample_bytree': 0.38483003584844216, 'subsample': 0.8760895395652669, 'learning_rate': 0.01990301452081277, 'max_depth': 9, 'min_child_weight': 281, 'eval_metric': 'logloss'}. Best is trial 618 with value: 0.8034519077147598.
start listen on 192.168.1.101:43019
@tracker All of 4 nodes getting started
@tracker All nodes finishes job
Trial 659 finished with value: 0.8032761580360043 and parameters: {'objective': 'binary:logistic', 'tree_method': 'gpu_hist', 'lambda': 0.039966388418454166, 'alpha': 0.09039803548385016, 'colsample_bytree': 0.3991044231117812, 'subsample': 0.7996507955504396, 'learning_rate': 0.026815192194734182, 'max_depth': 20, 'min_child_weight': 256, 'eval_metric': 'logloss'}. Best is trial 618 with value: 0.8034519077147598.
start listen on 192.168.1.101:41525
@tracker All of 4 nodes getting started
@tracker All nodes finishes job
Trial 660 finished with value: 0.803274619562217 and parameters: {'objective': 'binary:logistic', 'tree_method': 'gpu_hist', 'lambda': 0.023835801012373016, 'alpha': 0.24818913567484105, 'colsample_bytree': 0.361631404873156, 'subsample': 0.759549279033967, 'learning_rate': 0.023665425982245372, 'max_depth': 20, 'min_child_weight': 274, 'eval_metric': 'logloss'}. Best is trial 618 with value: 0.8034519077147598.
start listen on 192.168.1.101:60161
@tracker All of 4 nodes getting started
@tracker All nodes finishes job
Trial 661 finished with value: 0.7978587071412611 and parameters: {'objective': 'binary:logistic', 'tree_method': 'gpu_hist', 'lambda': 0.05259157326288653, 'alpha': 0.031940015870474965, 'colsample_bytree': 0.31289660688637905, 'subsample': 0.8339357437825421, 'learning_rate': 0.08247297957973679, 'max_depth': 20, 'min_child_weight': 292, 'eval_metric': 'logloss'}. Best is trial 618 with value: 0.8034519077147598.
start listen on 192.168.1.101:58159
@tracker All of 4 nodes getting started
@tracker All nodes finishes job
Trial 662 finished with value: 0.8032147474087218 and parameters: {'objective': 'binary:logistic', 'tree_method': 'gpu_hist', 'lambda': 0.03079710917234593, 'alpha': 0.07161333616272862, 'colsample_bytree': 0.423670690626262, 'subsample': 0.7889762960647949, 'learning_rate': 0.021292743278654415, 'max_depth': 20, 'min_child_weight': 283, 'eval_metric': 'logloss'}. Best is trial 618 with value: 0.8034519077147598.
start listen on 192.168.1.101:46043
@tracker All of 4 nodes getting started
@tracker All nodes finishes job
Trial 663 finished with value: 0.7957102658229729 and parameters: {'objective': 'binary:logistic', 'tree_method': 'gpu_hist', 'lambda': 0.03645265116988299, 'alpha': 0.03903998844818006, 'colsample_bytree': 0.3317819996434787, 'subsample': 0.4046612052714587, 'learning_rate': 0.02604991688492538, 'max_depth': 3, 'min_child_weight': 266, 'eval_metric': 'logloss'}. Best is trial 618 with value: 0.8034519077147598.
start listen on 192.168.1.101:42023
@tracker All of 4 nodes getting started
@tracker All nodes finishes job
Trial 664 finished with value: 0.8030751629799513 and parameters: {'objective': 'binary:logistic', 'tree_method': 'gpu_hist', 'lambda': 0.17112088473750006, 'alpha': 0.1544195048530551, 'colsample_bytree': 0.37776694880086326, 'subsample': 0.8550477396156111, 'learning_rate': 0.028866824580542325, 'max_depth': 20, 'min_child_weight': 277, 'eval_metric': 'logloss'}. Best is trial 618 with value: 0.8034519077147598.
start listen on 192.168.1.101:45701
@tracker All of 4 nodes getting started
@tracker All nodes finishes job
Trial 665 finished with value: 0.802590903044731 and parameters: {'objective': 'binary:logistic', 'tree_method': 'gpu_hist', 'lambda': 0.07006779519330318, 'alpha': 0.05470563236125808, 'colsample_bytree': 0.44401460871279286, 'subsample': 0.8206769101870985, 'learning_rate': 0.02267731199943766, 'max_depth': 13, 'min_child_weight': 260, 'eval_metric': 'logloss'}. Best is trial 618 with value: 0.8034519077147598.
start listen on 192.168.1.101:35183
@tracker All of 4 nodes getting started
@tracker All nodes finishes job
Trial 666 finished with value: 0.8031592100525181 and parameters: {'objective': 'binary:logistic', 'tree_method': 'gpu_hist', 'lambda': 0.044882446120682186, 'alpha': 0.3268199603389111, 'colsample_bytree': 0.34653912778040996, 'subsample': 0.8416630828894509, 'learning_rate': 0.019560995178947414, 'max_depth': 20, 'min_child_weight': 286, 'eval_metric': 'logloss'}. Best is trial 618 with value: 0.8034519077147598.
start listen on 192.168.1.101:40225
@tracker All of 4 nodes getting started
@tracker All nodes finishes job
Trial 667 finished with value: 0.80246518629466 and parameters: {'objective': 'binary:logistic', 'tree_method': 'gpu_hist', 'lambda': 0.02928346750021514, 'alpha': 0.10772327509906139, 'colsample_bytree': 0.397547000705127, 'subsample': 0.8085444470743486, 'learning_rate': 0.036256249158303576, 'max_depth': 20, 'min_child_weight': 272, 'eval_metric': 'logloss'}. Best is trial 618 with value: 0.8034519077147598.
start listen on 192.168.1.101:43387
@tracker All of 4 nodes getting started
@tracker All nodes finishes job
Trial 668 finished with value: 0.8030879980165617 and parameters: {'objective': 'binary:logistic', 'tree_method': 'gpu_hist', 'lambda': 0.01932680763635152, 'alpha': 0.18995550558140303, 'colsample_bytree': 0.8954198158143144, 'subsample': 0.8907560157165475, 'learning_rate': 0.02538632563062904, 'max_depth': 20, 'min_child_weight': 295, 'eval_metric': 'logloss'}. Best is trial 618 with value: 0.8034519077147598.
start listen on 192.168.1.101:38767
@tracker All of 4 nodes getting started
@tracker All nodes finishes job
Trial 669 finished with value: 0.8033340166709265 and parameters: {'objective': 'binary:logistic', 'tree_method': 'gpu_hist', 'lambda': 0.025625625452829464, 'alpha': 0.12498089561111467, 'colsample_bytree': 0.411971661530634, 'subsample': 0.7683293309026431, 'learning_rate': 0.021443447716350653, 'max_depth': 20, 'min_child_weight': 280, 'eval_metric': 'logloss'}. Best is trial 618 with value: 0.8034519077147598.
start listen on 192.168.1.101:46007
@tracker All of 4 nodes getting started
@tracker All nodes finishes job
Trial 670 finished with value: 0.8029747625533021 and parameters: {'objective': 'binary:logistic', 'tree_method': 'gpu_hist', 'lambda': 0.037353149194634686, 'alpha': 0.5848156317641439, 'colsample_bytree': 0.5366126163892831, 'subsample': 0.8307435950105682, 'learning_rate': 0.030484295731851137, 'max_depth': 20, 'min_child_weight': 269, 'eval_metric': 'logloss'}. Best is trial 618 with value: 0.8034519077147598.
start listen on 192.168.1.101:50407
@tracker All of 4 nodes getting started
@tracker All nodes finishes job
Trial 671 finished with value: 0.8027144553386221 and parameters: {'objective': 'binary:logistic', 'tree_method': 'gpu_hist', 'lambda': 0.10987778966555169, 'alpha': 0.08107159591521457, 'colsample_bytree': 0.4349289701177714, 'subsample': 0.8712986697970008, 'learning_rate': 0.024152422147267344, 'max_depth': 20, 'min_child_weight': 109, 'eval_metric': 'logloss'}. Best is trial 618 with value: 0.8034519077147598.
start listen on 192.168.1.101:36197
@tracker All of 4 nodes getting started
@tracker All nodes finishes job
Trial 672 finished with value: 0.8031914782787614 and parameters: {'objective': 'binary:logistic', 'tree_method': 'gpu_hist', 'lambda': 0.058061626111922046, 'alpha': 0.0982481289453813, 'colsample_bytree': 0.4171809848111893, 'subsample': 0.7374323978973288, 'learning_rate': 0.026696796747518972, 'max_depth': 20, 'min_child_weight': 247, 'eval_metric': 'logloss'}. Best is trial 618 with value: 0.8034519077147598.
start listen on 192.168.1.101:53903
@tracker All of 4 nodes getting started
@tracker All nodes finishes job
Trial 673 finished with value: 0.802100438375088 and parameters: {'objective': 'binary:logistic', 'tree_method': 'gpu_hist', 'lambda': 0.047203485776352985, 'alpha': 0.046224599625829324, 'colsample_bytree': 0.3557507413613702, 'subsample': 0.7798796769729157, 'learning_rate': 0.022252691291103147, 'max_depth': 11, 'min_child_weight': 289, 'eval_metric': 'logloss'}. Best is trial 618 with value: 0.8034519077147598.
start listen on 192.168.1.101:41899
@tracker All of 4 nodes getting started
@tracker All nodes finishes job
Trial 674 finished with value: 0.8028514377011332 and parameters: {'objective': 'binary:logistic', 'tree_method': 'gpu_hist', 'lambda': 0.017314007256843955, 'alpha': 0.06520573488106071, 'colsample_bytree': 0.30163322384479463, 'subsample': 0.9123606844689918, 'learning_rate': 0.01984994983934764, 'max_depth': 17, 'min_child_weight': 275, 'eval_metric': 'logloss'}. Best is trial 618 with value: 0.8034519077147598.
start listen on 192.168.1.101:41355
@tracker All of 4 nodes getting started
@tracker All nodes finishes job
Trial 675 finished with value: 0.8031312757517247 and parameters: {'objective': 'binary:logistic', 'tree_method': 'gpu_hist', 'lambda': 0.08165117013760885, 'alpha': 0.12850563657000172, 'colsample_bytree': 0.31849373168727363, 'subsample': 0.8506774722844996, 'learning_rate': 0.0240296992848678, 'max_depth': 20, 'min_child_weight': 169, 'eval_metric': 'logloss'}. Best is trial 618 with value: 0.8034519077147598.
start listen on 192.168.1.101:39135
@tracker All of 4 nodes getting started
@tracker All nodes finishes job
Trial 676 finished with value: 0.8033137039019258 and parameters: {'objective': 'binary:logistic', 'tree_method': 'gpu_hist', 'lambda': 0.033118081044565977, 'alpha': 0.014728928110353456, 'colsample_bytree': 0.39277064663131644, 'subsample': 0.8044025226985234, 'learning_rate': 0.026627271644013142, 'max_depth': 20, 'min_child_weight': 262, 'eval_metric': 'logloss'}. Best is trial 618 with value: 0.8034519077147598.
start listen on 192.168.1.101:58611
@tracker All of 4 nodes getting started
@tracker All nodes finishes job
Trial 677 finished with value: 0.8030695938181805 and parameters: {'objective': 'binary:logistic', 'tree_method': 'gpu_hist', 'lambda': 0.022213573872949723, 'alpha': 0.1536636153089712, 'colsample_bytree': 0.4574426243720004, 'subsample': 0.819875322346309, 'learning_rate': 0.018143761904513646, 'max_depth': 20, 'min_child_weight': 281, 'eval_metric': 'logloss'}. Best is trial 618 with value: 0.8034519077147598.
start listen on 192.168.1.101:49043
@tracker All of 4 nodes getting started
@tracker All nodes finishes job
Trial 678 finished with value: 0.8031020645841656 and parameters: {'objective': 'binary:logistic', 'tree_method': 'gpu_hist', 'lambda': 0.041794805037284784, 'alpha': 0.4693007517156764, 'colsample_bytree': 0.3698463931747104, 'subsample': 0.8404174716915154, 'learning_rate': 0.028767842460870666, 'max_depth': 20, 'min_child_weight': 270, 'eval_metric': 'logloss'}. Best is trial 618 with value: 0.8034519077147598.
start listen on 192.168.1.101:48323
@tracker All of 4 nodes getting started
@tracker All nodes finishes job
Trial 679 finished with value: 0.7932945522550667 and parameters: {'objective': 'binary:logistic', 'tree_method': 'gpu_hist', 'lambda': 0.029390910192633308, 'alpha': 0.20632086268975994, 'colsample_bytree': 0.85394688571353, 'subsample': 0.7541267766915439, 'learning_rate': 0.0015863195898776251, 'max_depth': 20, 'min_child_weight': 288, 'eval_metric': 'logloss'}. Best is trial 618 with value: 0.8034519077147598.
start listen on 192.168.1.101:59401
@tracker All of 4 nodes getting started
@tracker All nodes finishes job
Trial 680 finished with value: 0.8030843582951231 and parameters: {'objective': 'binary:logistic', 'tree_method': 'gpu_hist', 'lambda': 0.2869101554113791, 'alpha': 0.07795492206297515, 'colsample_bytree': 0.3000413401954544, 'subsample': 0.7912089072112015, 'learning_rate': 0.0218201268536486, 'max_depth': 20, 'min_child_weight': 133, 'eval_metric': 'logloss'}. Best is trial 618 with value: 0.8034519077147598.
start listen on 192.168.1.101:34641
@tracker All of 4 nodes getting started
@tracker All nodes finishes job
Trial 681 finished with value: 0.8033094519296026 and parameters: {'objective': 'binary:logistic', 'tree_method': 'gpu_hist', 'lambda': 0.12971279845426745, 'alpha': 0.055397097134684374, 'colsample_bytree': 0.4293362007531393, 'subsample': 0.867096689152304, 'learning_rate': 0.03183196782152909, 'max_depth': 20, 'min_child_weight': 300, 'eval_metric': 'logloss'}. Best is trial 618 with value: 0.8034519077147598.
start listen on 192.168.1.101:37907
@tracker All of 4 nodes getting started
@tracker All nodes finishes job
Trial 682 finished with value: 0.7931705414268934 and parameters: {'objective': 'binary:logistic', 'tree_method': 'gpu_hist', 'lambda': 0.2295016525284824, 'alpha': 0.0029464850352707525, 'colsample_bytree': 0.33545288700921816, 'subsample': 0.8251760057112012, 'learning_rate': 0.0034669855258851394, 'max_depth': 7, 'min_child_weight': 278, 'eval_metric': 'logloss'}. Best is trial 618 with value: 0.8034519077147598.
start listen on 192.168.1.101:53481
@tracker All of 4 nodes getting started
@tracker All nodes finishes job
Trial 683 finished with value: 0.8032753202505514 and parameters: {'objective': 'binary:logistic', 'tree_method': 'gpu_hist', 'lambda': 0.0510483851750065, 'alpha': 0.09487864539834262, 'colsample_bytree': 0.448391500330031, 'subsample': 0.8121211912262042, 'learning_rate': 0.02420526859173543, 'max_depth': 20, 'min_child_weight': 284, 'eval_metric': 'logloss'}. Best is trial 618 with value: 0.8034519077147598.
start listen on 192.168.1.101:49333
@tracker All of 4 nodes getting started
@tracker All nodes finishes job
Trial 684 finished with value: 0.8031778746591386 and parameters: {'objective': 'binary:logistic', 'tree_method': 'gpu_hist', 'lambda': 0.013290577989487976, 'alpha': 0.1173997005713223, 'colsample_bytree': 0.4006902512106638, 'subsample': 0.9001127013781569, 'learning_rate': 0.020614522044062878, 'max_depth': 20, 'min_child_weight': 257, 'eval_metric': 'logloss'}. Best is trial 618 with value: 0.8034519077147598.
start listen on 192.168.1.101:42199
@tracker All of 4 nodes getting started
@tracker All nodes finishes job
Trial 685 finished with value: 0.7992110825969847 and parameters: {'objective': 'binary:logistic', 'tree_method': 'gpu_hist', 'lambda': 0.06181104912717173, 'alpha': 0.06881888577642765, 'colsample_bytree': 0.37982271955099073, 'subsample': 0.7235060170944548, 'learning_rate': 0.025408553733111384, 'max_depth': 5, 'min_child_weight': 266, 'eval_metric': 'logloss'}. Best is trial 618 with value: 0.8034519077147598.
start listen on 192.168.1.101:60153
@tracker All of 4 nodes getting started
@tracker All nodes finishes job
Trial 686 finished with value: 0.8019880849977413 and parameters: {'objective': 'binary:logistic', 'tree_method': 'gpu_hist', 'lambda': 0.03782095103171704, 'alpha': 0.1730864705551758, 'colsample_bytree': 0.4176235527858111, 'subsample': 0.8524343877055135, 'learning_rate': 0.04036910892936371, 'max_depth': 15, 'min_child_weight': 293, 'eval_metric': 'logloss'}. Best is trial 618 with value: 0.8034519077147598.
start listen on 192.168.1.101:49345
@tracker All of 4 nodes getting started
@tracker All nodes finishes job
Trial 687 finished with value: 0.8032459494814579 and parameters: {'objective': 'binary:logistic', 'tree_method': 'gpu_hist', 'lambda': 0.027221449377914722, 'alpha': 0.019746878280413355, 'colsample_bytree': 0.4331083302082662, 'subsample': 0.8366480937392619, 'learning_rate': 0.022938609482366725, 'max_depth': 20, 'min_child_weight': 274, 'eval_metric': 'logloss'}. Best is trial 618 with value: 0.8034519077147598.
start listen on 192.168.1.101:34205
@tracker All of 4 nodes getting started
@tracker All nodes finishes job
Trial 688 finished with value: 0.8029398459986954 and parameters: {'objective': 'binary:logistic', 'tree_method': 'gpu_hist', 'lambda': 0.009926247720756282, 'alpha': 0.09498388368321069, 'colsample_bytree': 0.4721342084223046, 'subsample': 0.7992687791746584, 'learning_rate': 0.02803369063434924, 'max_depth': 20, 'min_child_weight': 284, 'eval_metric': 'logloss'}. Best is trial 618 with value: 0.8034519077147598.
start listen on 192.168.1.101:42671
@tracker All of 4 nodes getting started
@tracker All nodes finishes job
Trial 689 finished with value: 0.8033668913176126 and parameters: {'objective': 'binary:logistic', 'tree_method': 'gpu_hist', 'lambda': 0.04355046979202376, 'alpha': 0.0807300453224935, 'colsample_bytree': 0.3475517034139351, 'subsample': 0.8823540763881095, 'learning_rate': 0.019597790216471813, 'max_depth': 20, 'min_child_weight': 270, 'eval_metric': 'logloss'}. Best is trial 618 with value: 0.8034519077147598.
start listen on 192.168.1.101:36587
@tracker All of 4 nodes getting started
@tracker All nodes finishes job
Trial 690 finished with value: 0.8029886955656446 and parameters: {'objective': 'binary:logistic', 'tree_method': 'gpu_hist', 'lambda': 0.043833908846431444, 'alpha': 0.07416773656575175, 'colsample_bytree': 0.34564542827776495, 'subsample': 0.8840929577036489, 'learning_rate': 0.016083935833567473, 'max_depth': 20, 'min_child_weight': 263, 'eval_metric': 'logloss'}. Best is trial 618 with value: 0.8034519077147598.
start listen on 192.168.1.101:55191
@tracker All of 4 nodes getting started
@tracker All nodes finishes job
Trial 691 finished with value: 0.8029901064780826 and parameters: {'objective': 'binary:logistic', 'tree_method': 'gpu_hist', 'lambda': 0.057727917351784355, 'alpha': 0.08295762023565, 'colsample_bytree': 0.32628590532189006, 'subsample': 0.8843587682858817, 'learning_rate': 0.01903028346791793, 'max_depth': 20, 'min_child_weight': 53, 'eval_metric': 'logloss'}. Best is trial 618 with value: 0.8034519077147598.
start listen on 192.168.1.101:59345
@tracker All of 4 nodes getting started
@tracker All nodes finishes job
Trial 692 finished with value: 0.8004284966194253 and parameters: {'objective': 'binary:logistic', 'tree_method': 'gpu_hist', 'lambda': 0.04698212586055992, 'alpha': 0.06115128387899039, 'colsample_bytree': 0.3502743244398185, 'subsample': 0.45219433762064976, 'learning_rate': 0.017373435054390624, 'max_depth': 9, 'min_child_weight': 270, 'eval_metric': 'logloss'}. Best is trial 618 with value: 0.8034519077147598.
start listen on 192.168.1.101:51263
@tracker All of 4 nodes getting started
@tracker All nodes finishes job
Trial 693 finished with value: 0.8032092393303653 and parameters: {'objective': 'binary:logistic', 'tree_method': 'gpu_hist', 'lambda': 0.03785935395580515, 'alpha': 0.10163014316767888, 'colsample_bytree': 0.364012018114589, 'subsample': 0.9020897535788325, 'learning_rate': 0.020487854899963426, 'max_depth': 20, 'min_child_weight': 257, 'eval_metric': 'logloss'}. Best is trial 618 with value: 0.8034519077147598.
start listen on 192.168.1.101:57255
@tracker All of 4 nodes getting started
@tracker All nodes finishes job
Trial 694 finished with value: 0.8031200249061043 and parameters: {'objective': 'binary:logistic', 'tree_method': 'gpu_hist', 'lambda': 0.0334350755674489, 'alpha': 0.08161613073925598, 'colsample_bytree': 0.3579233681672351, 'subsample': 0.8742263541180575, 'learning_rate': 0.018654070690906403, 'max_depth': 20, 'min_child_weight': 266, 'eval_metric': 'logloss'}. Best is trial 618 with value: 0.8034519077147598.
start listen on 192.168.1.101:45429
@tracker All of 4 nodes getting started
@tracker All nodes finishes job
Trial 695 finished with value: 0.7940749214783636 and parameters: {'objective': 'binary:logistic', 'tree_method': 'gpu_hist', 'lambda': 0.07231672419814436, 'alpha': 0.12006840294000483, 'colsample_bytree': 0.3315647527281786, 'subsample': 0.8958393682936213, 'learning_rate': 0.02104722468158568, 'max_depth': 3, 'min_child_weight': 271, 'eval_metric': 'logloss'}. Best is trial 618 with value: 0.8034519077147598.
start listen on 192.168.1.101:47285
@tracker All of 4 nodes getting started
@tracker All nodes finishes job
Trial 696 finished with value: 0.8032632764648393 and parameters: {'objective': 'binary:logistic', 'tree_method': 'gpu_hist', 'lambda': 0.05241398653100487, 'alpha': 0.0653223471608437, 'colsample_bytree': 0.3383313095255164, 'subsample': 0.8684828119399759, 'learning_rate': 0.02332331843004941, 'max_depth': 20, 'min_child_weight': 261, 'eval_metric': 'logloss'}. Best is trial 618 with value: 0.8034519077147598.
start listen on 192.168.1.101:33157
@tracker All of 4 nodes getting started
@tracker All nodes finishes job
Trial 697 finished with value: 0.803191976372864 and parameters: {'objective': 'binary:logistic', 'tree_method': 'gpu_hist', 'lambda': 0.0421484253594564, 'alpha': 0.14326413338515884, 'colsample_bytree': 0.3604270097041256, 'subsample': 0.8602201448218244, 'learning_rate': 0.025043969152554017, 'max_depth': 20, 'min_child_weight': 274, 'eval_metric': 'logloss'}. Best is trial 618 with value: 0.8034519077147598.
start listen on 192.168.1.101:34475
@tracker All of 4 nodes getting started
@tracker All nodes finishes job
Trial 698 finished with value: 0.8030520568299122 and parameters: {'objective': 'binary:logistic', 'tree_method': 'gpu_hist', 'lambda': 0.02491846561544058, 'alpha': 0.08809197836785089, 'colsample_bytree': 0.32037270796044026, 'subsample': 0.9175056917874476, 'learning_rate': 0.021857300401638666, 'max_depth': 20, 'min_child_weight': 253, 'eval_metric': 'logloss'}. Best is trial 618 with value: 0.8034519077147598.
start listen on 192.168.1.101:45701
@tracker All of 4 nodes getting started
@tracker All nodes finishes job
