Trial 822 finished with value: 0.8032693008914855 and parameters: {'objective': 'binary:logistic', 'tree_method': 'gpu_hist', 'lambda': 6.181957246040642, 'alpha': 0.3390161896073959, 'colsample_bytree': 0.32373784806045586, 'subsample': 0.9058309974603319, 'learning_rate': 0.030787526829540387, 'max_depth': 20, 'min_child_weight': 291, 'eval_metric': 'logloss'}. Best is trial 725 with value: 0.8034700928628958.
start listen on 192.168.1.101:34365
@tracker All of 4 nodes getting started
@tracker All nodes finishes job
Trial 823 finished with value: 0.8032794378502613 and parameters: {'objective': 'binary:logistic', 'tree_method': 'gpu_hist', 'lambda': 0.48881896128519464, 'alpha': 0.29292140790695226, 'colsample_bytree': 0.31621826528842556, 'subsample': 0.8988796961779947, 'learning_rate': 0.02553830049838479, 'max_depth': 20, 'min_child_weight': 284, 'eval_metric': 'logloss'}. Best is trial 725 with value: 0.8034700928628958.
start listen on 192.168.1.101:53273
@tracker All of 4 nodes getting started
@tracker All nodes finishes job
Trial 824 finished with value: 0.8019391965248533 and parameters: {'objective': 'binary:logistic', 'tree_method': 'gpu_hist', 'lambda': 4.388432802086973, 'alpha': 0.3238018716789438, 'colsample_bytree': 0.3107671933876906, 'subsample': 0.8865316292214787, 'learning_rate': 0.028126640883600718, 'max_depth': 9, 'min_child_weight': 296, 'eval_metric': 'logloss'}. Best is trial 725 with value: 0.8034700928628958.
start listen on 192.168.1.101:49731
@tracker All of 4 nodes getting started
@tracker All nodes finishes job
Trial 825 finished with value: 0.8029388384765473 and parameters: {'objective': 'binary:logistic', 'tree_method': 'gpu_hist', 'lambda': 0.012153626207017485, 'alpha': 0.2818287981220649, 'colsample_bytree': 0.30196217099533496, 'subsample': 0.9158460222729369, 'learning_rate': 0.03364885077617791, 'max_depth': 20, 'min_child_weight': 283, 'eval_metric': 'logloss'}. Best is trial 725 with value: 0.8034700928628958.
start listen on 192.168.1.101:43421
@tracker All of 4 nodes getting started
@tracker All nodes finishes job
Trial 826 finished with value: 0.7950995107464494 and parameters: {'objective': 'binary:logistic', 'tree_method': 'gpu_hist', 'lambda': 7.531160768600866, 'alpha': 0.3568973915698245, 'colsample_bytree': 0.32402663109785496, 'subsample': 0.8927527393955017, 'learning_rate': 0.025741161890535363, 'max_depth': 3, 'min_child_weight': 290, 'eval_metric': 'logloss'}. Best is trial 725 with value: 0.8034700928628958.
start listen on 192.168.1.101:44861
@tracker All of 4 nodes getting started
@tracker All nodes finishes job
Trial 827 finished with value: 0.8032117918106236 and parameters: {'objective': 'binary:logistic', 'tree_method': 'gpu_hist', 'lambda': 0.7158043523589889, 'alpha': 0.2454842939362522, 'colsample_bytree': 0.3287498664263254, 'subsample': 0.909939484022222, 'learning_rate': 0.024928029225124253, 'max_depth': 20, 'min_child_weight': 280, 'eval_metric': 'logloss'}. Best is trial 725 with value: 0.8034700928628958.
start listen on 192.168.1.101:52381
@tracker All of 4 nodes getting started
@tracker All nodes finishes job
Trial 828 finished with value: 0.8032856353919895 and parameters: {'objective': 'binary:logistic', 'tree_method': 'gpu_hist', 'lambda': 6.462647855342587, 'alpha': 0.38570373156477744, 'colsample_bytree': 0.3010571527135147, 'subsample': 0.896607287715063, 'learning_rate': 0.02887195563080537, 'max_depth': 20, 'min_child_weight': 295, 'eval_metric': 'logloss'}. Best is trial 725 with value: 0.8034700928628958.
start listen on 192.168.1.101:46365
@tracker All of 4 nodes getting started
@tracker All nodes finishes job
Trial 829 finished with value: 0.8025410852974939 and parameters: {'objective': 'binary:logistic', 'tree_method': 'gpu_hist', 'lambda': 8.972231534110199, 'alpha': 0.27778933578922815, 'colsample_bytree': 0.335036395169828, 'subsample': 0.8792780688003062, 'learning_rate': 0.025259179026565073, 'max_depth': 13, 'min_child_weight': 233, 'eval_metric': 'logloss'}. Best is trial 725 with value: 0.8034700928628958.
start listen on 192.168.1.101:46529
@tracker All of 4 nodes getting started
@tracker All nodes finishes job
Trial 830 finished with value: 0.8033142338182528 and parameters: {'objective': 'binary:logistic', 'tree_method': 'gpu_hist', 'lambda': 0.01698429907445448, 'alpha': 0.3121877947550632, 'colsample_bytree': 0.31376917966519785, 'subsample': 0.9078291120494871, 'learning_rate': 0.027953277220050296, 'max_depth': 20, 'min_child_weight': 288, 'eval_metric': 'logloss'}. Best is trial 725 with value: 0.8034700928628958.
start listen on 192.168.1.101:37771
@tracker All of 4 nodes getting started
@tracker All nodes finishes job
Trial 831 finished with value: 0.8022124091228767 and parameters: {'objective': 'binary:logistic', 'tree_method': 'gpu_hist', 'lambda': 0.5761791560470043, 'alpha': 0.0509696282398182, 'colsample_bytree': 0.43442719810468766, 'subsample': 0.8663508813181952, 'learning_rate': 0.04510059271667231, 'max_depth': 20, 'min_child_weight': 279, 'eval_metric': 'logloss'}. Best is trial 725 with value: 0.8034700928628958.
start listen on 192.168.1.101:38317
@tracker All of 4 nodes getting started
@tracker All nodes finishes job
Trial 832 finished with value: 0.8025172005927521 and parameters: {'objective': 'binary:logistic', 'tree_method': 'gpu_hist', 'lambda': 5.1831852750645115, 'alpha': 0.24408625510476656, 'colsample_bytree': 0.32525432686539735, 'subsample': 0.8897048223381239, 'learning_rate': 0.03206747202465119, 'max_depth': 20, 'min_child_weight': 175, 'eval_metric': 'logloss'}. Best is trial 725 with value: 0.8034700928628958.
start listen on 192.168.1.101:34947
@tracker All of 4 nodes getting started
@tracker All nodes finishes job
Trial 833 finished with value: 0.8032903119512558 and parameters: {'objective': 'binary:logistic', 'tree_method': 'gpu_hist', 'lambda': 7.97937949276621, 'alpha': 0.057502962162774285, 'colsample_bytree': 0.4556672162670061, 'subsample': 0.8749316684309102, 'learning_rate': 0.024455228124969596, 'max_depth': 20, 'min_child_weight': 285, 'eval_metric': 'logloss'}. Best is trial 725 with value: 0.8034700928628958.
start listen on 192.168.1.101:55261
@tracker All of 4 nodes getting started
@tracker All nodes finishes job
Trial 834 finished with value: 0.8031822446570417 and parameters: {'objective': 'binary:logistic', 'tree_method': 'gpu_hist', 'lambda': 0.00970856813604877, 'alpha': 0.4076631339253871, 'colsample_bytree': 0.33984814509124844, 'subsample': 0.8995950140653645, 'learning_rate': 0.024351701493696646, 'max_depth': 20, 'min_child_weight': 277, 'eval_metric': 'logloss'}. Best is trial 725 with value: 0.8034700928628958.
start listen on 192.168.1.101:45357
@tracker All of 4 nodes getting started
@tracker All nodes finishes job
Trial 835 finished with value: 0.8029419659364547 and parameters: {'objective': 'binary:logistic', 'tree_method': 'gpu_hist', 'lambda': 0.3918869900584368, 'alpha': 0.31967831941838415, 'colsample_bytree': 0.4307611845913042, 'subsample': 0.5899041232267861, 'learning_rate': 0.027485169631176667, 'max_depth': 20, 'min_child_weight': 300, 'eval_metric': 'logloss'}. Best is trial 725 with value: 0.8034700928628958.
start listen on 192.168.1.101:54765
@tracker All of 4 nodes getting started
@tracker All nodes finishes job
Trial 836 finished with value: 0.8034450189659769 and parameters: {'objective': 'binary:logistic', 'tree_method': 'gpu_hist', 'lambda': 2.9652297069939357, 'alpha': 0.06712223417314912, 'colsample_bytree': 0.4641447350765741, 'subsample': 0.8525711426043026, 'learning_rate': 0.024173670766971325, 'max_depth': 20, 'min_child_weight': 290, 'eval_metric': 'logloss'}. Best is trial 725 with value: 0.8034700928628958.
start listen on 192.168.1.101:44909
@tracker All of 4 nodes getting started
@tracker All nodes finishes job
Trial 837 finished with value: 0.8023565191733067 and parameters: {'objective': 'binary:logistic', 'tree_method': 'gpu_hist', 'lambda': 9.909349347570007, 'alpha': 0.04202145349080307, 'colsample_bytree': 0.4735946409426845, 'subsample': 0.8530572485217932, 'learning_rate': 0.0266664679614666, 'max_depth': 11, 'min_child_weight': 295, 'eval_metric': 'logloss'}. Best is trial 725 with value: 0.8034700928628958.
start listen on 192.168.1.101:39405
@tracker All of 4 nodes getting started
@tracker All nodes finishes job
Trial 838 finished with value: 0.8028499159013198 and parameters: {'objective': 'binary:logistic', 'tree_method': 'gpu_hist', 'lambda': 3.194418447613374, 'alpha': 0.053512612112980966, 'colsample_bytree': 0.4608688883230296, 'subsample': 0.8487178416422041, 'learning_rate': 0.029741884767355665, 'max_depth': 17, 'min_child_weight': 291, 'eval_metric': 'logloss'}. Best is trial 725 with value: 0.8034700928628958.
start listen on 192.168.1.101:47167
@tracker All of 4 nodes getting started
@tracker All nodes finishes job
Trial 839 finished with value: 0.8031196467992259 and parameters: {'objective': 'binary:logistic', 'tree_method': 'gpu_hist', 'lambda': 5.709963868075884, 'alpha': 0.04397517588972559, 'colsample_bytree': 0.4733596260304336, 'subsample': 0.8678874951456412, 'learning_rate': 0.02514933194544963, 'max_depth': 20, 'min_child_weight': 290, 'eval_metric': 'logloss'}. Best is trial 725 with value: 0.8034700928628958.
start listen on 192.168.1.101:43521
@tracker All of 4 nodes getting started
@tracker All nodes finishes job
Trial 840 finished with value: 0.8025830151652769 and parameters: {'objective': 'binary:logistic', 'tree_method': 'gpu_hist', 'lambda': 3.84775119092632, 'alpha': 0.06558734189336583, 'colsample_bytree': 0.4537298014928724, 'subsample': 0.8494230295097062, 'learning_rate': 0.023781713639896153, 'max_depth': 20, 'min_child_weight': 79, 'eval_metric': 'logloss'}. Best is trial 725 with value: 0.8034700928628958.
start listen on 192.168.1.101:51625
@tracker All of 4 nodes getting started
@tracker All nodes finishes job
Trial 841 finished with value: 0.803257136355688 and parameters: {'objective': 'binary:logistic', 'tree_method': 'gpu_hist', 'lambda': 2.1786485113480665, 'alpha': 0.26504060648203903, 'colsample_bytree': 0.4603301292742218, 'subsample': 0.8563327806423782, 'learning_rate': 0.027280231752097994, 'max_depth': 20, 'min_child_weight': 295, 'eval_metric': 'logloss'}. Best is trial 725 with value: 0.8034700928628958.
start listen on 192.168.1.101:35907
@tracker All of 4 nodes getting started
@tracker All nodes finishes job
Trial 842 finished with value: 0.8029129423238569 and parameters: {'objective': 'binary:logistic', 'tree_method': 'gpu_hist', 'lambda': 4.060822236788093, 'alpha': 0.054918373553964804, 'colsample_bytree': 0.44560550069567945, 'subsample': 0.8472979733122121, 'learning_rate': 0.0318839500010919, 'max_depth': 20, 'min_child_weight': 288, 'eval_metric': 'logloss'}. Best is trial 725 with value: 0.8034700928628958.
start listen on 192.168.1.101:37789
@tracker All of 4 nodes getting started
@tracker All nodes finishes job
Trial 843 finished with value: 0.796340443627028 and parameters: {'objective': 'binary:logistic', 'tree_method': 'gpu_hist', 'lambda': 2.8565366919626896, 'alpha': 0.39766532440985086, 'colsample_bytree': 0.45980132358802134, 'subsample': 0.8649099071556134, 'learning_rate': 0.004589393301169708, 'max_depth': 20, 'min_child_weight': 285, 'eval_metric': 'logloss'}. Best is trial 725 with value: 0.8034700928628958.
start listen on 192.168.1.101:33389
@tracker All of 4 nodes getting started
@tracker All nodes finishes job
Trial 844 finished with value: 0.8032849993289265 and parameters: {'objective': 'binary:logistic', 'tree_method': 'gpu_hist', 'lambda': 2.462496659885166, 'alpha': 0.06583165699929688, 'colsample_bytree': 0.47871800940845866, 'subsample': 0.9217107328709078, 'learning_rate': 0.02443248482346978, 'max_depth': 20, 'min_child_weight': 295, 'eval_metric': 'logloss'}. Best is trial 725 with value: 0.8034700928628958.
start listen on 192.168.1.101:56153
@tracker All of 4 nodes getting started
@tracker All nodes finishes job
Trial 845 finished with value: 0.8017994028540576 and parameters: {'objective': 'binary:logistic', 'tree_method': 'gpu_hist', 'lambda': 1.6426422231069895, 'alpha': 0.3117979835761336, 'colsample_bytree': 0.4457189584393108, 'subsample': 0.8422623490181856, 'learning_rate': 0.036037849669375406, 'max_depth': 7, 'min_child_weight': 284, 'eval_metric': 'logloss'}. Best is trial 725 with value: 0.8034700928628958.
start listen on 192.168.1.101:36331
@tracker All of 4 nodes getting started
@tracker All nodes finishes job
Trial 846 finished with value: 0.8031674863919719 and parameters: {'objective': 'binary:logistic', 'tree_method': 'gpu_hist', 'lambda': 2.384746461834414, 'alpha': 0.22111491220838234, 'colsample_bytree': 0.4340465754196029, 'subsample': 0.8583117691051071, 'learning_rate': 0.0265248512129985, 'max_depth': 20, 'min_child_weight': 290, 'eval_metric': 'logloss'}. Best is trial 725 with value: 0.8034700928628958.
start listen on 192.168.1.101:34035
@tracker All of 4 nodes getting started
@tracker All nodes finishes job
Trial 847 finished with value: 0.8029353126394403 and parameters: {'objective': 'binary:logistic', 'tree_method': 'gpu_hist', 'lambda': 2.8840370012173704, 'alpha': 0.04584252551227138, 'colsample_bytree': 0.7377887432047776, 'subsample': 0.8708456334579887, 'learning_rate': 0.029483587516462698, 'max_depth': 20, 'min_child_weight': 295, 'eval_metric': 'logloss'}. Best is trial 725 with value: 0.8034700928628958.
start listen on 192.168.1.101:38393
@tracker All of 4 nodes getting started
@tracker All nodes finishes job
Trial 848 finished with value: 0.7985277820570043 and parameters: {'objective': 'binary:logistic', 'tree_method': 'gpu_hist', 'lambda': 7.497785020011202, 'alpha': 0.06813486958736498, 'colsample_bytree': 0.47194111420334983, 'subsample': 0.914212965093511, 'learning_rate': 0.023706531477401198, 'max_depth': 5, 'min_child_weight': 282, 'eval_metric': 'logloss'}. Best is trial 725 with value: 0.8034700928628958.
start listen on 192.168.1.101:38173
@tracker All of 4 nodes getting started
@tracker All nodes finishes job
Trial 849 finished with value: 0.8031398915645683 and parameters: {'objective': 'binary:logistic', 'tree_method': 'gpu_hist', 'lambda': 1.9191530765401767, 'alpha': 0.26592419447814164, 'colsample_bytree': 0.4432908315709721, 'subsample': 0.8414210327775236, 'learning_rate': 0.026849717274168346, 'max_depth': 20, 'min_child_weight': 289, 'eval_metric': 'logloss'}. Best is trial 725 with value: 0.8034700928628958.
start listen on 192.168.1.101:46435
@tracker All of 4 nodes getting started
@tracker All nodes finishes job
Trial 850 finished with value: 0.8027761665878459 and parameters: {'objective': 'binary:logistic', 'tree_method': 'gpu_hist', 'lambda': 1.047928678680844, 'alpha': 0.05480307286319404, 'colsample_bytree': 0.4862469176766547, 'subsample': 0.8561796000189776, 'learning_rate': 0.025378081927110985, 'max_depth': 15, 'min_child_weight': 163, 'eval_metric': 'logloss'}. Best is trial 725 with value: 0.8034700928628958.
start listen on 192.168.1.101:42447
@tracker All of 4 nodes getting started
@tracker All nodes finishes job
Trial 851 finished with value: 0.8032588648909816 and parameters: {'objective': 'binary:logistic', 'tree_method': 'gpu_hist', 'lambda': 4.329328181650666, 'alpha': 0.3383946160015412, 'colsample_bytree': 0.4651498623893946, 'subsample': 0.8941861891367675, 'learning_rate': 0.022794856476146246, 'max_depth': 20, 'min_child_weight': 300, 'eval_metric': 'logloss'}. Best is trial 725 with value: 0.8034700928628958.
start listen on 192.168.1.101:49761
@tracker All of 4 nodes getting started
@tracker All nodes finishes job
Trial 852 finished with value: 0.8030989155461744 and parameters: {'objective': 'binary:logistic', 'tree_method': 'gpu_hist', 'lambda': 5.6651223347499124, 'alpha': 0.4635419353214861, 'colsample_bytree': 0.4250607986108543, 'subsample': 0.8789540561232886, 'learning_rate': 0.0297963388919227, 'max_depth': 20, 'min_child_weight': 281, 'eval_metric': 'logloss'}. Best is trial 725 with value: 0.8034700928628958.
start listen on 192.168.1.101:51051
@tracker All of 4 nodes getting started
@tracker All nodes finishes job
Trial 853 finished with value: 0.8030751552968457 and parameters: {'objective': 'binary:logistic', 'tree_method': 'gpu_hist', 'lambda': 4.6050565412820665, 'alpha': 0.07131689482914634, 'colsample_bytree': 0.44765705305152337, 'subsample': 0.42597866439827614, 'learning_rate': 0.023603965940095954, 'max_depth': 20, 'min_child_weight': 286, 'eval_metric': 'logloss'}. Best is trial 725 with value: 0.8034700928628958.
start listen on 192.168.1.101:33547
@tracker All of 4 nodes getting started
@tracker All nodes finishes job
Trial 854 finished with value: 0.8032807155888687 and parameters: {'objective': 'binary:logistic', 'tree_method': 'gpu_hist', 'lambda': 0.006195685168760718, 'alpha': 0.08685687350578158, 'colsample_bytree': 0.4324652344559273, 'subsample': 0.8640266688412096, 'learning_rate': 0.027741401106731598, 'max_depth': 20, 'min_child_weight': 293, 'eval_metric': 'logloss'}. Best is trial 725 with value: 0.8034700928628958.
start listen on 192.168.1.101:56293
@tracker All of 4 nodes getting started
@tracker All nodes finishes job
Trial 855 finished with value: 0.8017452675828939 and parameters: {'objective': 'binary:logistic', 'tree_method': 'gpu_hist', 'lambda': 1.2641102941705025, 'alpha': 0.04094573403037038, 'colsample_bytree': 0.48058146326844065, 'subsample': 0.9064882803577174, 'learning_rate': 0.02335615240252675, 'max_depth': 9, 'min_child_weight': 279, 'eval_metric': 'logloss'}. Best is trial 725 with value: 0.8034700928628958.
start listen on 192.168.1.101:35935
@tracker All of 4 nodes getting started
@tracker All nodes finishes job
Trial 856 finished with value: 0.80329583365214 and parameters: {'objective': 'binary:logistic', 'tree_method': 'gpu_hist', 'lambda': 0.01219902698422556, 'alpha': 0.22960379427523006, 'colsample_bytree': 0.4584239971948237, 'subsample': 0.8380172110417259, 'learning_rate': 0.025798388469844055, 'max_depth': 20, 'min_child_weight': 287, 'eval_metric': 'logloss'}. Best is trial 725 with value: 0.8034700928628958.
start listen on 192.168.1.101:42401
@tracker All of 4 nodes getting started
@tracker All nodes finishes job
Trial 857 finished with value: 0.8033691308611651 and parameters: {'objective': 'binary:logistic', 'tree_method': 'gpu_hist', 'lambda': 3.4405848400820145, 'alpha': 0.416995081502294, 'colsample_bytree': 0.3117392004023049, 'subsample': 0.8882096149275853, 'learning_rate': 0.022674554773367998, 'max_depth': 20, 'min_child_weight': 276, 'eval_metric': 'logloss'}. Best is trial 725 with value: 0.8034700928628958.
start listen on 192.168.1.101:56361
@tracker All of 4 nodes getting started
@tracker All nodes finishes job
Trial 858 finished with value: 0.796814322433286 and parameters: {'objective': 'binary:logistic', 'tree_method': 'gpu_hist', 'lambda': 6.369429789025572, 'alpha': 0.062340674080219566, 'colsample_bytree': 0.4224680824464658, 'subsample': 0.8494139792114739, 'learning_rate': 0.03142851875490515, 'max_depth': 3, 'min_child_weight': 294, 'eval_metric': 'logloss'}. Best is trial 725 with value: 0.8034700928628958.
start listen on 192.168.1.101:53569
@tracker All of 4 nodes getting started
@tracker All nodes finishes job
Trial 859 finished with value: 0.7998583349317381 and parameters: {'objective': 'binary:logistic', 'tree_method': 'gpu_hist', 'lambda': 0.014065586438605717, 'alpha': 0.050676178029835456, 'colsample_bytree': 0.4383743175385846, 'subsample': 0.877689868972915, 'learning_rate': 0.007478029424182443, 'max_depth': 20, 'min_child_weight': 282, 'eval_metric': 'logloss'}. Best is trial 725 with value: 0.8034700928628958.
start listen on 192.168.1.101:41649
@tracker All of 4 nodes getting started
@tracker All nodes finishes job
Trial 860 finished with value: 0.8033487040443623 and parameters: {'objective': 'binary:logistic', 'tree_method': 'gpu_hist', 'lambda': 3.3739861140550262, 'alpha': 0.07602224196155853, 'colsample_bytree': 0.44722329312979087, 'subsample': 0.901722834000046, 'learning_rate': 0.025651312058794534, 'max_depth': 20, 'min_child_weight': 290, 'eval_metric': 'logloss'}. Best is trial 725 with value: 0.8034700928628958.
start listen on 192.168.1.101:52313
@tracker All of 4 nodes getting started
@tracker All nodes finishes job
Trial 861 finished with value: 0.8000624687816414 and parameters: {'objective': 'binary:logistic', 'tree_method': 'gpu_hist', 'lambda': 1.814565618566556, 'alpha': 0.29217555190115185, 'colsample_bytree': 0.470280059135957, 'subsample': 0.9232308118983784, 'learning_rate': 0.05887775797874065, 'max_depth': 20, 'min_child_weight': 277, 'eval_metric': 'logloss'}. Best is trial 725 with value: 0.8034700928628958.
start listen on 192.168.1.101:47369
@tracker All of 4 nodes getting started
@tracker All nodes finishes job
Trial 862 finished with value: 0.8031716490005134 and parameters: {'objective': 'binary:logistic', 'tree_method': 'gpu_hist', 'lambda': 0.7960882710499919, 'alpha': 0.21037353997434322, 'colsample_bytree': 0.30026975653556554, 'subsample': 0.8347296292816881, 'learning_rate': 0.02889535011294417, 'max_depth': 20, 'min_child_weight': 284, 'eval_metric': 'logloss'}. Best is trial 725 with value: 0.8034700928628958.
start listen on 192.168.1.101:43593
@tracker All of 4 nodes getting started
@tracker All nodes finishes job
