Trial 494 finished with value: 0.7986096084395969 and parameters: {'objective': 'binary:logistic', 'tree_method': 'gpu_hist', 'lambda': 0.026451091542431557, 'alpha': 0.15670392689185525, 'colsample_bytree': 0.4188089955037186, 'subsample': 0.8292073737288093, 'learning_rate': 0.023796252909488166, 'max_depth': 5, 'min_child_weight': 270, 'eval_metric': 'logloss'}. Best is trial 254 with value: 0.8034457656439646.
start listen on 192.168.1.101:58373
@tracker All of 4 nodes getting started
@tracker All nodes finishes job
Trial 495 finished with value: 0.7987863639513071 and parameters: {'objective': 'binary:logistic', 'tree_method': 'gpu_hist', 'lambda': 0.034681172236051654, 'alpha': 0.12852392498007104, 'colsample_bytree': 0.4356673333827188, 'subsample': 0.795504505934554, 'learning_rate': 0.06566800618566947, 'max_depth': 15, 'min_child_weight': 257, 'eval_metric': 'logloss'}. Best is trial 254 with value: 0.8034457656439646.
start listen on 192.168.1.101:43039
@tracker All of 4 nodes getting started
@tracker All nodes finishes job
Trial 496 finished with value: 0.8030934419600579 and parameters: {'objective': 'binary:logistic', 'tree_method': 'gpu_hist', 'lambda': 0.043202834587273566, 'alpha': 1.48169441245749, 'colsample_bytree': 0.3840727891371498, 'subsample': 0.7642223025655704, 'learning_rate': 0.019037123472684287, 'max_depth': 20, 'min_child_weight': 277, 'eval_metric': 'logloss'}. Best is trial 254 with value: 0.8034457656439646.
start listen on 192.168.1.101:36473
@tracker All of 4 nodes getting started
@tracker All nodes finishes job
Trial 497 finished with value: 0.8031639697092033 and parameters: {'objective': 'binary:logistic', 'tree_method': 'gpu_hist', 'lambda': 0.018065327657802048, 'alpha': 0.19696364903587263, 'colsample_bytree': 0.4721195145748527, 'subsample': 0.8136280143241402, 'learning_rate': 0.023046579260809347, 'max_depth': 20, 'min_child_weight': 264, 'eval_metric': 'logloss'}. Best is trial 254 with value: 0.8034457656439646.
start listen on 192.168.1.101:58935
@tracker All of 4 nodes getting started
@tracker All nodes finishes job
Trial 498 finished with value: 0.8013061557013985 and parameters: {'objective': 'binary:logistic', 'tree_method': 'gpu_hist', 'lambda': 0.012684463064718706, 'alpha': 0.15286622985032397, 'colsample_bytree': 0.4041259774242398, 'subsample': 0.7354717064270487, 'learning_rate': 0.021303004733452206, 'max_depth': 9, 'min_child_weight': 281, 'eval_metric': 'logloss'}. Best is trial 254 with value: 0.8034457656439646.
start listen on 192.168.1.101:46221
@tracker All of 4 nodes getting started
@tracker All nodes finishes job
Trial 499 finished with value: 0.8033752861730571 and parameters: {'objective': 'binary:logistic', 'tree_method': 'gpu_hist', 'lambda': 0.02911448141481719, 'alpha': 0.11520458155123987, 'colsample_bytree': 0.45030718433590605, 'subsample': 0.8368240642758719, 'learning_rate': 0.024897605067379893, 'max_depth': 20, 'min_child_weight': 273, 'eval_metric': 'logloss'}. Best is trial 254 with value: 0.8034457656439646.
start listen on 192.168.1.101:36363
@tracker All of 4 nodes getting started
@tracker All nodes finishes job
Trial 500 finished with value: 0.7974222342158297 and parameters: {'objective': 'binary:logistic', 'tree_method': 'gpu_hist', 'lambda': 0.01928258812061237, 'alpha': 0.12408730073591615, 'colsample_bytree': 0.6083025055762219, 'subsample': 0.8461419784560442, 'learning_rate': 0.07536017292106074, 'max_depth': 20, 'min_child_weight': 267, 'eval_metric': 'logloss'}. Best is trial 254 with value: 0.8034457656439646.
start listen on 192.168.1.101:33071
@tracker All of 4 nodes getting started
@tracker All nodes finishes job
Trial 501 finished with value: 0.8031605405920427 and parameters: {'objective': 'binary:logistic', 'tree_method': 'gpu_hist', 'lambda': 0.022770722512174966, 'alpha': 0.17950353128137325, 'colsample_bytree': 0.6483188548316169, 'subsample': 0.8363430588130678, 'learning_rate': 0.028636021109216404, 'max_depth': 20, 'min_child_weight': 258, 'eval_metric': 'logloss'}. Best is trial 254 with value: 0.8034457656439646.
start listen on 192.168.1.101:45629
@tracker All of 4 nodes getting started
@tracker All nodes finishes job
Trial 502 finished with value: 0.7951408724458473 and parameters: {'objective': 'binary:logistic', 'tree_method': 'gpu_hist', 'lambda': 0.02799008769845101, 'alpha': 0.13476059497557089, 'colsample_bytree': 0.452763472081477, 'subsample': 0.8529089483861423, 'learning_rate': 0.025436711286828322, 'max_depth': 3, 'min_child_weight': 273, 'eval_metric': 'logloss'}. Best is trial 254 with value: 0.8034457656439646.
start listen on 192.168.1.101:50035
@tracker All of 4 nodes getting started
@tracker All nodes finishes job
Trial 503 finished with value: 0.8030814955481737 and parameters: {'objective': 'binary:logistic', 'tree_method': 'gpu_hist', 'lambda': 0.023545126557751494, 'alpha': 0.24220068894476657, 'colsample_bytree': 0.47787123873009435, 'subsample': 0.989391435411109, 'learning_rate': 0.025126999195805903, 'max_depth': 20, 'min_child_weight': 265, 'eval_metric': 'logloss'}. Best is trial 254 with value: 0.8034457656439646.
start listen on 192.168.1.101:39829
@tracker All of 4 nodes getting started
@tracker All nodes finishes job
Trial 504 finished with value: 0.8030520668560925 and parameters: {'objective': 'binary:logistic', 'tree_method': 'gpu_hist', 'lambda': 0.03007473200098537, 'alpha': 0.10975187158797962, 'colsample_bytree': 0.46399658119019854, 'subsample': 0.8302501915686165, 'learning_rate': 0.03006633217930847, 'max_depth': 20, 'min_child_weight': 275, 'eval_metric': 'logloss'}. Best is trial 254 with value: 0.8034457656439646.
start listen on 192.168.1.101:60813
@tracker All of 4 nodes getting started
@tracker All nodes finishes job
Trial 505 finished with value: 0.8028911781017757 and parameters: {'objective': 'binary:logistic', 'tree_method': 'gpu_hist', 'lambda': 0.03675107690854726, 'alpha': 0.16647885198857526, 'colsample_bytree': 0.44664692494532704, 'subsample': 0.8620607261054469, 'learning_rate': 0.032274309296158925, 'max_depth': 20, 'min_child_weight': 270, 'eval_metric': 'logloss'}. Best is trial 254 with value: 0.8034457656439646.
start listen on 192.168.1.101:55891
@tracker All of 4 nodes getting started
@tracker All nodes finishes job
Trial 506 finished with value: 0.80242937272385 and parameters: {'objective': 'binary:logistic', 'tree_method': 'gpu_hist', 'lambda': 0.029154335797388953, 'alpha': 0.11052756305174738, 'colsample_bytree': 0.4912222028030765, 'subsample': 0.8199185312465455, 'learning_rate': 0.02588484141727792, 'max_depth': 13, 'min_child_weight': 260, 'eval_metric': 'logloss'}. Best is trial 254 with value: 0.8034457656439646.
start listen on 192.168.1.101:55007
@tracker All of 4 nodes getting started
@tracker All nodes finishes job
Trial 507 finished with value: 0.8032810928783956 and parameters: {'objective': 'binary:logistic', 'tree_method': 'gpu_hist', 'lambda': 0.014055492030248092, 'alpha': 0.14427569671555315, 'colsample_bytree': 0.3733723866427036, 'subsample': 0.8374435834451733, 'learning_rate': 0.023999490979714076, 'max_depth': 20, 'min_child_weight': 276, 'eval_metric': 'logloss'}. Best is trial 254 with value: 0.8034457656439646.
start listen on 192.168.1.101:48673
@tracker All of 4 nodes getting started
@tracker All nodes finishes job
Trial 508 finished with value: 0.8031968037062667 and parameters: {'objective': 'binary:logistic', 'tree_method': 'gpu_hist', 'lambda': 0.024286947805800065, 'alpha': 0.2952651984260741, 'colsample_bytree': 0.4559978331316927, 'subsample': 0.8460668427637843, 'learning_rate': 0.023069410833145464, 'max_depth': 20, 'min_child_weight': 268, 'eval_metric': 'logloss'}. Best is trial 254 with value: 0.8034457656439646.
start listen on 192.168.1.101:57841
@tracker All of 4 nodes getting started
@tracker All nodes finishes job
Trial 509 finished with value: 0.8031666061042324 and parameters: {'objective': 'binary:logistic', 'tree_method': 'gpu_hist', 'lambda': 0.03684474970162967, 'alpha': 1.034450218191373, 'colsample_bytree': 0.5229817074369912, 'subsample': 0.8224572722203707, 'learning_rate': 0.028802764717070595, 'max_depth': 20, 'min_child_weight': 287, 'eval_metric': 'logloss'}. Best is trial 254 with value: 0.8034457656439646.
start listen on 192.168.1.101:46153
@tracker All of 4 nodes getting started
@tracker All nodes finishes job
Trial 510 finished with value: 0.8028753429486468 and parameters: {'objective': 'binary:logistic', 'tree_method': 'gpu_hist', 'lambda': 0.031511278929048626, 'alpha': 0.2027364737560243, 'colsample_bytree': 0.48136641510128325, 'subsample': 0.831856250621654, 'learning_rate': 0.027438533186385887, 'max_depth': 17, 'min_child_weight': 280, 'eval_metric': 'logloss'}. Best is trial 254 with value: 0.8034457656439646.
start listen on 192.168.1.101:55085
@tracker All of 4 nodes getting started
@tracker All nodes finishes job
Trial 511 finished with value: 0.8033195768460641 and parameters: {'objective': 'binary:logistic', 'tree_method': 'gpu_hist', 'lambda': 0.15206224468961133, 'alpha': 0.12440232997775787, 'colsample_bytree': 0.3911197111542748, 'subsample': 0.8554644567265988, 'learning_rate': 0.022173391986654578, 'max_depth': 20, 'min_child_weight': 272, 'eval_metric': 'logloss'}. Best is trial 254 with value: 0.8034457656439646.
start listen on 192.168.1.101:59511
@tracker All of 4 nodes getting started
@tracker All nodes finishes job
Trial 512 finished with value: 0.8032739944516663 and parameters: {'objective': 'binary:logistic', 'tree_method': 'gpu_hist', 'lambda': 0.02095604252853407, 'alpha': 0.10205227257830338, 'colsample_bytree': 0.44454032518545916, 'subsample': 0.8669316588989037, 'learning_rate': 0.025195822211872953, 'max_depth': 20, 'min_child_weight': 252, 'eval_metric': 'logloss'}. Best is trial 254 with value: 0.8034457656439646.
start listen on 192.168.1.101:41103
@tracker All of 4 nodes getting started
@tracker All nodes finishes job
Trial 513 finished with value: 0.8018829176672223 and parameters: {'objective': 'binary:logistic', 'tree_method': 'gpu_hist', 'lambda': 0.04739836059423503, 'alpha': 0.154789727390821, 'colsample_bytree': 0.5073855996829563, 'subsample': 0.8160021497541509, 'learning_rate': 0.019849998910082257, 'max_depth': 11, 'min_child_weight': 265, 'eval_metric': 'logloss'}. Best is trial 254 with value: 0.8034457656439646.
start listen on 192.168.1.101:52571
@tracker All of 4 nodes getting started
@tracker All nodes finishes job
Trial 514 finished with value: 0.8032134854177564 and parameters: {'objective': 'binary:logistic', 'tree_method': 'gpu_hist', 'lambda': 0.12430679534344212, 'alpha': 0.09241751883237756, 'colsample_bytree': 0.41763168355846464, 'subsample': 0.843294351418249, 'learning_rate': 0.02691084737283738, 'max_depth': 20, 'min_child_weight': 292, 'eval_metric': 'logloss'}. Best is trial 254 with value: 0.8034457656439646.
start listen on 192.168.1.101:49057
@tracker All of 4 nodes getting started
@tracker All nodes finishes job
Trial 515 finished with value: 0.8032076886507931 and parameters: {'objective': 'binary:logistic', 'tree_method': 'gpu_hist', 'lambda': 0.03498239897632736, 'alpha': 0.12051191674674738, 'colsample_bytree': 0.4687867343505309, 'subsample': 0.9005165708835964, 'learning_rate': 0.02362482750670979, 'max_depth': 20, 'min_child_weight': 278, 'eval_metric': 'logloss'}. Best is trial 254 with value: 0.8034457656439646.
start listen on 192.168.1.101:51817
@tracker All of 4 nodes getting started
@tracker All nodes finishes job
Trial 516 finished with value: 0.8021554999236445 and parameters: {'objective': 'binary:logistic', 'tree_method': 'gpu_hist', 'lambda': 0.01653650626963634, 'alpha': 0.19627956268911542, 'colsample_bytree': 0.42941465570423903, 'subsample': 0.8048229438737303, 'learning_rate': 0.04104620804292688, 'max_depth': 20, 'min_child_weight': 285, 'eval_metric': 'logloss'}. Best is trial 254 with value: 0.8034457656439646.
start listen on 192.168.1.101:58389
@tracker All of 4 nodes getting started
@tracker All nodes finishes job
Trial 517 finished with value: 0.8032338662449057 and parameters: {'objective': 'binary:logistic', 'tree_method': 'gpu_hist', 'lambda': 0.027498976135065734, 'alpha': 0.5737218548758978, 'colsample_bytree': 0.40667483096328516, 'subsample': 0.8281836634146413, 'learning_rate': 0.021111342275153603, 'max_depth': 20, 'min_child_weight': 262, 'eval_metric': 'logloss'}. Best is trial 254 with value: 0.8034457656439646.
start listen on 192.168.1.101:48223
@tracker All of 4 nodes getting started
@tracker All nodes finishes job
Trial 518 finished with value: 0.7937986937790412 and parameters: {'objective': 'binary:logistic', 'tree_method': 'gpu_hist', 'lambda': 0.04998033622918322, 'alpha': 0.0899797979534406, 'colsample_bytree': 0.3715953982679234, 'subsample': 0.858117362626448, 'learning_rate': 0.0029001468665646665, 'max_depth': 20, 'min_child_weight': 273, 'eval_metric': 'logloss'}. Best is trial 254 with value: 0.8034457656439646.
start listen on 192.168.1.101:50127
@tracker All of 4 nodes getting started
@tracker All nodes finishes job
Trial 519 finished with value: 0.802929017070003 and parameters: {'objective': 'binary:logistic', 'tree_method': 'gpu_hist', 'lambda': 0.04172843643344296, 'alpha': 0.13304187045012064, 'colsample_bytree': 0.392515003081055, 'subsample': 0.8796313905387964, 'learning_rate': 0.01767343930787559, 'max_depth': 20, 'min_child_weight': 282, 'eval_metric': 'logloss'}. Best is trial 254 with value: 0.8034457656439646.
start listen on 192.168.1.101:34869
@tracker All of 4 nodes getting started
@tracker All nodes finishes job
Trial 520 finished with value: 0.8025043179862751 and parameters: {'objective': 'binary:logistic', 'tree_method': 'gpu_hist', 'lambda': 0.06570258353633569, 'alpha': 0.23759658252435112, 'colsample_bytree': 0.8069829113930582, 'subsample': 0.6812686973059038, 'learning_rate': 0.03206300710117343, 'max_depth': 20, 'min_child_weight': 256, 'eval_metric': 'logloss'}. Best is trial 254 with value: 0.8034457656439646.
start listen on 192.168.1.101:34073
@tracker All of 4 nodes getting started
@tracker All nodes finishes job
Trial 521 finished with value: 0.8008614409287538 and parameters: {'objective': 'binary:logistic', 'tree_method': 'gpu_hist', 'lambda': 0.09253726571131714, 'alpha': 0.1099474174406426, 'colsample_bytree': 0.7698361587534055, 'subsample': 0.7238273715247728, 'learning_rate': 0.024759527706160214, 'max_depth': 7, 'min_child_weight': 269, 'eval_metric': 'logloss'}. Best is trial 254 with value: 0.8034457656439646.
start listen on 192.168.1.101:35417
@tracker All of 4 nodes getting started
@tracker All nodes finishes job
Trial 522 finished with value: 0.8031311788138175 and parameters: {'objective': 'binary:logistic', 'tree_method': 'gpu_hist', 'lambda': 0.036870118016948734, 'alpha': 0.17737741485695174, 'colsample_bytree': 0.43208683060465547, 'subsample': 0.8106047152212847, 'learning_rate': 0.02755190995196823, 'max_depth': 20, 'min_child_weight': 276, 'eval_metric': 'logloss'}. Best is trial 254 with value: 0.8034457656439646.
start listen on 192.168.1.101:46413
@tracker All of 4 nodes getting started
@tracker All nodes finishes job
Trial 523 finished with value: 0.7932673462146035 and parameters: {'objective': 'binary:logistic', 'tree_method': 'gpu_hist', 'lambda': 0.053434275841184355, 'alpha': 0.0335818799954802, 'colsample_bytree': 0.4161198627617639, 'subsample': 0.9342166660680855, 'learning_rate': 0.001251664282270995, 'max_depth': 20, 'min_child_weight': 290, 'eval_metric': 'logloss'}. Best is trial 254 with value: 0.8034457656439646.
start listen on 192.168.1.101:43089
@tracker All of 4 nodes getting started
@tracker All nodes finishes job
Trial 524 finished with value: 0.803292174041811 and parameters: {'objective': 'binary:logistic', 'tree_method': 'gpu_hist', 'lambda': 0.023545638437805518, 'alpha': 0.08747839292174969, 'colsample_bytree': 0.44551655097900783, 'subsample': 0.8408686261054565, 'learning_rate': 0.022260315564465546, 'max_depth': 20, 'min_child_weight': 262, 'eval_metric': 'logloss'}. Best is trial 254 with value: 0.8034457656439646.
start listen on 192.168.1.101:53743
@tracker All of 4 nodes getting started
@tracker All nodes finishes job
Trial 525 finished with value: 0.8032605566454505 and parameters: {'objective': 'binary:logistic', 'tree_method': 'gpu_hist', 'lambda': 0.03054715993808438, 'alpha': 0.10092444469031456, 'colsample_bytree': 0.4964434723457076, 'subsample': 0.7998883024540019, 'learning_rate': 0.019623331649250186, 'max_depth': 20, 'min_child_weight': 272, 'eval_metric': 'logloss'}. Best is trial 254 with value: 0.8034457656439646.
start listen on 192.168.1.101:58279
@tracker All of 4 nodes getting started
@tracker All nodes finishes job
Trial 526 finished with value: 0.8028400885553534 and parameters: {'objective': 'binary:logistic', 'tree_method': 'gpu_hist', 'lambda': 0.0023653591107892307, 'alpha': 0.007307848333754798, 'colsample_bytree': 0.4626919846354439, 'subsample': 0.8246419007591249, 'learning_rate': 0.023018778483509226, 'max_depth': 15, 'min_child_weight': 286, 'eval_metric': 'logloss'}. Best is trial 254 with value: 0.8034457656439646.
start listen on 192.168.1.101:39941
@tracker All of 4 nodes getting started
@tracker All nodes finishes job
Trial 527 finished with value: 0.7993248508645473 and parameters: {'objective': 'binary:logistic', 'tree_method': 'gpu_hist', 'lambda': 0.08398772560749607, 'alpha': 0.14735287033500272, 'colsample_bytree': 0.3796963290490133, 'subsample': 0.7523616858838853, 'learning_rate': 0.025864996430419188, 'max_depth': 5, 'min_child_weight': 279, 'eval_metric': 'logloss'}. Best is trial 254 with value: 0.8034457656439646.
start listen on 192.168.1.101:37077
@tracker All of 4 nodes getting started
@tracker All nodes finishes job
Trial 528 finished with value: 0.8031025212112938 and parameters: {'objective': 'binary:logistic', 'tree_method': 'gpu_hist', 'lambda': 0.04094736252997208, 'alpha': 0.020434959936672624, 'colsample_bytree': 0.40123659464713984, 'subsample': 0.8522285353265504, 'learning_rate': 0.02963241634648542, 'max_depth': 20, 'min_child_weight': 295, 'eval_metric': 'logloss'}. Best is trial 254 with value: 0.8034457656439646.
start listen on 192.168.1.101:42585
@tracker All of 4 nodes getting started
@tracker All nodes finishes job
Trial 529 finished with value: 0.8030658362346323 and parameters: {'objective': 'binary:logistic', 'tree_method': 'gpu_hist', 'lambda': 0.02010580360505579, 'alpha': 0.0496839468765514, 'colsample_bytree': 0.47809818241388197, 'subsample': 0.7125567959142666, 'learning_rate': 0.020825188526826983, 'max_depth': 20, 'min_child_weight': 268, 'eval_metric': 'logloss'}. Best is trial 254 with value: 0.8034457656439646.
start listen on 192.168.1.101:37917
@tracker All of 4 nodes getting started
@tracker All nodes finishes job
Trial 530 finished with value: 0.8032423845749413 and parameters: {'objective': 'binary:logistic', 'tree_method': 'gpu_hist', 'lambda': 0.033494340383879835, 'alpha': 0.08188182970454491, 'colsample_bytree': 0.42434669405868053, 'subsample': 0.6343630790426221, 'learning_rate': 0.024202123822067687, 'max_depth': 20, 'min_child_weight': 300, 'eval_metric': 'logloss'}. Best is trial 254 with value: 0.8034457656439646.
start listen on 192.168.1.101:36167
@tracker All of 4 nodes getting started
@tracker All nodes finishes job
Trial 531 finished with value: 0.8000789798845945 and parameters: {'objective': 'binary:logistic', 'tree_method': 'gpu_hist', 'lambda': 0.11524260149168442, 'alpha': 0.12863843756496304, 'colsample_bytree': 0.439603972461608, 'subsample': 0.8726251770489605, 'learning_rate': 0.01651950170485585, 'max_depth': 9, 'min_child_weight': 283, 'eval_metric': 'logloss'}. Best is trial 254 with value: 0.8034457656439646.
start listen on 192.168.1.101:44117
@tracker All of 4 nodes getting started
@tracker All nodes finishes job
Trial 532 finished with value: 0.8031569196152022 and parameters: {'objective': 'binary:logistic', 'tree_method': 'gpu_hist', 'lambda': 0.015323144504353675, 'alpha': 0.16254889890409333, 'colsample_bytree': 0.3901100841540018, 'subsample': 0.8355550642954424, 'learning_rate': 0.018871189687680683, 'max_depth': 20, 'min_child_weight': 275, 'eval_metric': 'logloss'}. Best is trial 254 with value: 0.8034457656439646.
start listen on 192.168.1.101:53889
@tracker All of 4 nodes getting started
@tracker All nodes finishes job
Trial 533 finished with value: 0.8013900520543189 and parameters: {'objective': 'binary:logistic', 'tree_method': 'gpu_hist', 'lambda': 0.025734544371975417, 'alpha': 0.024090271500888844, 'colsample_bytree': 0.4144090164901397, 'subsample': 0.818611744390265, 'learning_rate': 0.027555915892679306, 'max_depth': 20, 'min_child_weight': 17, 'eval_metric': 'logloss'}. Best is trial 254 with value: 0.8034457656439646.
start listen on 192.168.1.101:51469
@tracker All of 4 nodes getting started
@tracker All nodes finishes job
Trial 534 finished with value: 0.8032909051850916 and parameters: {'objective': 'binary:logistic', 'tree_method': 'gpu_hist', 'lambda': 0.001433446123574723, 'alpha': 0.31540172681255907, 'colsample_bytree': 0.3593323651098779, 'subsample': 0.8642886077505327, 'learning_rate': 0.022169075416871846, 'max_depth': 20, 'min_child_weight': 262, 'eval_metric': 'logloss'}. Best is trial 254 with value: 0.8034457656439646.
start listen on 192.168.1.101:36117
@tracker All of 4 nodes getting started
@tracker All nodes finishes job
