Trial 83 finished with value: 0.8033219650931287 and parameters: {'objective': 'binary:logistic', 'tree_method': 'gpu_hist', 'lambda': 0.37134541569766244, 'alpha': 0.04510641652162019, 'colsample_bytree': 0.47072689968047027, 'subsample': 0.7862885295700885, 'learning_rate': 0.01988506423027376, 'max_depth': 20, 'min_child_weight': 222, 'eval_metric': 'logloss'}. Best is trial 83 with value: 0.8033219650931287.
start listen on 192.168.1.101:36711
@tracker All of 4 nodes getting started
@tracker All nodes finishes job
Trial 84 finished with value: 0.8032539873176967 and parameters: {'objective': 'binary:logistic', 'tree_method': 'gpu_hist', 'lambda': 0.4146183409275517, 'alpha': 0.17556120437733458, 'colsample_bytree': 0.466558085026136, 'subsample': 0.7872019065538189, 'learning_rate': 0.02250449350273966, 'max_depth': 20, 'min_child_weight': 252, 'eval_metric': 'logloss'}. Best is trial 83 with value: 0.8033219650931287.
start listen on 192.168.1.101:48141
@tracker All of 4 nodes getting started
@tracker All nodes finishes job
Trial 85 finished with value: 0.8023722659979662 and parameters: {'objective': 'binary:logistic', 'tree_method': 'gpu_hist', 'lambda': 0.42328226585526607, 'alpha': 0.18721120226181512, 'colsample_bytree': 0.4237649565545733, 'subsample': 0.7996493214042998, 'learning_rate': 0.03904211279616431, 'max_depth': 20, 'min_child_weight': 257, 'eval_metric': 'logloss'}. Best is trial 83 with value: 0.8033219650931287.
start listen on 192.168.1.101:43213
@tracker All of 4 nodes getting started
@tracker All nodes finishes job
Trial 86 finished with value: 0.8024249188656662 and parameters: {'objective': 'binary:logistic', 'tree_method': 'gpu_hist', 'lambda': 0.10399338673615595, 'alpha': 0.10286124760209739, 'colsample_bytree': 0.47065371201165995, 'subsample': 0.7867233149962787, 'learning_rate': 0.026628883570042523, 'max_depth': 11, 'min_child_weight': 225, 'eval_metric': 'logloss'}. Best is trial 83 with value: 0.8033219650931287.
start listen on 192.168.1.101:44381
@tracker All of 4 nodes getting started
@tracker All nodes finishes job
Trial 87 finished with value: 0.8029041654382458 and parameters: {'objective': 'binary:logistic', 'tree_method': 'gpu_hist', 'lambda': 0.30604812022326267, 'alpha': 0.04038260123470376, 'colsample_bytree': 0.5481129377238102, 'subsample': 0.8315119342652298, 'learning_rate': 0.022230018007672086, 'max_depth': 17, 'min_child_weight': 278, 'eval_metric': 'logloss'}. Best is trial 83 with value: 0.8033219650931287.
start listen on 192.168.1.101:39307
@tracker All of 4 nodes getting started
@tracker All nodes finishes job
Trial 88 finished with value: 0.8031278659240633 and parameters: {'objective': 'binary:logistic', 'tree_method': 'gpu_hist', 'lambda': 0.24050057621922247, 'alpha': 0.07120265830685554, 'colsample_bytree': 0.4512870014145116, 'subsample': 0.7546217588971541, 'learning_rate': 0.01952239624741213, 'max_depth': 20, 'min_child_weight': 243, 'eval_metric': 'logloss'}. Best is trial 83 with value: 0.8033219650931287.
start listen on 192.168.1.101:35803
@tracker All of 4 nodes getting started
@tracker All nodes finishes job
Trial 89 finished with value: 0.803225042388819 and parameters: {'objective': 'binary:logistic', 'tree_method': 'gpu_hist', 'lambda': 0.1931903758251221, 'alpha': 0.026660689528723393, 'colsample_bytree': 0.5089501102907638, 'subsample': 0.7548620298974552, 'learning_rate': 0.019559494473744492, 'max_depth': 20, 'min_child_weight': 249, 'eval_metric': 'logloss'}. Best is trial 83 with value: 0.8033219650931287.
start listen on 192.168.1.101:57105
@tracker All of 4 nodes getting started
@tracker All nodes finishes job
Trial 90 finished with value: 0.801020718846416 and parameters: {'objective': 'binary:logistic', 'tree_method': 'gpu_hist', 'lambda': 0.15412629844413142, 'alpha': 0.02613381962485968, 'colsample_bytree': 0.429356884000669, 'subsample': 0.7877804922481593, 'learning_rate': 0.04809348809398336, 'max_depth': 20, 'min_child_weight': 244, 'eval_metric': 'logloss'}. Best is trial 83 with value: 0.8033219650931287.
start listen on 192.168.1.101:35571
@tracker All of 4 nodes getting started
@tracker All nodes finishes job
Trial 91 finished with value: 0.802700772381398 and parameters: {'objective': 'binary:logistic', 'tree_method': 'gpu_hist', 'lambda': 0.21936424716211936, 'alpha': 0.04789690034759352, 'colsample_bytree': 0.5219455497199919, 'subsample': 0.7546661982483208, 'learning_rate': 0.0146023129792395, 'max_depth': 20, 'min_child_weight': 259, 'eval_metric': 'logloss'}. Best is trial 83 with value: 0.8033219650931287.
start listen on 192.168.1.101:38383
@tracker All of 4 nodes getting started
@tracker All nodes finishes job
Trial 92 finished with value: 0.8031999356343631 and parameters: {'objective': 'binary:logistic', 'tree_method': 'gpu_hist', 'lambda': 0.256855332348609, 'alpha': 0.08270213226478437, 'colsample_bytree': 0.5033716324841989, 'subsample': 0.7734827468709982, 'learning_rate': 0.019556921333303987, 'max_depth': 20, 'min_child_weight': 271, 'eval_metric': 'logloss'}. Best is trial 83 with value: 0.8033219650931287.
start listen on 192.168.1.101:37745
@tracker All of 4 nodes getting started
@tracker All nodes finishes job
Trial 93 finished with value: 0.8032288588761769 and parameters: {'objective': 'binary:logistic', 'tree_method': 'gpu_hist', 'lambda': 0.19125147184138044, 'alpha': 0.0331725563924905, 'colsample_bytree': 0.485695837889566, 'subsample': 0.7786499610274925, 'learning_rate': 0.019410558439603508, 'max_depth': 20, 'min_child_weight': 254, 'eval_metric': 'logloss'}. Best is trial 83 with value: 0.8033219650931287.
start listen on 192.168.1.101:35329
@tracker All of 4 nodes getting started
@tracker All nodes finishes job
Trial 94 finished with value: 0.8032002563086649 and parameters: {'objective': 'binary:logistic', 'tree_method': 'gpu_hist', 'lambda': 0.18006708963124057, 'alpha': 0.03183087853500444, 'colsample_bytree': 0.48554036445376475, 'subsample': 0.8106193199989201, 'learning_rate': 0.020982372894936263, 'max_depth': 20, 'min_child_weight': 287, 'eval_metric': 'logloss'}. Best is trial 83 with value: 0.8033219650931287.
start listen on 192.168.1.101:47371
@tracker All of 4 nodes getting started
@tracker All nodes finishes job
Trial 95 finished with value: 0.800108114003137 and parameters: {'objective': 'binary:logistic', 'tree_method': 'gpu_hist', 'lambda': 0.19486135546653757, 'alpha': 0.034023800690417424, 'colsample_bytree': 0.5105068297590124, 'subsample': 0.8495333275463341, 'learning_rate': 0.07972980599171452, 'max_depth': 7, 'min_child_weight': 297, 'eval_metric': 'logloss'}. Best is trial 83 with value: 0.8033219650931287.
start listen on 192.168.1.101:60611
@tracker All of 4 nodes getting started
@tracker All nodes finishes job
Trial 96 finished with value: 0.8030179066242233 and parameters: {'objective': 'binary:logistic', 'tree_method': 'gpu_hist', 'lambda': 0.08525814768312458, 'alpha': 0.017852037046630048, 'colsample_bytree': 0.47428633463534464, 'subsample': 0.8073039021118957, 'learning_rate': 0.02854087163756857, 'max_depth': 20, 'min_child_weight': 269, 'eval_metric': 'logloss'}. Best is trial 83 with value: 0.8033219650931287.
start listen on 192.168.1.101:47635
@tracker All of 4 nodes getting started
@tracker All nodes finishes job
Trial 97 finished with value: 0.8031451939427569 and parameters: {'objective': 'binary:logistic', 'tree_method': 'gpu_hist', 'lambda': 0.05551427561449866, 'alpha': 0.020737360896651492, 'colsample_bytree': 0.49629426678489386, 'subsample': 0.7704419812307743, 'learning_rate': 0.025689224126650635, 'max_depth': 20, 'min_child_weight': 287, 'eval_metric': 'logloss'}. Best is trial 83 with value: 0.8033219650931287.
start listen on 192.168.1.101:37089
@tracker All of 4 nodes getting started
@tracker All nodes finishes job
Trial 98 finished with value: 0.8027078709171077 and parameters: {'objective': 'binary:logistic', 'tree_method': 'gpu_hist', 'lambda': 0.06357080134692562, 'alpha': 0.030197434993445512, 'colsample_bytree': 0.48931806979551923, 'subsample': 0.8183438614815571, 'learning_rate': 0.025778456369712557, 'max_depth': 15, 'min_child_weight': 285, 'eval_metric': 'logloss'}. Best is trial 83 with value: 0.8033219650931287.
start listen on 192.168.1.101:59273
@tracker All of 4 nodes getting started
@tracker All nodes finishes job
Trial 99 finished with value: 0.8008828897075837 and parameters: {'objective': 'binary:logistic', 'tree_method': 'gpu_hist', 'lambda': 0.400603128680968, 'alpha': 0.021181234872615275, 'colsample_bytree': 0.5393186531391811, 'subsample': 0.7401450188077188, 'learning_rate': 0.03541259885705814, 'max_depth': 5, 'min_child_weight': 288, 'eval_metric': 'logloss'}. Best is trial 83 with value: 0.8033219650931287.
start listen on 192.168.1.101:47519
@tracker All of 4 nodes getting started
@tracker All nodes finishes job
Trial 100 finished with value: 0.8031560443405531 and parameters: {'objective': 'binary:logistic', 'tree_method': 'gpu_hist', 'lambda': 0.2823896068009694, 'alpha': 0.052786482377465214, 'colsample_bytree': 0.49948140136517305, 'subsample': 0.7722095580304563, 'learning_rate': 0.029786683736543567, 'max_depth': 20, 'min_child_weight': 269, 'eval_metric': 'logloss'}. Best is trial 83 with value: 0.8033219650931287.
start listen on 192.168.1.101:42045
@tracker All of 4 nodes getting started
@tracker All nodes finishes job
Trial 101 finished with value: 0.8031097887208367 and parameters: {'objective': 'binary:logistic', 'tree_method': 'gpu_hist', 'lambda': 0.27471828470754767, 'alpha': 0.04096361672422327, 'colsample_bytree': 0.49479295125771433, 'subsample': 0.7720970506991542, 'learning_rate': 0.030394423663266217, 'max_depth': 20, 'min_child_weight': 269, 'eval_metric': 'logloss'}. Best is trial 83 with value: 0.8033219650931287.
start listen on 192.168.1.101:41595
@tracker All of 4 nodes getting started
@tracker All nodes finishes job
Trial 102 finished with value: 0.8032783168797027 and parameters: {'objective': 'binary:logistic', 'tree_method': 'gpu_hist', 'lambda': 0.1779932086330732, 'alpha': 0.10828370358063642, 'colsample_bytree': 0.5260038940501459, 'subsample': 0.7782655530523035, 'learning_rate': 0.022614423014342765, 'max_depth': 20, 'min_child_weight': 253, 'eval_metric': 'logloss'}. Best is trial 83 with value: 0.8033219650931287.
start listen on 192.168.1.101:36021
@tracker All of 4 nodes getting started
@tracker All nodes finishes job
Trial 103 finished with value: 0.8022437967889301 and parameters: {'objective': 'binary:logistic', 'tree_method': 'gpu_hist', 'lambda': 0.18148787776796393, 'alpha': 0.08911408591389236, 'colsample_bytree': 0.5236401510881792, 'subsample': 0.765828705884931, 'learning_rate': 0.0379454790519247, 'max_depth': 20, 'min_child_weight': 277, 'eval_metric': 'logloss'}. Best is trial 83 with value: 0.8033219650931287.
start listen on 192.168.1.101:49005
@tracker All of 4 nodes getting started
@tracker All nodes finishes job
Trial 104 finished with value: 0.8032580152266844 and parameters: {'objective': 'binary:logistic', 'tree_method': 'gpu_hist', 'lambda': 0.11881031017527736, 'alpha': 0.05410214500625725, 'colsample_bytree': 0.5022185672133883, 'subsample': 0.7788608572680448, 'learning_rate': 0.02278068163277384, 'max_depth': 20, 'min_child_weight': 254, 'eval_metric': 'logloss'}. Best is trial 83 with value: 0.8033219650931287.
start listen on 192.168.1.101:36605
@tracker All of 4 nodes getting started
@tracker All nodes finishes job
Trial 105 finished with value: 0.8032317722989293 and parameters: {'objective': 'binary:logistic', 'tree_method': 'gpu_hist', 'lambda': 0.1268864102863744, 'alpha': 0.05440235128882311, 'colsample_bytree': 0.47978394079977177, 'subsample': 0.8093603306874739, 'learning_rate': 0.02261806519869591, 'max_depth': 20, 'min_child_weight': 255, 'eval_metric': 'logloss'}. Best is trial 83 with value: 0.8033219650931287.
start listen on 192.168.1.101:39187
@tracker All of 4 nodes getting started
@tracker All nodes finishes job
Trial 106 finished with value: 0.801193869292398 and parameters: {'objective': 'binary:logistic', 'tree_method': 'gpu_hist', 'lambda': 0.13841803045847262, 'alpha': 0.1842933638837882, 'colsample_bytree': 0.48230598545727543, 'subsample': 0.798895609330134, 'learning_rate': 0.020365276702394356, 'max_depth': 9, 'min_child_weight': 253, 'eval_metric': 'logloss'}. Best is trial 83 with value: 0.8033219650931287.
start listen on 192.168.1.101:42539
@tracker All of 4 nodes getting started
@tracker All nodes finishes job
Trial 107 finished with value: 0.8030266655280981 and parameters: {'objective': 'binary:logistic', 'tree_method': 'gpu_hist', 'lambda': 0.16506449352011054, 'alpha': 0.11198780954541225, 'colsample_bytree': 0.5709733121128464, 'subsample': 0.7097655350550386, 'learning_rate': 0.023125594489458876, 'max_depth': 20, 'min_child_weight': 263, 'eval_metric': 'logloss'}. Best is trial 83 with value: 0.8033219650931287.
start listen on 192.168.1.101:49969
@tracker All of 4 nodes getting started
@tracker All nodes finishes job
Trial 108 finished with value: 0.7942162688256876 and parameters: {'objective': 'binary:logistic', 'tree_method': 'gpu_hist', 'lambda': 0.11227259560802101, 'alpha': 0.028405744913794263, 'colsample_bytree': 0.5495835156552713, 'subsample': 0.8408125807051992, 'learning_rate': 0.021615560982431045, 'max_depth': 3, 'min_child_weight': 252, 'eval_metric': 'logloss'}. Best is trial 83 with value: 0.8033219650931287.
start listen on 192.168.1.101:40123
@tracker All of 4 nodes getting started
@tracker All nodes finishes job
Trial 109 finished with value: 0.8010502722118709 and parameters: {'objective': 'binary:logistic', 'tree_method': 'gpu_hist', 'lambda': 0.07991300029119265, 'alpha': 0.13975352090765567, 'colsample_bytree': 0.5285437448616341, 'subsample': 0.8645480638218889, 'learning_rate': 0.01362905035685239, 'max_depth': 13, 'min_child_weight': 231, 'eval_metric': 'logloss'}. Best is trial 83 with value: 0.8033219650931287.
start listen on 192.168.1.101:57125
@tracker All of 4 nodes getting started
@tracker All nodes finishes job
Trial 110 finished with value: 0.8029855141060374 and parameters: {'objective': 'binary:logistic', 'tree_method': 'gpu_hist', 'lambda': 0.3716441883771364, 'alpha': 0.2604878733801443, 'colsample_bytree': 0.43962864475044783, 'subsample': 0.8108586892072529, 'learning_rate': 0.0160395883457718, 'max_depth': 20, 'min_child_weight': 231, 'eval_metric': 'logloss'}. Best is trial 83 with value: 0.8033219650931287.
start listen on 192.168.1.101:60343
@tracker All of 4 nodes getting started
@tracker All nodes finishes job
Trial 111 finished with value: 0.8028953380403018 and parameters: {'objective': 'binary:logistic', 'tree_method': 'gpu_hist', 'lambda': 0.49690801219743336, 'alpha': 0.04488991950899165, 'colsample_bytree': 0.5085816681300277, 'subsample': 0.7798197177305882, 'learning_rate': 0.03217610386234403, 'max_depth': 20, 'min_child_weight': 264, 'eval_metric': 'logloss'}. Best is trial 83 with value: 0.8033219650931287.
start listen on 192.168.1.101:53565
@tracker All of 4 nodes getting started
@tracker All nodes finishes job
Trial 112 finished with value: 0.8030983541345632 and parameters: {'objective': 'binary:logistic', 'tree_method': 'gpu_hist', 'lambda': 0.19508546030223467, 'alpha': 0.05434366244839799, 'colsample_bytree': 0.48331804508031767, 'subsample': 0.8891800241575294, 'learning_rate': 0.027938193352796962, 'max_depth': 20, 'min_child_weight': 275, 'eval_metric': 'logloss'}. Best is trial 83 with value: 0.8033219650931287.
start listen on 192.168.1.101:54109
@tracker All of 4 nodes getting started
@tracker All nodes finishes job
Trial 113 finished with value: 0.8031060573470319 and parameters: {'objective': 'binary:logistic', 'tree_method': 'gpu_hist', 'lambda': 0.2803637857340103, 'alpha': 0.05699839586758834, 'colsample_bytree': 0.4625559981453524, 'subsample': 0.7957744967462239, 'learning_rate': 0.02411538209939819, 'max_depth': 20, 'min_child_weight': 248, 'eval_metric': 'logloss'}. Best is trial 83 with value: 0.8033219650931287.
start listen on 192.168.1.101:50519
@tracker All of 4 nodes getting started
@tracker All nodes finishes job
Trial 114 finished with value: 0.8032655818869355 and parameters: {'objective': 'binary:logistic', 'tree_method': 'gpu_hist', 'lambda': 0.2216822976148634, 'alpha': 0.03711155857465655, 'colsample_bytree': 0.5107397636503845, 'subsample': 0.8263642233536572, 'learning_rate': 0.017612442366942867, 'max_depth': 20, 'min_child_weight': 239, 'eval_metric': 'logloss'}. Best is trial 83 with value: 0.8033219650931287.
start listen on 192.168.1.101:54841
@tracker All of 4 nodes getting started
@tracker All nodes finishes job
Trial 115 finished with value: 0.8030164139766192 and parameters: {'objective': 'binary:logistic', 'tree_method': 'gpu_hist', 'lambda': 0.12425593544830185, 'alpha': 0.03446843350141303, 'colsample_bytree': 0.5392412391945713, 'subsample': 0.8184824558205869, 'learning_rate': 0.01744477823980256, 'max_depth': 20, 'min_child_weight': 238, 'eval_metric': 'logloss'}. Best is trial 83 with value: 0.8033219650931287.
start listen on 192.168.1.101:47085
@tracker All of 4 nodes getting started
@tracker All nodes finishes job
Trial 116 finished with value: 0.8028704688082388 and parameters: {'objective': 'binary:logistic', 'tree_method': 'gpu_hist', 'lambda': 0.2310750903438106, 'alpha': 0.09665926234865582, 'colsample_bytree': 0.5144979979368267, 'subsample': 0.7342826487386113, 'learning_rate': 0.021077054941961833, 'max_depth': 17, 'min_child_weight': 241, 'eval_metric': 'logloss'}. Best is trial 83 with value: 0.8033219650931287.
start listen on 192.168.1.101:35705
@tracker All of 4 nodes getting started
@tracker All nodes finishes job
Trial 117 finished with value: 0.8028854139198985 and parameters: {'objective': 'binary:logistic', 'tree_method': 'gpu_hist', 'lambda': 0.35987683072983706, 'alpha': 0.02300609782845506, 'colsample_bytree': 0.4730202317303126, 'subsample': 0.8290678871010025, 'learning_rate': 0.015362105414660873, 'max_depth': 20, 'min_child_weight': 254, 'eval_metric': 'logloss'}. Best is trial 83 with value: 0.8033219650931287.
start listen on 192.168.1.101:60039
@tracker All of 4 nodes getting started
@tracker All nodes finishes job
Trial 118 finished with value: 0.8029944256367123 and parameters: {'objective': 'binary:logistic', 'tree_method': 'gpu_hist', 'lambda': 0.16244215146288496, 'alpha': 8.013165102012756, 'colsample_bytree': 0.404693506564908, 'subsample': 0.7895536471415062, 'learning_rate': 0.018516954251513753, 'max_depth': 20, 'min_child_weight': 210, 'eval_metric': 'logloss'}. Best is trial 83 with value: 0.8033219650931287.
start listen on 192.168.1.101:47737
@tracker All of 4 nodes getting started
@tracker All nodes finishes job
Trial 119 finished with value: 0.8021129386244579 and parameters: {'objective': 'binary:logistic', 'tree_method': 'gpu_hist', 'lambda': 0.0962449477866162, 'alpha': 0.1789054573134824, 'colsample_bytree': 0.5583133398428287, 'subsample': 0.8456717276101446, 'learning_rate': 0.011666845282225946, 'max_depth': 20, 'min_child_weight': 261, 'eval_metric': 'logloss'}. Best is trial 83 with value: 0.8033219650931287.
start listen on 192.168.1.101:60691
@tracker All of 4 nodes getting started
@tracker All nodes finishes job
Trial 120 finished with value: 0.801914424503148 and parameters: {'objective': 'binary:logistic', 'tree_method': 'gpu_hist', 'lambda': 0.49668807735021775, 'alpha': 0.08388960421291013, 'colsample_bytree': 0.44460385354952536, 'subsample': 0.8086727813180578, 'learning_rate': 0.01992343292818823, 'max_depth': 11, 'min_child_weight': 236, 'eval_metric': 'logloss'}. Best is trial 83 with value: 0.8033219650931287.
start listen on 192.168.1.101:33403
@tracker All of 4 nodes getting started
@tracker All nodes finishes job
Trial 121 finished with value: 0.8032353842304113 and parameters: {'objective': 'binary:logistic', 'tree_method': 'gpu_hist', 'lambda': 0.2458591338818003, 'alpha': 0.03811631963235525, 'colsample_bytree': 0.5033085021041823, 'subsample': 0.7586772323420174, 'learning_rate': 0.022647933748721122, 'max_depth': 20, 'min_child_weight': 291, 'eval_metric': 'logloss'}. Best is trial 83 with value: 0.8033219650931287.
start listen on 192.168.1.101:33835
@tracker All of 4 nodes getting started
@tracker All nodes finishes job
Trial 122 finished with value: 0.8032403855507378 and parameters: {'objective': 'binary:logistic', 'tree_method': 'gpu_hist', 'lambda': 0.20734784700690645, 'alpha': 0.04071938244388525, 'colsample_bytree': 0.534952079583069, 'subsample': 0.7627532804860999, 'learning_rate': 0.022171566398123815, 'max_depth': 20, 'min_child_weight': 279, 'eval_metric': 'logloss'}. Best is trial 83 with value: 0.8033219650931287.
start listen on 192.168.1.101:43311
@tracker All of 4 nodes getting started
@tracker All nodes finishes job
Trial 123 finished with value: 0.8032263432312332 and parameters: {'objective': 'binary:logistic', 'tree_method': 'gpu_hist', 'lambda': 0.22456958196847548, 'alpha': 0.02953562933960969, 'colsample_bytree': 0.5850565156532491, 'subsample': 0.7574573422185541, 'learning_rate': 0.022504811797104535, 'max_depth': 20, 'min_child_weight': 291, 'eval_metric': 'logloss'}. Best is trial 83 with value: 0.8033219650931287.
start listen on 192.168.1.101:33639
@tracker All of 4 nodes getting started
@tracker All nodes finishes job
Trial 124 finished with value: 0.8033407611843865 and parameters: {'objective': 'binary:logistic', 'tree_method': 'gpu_hist', 'lambda': 0.20665513111465444, 'alpha': 0.027553004738499004, 'colsample_bytree': 0.533655143629748, 'subsample': 0.757804250149588, 'learning_rate': 0.023106414455190502, 'max_depth': 20, 'min_child_weight': 294, 'eval_metric': 'logloss'}. Best is trial 124 with value: 0.8033407611843865.
start listen on 192.168.1.101:43639
@tracker All of 4 nodes getting started
@tracker All nodes finishes job
