Trial 166 finished with value: 0.8031313461529477 and parameters: {'objective': 'binary:logistic', 'tree_method': 'gpu_hist', 'lambda': 0.10108498040563575, 'alpha': 0.08803561680150397, 'colsample_bytree': 0.45951475713439643, 'subsample': 0.8805501965273128, 'learning_rate': 0.025290471489816644, 'max_depth': 20, 'min_child_weight': 292, 'eval_metric': 'logloss'}. Best is trial 156 with value: 0.8033795926899813.
start listen on 192.168.1.101:33549
@tracker All of 4 nodes getting started
@tracker All nodes finishes job
Trial 167 finished with value: 0.8014940748745515 and parameters: {'objective': 'binary:logistic', 'tree_method': 'gpu_hist', 'lambda': 0.07498881237390297, 'alpha': 0.06719774835574188, 'colsample_bytree': 0.5153668968208162, 'subsample': 0.8925153589790406, 'learning_rate': 0.02922605912911442, 'max_depth': 7, 'min_child_weight': 284, 'eval_metric': 'logloss'}. Best is trial 156 with value: 0.8033795926899813.
start listen on 192.168.1.101:39033
@tracker All of 4 nodes getting started
@tracker All nodes finishes job
Trial 168 finished with value: 0.8032140366942071 and parameters: {'objective': 'binary:logistic', 'tree_method': 'gpu_hist', 'lambda': 0.10584661168835222, 'alpha': 0.04036859075013212, 'colsample_bytree': 0.49866346923084287, 'subsample': 0.904846527788191, 'learning_rate': 0.027297738106944927, 'max_depth': 20, 'min_child_weight': 274, 'eval_metric': 'logloss'}. Best is trial 156 with value: 0.8033795926899813.
start listen on 192.168.1.101:39297
@tracker All of 4 nodes getting started
@tracker All nodes finishes job
Trial 169 finished with value: 0.8028443317547688 and parameters: {'objective': 'binary:logistic', 'tree_method': 'gpu_hist', 'lambda': 0.16535636730580414, 'alpha': 0.07968468868175248, 'colsample_bytree': 0.4670104264118571, 'subsample': 0.9571385803632076, 'learning_rate': 0.016385806942932634, 'max_depth': 20, 'min_child_weight': 300, 'eval_metric': 'logloss'}. Best is trial 156 with value: 0.8033795926899813.
start listen on 192.168.1.101:46241
@tracker All of 4 nodes getting started
@tracker All nodes finishes job
Trial 170 finished with value: 0.7965709713967837 and parameters: {'objective': 'binary:logistic', 'tree_method': 'gpu_hist', 'lambda': 0.2725104117301755, 'alpha': 0.11367151587510414, 'colsample_bytree': 0.44738394194458236, 'subsample': 0.9262617858842146, 'learning_rate': 0.018252949795858658, 'max_depth': 5, 'min_child_weight': 280, 'eval_metric': 'logloss'}. Best is trial 156 with value: 0.8033795926899813.
start listen on 192.168.1.101:54545
@tracker All of 4 nodes getting started
@tracker All nodes finishes job
Trial 171 finished with value: 0.7958067106490112 and parameters: {'objective': 'binary:logistic', 'tree_method': 'gpu_hist', 'lambda': 0.14752815090640437, 'alpha': 0.046140097827376006, 'colsample_bytree': 0.48872650983281574, 'subsample': 0.8540294165869426, 'learning_rate': 0.004258975437050721, 'max_depth': 20, 'min_child_weight': 293, 'eval_metric': 'logloss'}. Best is trial 156 with value: 0.8033795926899813.
start listen on 192.168.1.101:56429
@tracker All of 4 nodes getting started
@tracker All nodes finishes job
Trial 172 finished with value: 0.8032058662835286 and parameters: {'objective': 'binary:logistic', 'tree_method': 'gpu_hist', 'lambda': 0.12129995338865426, 'alpha': 0.05691846338611209, 'colsample_bytree': 0.5218267132867781, 'subsample': 0.8375437453741712, 'learning_rate': 0.02403891635782186, 'max_depth': 20, 'min_child_weight': 299, 'eval_metric': 'logloss'}. Best is trial 156 with value: 0.8033795926899813.
start listen on 192.168.1.101:60147
@tracker All of 4 nodes getting started
@tracker All nodes finishes job
Trial 173 finished with value: 0.8032613786832616 and parameters: {'objective': 'binary:logistic', 'tree_method': 'gpu_hist', 'lambda': 0.08509715357320112, 'alpha': 0.03703924749558589, 'colsample_bytree': 0.49845307467367145, 'subsample': 0.8668627094145951, 'learning_rate': 0.020052360469827085, 'max_depth': 20, 'min_child_weight': 287, 'eval_metric': 'logloss'}. Best is trial 156 with value: 0.8033795926899813.
start listen on 192.168.1.101:41915
@tracker All of 4 nodes getting started
@tracker All nodes finishes job
Trial 174 finished with value: 0.8025582608528575 and parameters: {'objective': 'binary:logistic', 'tree_method': 'gpu_hist', 'lambda': 0.05547048616996084, 'alpha': 0.037949515531728956, 'colsample_bytree': 0.5467492723933958, 'subsample': 0.8715359622643731, 'learning_rate': 0.019706811552211854, 'max_depth': 15, 'min_child_weight': 286, 'eval_metric': 'logloss'}. Best is trial 156 with value: 0.8033795926899813.
start listen on 192.168.1.101:45689
@tracker All of 4 nodes getting started
@tracker All nodes finishes job
Trial 175 finished with value: 0.8032707293497392 and parameters: {'objective': 'binary:logistic', 'tree_method': 'gpu_hist', 'lambda': 0.08803749799098047, 'alpha': 0.021205289517332634, 'colsample_bytree': 0.5064010537753465, 'subsample': 0.8708093156671727, 'learning_rate': 0.022509666847494416, 'max_depth': 20, 'min_child_weight': 290, 'eval_metric': 'logloss'}. Best is trial 156 with value: 0.8033795926899813.
start listen on 192.168.1.101:35907
@tracker All of 4 nodes getting started
@tracker All nodes finishes job
Trial 176 finished with value: 0.8032105774440153 and parameters: {'objective': 'binary:logistic', 'tree_method': 'gpu_hist', 'lambda': 0.08590067735904508, 'alpha': 0.018451669696276887, 'colsample_bytree': 0.4691437818185942, 'subsample': 0.8700060902254603, 'learning_rate': 0.024918146757374714, 'max_depth': 20, 'min_child_weight': 280, 'eval_metric': 'logloss'}. Best is trial 156 with value: 0.8033795926899813.
start listen on 192.168.1.101:53357
@tracker All of 4 nodes getting started
@tracker All nodes finishes job
Trial 177 finished with value: 0.8031953458233533 and parameters: {'objective': 'binary:logistic', 'tree_method': 'gpu_hist', 'lambda': 0.03754115001712861, 'alpha': 0.02185929025011204, 'colsample_bytree': 0.5134170240300447, 'subsample': 0.8597335525078951, 'learning_rate': 0.02183199546940878, 'max_depth': 20, 'min_child_weight': 272, 'eval_metric': 'logloss'}. Best is trial 156 with value: 0.8033795926899813.
start listen on 192.168.1.101:40709
@tracker All of 4 nodes getting started
@tracker All nodes finishes job
Trial 178 finished with value: 0.8021299811694611 and parameters: {'objective': 'binary:logistic', 'tree_method': 'gpu_hist', 'lambda': 0.06277984350669612, 'alpha': 0.015274611969558859, 'colsample_bytree': 0.5312136269880616, 'subsample': 0.9016582390398771, 'learning_rate': 0.031033186449745502, 'max_depth': 9, 'min_child_weight': 285, 'eval_metric': 'logloss'}. Best is trial 156 with value: 0.8033795926899813.
start listen on 192.168.1.101:32999
@tracker All of 4 nodes getting started
@tracker All nodes finishes job
Trial 179 finished with value: 0.803180250373478 and parameters: {'objective': 'binary:logistic', 'tree_method': 'gpu_hist', 'lambda': 0.09126841615122058, 'alpha': 0.027341818897133816, 'colsample_bytree': 0.4958560188485288, 'subsample': 0.829318299589147, 'learning_rate': 0.017433662968405508, 'max_depth': 20, 'min_child_weight': 292, 'eval_metric': 'logloss'}. Best is trial 156 with value: 0.8033795926899813.
start listen on 192.168.1.101:40851
@tracker All of 4 nodes getting started
@tracker All nodes finishes job
Trial 180 finished with value: 0.8032491292518715 and parameters: {'objective': 'binary:logistic', 'tree_method': 'gpu_hist', 'lambda': 0.07583958970264298, 'alpha': 0.06580508456327, 'colsample_bytree': 0.4193308770417646, 'subsample': 0.8850781449272823, 'learning_rate': 0.019698083783091277, 'max_depth': 20, 'min_child_weight': 277, 'eval_metric': 'logloss'}. Best is trial 156 with value: 0.8033795926899813.
start listen on 192.168.1.101:33919
@tracker All of 4 nodes getting started
@tracker All nodes finishes job
Trial 181 finished with value: 0.8033060338739345 and parameters: {'objective': 'binary:logistic', 'tree_method': 'gpu_hist', 'lambda': 0.10379494344002407, 'alpha': 0.06312922881034637, 'colsample_bytree': 0.41366139741148866, 'subsample': 0.8825331926919731, 'learning_rate': 0.019909668825216033, 'max_depth': 20, 'min_child_weight': 278, 'eval_metric': 'logloss'}. Best is trial 156 with value: 0.8033795926899813.
start listen on 192.168.1.101:45621
@tracker All of 4 nodes getting started
@tracker All nodes finishes job
Trial 182 finished with value: 0.8032143157380642 and parameters: {'objective': 'binary:logistic', 'tree_method': 'gpu_hist', 'lambda': 0.07305176388269222, 'alpha': 0.06660822044551751, 'colsample_bytree': 0.3909048037111442, 'subsample': 0.8831851662252342, 'learning_rate': 0.019200678538740034, 'max_depth': 20, 'min_child_weight': 264, 'eval_metric': 'logloss'}. Best is trial 156 with value: 0.8033795926899813.
start listen on 192.168.1.101:51933
@tracker All of 4 nodes getting started
@tracker All nodes finishes job
Trial 183 finished with value: 0.8031995348595985 and parameters: {'objective': 'binary:logistic', 'tree_method': 'gpu_hist', 'lambda': 0.10160002839365864, 'alpha': 0.0968124908542908, 'colsample_bytree': 0.4328152712020269, 'subsample': 0.9272711186397558, 'learning_rate': 0.020257782351278345, 'max_depth': 20, 'min_child_weight': 286, 'eval_metric': 'logloss'}. Best is trial 156 with value: 0.8033795926899813.
start listen on 192.168.1.101:38799
@tracker All of 4 nodes getting started
@tracker All nodes finishes job
Trial 184 finished with value: 0.8027409828682259 and parameters: {'objective': 'binary:logistic', 'tree_method': 'gpu_hist', 'lambda': 0.08062553040205178, 'alpha': 0.08337842591595851, 'colsample_bytree': 0.4185104780259564, 'subsample': 0.9006608094769936, 'learning_rate': 0.014263684926553392, 'max_depth': 20, 'min_child_weight': 274, 'eval_metric': 'logloss'}. Best is trial 156 with value: 0.8033795926899813.
start listen on 192.168.1.101:35441
@tracker All of 4 nodes getting started
@tracker All nodes finishes job
Trial 185 finished with value: 0.795538970438322 and parameters: {'objective': 'binary:logistic', 'tree_method': 'gpu_hist', 'lambda': 0.11667823223252893, 'alpha': 0.060315376989332224, 'colsample_bytree': 0.45066487007374, 'subsample': 0.8670651267053007, 'learning_rate': 0.02624241806606257, 'max_depth': 3, 'min_child_weight': 294, 'eval_metric': 'logloss'}. Best is trial 156 with value: 0.8033795926899813.
start listen on 192.168.1.101:40447
@tracker All of 4 nodes getting started
@tracker All nodes finishes job
Trial 186 finished with value: 0.8034102340594776 and parameters: {'objective': 'binary:logistic', 'tree_method': 'gpu_hist', 'lambda': 0.04983673494711825, 'alpha': 0.07722796309694574, 'colsample_bytree': 0.40783420163351636, 'subsample': 0.8507898322421277, 'learning_rate': 0.023610439796771677, 'max_depth': 20, 'min_child_weight': 267, 'eval_metric': 'logloss'}. Best is trial 186 with value: 0.8034102340594776.
start listen on 192.168.1.101:37693
@tracker All of 4 nodes getting started
@tracker All nodes finishes job
Trial 187 finished with value: 0.8033412323603742 and parameters: {'objective': 'binary:logistic', 'tree_method': 'gpu_hist', 'lambda': 0.06225320577007382, 'alpha': 0.10785967160758948, 'colsample_bytree': 0.40624104219012463, 'subsample': 0.8522836792867079, 'learning_rate': 0.024006681158065528, 'max_depth': 20, 'min_child_weight': 268, 'eval_metric': 'logloss'}. Best is trial 186 with value: 0.8034102340594776.
start listen on 192.168.1.101:49805
@tracker All of 4 nodes getting started
@tracker All nodes finishes job
Trial 188 finished with value: 0.8033253040836461 and parameters: {'objective': 'binary:logistic', 'tree_method': 'gpu_hist', 'lambda': 0.06019539452127444, 'alpha': 0.079369527589674, 'colsample_bytree': 0.3982241492283851, 'subsample': 0.8805810808194912, 'learning_rate': 0.024521294212296367, 'max_depth': 20, 'min_child_weight': 266, 'eval_metric': 'logloss'}. Best is trial 186 with value: 0.8034102340594776.
start listen on 192.168.1.101:36871
@tracker All of 4 nodes getting started
@tracker All nodes finishes job
Trial 189 finished with value: 0.802571860930623 and parameters: {'objective': 'binary:logistic', 'tree_method': 'gpu_hist', 'lambda': 0.03342256146822091, 'alpha': 0.14797658320162305, 'colsample_bytree': 0.35795716417552936, 'subsample': 0.8752719400220893, 'learning_rate': 0.02818821545119388, 'max_depth': 13, 'min_child_weight': 261, 'eval_metric': 'logloss'}. Best is trial 186 with value: 0.8034102340594776.
start listen on 192.168.1.101:39265
@tracker All of 4 nodes getting started
@tracker All nodes finishes job
Trial 190 finished with value: 0.8032017770186761 and parameters: {'objective': 'binary:logistic', 'tree_method': 'gpu_hist', 'lambda': 0.04825360647049354, 'alpha': 0.1215977069931655, 'colsample_bytree': 0.37703664698907985, 'subsample': 0.8600656613324436, 'learning_rate': 0.024415289697508356, 'max_depth': 20, 'min_child_weight': 267, 'eval_metric': 'logloss'}. Best is trial 186 with value: 0.8034102340594776.
start listen on 192.168.1.101:35715
@tracker All of 4 nodes getting started
@tracker All nodes finishes job
Trial 191 finished with value: 0.8032304961405351 and parameters: {'objective': 'binary:logistic', 'tree_method': 'gpu_hist', 'lambda': 0.0440964363452648, 'alpha': 0.11319174351869352, 'colsample_bytree': 0.40437222861248917, 'subsample': 0.8880862995569789, 'learning_rate': 0.023528091224406626, 'max_depth': 20, 'min_child_weight': 269, 'eval_metric': 'logloss'}. Best is trial 186 with value: 0.8034102340594776.
start listen on 192.168.1.101:43903
@tracker All of 4 nodes getting started
@tracker All nodes finishes job
Trial 192 finished with value: 0.8032595058581546 and parameters: {'objective': 'binary:logistic', 'tree_method': 'gpu_hist', 'lambda': 0.06064923702044943, 'alpha': 0.09632529074215539, 'colsample_bytree': 0.41409765865725606, 'subsample': 0.8500937798384451, 'learning_rate': 0.0271848103282856, 'max_depth': 20, 'min_child_weight': 258, 'eval_metric': 'logloss'}. Best is trial 186 with value: 0.8034102340594776.
start listen on 192.168.1.101:44085
@tracker All of 4 nodes getting started
@tracker All nodes finishes job
Trial 193 finished with value: 0.8030503394650913 and parameters: {'objective': 'binary:logistic', 'tree_method': 'gpu_hist', 'lambda': 0.06090135930842019, 'alpha': 0.0862103634674646, 'colsample_bytree': 0.3821845391516719, 'subsample': 0.8538736889532036, 'learning_rate': 0.026542553155884243, 'max_depth': 20, 'min_child_weight': 243, 'eval_metric': 'logloss'}. Best is trial 186 with value: 0.8034102340594776.
start listen on 192.168.1.101:48201
@tracker All of 4 nodes getting started
@tracker All nodes finishes job
Trial 194 finished with value: 0.8029469655130977 and parameters: {'objective': 'binary:logistic', 'tree_method': 'gpu_hist', 'lambda': 0.053411680153269935, 'alpha': 0.10696404056532234, 'colsample_bytree': 0.39826101061021224, 'subsample': 0.8225662119362344, 'learning_rate': 0.03176925102776957, 'max_depth': 20, 'min_child_weight': 267, 'eval_metric': 'logloss'}. Best is trial 186 with value: 0.8034102340594776.
start listen on 192.168.1.101:59523
@tracker All of 4 nodes getting started
@tracker All nodes finishes job
Trial 195 finished with value: 0.8032060691502111 and parameters: {'objective': 'binary:logistic', 'tree_method': 'gpu_hist', 'lambda': 0.04305962326286359, 'alpha': 0.07610895231502006, 'colsample_bytree': 0.4220552526393692, 'subsample': 0.846921286362789, 'learning_rate': 0.028556907148050287, 'max_depth': 20, 'min_child_weight': 258, 'eval_metric': 'logloss'}. Best is trial 186 with value: 0.8034102340594776.
start listen on 192.168.1.101:35051
@tracker All of 4 nodes getting started
@tracker All nodes finishes job
Trial 196 finished with value: 0.802901013675749 and parameters: {'objective': 'binary:logistic', 'tree_method': 'gpu_hist', 'lambda': 0.06679760103609257, 'alpha': 0.14369521329313031, 'colsample_bytree': 0.40479799794492055, 'subsample': 0.8672082143436909, 'learning_rate': 0.024990387585037625, 'max_depth': 17, 'min_child_weight': 259, 'eval_metric': 'logloss'}. Best is trial 186 with value: 0.8034102340594776.
start listen on 192.168.1.101:37535
@tracker All of 4 nodes getting started
@tracker All nodes finishes job
Trial 197 finished with value: 0.8032566424573241 and parameters: {'objective': 'binary:logistic', 'tree_method': 'gpu_hist', 'lambda': 0.06444806906102266, 'alpha': 0.20600950733889348, 'colsample_bytree': 0.3644483820862938, 'subsample': 0.8511517986095349, 'learning_rate': 0.022916948468555225, 'max_depth': 20, 'min_child_weight': 252, 'eval_metric': 'logloss'}. Best is trial 186 with value: 0.8034102340594776.
start listen on 192.168.1.101:40809
@tracker All of 4 nodes getting started
@tracker All nodes finishes job
Trial 198 finished with value: 0.8031396824315232 and parameters: {'objective': 'binary:logistic', 'tree_method': 'gpu_hist', 'lambda': 0.03111247924909537, 'alpha': 0.09479869713415402, 'colsample_bytree': 0.3391728634349479, 'subsample': 0.9113608993892993, 'learning_rate': 0.02347141953198511, 'max_depth': 20, 'min_child_weight': 241, 'eval_metric': 'logloss'}. Best is trial 186 with value: 0.8034102340594776.
start listen on 192.168.1.101:45733
@tracker All of 4 nodes getting started
@tracker All nodes finishes job
Trial 199 finished with value: 0.8029800745762402 and parameters: {'objective': 'binary:logistic', 'tree_method': 'gpu_hist', 'lambda': 0.039227366062305216, 'alpha': 0.04550452965585015, 'colsample_bytree': 0.3516195031490268, 'subsample': 0.8474678496590778, 'learning_rate': 0.026554631970029916, 'max_depth': 20, 'min_child_weight': 261, 'eval_metric': 'logloss'}. Best is trial 186 with value: 0.8034102340594776.
start listen on 192.168.1.101:32793
@tracker All of 4 nodes getting started
@tracker All nodes finishes job
Trial 200 finished with value: 0.8020698754713512 and parameters: {'objective': 'binary:logistic', 'tree_method': 'gpu_hist', 'lambda': 0.0613918864473353, 'alpha': 0.44042716984913005, 'colsample_bytree': 0.36838882324038347, 'subsample': 0.8795675187419782, 'learning_rate': 0.03761352496414534, 'max_depth': 11, 'min_child_weight': 272, 'eval_metric': 'logloss'}. Best is trial 186 with value: 0.8034102340594776.
start listen on 192.168.1.101:50353
@tracker All of 4 nodes getting started
@tracker All nodes finishes job
Trial 201 finished with value: 0.8032275531296527 and parameters: {'objective': 'binary:logistic', 'tree_method': 'gpu_hist', 'lambda': 0.05156538452426255, 'alpha': 0.19256589834536428, 'colsample_bytree': 0.3874286371431783, 'subsample': 0.8663565476427267, 'learning_rate': 0.02235732355283785, 'max_depth': 20, 'min_child_weight': 249, 'eval_metric': 'logloss'}. Best is trial 186 with value: 0.8034102340594776.
start listen on 192.168.1.101:46433
@tracker All of 4 nodes getting started
@tracker All nodes finishes job
Trial 202 finished with value: 0.8033077432831993 and parameters: {'objective': 'binary:logistic', 'tree_method': 'gpu_hist', 'lambda': 0.08481658490972188, 'alpha': 0.2247981339163937, 'colsample_bytree': 0.41662241253402754, 'subsample': 0.8373028084642851, 'learning_rate': 0.021629366797064304, 'max_depth': 20, 'min_child_weight': 254, 'eval_metric': 'logloss'}. Best is trial 186 with value: 0.8034102340594776.
start listen on 192.168.1.101:53899
@tracker All of 4 nodes getting started
@tracker All nodes finishes job
Trial 203 finished with value: 0.8033442827167749 and parameters: {'objective': 'binary:logistic', 'tree_method': 'gpu_hist', 'lambda': 0.024087488776010857, 'alpha': 0.16119871463658894, 'colsample_bytree': 0.41248830965046407, 'subsample': 0.8386829952202527, 'learning_rate': 0.024938323537838415, 'max_depth': 20, 'min_child_weight': 256, 'eval_metric': 'logloss'}. Best is trial 186 with value: 0.8034102340594776.
start listen on 192.168.1.101:37723
@tracker All of 4 nodes getting started
@tracker All nodes finishes job
Trial 204 finished with value: 0.8033118511836695 and parameters: {'objective': 'binary:logistic', 'tree_method': 'gpu_hist', 'lambda': 0.022366401773256966, 'alpha': 0.2773107848367894, 'colsample_bytree': 0.41400260668584926, 'subsample': 0.8377682327724689, 'learning_rate': 0.021447472185670405, 'max_depth': 20, 'min_child_weight': 255, 'eval_metric': 'logloss'}. Best is trial 186 with value: 0.8034102340594776.
start listen on 192.168.1.101:38133
@tracker All of 4 nodes getting started
@tracker All nodes finishes job
Trial 205 finished with value: 0.8033146709379216 and parameters: {'objective': 'binary:logistic', 'tree_method': 'gpu_hist', 'lambda': 0.02821138260088045, 'alpha': 0.38234538477940416, 'colsample_bytree': 0.4153695209393933, 'subsample': 0.835702647641116, 'learning_rate': 0.02112169858176468, 'max_depth': 20, 'min_child_weight': 260, 'eval_metric': 'logloss'}. Best is trial 186 with value: 0.8034102340594776.
start listen on 192.168.1.101:60183
@tracker All of 4 nodes getting started
@tracker All nodes finishes job
Trial 206 finished with value: 0.8030449607462576 and parameters: {'objective': 'binary:logistic', 'tree_method': 'gpu_hist', 'lambda': 0.020902760742503978, 'alpha': 0.3969396183694565, 'colsample_bytree': 0.4118950674963618, 'subsample': 0.8305937770528914, 'learning_rate': 0.018087592805255376, 'max_depth': 20, 'min_child_weight': 257, 'eval_metric': 'logloss'}. Best is trial 186 with value: 0.8034102340594776.
start listen on 192.168.1.101:48441
@tracker All of 4 nodes getting started
@tracker All nodes finishes job
