number,value,params_alpha,params_colsample_bytree,params_eval_metric,params_lambda,params_learning_rate,params_max_depth,params_min_child_weight,params_objective,params_subsample,params_tree_method,state
127,0.8029663074862851,0.025781042888295275,0.5333177798033968,logloss,0.21519110162944927,0.025589115045427272,20,281,binary:logistic,0.742387559394118,gpu_hist,COMPLETE
128,0.8013069746332732,0.015941831683305967,0.5554001414015121,logloss,0.1214836181752391,0.026816621465302472,7,300,binary:logistic,0.7599643507172327,gpu_hist,COMPLETE
129,0.8031471372235771,0.04040700599792159,0.5864226754384625,logloss,0.2072562110954867,0.023527589058963586,20,291,binary:logistic,0.7482856201533812,gpu_hist,COMPLETE
130,0.8023197018401662,0.018677263598572913,0.5864250372770061,logloss,0.15205052033728134,0.017361492787851738,15,281,binary:logistic,0.7298112649286124,gpu_hist,COMPLETE
131,0.8032417580476476,0.029133052394206896,0.46574556238423126,logloss,0.10178799897550916,0.021916922042800765,20,291,binary:logistic,0.7935570592908926,gpu_hist,COMPLETE
132,0.8033110089300276,0.02887412001875217,0.46355284167322414,logloss,0.09472240468786709,0.02428896943851597,20,293,binary:logistic,0.7844774909035762,gpu_hist,COMPLETE
133,0.8031970517452508,0.045574470380517075,0.4634078504502579,logloss,0.1057723666679393,0.022533907741208985,20,295,binary:logistic,0.7917789688105492,gpu_hist,COMPLETE
134,0.8030718636582345,0.03024365772675149,0.42664427118580966,logloss,0.06714001993150422,0.031372820690309784,20,291,binary:logistic,0.8281966184880108,gpu_hist,COMPLETE
135,0.8031579554722078,0.038061262745061775,0.4708466643336361,logloss,0.08329464967357687,0.02509458559898034,20,276,binary:logistic,0.799580269155499,gpu_hist,COMPLETE
136,0.8030964960217861,0.06025170121560398,0.522982477222118,logloss,0.1373980973420297,0.028213629450261048,20,298,binary:logistic,0.7810126957540533,gpu_hist,COMPLETE
137,0.7981826333039426,0.021459845293555796,0.6146500126739732,logloss,0.055939680526928215,0.02206701299225332,5,281,binary:logistic,0.7766972588106734,gpu_hist,COMPLETE
138,0.8018204325494456,0.02349742785414462,0.5436238145334015,logloss,0.24366683936282477,0.024688657750625023,9,300,binary:logistic,0.7424506951698117,gpu_hist,COMPLETE
139,0.7932531075672298,0.0491987133705541,0.4864850532511315,logloss,0.33730497941354937,0.00194447954499689,20,273,binary:logistic,0.7622929197139567,gpu_hist,COMPLETE
140,0.7972116605611659,0.029769559851768154,0.44294624241906827,logloss,0.09822778497715806,0.033361566924191,3,284,binary:logistic,0.7814770229688113,gpu_hist,COMPLETE
141,0.8030944980873848,0.025552417326059423,0.5026583823974331,logloss,0.17848993320818018,0.01744827898783356,20,265,binary:logistic,0.753529150614599,gpu_hist,COMPLETE
142,0.8030057103751814,0.0347237153312062,0.5214335569699899,logloss,0.4424048930777646,0.027098202032679097,20,248,binary:logistic,0.7961248619899711,gpu_hist,COMPLETE
143,0.8031140754578506,0.010305661539813929,0.4580193143171593,logloss,0.11805651102601741,0.02114524942380728,20,289,binary:logistic,0.7192537540957293,gpu_hist,COMPLETE
144,0.8029690775455559,0.019032783834855436,0.47568612114504455,logloss,0.257178663316861,0.015859774497282812,20,259,binary:logistic,0.7603225695984606,gpu_hist,COMPLETE
145,0.8031938647821425,0.01334637163440185,0.5335107222649897,logloss,0.16944233335399284,0.02381868568143327,20,255,binary:logistic,0.8181362708419909,gpu_hist,COMPLETE
146,0.8031289889652462,0.04191929925816442,0.49260521163322457,logloss,0.2099650385241373,0.018919874690178102,20,265,binary:logistic,0.7345906364542845,gpu_hist,COMPLETE
147,0.8031662161185097,0.027700020391065113,0.511934971093282,logloss,0.14286778562083843,0.029672778255702217,20,293,binary:logistic,0.7793400696088663,gpu_hist,COMPLETE
148,0.8030920647769986,0.05992454123341567,0.5769222547086974,logloss,0.3838851920396699,0.021633118567136574,20,250,binary:logistic,0.7918227016293248,gpu_hist,COMPLETE
149,0.8028103505774035,0.034601558577314985,0.45844141777543757,logloss,0.2821218419028959,0.02521292142657179,17,228,binary:logistic,0.8056423201988684,gpu_hist,COMPLETE
150,0.8020317173545453,0.05052265725667326,0.4146805550285685,logloss,0.08052505225397012,0.018138821250775407,13,283,binary:logistic,0.7503195246926314,gpu_hist,COMPLETE
151,0.8031390319830711,0.023897541794751804,0.4830207533151677,logloss,0.17681259551790332,0.021227112183402817,20,287,binary:logistic,0.8048503508814896,gpu_hist,COMPLETE
152,0.8033474162250845,0.03232085738721736,0.49685042746159797,logloss,0.22006908826168095,0.02264517985306849,20,275,binary:logistic,0.8226542045357276,gpu_hist,COMPLETE
153,0.8032558324073374,0.02959338682321472,0.4984833249269317,logloss,0.22467389233354945,0.023790858962250694,20,274,binary:logistic,0.8544642645544287,gpu_hist,COMPLETE
154,0.8031419194685308,0.040399175564704515,0.5011374519804732,logloss,0.22212400531852053,0.027230598945766425,20,278,binary:logistic,0.8299835773012888,gpu_hist,COMPLETE
155,0.8029742761200833,0.03112047076474902,0.5338248228306725,logloss,0.3166407599187882,0.02983443339854158,20,269,binary:logistic,0.8922349639460674,gpu_hist,COMPLETE
156,0.8033795926899813,0.06930945287972583,0.47261821930432074,logloss,0.10972912711131241,0.022803185027579647,20,291,binary:logistic,0.8412881914169833,gpu_hist,COMPLETE
157,0.8022287756635659,0.05949890325456289,0.47124118548559346,logloss,0.09025057699296367,0.034944020854271854,11,275,binary:logistic,0.8598708568423121,gpu_hist,COMPLETE
158,0.8032814767067359,0.07026845275177541,0.43574039856025204,logloss,0.11904147895988956,0.023888526143623762,20,300,binary:logistic,0.8802054155623693,gpu_hist,COMPLETE
159,0.8031934121327925,0.07170107049686658,0.42877528232773265,logloss,0.114137849504938,0.024067918520809778,20,295,binary:logistic,0.912656803980417,gpu_hist,COMPLETE
160,0.8031022204258824,0.10115326153870745,0.4487120514394454,logloss,0.04918300789216339,0.02646757339856694,20,283,binary:logistic,0.8755113286665935,gpu_hist,COMPLETE
161,0.8032322077294043,0.04868400962933603,0.48713523716247825,logloss,0.1478501906638574,0.0205774653819237,20,299,binary:logistic,0.8384696721446818,gpu_hist,COMPLETE
162,0.8032200407960419,0.05060890519583052,0.39298168107971243,logloss,0.13268543988952575,0.023122674602444746,20,298,binary:logistic,0.8557429975846677,gpu_hist,COMPLETE
163,0.8032427948309852,0.06539430765838308,0.4635703772970914,logloss,0.10318044970496311,0.02026946493472681,20,292,binary:logistic,0.845572877006759,gpu_hist,COMPLETE
164,0.8031257354152225,0.07283409516429232,0.43628814770011737,logloss,0.06939144146867282,0.02090521717566336,20,289,binary:logistic,0.8427642924945553,gpu_hist,COMPLETE
165,0.8033715051587614,0.08283752139566866,0.49631087098835736,logloss,0.10264370965907778,0.02539284948987528,20,297,binary:logistic,0.9011069095826463,gpu_hist,COMPLETE
166,0.8031313461529477,0.08803561680150397,0.45951475713439643,logloss,0.10108498040563575,0.025290471489816644,20,292,binary:logistic,0.8805501965273128,gpu_hist,COMPLETE
167,0.8014940748745515,0.06719774835574188,0.5153668968208162,logloss,0.07498881237390297,0.02922605912911442,7,284,binary:logistic,0.8925153589790406,gpu_hist,COMPLETE
168,0.8032140366942071,0.04036859075013212,0.49866346923084287,logloss,0.10584661168835222,0.027297738106944927,20,274,binary:logistic,0.904846527788191,gpu_hist,COMPLETE
169,0.8028443317547688,0.07968468868175248,0.4670104264118571,logloss,0.16535636730580414,0.016385806942932634,20,300,binary:logistic,0.9571385803632076,gpu_hist,COMPLETE
170,0.7965709713967837,0.11367151587510414,0.44738394194458236,logloss,0.2725104117301755,0.018252949795858658,5,280,binary:logistic,0.9262617858842146,gpu_hist,COMPLETE
171,0.7958067106490112,0.046140097827376006,0.48872650983281574,logloss,0.14752815090640437,0.004258975437050721,20,293,binary:logistic,0.8540294165869426,gpu_hist,COMPLETE
172,0.8032058662835286,0.05691846338611209,0.5218267132867781,logloss,0.12129995338865426,0.02403891635782186,20,299,binary:logistic,0.8375437453741712,gpu_hist,COMPLETE
173,0.8032613786832616,0.03703924749558589,0.49845307467367145,logloss,0.08509715357320112,0.020052360469827085,20,287,binary:logistic,0.8668627094145951,gpu_hist,COMPLETE
174,0.8025582608528575,0.037949515531728956,0.5467492723933958,logloss,0.05547048616996084,0.019706811552211854,15,286,binary:logistic,0.8715359622643731,gpu_hist,COMPLETE
175,0.8032707293497392,0.021205289517332634,0.5064010537753465,logloss,0.08803749799098047,0.022509666847494416,20,290,binary:logistic,0.8708093156671727,gpu_hist,COMPLETE
176,0.8032105774440153,0.018451669696276887,0.4691437818185942,logloss,0.08590067735904508,0.024918146757374714,20,280,binary:logistic,0.8700060902254603,gpu_hist,COMPLETE
177,0.8031953458233533,0.02185929025011204,0.5134170240300447,logloss,0.03754115001712861,0.02183199546940878,20,272,binary:logistic,0.8597335525078951,gpu_hist,COMPLETE
178,0.8021299811694611,0.015274611969558859,0.5312136269880616,logloss,0.06277984350669612,0.031033186449745502,9,285,binary:logistic,0.9016582390398771,gpu_hist,COMPLETE
179,0.803180250373478,0.027341818897133816,0.4958560188485288,logloss,0.09126841615122058,0.017433662968405508,20,292,binary:logistic,0.829318299589147,gpu_hist,COMPLETE
180,0.8032491292518715,0.06580508456327,0.4193308770417646,logloss,0.07583958970264298,0.019698083783091277,20,277,binary:logistic,0.8850781449272823,gpu_hist,COMPLETE
181,0.8033060338739345,0.06312922881034637,0.41366139741148866,logloss,0.10379494344002407,0.019909668825216033,20,278,binary:logistic,0.8825331926919731,gpu_hist,COMPLETE
182,0.8032143157380642,0.06660822044551751,0.3909048037111442,logloss,0.07305176388269222,0.019200678538740034,20,264,binary:logistic,0.8831851662252342,gpu_hist,COMPLETE
183,0.8031995348595985,0.0968124908542908,0.4328152712020269,logloss,0.10160002839365864,0.020257782351278345,20,286,binary:logistic,0.9272711186397558,gpu_hist,COMPLETE
184,0.8027409828682259,0.08337842591595851,0.4185104780259564,logloss,0.08062553040205178,0.014263684926553392,20,274,binary:logistic,0.9006608094769936,gpu_hist,COMPLETE
185,0.795538970438322,0.060315376989332224,0.45066487007374,logloss,0.11667823223252893,0.02624241806606257,3,294,binary:logistic,0.8670651267053007,gpu_hist,COMPLETE
186,0.8034102340594776,0.07722796309694574,0.40783420163351636,logloss,0.04983673494711825,0.023610439796771677,20,267,binary:logistic,0.8507898322421277,gpu_hist,COMPLETE
187,0.8033412323603742,0.10785967160758948,0.40624104219012463,logloss,0.06225320577007382,0.024006681158065528,20,268,binary:logistic,0.8522836792867079,gpu_hist,COMPLETE
188,0.8033253040836461,0.079369527589674,0.3982241492283851,logloss,0.06019539452127444,0.024521294212296367,20,266,binary:logistic,0.8805810808194912,gpu_hist,COMPLETE
189,0.802571860930623,0.14797658320162305,0.35795716417552936,logloss,0.03342256146822091,0.02818821545119388,13,261,binary:logistic,0.8752719400220893,gpu_hist,COMPLETE
190,0.8032017770186761,0.1215977069931655,0.37703664698907985,logloss,0.04825360647049354,0.024415289697508356,20,267,binary:logistic,0.8600656613324436,gpu_hist,COMPLETE
191,0.8032304961405351,0.11319174351869352,0.40437222861248917,logloss,0.0440964363452648,0.023528091224406626,20,269,binary:logistic,0.8880862995569789,gpu_hist,COMPLETE
192,0.8032595058581546,0.09632529074215539,0.41409765865725606,logloss,0.06064923702044943,0.0271848103282856,20,258,binary:logistic,0.8500937798384451,gpu_hist,COMPLETE
193,0.8030503394650913,0.0862103634674646,0.3821845391516719,logloss,0.06090135930842019,0.026542553155884243,20,243,binary:logistic,0.8538736889532036,gpu_hist,COMPLETE
194,0.8029469655130977,0.10696404056532234,0.39826101061021224,logloss,0.053411680153269935,0.03176925102776957,20,267,binary:logistic,0.8225662119362344,gpu_hist,COMPLETE
195,0.8032060691502111,0.07610895231502006,0.4220552526393692,logloss,0.04305962326286359,0.028556907148050287,20,258,binary:logistic,0.846921286362789,gpu_hist,COMPLETE
196,0.802901013675749,0.14369521329313031,0.40479799794492055,logloss,0.06679760103609257,0.024990387585037625,17,259,binary:logistic,0.8672082143436909,gpu_hist,COMPLETE
197,0.8032566424573241,0.20600950733889348,0.3644483820862938,logloss,0.06444806906102266,0.022916948468555225,20,252,binary:logistic,0.8511517986095349,gpu_hist,COMPLETE
198,0.8031396824315232,0.09479869713415402,0.3391728634349479,logloss,0.03111247924909537,0.02347141953198511,20,241,binary:logistic,0.9113608993892993,gpu_hist,COMPLETE
199,0.8029800745762402,0.04550452965585015,0.3516195031490268,logloss,0.039227366062305216,0.026554631970029916,20,261,binary:logistic,0.8474678496590778,gpu_hist,COMPLETE
200,0.8020698754713512,0.44042716984913005,0.36838882324038347,logloss,0.0613918864473353,0.03761352496414534,11,272,binary:logistic,0.8795675187419782,gpu_hist,COMPLETE
201,0.8032275531296527,0.19256589834536428,0.3874286371431783,logloss,0.05156538452426255,0.02235732355283785,20,249,binary:logistic,0.8663565476427267,gpu_hist,COMPLETE
202,0.8033077432831993,0.2247981339163937,0.41662241253402754,logloss,0.08481658490972188,0.021629366797064304,20,254,binary:logistic,0.8373028084642851,gpu_hist,COMPLETE
203,0.8033442827167749,0.16119871463658894,0.41248830965046407,logloss,0.024087488776010857,0.024938323537838415,20,256,binary:logistic,0.8386829952202527,gpu_hist,COMPLETE
204,0.8033118511836695,0.2773107848367894,0.41400260668584926,logloss,0.022366401773256966,0.021447472185670405,20,255,binary:logistic,0.8377682327724689,gpu_hist,COMPLETE
205,0.8033146709379216,0.38234538477940416,0.4153695209393933,logloss,0.02821138260088045,0.02112169858176468,20,260,binary:logistic,0.835702647641116,gpu_hist,COMPLETE
206,0.8030449607462576,0.3969396183694565,0.4118950674963618,logloss,0.020902760742503978,0.018087592805255376,20,257,binary:logistic,0.8305937770528914,gpu_hist,COMPLETE
207,0.8016534117505137,0.29520135108434065,0.4162532586502645,logloss,0.02375988475607629,0.02067134083285553,20,11,binary:logistic,0.8377054930978611,gpu_hist,COMPLETE
208,0.803248365463989,0.49353480639482816,0.39603513741954727,logloss,0.01872041028624334,0.021381409366900386,20,247,binary:logistic,0.8196673269170816,gpu_hist,COMPLETE
209,0.8029829328005101,0.7021617452708879,0.4317115083271196,logloss,0.012121554387805851,0.01672226484637991,20,263,binary:logistic,0.8222637004566231,gpu_hist,COMPLETE
210,0.8030570307417129,0.34284354797867983,0.43378479866281433,logloss,0.026220553192927924,0.018493966335584245,20,257,binary:logistic,0.8965215531997849,gpu_hist,COMPLETE
211,0.8030394606234572,0.2274966631145008,0.4084704754774793,logloss,0.014379043223565896,0.025973638113834272,20,238,binary:logistic,0.8404107305602181,gpu_hist,COMPLETE
212,0.80304245305687,0.27394992914966165,0.39503639126385576,logloss,0.026204710095007272,0.02847622990100114,20,267,binary:logistic,0.8769348878061798,gpu_hist,COMPLETE
213,0.8032786857232626,0.15231961559023857,0.381840920343025,logloss,0.01697889166260319,0.024681294059320125,20,253,binary:logistic,0.8572332268559363,gpu_hist,COMPLETE
214,0.8033049229295562,0.16112409010637152,0.380753167582311,logloss,0.009411793159114418,0.02082465086375069,20,245,binary:logistic,0.8591012309438489,gpu_hist,COMPLETE
215,0.8000812834540271,0.15597216799184835,0.3765479914347015,logloss,0.010030845501278921,0.020870472134599426,7,244,binary:logistic,0.8610088885653606,gpu_hist,COMPLETE
216,0.8031797091232077,0.22100466116569376,0.3841787740933875,logloss,0.0025229546144373382,0.01905054463330765,20,251,binary:logistic,0.8487760091944334,gpu_hist,COMPLETE
217,0.8031669977246585,0.3415723103213944,0.4013581958177869,logloss,0.005491362616370492,0.02474973026558939,20,237,binary:logistic,0.8647380275187866,gpu_hist,COMPLETE
218,0.8032706232574935,0.16282732545144915,0.41499526793055946,logloss,0.00875682066507677,0.022045997115404,20,260,binary:logistic,0.8343394320885855,gpu_hist,COMPLETE
219,0.8032934682364318,0.1779685013213848,0.4274226382094334,logloss,0.01690761213624164,0.02134939336301664,20,244,binary:logistic,0.8329792840728094,gpu_hist,COMPLETE
220,0.7983732799250998,0.17127217919557824,0.4286632420720475,logloss,0.007693081750562338,0.02269539891492719,5,244,binary:logistic,0.8315647471658895,gpu_hist,COMPLETE
221,0.8032233647472886,0.1322569570801118,0.4128939779359953,logloss,0.014598573403033832,0.019780909359046594,20,252,binary:logistic,0.8384944482395126,gpu_hist,COMPLETE
222,0.8033107933671494,0.24706260273823852,0.38272051392374606,logloss,0.017947363207779482,0.021581706915308512,20,263,binary:logistic,0.8165305161144473,gpu_hist,COMPLETE
223,0.8032713354977313,0.2448889388565618,0.37264677916907596,logloss,0.021776609677324615,0.02178311229588186,20,262,binary:logistic,0.8152705902462044,gpu_hist,COMPLETE
224,0.8032842267681362,0.2127527643823766,0.37576781857913316,logloss,0.019454710395905635,0.021816166283562668,20,263,binary:logistic,0.8134068224088715,gpu_hist,COMPLETE
225,0.8032297264132304,0.26228340668556127,0.3692438965303992,logloss,0.017812676938981923,0.023998130851995023,20,264,binary:logistic,0.8156330119926533,gpu_hist,COMPLETE
226,0.8033545713760193,0.22550267301327154,0.3209056925486935,logloss,0.020922125481542743,0.02131877082171826,20,268,binary:logistic,0.8077215849114034,gpu_hist,COMPLETE
227,0.8031707920890315,0.22728533623353267,0.3171510703103286,logloss,0.020015677938283054,0.02150066017396709,20,269,binary:logistic,0.8046098029702299,gpu_hist,COMPLETE
228,0.8017151738935009,0.3067288658161201,0.33657592143421833,logloss,0.016730187712703775,0.024829371400567936,9,265,binary:logistic,0.8113088341462735,gpu_hist,COMPLETE
229,0.8027451461851389,0.19853028282420154,0.34866162086997016,logloss,0.02216719804943353,0.02082566474862163,15,257,binary:logistic,0.8220399188344154,gpu_hist,COMPLETE
230,0.8031541476487775,0.25092803658118873,0.30507223891807844,logloss,0.015318674558277486,0.018735505042251084,20,265,binary:logistic,0.813380246348518,gpu_hist,COMPLETE
231,0.8031712562357951,0.18342596576856354,0.3761875548481467,logloss,0.028465782199383196,0.022586712328277567,20,255,binary:logistic,0.829038882391279,gpu_hist,COMPLETE
232,0.8032076595530739,0.35030051099076637,0.38913713641933434,logloss,0.01229572643609426,0.023917488428507407,20,275,binary:logistic,0.7993520034248526,gpu_hist,COMPLETE
233,0.8034410558457306,0.2204516041439327,0.38390309230324965,logloss,0.018207922438323983,0.021118004721344046,20,270,binary:logistic,0.8212157020410712,gpu_hist,COMPLETE
234,0.8032322084922658,0.21756307397524532,0.3591644960135757,logloss,0.02214900962495076,0.020804817383101193,20,271,binary:logistic,0.8216016279070731,gpu_hist,COMPLETE
235,0.7932323777309213,0.2762583387679795,0.3831287555197424,logloss,0.0164765814310835,0.0010949766946741432,20,263,binary:logistic,0.8432430692247207,gpu_hist,COMPLETE
236,0.7951550844475569,0.1406529488189039,0.39983653236135847,logloss,0.020191851199360355,0.025212078427049225,3,246,binary:logistic,0.8110974537674152,gpu_hist,COMPLETE
237,0.8032214493109152,0.1637725479162917,0.36509660279660766,logloss,0.024634875399168987,0.019544560408708795,20,262,binary:logistic,0.8346059157275331,gpu_hist,COMPLETE
238,0.8031899526646402,0.22477224655835107,0.3956000521399994,logloss,0.030646434955958056,0.021548820239567813,20,251,binary:logistic,0.8197905625153297,gpu_hist,COMPLETE
239,0.8031082334640953,0.2568505339103864,0.37790491505300206,logloss,0.018634012930662382,0.02702630153669873,20,270,binary:logistic,0.8035444680988219,gpu_hist,COMPLETE
240,0.8025650201331375,0.12554638522375716,0.3281902524835485,logloss,0.011108749739506629,0.023895374095590845,13,279,binary:logistic,0.8518573975803603,gpu_hist,COMPLETE
241,0.8032175823657145,0.18804098085343435,0.4394063094688985,logloss,0.013818272963878579,0.022404731348031497,20,258,binary:logistic,0.8809368772292949,gpu_hist,COMPLETE
242,0.803167660596856,0.29085052781469883,0.42349969952313893,logloss,0.024393130293323153,0.02154829993670156,20,270,binary:logistic,0.8381502596903206,gpu_hist,COMPLETE
243,0.8030744803823336,0.20004915934997888,0.40613125699552566,logloss,0.01699961766566652,0.02319531775633312,20,278,binary:logistic,0.8537111085407628,gpu_hist,COMPLETE
244,0.8031268872271837,0.15683211647380585,0.38642795514155626,logloss,0.03204622816733849,0.01867449986562225,20,264,binary:logistic,0.8714730424023682,gpu_hist,COMPLETE
245,0.8032365111403921,0.2334153219010136,0.4004734241963408,logloss,0.02167087427507839,0.026060899277481696,20,254,binary:logistic,0.8243585432500734,gpu_hist,COMPLETE
246,0.8032981776532346,0.11203132130223085,0.4417177744268833,logloss,0.018243661378015683,0.020396044959642458,20,282,binary:logistic,0.7972168670811786,gpu_hist,COMPLETE
247,0.8031479619858937,0.12091786331121265,0.43504719650231116,logloss,0.018568997352623674,0.017421890344725247,20,275,binary:logistic,0.7912868843744032,gpu_hist,COMPLETE
248,0.8032546467025271,0.41441800434720644,0.4448921914219486,logloss,0.014507734493242396,0.0200488158033953,20,260,binary:logistic,0.8112081268718092,gpu_hist,COMPLETE
249,0.8033191641924551,0.1031459132781839,0.419403507667735,logloss,0.010041891865977363,0.0210014210002351,20,282,binary:logistic,0.7986214049216229,gpu_hist,COMPLETE
250,0.8032867358197764,0.10878262197687426,0.4233384244078932,logloss,0.007418278768126001,0.019655553580892486,20,283,binary:logistic,0.7914491073933279,gpu_hist,COMPLETE
251,0.8026702818950185,0.10909424539298333,0.41962574806118247,logloss,0.01340672505503554,0.017219944508711803,17,283,binary:logistic,0.7979833799313426,gpu_hist,COMPLETE
252,0.8018074666275892,0.13636826433473395,0.4254180987222856,logloss,0.005734235209246035,0.019880590767929824,11,281,binary:logistic,0.7946385131959702,gpu_hist,COMPLETE
253,0.803129164477893,0.15371572205340617,0.44627246895073813,logloss,0.009222057623156178,0.019196160845242033,20,285,binary:logistic,0.8294417180753546,gpu_hist,COMPLETE
