number,value,params_alpha,params_colsample_bytree,params_eval_metric,params_lambda,params_learning_rate,params_max_depth,params_min_child_weight,params_objective,params_subsample,params_tree_method,state
254,0.8034457656439646,0.08971257743181522,0.40914927949547636,logloss,0.009846008867314383,0.024633923740759713,20,275,binary:logistic,0.8427512816049411,gpu_hist,COMPLETE
255,0.8030473239278713,0.0861385120345961,0.41162171920822616,logloss,0.010676376551043077,0.016230109051581683,20,275,binary:logistic,0.8043994721562971,gpu_hist,COMPLETE
256,0.803245702586766,0.07786300258005086,0.4246034908599808,logloss,0.007461600080431653,0.02087078108574879,20,280,binary:logistic,0.8436078165406089,gpu_hist,COMPLETE
257,0.8033024136054654,0.09805412921969103,0.439412582551668,logloss,0.0044648141402346495,0.028519307664413702,20,300,binary:logistic,0.8262017338655678,gpu_hist,COMPLETE
258,0.803333931175943,0.10432027129297243,0.40521126117593576,logloss,0.002787477014370425,0.018607835058081064,20,271,binary:logistic,0.8283530248590775,gpu_hist,COMPLETE
259,0.8031237489237445,0.10823609431413045,0.4520048120020867,logloss,0.0030456475929969574,0.028639930072816285,20,273,binary:logistic,0.8231550108586388,gpu_hist,COMPLETE
260,0.7992570714331186,0.09542854202496938,0.4033002227054578,logloss,0.0043243784440972375,0.018476833526932482,7,287,binary:logistic,0.8373432420539331,gpu_hist,COMPLETE
261,0.802902928894162,0.10073897239227585,0.4141841719326674,logloss,0.004882281355368686,0.03160931282790525,20,281,binary:logistic,0.8310189186155894,gpu_hist,COMPLETE
262,0.8028246583182373,0.08856743678407374,0.43654246417452386,logloss,0.0070525034351760305,0.015394029252204223,20,271,binary:logistic,0.7846775431387814,gpu_hist,COMPLETE
263,0.8032150208945876,0.5653091732788207,0.4286249955797919,logloss,0.0035472377261130815,0.027057902941106042,20,277,binary:logistic,0.8436925263787101,gpu_hist,COMPLETE
264,0.8031495100499404,0.1212221977820427,0.4056348309453594,logloss,0.0017745993011275653,0.017882874015001802,20,288,binary:logistic,0.8254048502567147,gpu_hist,COMPLETE
265,0.7973779109789116,0.07693760277946955,0.4486409225881729,logloss,0.00958921684333068,0.02002400022528401,5,294,binary:logistic,0.8056318552906541,gpu_hist,COMPLETE
266,0.8026868735343552,0.12501709294132252,0.4191677318022603,logloss,0.008185877965270778,0.02955791543511463,15,270,binary:logistic,0.8453828716710916,gpu_hist,COMPLETE
267,0.8032526809172913,0.1046897134467827,0.39734986110025683,logloss,0.0026295194571542683,0.024855894583430828,20,281,binary:logistic,0.7910559737308596,gpu_hist,COMPLETE
268,0.8033823778430128,0.07586441132840002,0.43799282802541467,logloss,0.011901631711756688,0.023575189324331624,20,286,binary:logistic,0.8150929844600994,gpu_hist,COMPLETE
269,0.8033052020823938,0.07558585659708532,0.4556290500428657,logloss,0.0018745499766340348,0.026277392768432446,20,297,binary:logistic,0.8307382482191403,gpu_hist,COMPLETE
270,0.8031585836342047,0.0716709076733981,0.4507197259554565,logloss,0.001055423081749976,0.02618866575075986,20,296,binary:logistic,0.8240302439795075,gpu_hist,COMPLETE
271,0.802065716459157,0.08269398077468763,0.989059231735129,logloss,0.003324907836666732,0.03252584552775698,9,299,binary:logistic,0.81041403945516,gpu_hist,COMPLETE
272,0.803169314044777,0.062497536669459654,0.4636677605446321,logloss,0.0021151728525383735,0.02951323353157454,20,289,binary:logistic,0.8580695837917964,gpu_hist,COMPLETE
273,0.8032817487213688,0.08569064631753785,0.43982319536307246,logloss,0.0019333383558179911,0.024054432083890416,20,300,binary:logistic,0.8358468463458608,gpu_hist,COMPLETE
274,0.8032587718218726,0.0729938563835103,0.39289872960660976,logloss,0.0016018861475854166,0.026207744957130054,20,292,binary:logistic,0.8464127842314118,gpu_hist,COMPLETE
275,0.8029349922375889,0.3394139617443786,0.453768022859098,logloss,0.011827039119342228,0.027975228015612225,20,276,binary:logistic,0.8181901326310798,gpu_hist,COMPLETE
276,0.7933056557594274,0.056646433793273394,0.4111530333142321,logloss,0.0012850135271253178,0.0028350998998157326,13,287,binary:logistic,0.8030853426664383,gpu_hist,COMPLETE
277,0.7945198565000361,0.09334721689322843,0.47769020580282967,logloss,0.0025990403763456976,0.023522325700971104,3,268,binary:logistic,0.829413990399231,gpu_hist,COMPLETE
278,0.8033093050787541,0.061169977143373286,0.43659800290333545,logloss,0.028195576374628932,0.023037011651970297,20,292,binary:logistic,0.856153094968004,gpu_hist,COMPLETE
279,0.8032382272519405,0.05967990406528659,0.3943458239236942,logloss,0.0278589882522509,0.025532196765714634,20,292,binary:logistic,0.8628425508842341,gpu_hist,COMPLETE
280,0.8032894179864984,0.0637092875567532,0.4112927861591037,logloss,0.03144802771016255,0.023053625290178806,20,294,binary:logistic,0.8503991353300722,gpu_hist,COMPLETE
281,0.8028018973630502,0.08041762978780652,0.9206340374602813,logloss,0.00640178719794531,0.028325387903842054,20,288,binary:logistic,0.8389113721275898,gpu_hist,COMPLETE
282,0.7948211686128688,0.05239334238575975,0.43408654953521136,logloss,0.010896642617951537,0.09587050552192354,17,268,binary:logistic,0.8554590765810104,gpu_hist,COMPLETE
283,0.8032570497164118,0.06661434387217376,0.4594031104359733,logloss,0.027151641767449327,0.023384392327112206,20,300,binary:logistic,0.8963565746739265,gpu_hist,COMPLETE
284,0.8032535284019839,0.07736384362560705,0.38988946718438083,logloss,0.04704676974662461,0.02571604173615125,20,275,binary:logistic,0.8199077861608257,gpu_hist,COMPLETE
285,0.802007020202252,0.2965181529591383,0.4070712444950763,logloss,0.03469632739141966,0.02186018125030298,11,295,binary:logistic,0.8425811066579266,gpu_hist,COMPLETE
286,0.8030606773289055,0.0919745837615427,0.4277010382496964,logloss,0.036689400801293154,0.03067745871391239,20,284,binary:logistic,0.8612998875247084,gpu_hist,COMPLETE
287,0.8031657583470891,0.3531512611797538,0.4727029936559898,logloss,0.01246973263241573,0.024228213746710463,20,267,binary:logistic,0.8318916487650557,gpu_hist,COMPLETE
288,0.8034379780263142,0.05385152173636917,0.4395892244047154,logloss,0.042514224215594,0.026254557624789676,20,277,binary:logistic,0.8126879582601907,gpu_hist,COMPLETE
289,0.8033132791515123,0.0483287285577158,0.3465121201616175,logloss,0.05640134579575395,0.022052446645918686,20,276,binary:logistic,0.8847387058176714,gpu_hist,COMPLETE
290,0.7996541622303857,0.04844784573681841,0.322887326081752,logloss,0.03909919670805692,0.007250580156788715,20,277,binary:logistic,0.913185487498376,gpu_hist,COMPLETE
291,0.8033814154386766,0.052345562097727685,0.3201071171217393,logloss,0.04742355881955376,0.025985110341366323,20,275,binary:logistic,0.8860025155960211,gpu_hist,COMPLETE
292,0.803294644623433,0.04564260321748573,0.3084094555912739,logloss,0.04575144048513201,0.022727675941693545,20,274,binary:logistic,0.8920511961282473,gpu_hist,COMPLETE
293,0.8008121457961689,0.05484690188482835,0.3301464108141153,logloss,0.04983446028987204,0.024640050136596904,7,271,binary:logistic,0.9195664913075503,gpu_hist,COMPLETE
294,0.8032882782713417,0.04221568339135708,0.32553039532616146,logloss,0.07328049773098533,0.02210058624214383,20,280,binary:logistic,0.9381008561781604,gpu_hist,COMPLETE
295,0.8032666884176151,0.052569151211849,0.3001894745039596,logloss,0.04116156368485826,0.0188585304449072,20,272,binary:logistic,0.886016063567722,gpu_hist,COMPLETE
296,0.803248263730952,0.06598335440597425,0.34357792602165477,logloss,0.05831719709460823,0.026138095403454787,20,265,binary:logistic,0.8784222772172067,gpu_hist,COMPLETE
297,0.8033095792729914,0.04847614044726076,0.3575731047208441,logloss,0.039042532961303174,0.021091897613027145,20,280,binary:logistic,0.9027314138372601,gpu_hist,COMPLETE
298,0.8032236892903883,0.034834439154669175,0.35154515772997136,logloss,0.04149981662205485,0.02306042165810307,20,283,binary:logistic,0.8927751706180004,gpu_hist,COMPLETE
299,0.8025543656817795,0.05277439831369459,0.33834583791552947,logloss,0.0329836607796715,0.021504595082825408,15,277,binary:logistic,0.9034798252044681,gpu_hist,COMPLETE
300,0.7986437927560952,0.04293802880422717,0.34431386314381185,logloss,0.04840089856158684,0.024076149017086972,5,270,binary:logistic,0.9298213872846658,gpu_hist,COMPLETE
301,0.8031453777379004,3.3740908470921656,0.3625421003198963,logloss,0.026205724196137686,0.02715700708046179,20,286,binary:logistic,0.9069380562352544,gpu_hist,COMPLETE
302,0.8020386965024222,0.044640247825747,0.3213792079882535,logloss,0.05495972274227762,0.034281663143417164,9,266,binary:logistic,0.8179084948364522,gpu_hist,COMPLETE
303,0.803360999955817,0.4430460543849329,0.3617715808357126,logloss,0.0385108871270663,0.020883823887630503,20,279,binary:logistic,0.8073719821131148,gpu_hist,COMPLETE
304,0.8031200964516199,0.5252385840637864,0.3550439250766156,logloss,0.03663819960434671,0.01744308766399004,20,277,binary:logistic,0.8069971833915277,gpu_hist,COMPLETE
305,0.8031885321074526,0.5155501284090325,0.3619440054577009,logloss,0.039757147513103,0.02036552021429457,20,283,binary:logistic,0.8105700595243156,gpu_hist,COMPLETE
306,0.7995546737502303,0.42234826674478443,0.3429410883236549,logloss,0.028815292878062348,0.043953387150182294,20,35,binary:logistic,0.7803852512739801,gpu_hist,COMPLETE
307,0.7994797008613189,0.6360217257258662,0.36997813736962776,logloss,0.03592806711948788,0.06593303062434032,20,273,binary:logistic,0.8728669704551202,gpu_hist,COMPLETE
308,0.7947193808679996,1.0622109869102185,0.3549164843956031,logloss,0.05271297526755224,0.024581478694821534,3,289,binary:logistic,0.8000970737436904,gpu_hist,COMPLETE
309,0.8031147897687126,0.05538257082217505,0.38373799172913453,logloss,0.0255316924007549,0.018870719910337484,20,204,binary:logistic,0.8115417328967149,gpu_hist,COMPLETE
310,0.7932120186998164,0.3732749031730702,0.3170851073373661,logloss,0.03143165131088186,0.0015198699668681319,20,280,binary:logistic,0.9058022337846413,gpu_hist,COMPLETE
311,0.8024275841404541,0.033154325744174214,0.3345442567433517,logloss,0.021988178119677966,0.029257909373422483,13,272,binary:logistic,0.7851888628348901,gpu_hist,COMPLETE
312,0.8031847013436857,0.06268239990830052,0.38880755145282947,logloss,0.04813221853657444,0.022804708902359697,20,286,binary:logistic,0.7714179906515907,gpu_hist,COMPLETE
313,0.8032566475793944,0.464651599897093,0.36883779297294056,logloss,0.04126934291063055,0.02594338219119052,20,278,binary:logistic,0.8193086451673186,gpu_hist,COMPLETE
314,0.8031660348299111,0.038066072534717506,0.40465456360335283,logloss,0.07029717049681698,0.0208135633511939,20,266,binary:logistic,0.9179664463603883,gpu_hist,COMPLETE
315,0.8030711649860344,0.05049108124235908,0.3139383661220282,logloss,0.03321557347865264,0.02314195064763363,17,171,binary:logistic,0.7989369814738599,gpu_hist,COMPLETE
316,0.8028525557837161,0.07276502366423872,0.4779335374941469,logloss,0.023419950407680936,0.01658821215934989,20,260,binary:logistic,0.8695364748306484,gpu_hist,COMPLETE
317,0.8032098919039319,0.3080385513288302,0.3967903249695791,logloss,0.059850703767336484,0.027179866203040574,20,283,binary:logistic,0.887999966577002,gpu_hist,COMPLETE
318,0.8031534561147816,0.06324107739103312,0.3548141078413699,logloss,0.04344006710133475,0.018515687075545947,20,273,binary:logistic,0.8494142505016113,gpu_hist,COMPLETE
319,0.8031241787417381,0.7548801145546095,0.379846577747189,logloss,0.03314027998394196,0.021037758586858607,20,288,binary:logistic,0.8144942753411377,gpu_hist,COMPLETE
320,0.8021863912392789,0.07272136122800008,0.4269003504603212,logloss,0.02567707168541251,0.02492018271317888,11,267,binary:logistic,0.8441246005523527,gpu_hist,COMPLETE
321,0.803095491496594,0.04220132997522396,0.41802988163158883,logloss,0.05109928900597648,0.030973336599314293,20,276,binary:logistic,0.8240380550184966,gpu_hist,COMPLETE
322,0.803283692056679,0.0812684674552976,0.44677465406933126,logloss,0.028904784521968867,0.02263873415060544,20,281,binary:logistic,0.9009527646538219,gpu_hist,COMPLETE
323,0.803281363094855,0.02471118185044421,0.3389221429606246,logloss,0.038955213689838564,0.01973945079248053,20,291,binary:logistic,0.79581367541895,gpu_hist,COMPLETE
324,0.80320335799475,0.05095707195659541,0.3996982115451183,logloss,0.02114224740896772,0.027060902533928396,20,261,binary:logistic,0.8672975510681846,gpu_hist,COMPLETE
325,0.8007076797533753,0.0312874291668263,0.37489595360238737,logloss,0.06735429821653993,0.024252485954297905,7,272,binary:logistic,0.8386586519687105,gpu_hist,COMPLETE
326,0.8032972869578842,0.0999653882489308,0.47044650847719116,logloss,0.013918848505602223,0.021360166043514966,20,287,binary:logistic,0.8570865164171559,gpu_hist,COMPLETE
327,0.8032066770418866,0.27324464194570786,0.3880638010470765,logloss,0.5435348137166348,0.01806249617820702,20,215,binary:logistic,0.8067507429427483,gpu_hist,COMPLETE
328,0.8032217443203747,0.12952506781840223,0.4377824539728461,logloss,0.057951405187290424,0.02341799918081006,20,268,binary:logistic,0.827805614521575,gpu_hist,COMPLETE
329,0.8031316549484054,0.39619745076333207,0.4617162823176781,logloss,0.04113253778656761,0.02025432498773194,20,279,binary:logistic,0.879248791049421,gpu_hist,COMPLETE
330,0.799957945142801,0.08671370462419835,0.4072071357141649,logloss,0.028479670959732976,0.029414773782527118,5,263,binary:logistic,0.7874694740075695,gpu_hist,COMPLETE
331,0.8027041006373636,0.05973118486205181,0.41750360062424247,logloss,0.016382030352687774,0.02528718262124989,15,293,binary:logistic,0.8145046583486494,gpu_hist,COMPLETE
332,0.803230091823913,0.03644654255126971,0.36171091615362694,logloss,0.045644225474869904,0.021978176337491433,20,284,binary:logistic,0.8480502356407772,gpu_hist,COMPLETE
333,0.8031643404599169,0.05023155566574187,0.3266112102076598,logloss,0.07236000313483744,0.02781525933251722,20,273,binary:logistic,0.894155940824173,gpu_hist,COMPLETE
334,0.8033819063400844,0.07305700154075667,0.4273158560155732,logloss,0.03276656923575253,0.02448101252297178,20,278,binary:logistic,0.7717790405584035,gpu_hist,COMPLETE
335,0.8018782741289633,0.09278464865264774,0.39770742171626083,logloss,0.054919761969700324,0.025908244507851334,9,267,binary:logistic,0.7751929234844922,gpu_hist,COMPLETE
336,0.8032983110450259,0.0726614196756609,0.42307955306299333,logloss,0.036363763553875134,0.0198328779631213,20,277,binary:logistic,0.774340870414203,gpu_hist,COMPLETE
337,0.8028378688462011,0.11954102805258433,0.4885349453359465,logloss,0.048127702422688795,0.014988703931789374,20,259,binary:logistic,0.7693015126468097,gpu_hist,COMPLETE
338,0.8032291963334329,0.08256482999564232,0.3479092857128585,logloss,0.02266627848398293,0.024494499376895195,20,273,binary:logistic,0.9612494107405913,gpu_hist,COMPLETE
339,0.7969499678264393,0.04459143007912813,0.37005041517492826,logloss,0.0759548957331587,0.03161443626212692,3,280,binary:logistic,0.7868678656669532,gpu_hist,COMPLETE
340,0.8034000902349477,0.10463721374462856,0.4075851132507174,logloss,0.03495369693815101,0.021934266970736974,20,269,binary:logistic,0.7995806663118751,gpu_hist,COMPLETE
341,0.8032071930087455,0.13447898608639489,0.40780234366572077,logloss,0.019461121800325262,0.02759026158257394,20,265,binary:logistic,0.7910605852440259,gpu_hist,COMPLETE
342,0.8026476546585628,0.11835212331868505,0.4268326561564698,logloss,0.01493872355860353,0.0226741684589659,13,260,binary:logistic,0.8013995272406437,gpu_hist,COMPLETE
343,0.8031377023153882,0.09972274585107722,0.40208770908657177,logloss,0.8591455772179064,0.018070083991587133,20,268,binary:logistic,0.8050688463701732,gpu_hist,COMPLETE
344,0.8032430572553586,0.10439269323910771,0.4525016420143848,logloss,0.033525815069492364,0.024274217018489936,20,256,binary:logistic,0.7849142201878394,gpu_hist,COMPLETE
345,0.8023243640140432,0.3451389851107815,0.3897156094096236,logloss,0.023456120911940246,0.02619394819544475,20,62,binary:logistic,0.8113286270236644,gpu_hist,COMPLETE
346,0.8032953572451015,0.19002358021941848,0.41883499966363547,logloss,0.012085258752041519,0.021016891599696087,20,271,binary:logistic,0.7959907569627117,gpu_hist,COMPLETE
347,0.8029049956495734,0.260203659494961,0.44135057817344486,logloss,0.09379565748492029,0.029663575726325185,17,263,binary:logistic,0.8190127440796827,gpu_hist,COMPLETE
348,0.8024212150638576,0.14099020411592733,0.4084689791982108,logloss,0.06389890615804043,0.035302011256560566,20,276,binary:logistic,0.7665506568308109,gpu_hist,COMPLETE
349,0.8029037689681998,0.08555242469817559,0.48168490319100665,logloss,0.030743913372631618,0.01642180243089433,20,269,binary:logistic,0.8345812990958592,gpu_hist,COMPLETE
350,0.8018500957124736,0.07153635393795488,0.4286453770670977,logloss,0.3405130932719001,0.019197645741596263,11,285,binary:logistic,0.8224054489530469,gpu_hist,COMPLETE
351,0.8033332032970433,0.18051145496231064,0.3876097603482678,logloss,0.04527299550219282,0.02258451269179648,20,273,binary:logistic,0.7819941500774819,gpu_hist,COMPLETE
352,0.7967760649265179,0.16330357015767627,0.8410445506195048,logloss,0.04626764594910225,0.004836094341965618,20,277,binary:logistic,0.7807045427422508,gpu_hist,COMPLETE
353,0.8032628856617648,0.10782073876701864,0.45927273331701113,logloss,0.05772434944058302,0.024741954180435913,20,283,binary:logistic,0.7698405406632068,gpu_hist,COMPLETE
354,0.803086726489827,0.18079995567492466,0.3923998169739567,logloss,0.03777983585237038,0.02276124810186366,20,273,binary:logistic,0.7921679511888281,gpu_hist,COMPLETE
355,0.8009912853047152,0.02530553567088053,0.40659649292407174,logloss,0.04618726699521621,0.009220944812383981,20,288,binary:logistic,0.7799657434330504,gpu_hist,COMPLETE
356,0.8032138924588839,0.12280054645934387,0.4201705022253892,logloss,0.06252702046764466,0.02582832124487505,20,271,binary:logistic,0.7621058262605915,gpu_hist,COMPLETE
357,0.8031308486582364,0.14486035549144013,0.30270625925836436,logloss,0.08282204394329484,0.028208064024701558,20,279,binary:logistic,0.8035226190834124,gpu_hist,COMPLETE
358,0.8029407697695432,0.08635760406565152,0.44093409612754086,logloss,0.052659452978867864,0.022621231560012736,20,267,binary:logistic,0.5846144732160261,gpu_hist,COMPLETE
359,0.7997292022511133,0.06499341882838738,0.3834581641192992,logloss,0.03355419996178448,0.019530505650711332,7,289,binary:logistic,0.7969168734765134,gpu_hist,COMPLETE
360,0.8032197545049999,0.09891087639359324,0.4691872712896267,logloss,0.027255286879149392,0.02415386062779471,20,275,binary:logistic,0.829394845483201,gpu_hist,COMPLETE
361,0.803328999548468,0.07046041304721214,0.42964175167920976,logloss,0.043629349878982565,0.021580025074886357,20,282,binary:logistic,0.7835005764686462,gpu_hist,COMPLETE
362,0.8030501415025189,0.08007447453869843,0.416367366093091,logloss,0.039214643830916954,0.0177309852532913,20,282,binary:logistic,0.8068549285946401,gpu_hist,COMPLETE
363,0.797960928736392,0.07376234235941515,0.3988433076150622,logloss,0.045218679709461494,0.021399870582209976,5,260,binary:logistic,0.8381093509748959,gpu_hist,COMPLETE
364,0.8025837995504214,0.057853089974843674,0.427903792245159,logloss,0.03288614790310038,0.02094096694387887,15,270,binary:logistic,0.7541542433660737,gpu_hist,COMPLETE
365,0.80320725905076,0.09502328073528402,0.4067796969646729,logloss,0.04221976106066592,0.019908957530207785,20,276,binary:logistic,0.7896544383800291,gpu_hist,COMPLETE
366,0.8032572737797473,0.07011252332120796,0.43369392948766,logloss,0.051398172514150235,0.02274212212550995,20,265,binary:logistic,0.7745903426093166,gpu_hist,COMPLETE
367,0.8029696288220064,0.060540061941493896,0.38646147282915666,logloss,0.6375852785862124,0.01875284603008853,20,282,binary:logistic,0.82334807345291,gpu_hist,COMPLETE
368,0.796818029722462,0.1161456137073546,0.632902560645566,logloss,0.40664900219959205,0.010388223356493777,9,275,binary:logistic,0.8434469527396015,gpu_hist,COMPLETE
369,0.80296333853811,0.08370776433547104,0.4161182227512699,logloss,0.02586525200211206,0.027528586286236195,20,222,binary:logistic,0.8052134216563359,gpu_hist,COMPLETE
370,0.8033127578991127,0.20601505325765418,0.3972216859455224,logloss,0.03585425912414797,0.02548579357733713,20,255,binary:logistic,0.8151458955731324,gpu_hist,COMPLETE
371,0.8028899224316631,0.19387190290437245,0.3726508182346282,logloss,0.03862442610380424,0.03233804460215372,20,269,binary:logistic,0.8147824145075631,gpu_hist,COMPLETE
372,0.7951448553460038,0.14152037090662548,0.39520950397632665,logloss,0.03317329398011071,0.02582389231723238,3,284,binary:logistic,0.7960937972670945,gpu_hist,COMPLETE
373,0.8029242468967264,0.17289548498156168,0.6880110949693926,logloss,0.04235871329614433,0.028655761630052567,20,259,binary:logistic,0.7868902195485432,gpu_hist,COMPLETE
374,0.8033553700920627,0.13841985183415456,0.33411021665617446,logloss,0.057851546625568497,0.02443408975539661,20,278,binary:logistic,0.812747327974008,gpu_hist,COMPLETE
375,0.803030217901889,0.13885965086474364,0.7295496490973308,logloss,0.053713835229912424,0.02337091935775864,20,280,binary:logistic,0.7980185382571854,gpu_hist,COMPLETE
376,0.8025612601520244,0.11580671709960476,0.3197702566581654,logloss,0.060594505295718686,0.023753770468172904,13,288,binary:logistic,0.7768173340289567,gpu_hist,COMPLETE
377,0.8030015830217414,0.10392532607923398,0.33224080810912376,logloss,0.06851259846886387,0.030507876550378767,20,276,binary:logistic,0.8285380699951554,gpu_hist,COMPLETE
378,0.8032615056997097,0.09464567601029698,0.3154462576506908,logloss,0.00883674165018393,0.021034404382684148,20,271,binary:logistic,0.8062771852754157,gpu_hist,COMPLETE
379,0.8033257069290349,0.06965608355471402,0.3322095177423087,logloss,0.0568264479460425,0.026775465480263428,20,284,binary:logistic,0.8665170285366007,gpu_hist,COMPLETE
380,0.8022909839715799,0.07744156927781151,0.33127812955215424,logloss,0.04802094106707402,0.012785774673290645,20,291,binary:logistic,0.8625210181101246,gpu_hist,COMPLETE
