number,value,params_alpha,params_colsample_bytree,params_eval_metric,params_lambda,params_learning_rate,params_max_depth,params_min_child_weight,params_objective,params_subsample,params_tree_method,state
0,0.7994931123488112,0.2104887380166018,0.41614035779077274,logloss,8.974708565486653,0.009119465152798455,15,78,binary:logistic,0.8760720197603942,gpu_hist,COMPLETE
1,0.7930246368536455,0.430876870551647,0.8249550589791224,logloss,0.34184110017462627,0.002127210499290845,5,283,binary:logistic,0.755056649851281,gpu_hist,COMPLETE
2,0.8031447612367872,0.07534482847712978,0.4054507119852392,logloss,0.06401084745239802,0.019162468371737944,20,217,binary:logistic,0.8161824807241169,gpu_hist,COMPLETE
3,0.7935725039670035,0.11498537997244541,0.5328555401858892,logloss,0.0171061637033485,0.003499434217856861,13,182,binary:logistic,0.5985076478499866,gpu_hist,COMPLETE
4,0.8006836100547077,1.3435538486730643,0.4616413940678651,logloss,4.823493930412516,0.02255786733178418,7,119,binary:logistic,0.7124624656950524,gpu_hist,COMPLETE
5,0.7910329851076218,3.477476425617604,0.7257485044682741,logloss,0.4387831172737235,0.001633494411538358,3,233,binary:logistic,0.8192339230260728,gpu_hist,COMPLETE
6,0.802901950360753,0.0057791229720288596,0.7694100986047554,logloss,3.577763303823696,0.017158481736782756,20,115,binary:logistic,0.5104671327874061,gpu_hist,COMPLETE
7,0.7931009707965435,0.0011951175902837998,0.7563532813242297,logloss,0.008612561112422526,0.0011877571098924751,9,260,binary:logistic,0.8596882360874726,gpu_hist,COMPLETE
8,0.800644622216985,1.5544961562609891,0.8830642919904113,logloss,5.970362367351449,0.024206667687296377,7,77,binary:logistic,0.9993383494325592,gpu_hist,COMPLETE
9,0.8017226971251338,0.004612472913328104,0.7300081455510724,logloss,0.14407991837850326,0.02360548171885699,9,225,binary:logistic,0.9248032241531872,gpu_hist,COMPLETE
10,0.7945132898967878,0.022672188329421087,0.3305761809957943,logloss,0.001442829917361214,0.0887359071594985,17,2,binary:logistic,0.598091837946949,gpu_hist,COMPLETE
11,0.8015817550752535,0.013679598314216522,0.9665476572286062,logloss,0.033292393569049956,0.010113261022294996,20,173,binary:logistic,0.4059377766220915,gpu_hist,COMPLETE
12,0.7910632201443621,0.028816976980395793,0.5834076924449759,logloss,1.1185836318388442,0.0631797560586982,20,95,binary:logistic,0.4127463595427995,gpu_hist,COMPLETE
13,0.8009723498277539,0.003218755267251609,0.6130871958439362,logloss,0.06500500958207939,0.00876512000080478,20,137,binary:logistic,0.5812303840521511,gpu_hist,COMPLETE
14,0.7999959725378312,0.05300267747169055,0.3057247273172443,logloss,1.6548155981054797,0.03998849310930326,11,21,binary:logistic,0.500838596534819,gpu_hist,COMPLETE
15,0.7965188960152774,0.008261010583951178,0.6666700953621059,logloss,0.0076453902673210864,0.0046223897653411665,20,200,binary:logistic,0.6597311231039816,gpu_hist,COMPLETE
16,0.8029260662670347,0.001185758787240562,0.47593884203897296,logloss,0.14312097878479166,0.015169399997606041,20,150,binary:logistic,0.7679135440994659,gpu_hist,COMPLETE
17,0.801824622130592,0.001587914213575648,0.4347862691018499,logloss,0.1652965687560425,0.041973974423649606,11,162,binary:logistic,0.7743635421990925,gpu_hist,COMPLETE
18,0.7931042075091231,0.23578058191864104,0.5036232494106275,logloss,0.0021922538655026066,0.005450351453205253,3,215,binary:logistic,0.9421909518188454,gpu_hist,COMPLETE
19,0.7964775253795011,0.05815187832190094,0.3802108326031387,logloss,0.04716297043311866,0.017753370849933153,5,295,binary:logistic,0.7065852868718806,gpu_hist,COMPLETE
20,0.8016981954833581,9.299237431917364,0.5429428650643067,logloss,0.3729458393711536,0.03930410884384349,17,250,binary:logistic,0.7960115404931698,gpu_hist,COMPLETE
21,0.8024920512815198,0.003616346218469905,0.6653920537626075,logloss,1.3976011552727223,0.013880040704341083,20,137,binary:logistic,0.5169500740050593,gpu_hist,COMPLETE
22,0.803012480390013,0.0010054113614851648,0.3724425616766653,logloss,0.016158824372662133,0.016669418493204444,20,108,binary:logistic,0.6609030474945773,gpu_hist,COMPLETE
23,0.8022046383426708,0.0020016605767044712,0.38230232117101587,logloss,0.021783861741874362,0.011971244265543274,20,193,binary:logistic,0.6626054361404335,gpu_hist,COMPLETE
24,0.7962515950493708,0.0011036176706063165,0.49033099753641163,logloss,0.00404052867875397,0.005830500998258611,15,45,binary:logistic,0.7396820762505251,gpu_hist,COMPLETE
25,0.8021940873680332,0.011079945164789958,0.35913598174818867,logloss,0.116363886419925,0.03072232370477994,13,154,binary:logistic,0.8534538293288442,gpu_hist,COMPLETE
26,0.7998226130677843,0.003051005610208553,0.4161715594568495,logloss,0.013324902774850123,0.007016928582645263,20,111,binary:logistic,0.6674635502458943,gpu_hist,COMPLETE
27,0.8025376210342118,0.592170985889445,0.46704038511633356,logloss,0.0724309603376375,0.014432394152428528,20,72,binary:logistic,0.8147653892784924,gpu_hist,COMPLETE
28,0.7988237373015379,0.0010293610564497963,0.3040995869791557,logloss,0.029943651411290476,0.05684445605451233,20,140,binary:logistic,0.9140563899186984,gpu_hist,COMPLETE
29,0.7993936031624138,0.020682875170421302,0.4101073114773435,logloss,0.1859499172563887,0.008482130948326679,15,53,binary:logistic,0.6337817358892421,gpu_hist,COMPLETE
30,0.8018657227678694,0.0025467889706863645,0.5849569144062416,logloss,0.004243769395136195,0.02833123624136207,20,96,binary:logistic,0.7350463932820174,gpu_hist,COMPLETE
31,0.8030705419461078,0.007339441371344682,0.8037641954214461,logloss,2.609424316662601,0.017221008206919308,20,118,binary:logistic,0.5144151778446515,gpu_hist,COMPLETE
32,0.7965113163318898,0.005870510233558841,0.8809024880085734,logloss,0.7529354413508452,0.018244885350463664,5,95,binary:logistic,0.7746854122607046,gpu_hist,COMPLETE
33,0.8019124582275011,0.05169117922789271,0.9607278994646997,logloss,2.909447068521006,0.010706149441568875,20,165,binary:logistic,0.5494551771115099,gpu_hist,COMPLETE
34,0.7936103664204684,0.1463906465797729,0.531691412497667,logloss,0.011843474160650796,0.0033685254645687166,13,185,binary:logistic,0.437466053723464,gpu_hist,COMPLETE
35,0.7939699328209175,0.0021352111907609705,0.8276979599629399,logloss,0.22374424309978289,0.019336898192070257,3,125,binary:logistic,0.4662439794544676,gpu_hist,COMPLETE
36,0.7969102848583738,0.33797275094202534,0.4380705889579176,logloss,0.598829906406939,0.013622860027061224,7,270,binary:logistic,0.8339138272788748,gpu_hist,COMPLETE
37,0.8024726354742324,0.008625905951009986,0.3909551979659684,logloss,0.06918445655867703,0.031549894202927954,20,207,binary:logistic,0.6325704182505875,gpu_hist,COMPLETE
38,0.8014321736728018,0.0019081440404737089,0.34625240821050135,logloss,8.962049630744037,0.02212712323824798,9,238,binary:logistic,0.8891666437775573,gpu_hist,COMPLETE
39,0.7940264781351903,0.08805473526926758,0.8151481962926044,logloss,0.02515757358916722,0.002681292921898039,20,105,binary:logistic,0.6845713693922582,gpu_hist,COMPLETE
40,0.7994929820629564,0.8542635915257174,0.4824995111463779,logloss,0.24226636969855306,0.007705601388093503,17,68,binary:logistic,0.5629787896734152,gpu_hist,COMPLETE
41,0.8027172541141813,0.005149660560851367,0.7840724983730925,logloss,3.5701564257924616,0.014293658966142977,20,129,binary:logistic,0.4985147633619038,gpu_hist,COMPLETE
42,0.8029251339412394,0.01555392649615872,0.7080624721124912,logloss,1.8665747362270266,0.017103555261948178,20,113,binary:logistic,0.4560963789039876,gpu_hist,COMPLETE
43,0.8024394946433553,0.01570759455256739,0.7099595569308269,logloss,2.331845132250373,0.025127706854550992,20,149,binary:logistic,0.46779414527584134,gpu_hist,COMPLETE
44,0.8020767193747731,0.03639682131484562,0.6860495426159434,logloss,7.070913909647726,0.011516971193277315,20,88,binary:logistic,0.5442243795012033,gpu_hist,COMPLETE
45,0.7987869508642901,0.007397240723014803,0.6326374230044274,logloss,0.7999568755322276,0.016439505859109475,7,121,binary:logistic,0.441187312175347,gpu_hist,COMPLETE
46,0.801939120075228,0.09540854795400265,0.8808256150769593,logloss,0.0436733077951847,0.02106496483885415,11,176,binary:logistic,0.7678137455070072,gpu_hist,COMPLETE
47,0.8016994626508839,0.01741354793780236,0.7473466356380276,logloss,0.09311572885343643,0.009967813913598174,20,111,binary:logistic,0.6179427374373819,gpu_hist,COMPLETE
48,0.8014535904114466,0.032383835096319535,0.7889757820994622,logloss,1.8243058830795398,0.03505905889467354,15,149,binary:logistic,0.8043921247238056,gpu_hist,COMPLETE
49,0.8020250744651419,0.003987500108497528,0.7118125427707855,logloss,0.006184559726027443,0.02696290063743679,9,57,binary:logistic,0.7219055901459037,gpu_hist,COMPLETE
50,0.8015650216526486,0.009993046401039794,0.8503754234987548,logloss,5.0803238942592515,0.056790787781808405,5,85,binary:logistic,0.9888182876922854,gpu_hist,COMPLETE
51,0.8028704883701885,0.0013767705424386255,0.9368987928421435,logloss,1.2409483155714596,0.01655990833605093,20,107,binary:logistic,0.5273818440580635,gpu_hist,COMPLETE
52,0.802898755224128,0.012712566707754664,0.7608090449503506,logloss,3.8602227303713335,0.021205833749362975,20,121,binary:logistic,0.47523392469258136,gpu_hist,COMPLETE
53,0.8023954757881958,0.005537820939264782,0.7381347402229702,logloss,0.5109289763160296,0.012531226831845946,20,136,binary:logistic,0.5750179971438683,gpu_hist,COMPLETE
54,0.7935643519194924,0.0015326086454290101,0.7817163714092221,logloss,2.1224672406048892,0.01610237002846662,3,162,binary:logistic,0.4175283863308646,gpu_hist,COMPLETE
55,0.7981477724927191,0.002693728268618335,0.3242406334916266,logloss,9.91726230060427,0.04467177078823895,20,80,binary:logistic,0.5028776915968841,gpu_hist,COMPLETE
56,0.7936755117999428,0.16027680649357068,0.6980853273438553,logloss,0.9783963707804473,0.0013553813144237957,13,32,binary:logistic,0.8715525738875269,gpu_hist,COMPLETE
57,0.8026010602738282,0.006340178770947471,0.4463735408673817,logloss,0.00103452517347059,0.024279149891390444,17,100,binary:logistic,0.6077382508467409,gpu_hist,COMPLETE
58,0.7981046874890779,0.02496738423316421,0.6025477181856049,logloss,0.33664047854044693,0.009609650228313001,11,133,binary:logistic,0.4462358312444001,gpu_hist,COMPLETE
59,0.7986559346240066,2.206890169715098,0.5226996325047888,logloss,0.016845800541847245,0.006041460504685177,20,114,binary:logistic,0.8376393908178112,gpu_hist,COMPLETE
60,0.8027580103194686,0.003740261856158736,0.5575007911413062,logloss,6.083793185638438,0.01884121708751182,20,147,binary:logistic,0.4019930312970523,gpu_hist,COMPLETE
61,0.8025668870733125,0.01211421346112694,0.7562979755518947,logloss,3.953615370235318,0.02148741800716522,20,124,binary:logistic,0.4732384355012725,gpu_hist,COMPLETE
62,0.802857277896715,0.0422967473444233,0.7720761718414104,logloss,3.140394401110534,0.015367945182835458,20,114,binary:logistic,0.4932968206093562,gpu_hist,COMPLETE
63,0.8011570840539327,0.014345797733676039,0.8221219969153719,logloss,2.681198328653678,0.034431048864580094,20,158,binary:logistic,0.4731151288531865,gpu_hist,COMPLETE
64,0.8021944516344237,0.001034953420500484,0.36714779182934415,logloss,4.109459015521603,0.012422723318788772,20,121,binary:logistic,0.5321790946405112,gpu_hist,COMPLETE
65,0.8031135743667921,0.06514264434631808,0.6526015814374826,logloss,1.6585376343580116,0.01958043341443301,20,140,binary:logistic,0.7848721568391177,gpu_hist,COMPLETE
66,0.8030494924163194,0.07527969709169484,0.6712714697498657,logloss,1.6319002545770134,0.018684670187449064,20,180,binary:logistic,0.752774973822372,gpu_hist,COMPLETE
67,0.7994509781431128,0.21932654519420997,0.6652283459285473,logloss,1.3205486805165005,0.018691013418049227,7,218,binary:logistic,0.744227675157649,gpu_hist,COMPLETE
68,0.8026160877200451,0.08703474197729205,0.6418613704038503,logloss,0.0386167874497697,0.02762562094312576,20,192,binary:logistic,0.7866984586624051,gpu_hist,COMPLETE
69,0.7944289553888866,0.0738290657286362,0.4034759547040765,logloss,0.12848915486289378,0.013336880803276073,5,168,binary:logistic,0.69488994337359,gpu_hist,COMPLETE
70,0.7994942525543789,0.3035202390698591,0.6228781108176155,logloss,1.712568713468749,0.008795999008764686,15,234,binary:logistic,0.7641520531160989,gpu_hist,COMPLETE
71,0.8029954898830657,0.1195772140549137,0.66901589282822,logloss,2.2666147889079755,0.017145919552973003,20,142,binary:logistic,0.7242772347345405,gpu_hist,COMPLETE
72,0.8019275390195365,0.162232919086291,0.6780040995645841,logloss,0.8476198253067758,0.010834566420725732,20,140,binary:logistic,0.7278307932468023,gpu_hist,COMPLETE
73,0.8029229963486844,0.06162451451101027,0.6572702207181431,logloss,1.587124671867517,0.01523156225542135,20,179,binary:logistic,0.8207799238712642,gpu_hist,COMPLETE
74,0.8031668277700029,0.12052974217461822,0.5661615043198077,logloss,0.6700924726822797,0.019325763088599512,20,186,binary:logistic,0.7075846219572404,gpu_hist,COMPLETE
75,0.8016811956041116,0.42298195720221904,0.5768741636890227,logloss,0.6106257082747061,0.024952397434455015,9,201,binary:logistic,0.7503036802445863,gpu_hist,COMPLETE
76,0.8031607709217409,0.13374804882265465,0.5091187173249125,logloss,0.3190518519176687,0.019981179869760075,20,193,binary:logistic,0.7119245804153361,gpu_hist,COMPLETE
77,0.7941952233281674,0.12520816863160805,0.598714692551143,logloss,0.30381312497247925,0.020462303942941636,3,188,binary:logistic,0.704996917375555,gpu_hist,COMPLETE
78,0.8019856056432115,0.13059229369213843,0.4967709129576171,logloss,0.5210095410689557,0.032710722982342066,13,211,binary:logistic,0.6872570890038963,gpu_hist,COMPLETE
79,0.8025346169399152,0.24821688310498322,0.5114522914228001,logloss,1.0962152636464444,0.029513808648058276,20,246,binary:logistic,0.6743360798547156,gpu_hist,COMPLETE
80,0.803019693681896,0.0659236462831679,0.4547029731916233,logloss,2.614437589118019,0.023103698171298256,20,223,binary:logistic,0.6464176078305831,gpu_hist,COMPLETE
81,0.8028063109530418,0.07166834155444371,0.5633466118715876,logloss,2.4082434193627615,0.02370184467274901,20,197,binary:logistic,0.6529794654250297,gpu_hist,COMPLETE
82,0.8030039745927029,0.0487361726912809,0.4577124373751493,logloss,0.7154306907622565,0.018064919792644893,20,220,binary:logistic,0.7210379131114508,gpu_hist,COMPLETE
83,0.8033219650931287,0.04510641652162019,0.47072689968047027,logloss,0.37134541569766244,0.01988506423027376,20,222,binary:logistic,0.7862885295700885,gpu_hist,COMPLETE
84,0.8032539873176967,0.17556120437733458,0.466558085026136,logloss,0.4146183409275517,0.02250449350273966,20,252,binary:logistic,0.7872019065538189,gpu_hist,COMPLETE
85,0.8023722659979662,0.18721120226181512,0.4237649565545733,logloss,0.42328226585526607,0.03904211279616431,20,257,binary:logistic,0.7996493214042998,gpu_hist,COMPLETE
86,0.8024249188656662,0.10286124760209739,0.47065371201165995,logloss,0.10399338673615595,0.026628883570042523,11,225,binary:logistic,0.7867233149962787,gpu_hist,COMPLETE
87,0.8029041654382458,0.04038260123470376,0.5481129377238102,logloss,0.30604812022326267,0.022230018007672086,17,278,binary:logistic,0.8315119342652298,gpu_hist,COMPLETE
88,0.8031278659240633,0.07120265830685554,0.4512870014145116,logloss,0.24050057621922247,0.01952239624741213,20,243,binary:logistic,0.7546217588971541,gpu_hist,COMPLETE
89,0.803225042388819,0.026660689528723393,0.5089501102907638,logloss,0.1931903758251221,0.019559494473744492,20,249,binary:logistic,0.7548620298974552,gpu_hist,COMPLETE
90,0.801020718846416,0.02613381962485968,0.429356884000669,logloss,0.15412629844413142,0.04809348809398336,20,244,binary:logistic,0.7877804922481593,gpu_hist,COMPLETE
91,0.802700772381398,0.04789690034759352,0.5219455497199919,logloss,0.21936424716211936,0.0146023129792395,20,259,binary:logistic,0.7546661982483208,gpu_hist,COMPLETE
92,0.8031999356343631,0.08270213226478437,0.5033716324841989,logloss,0.256855332348609,0.019556921333303987,20,271,binary:logistic,0.7734827468709982,gpu_hist,COMPLETE
93,0.8032288588761769,0.0331725563924905,0.485695837889566,logloss,0.19125147184138044,0.019410558439603508,20,254,binary:logistic,0.7786499610274925,gpu_hist,COMPLETE
94,0.8032002563086649,0.03183087853500444,0.48554036445376475,logloss,0.18006708963124057,0.020982372894936263,20,287,binary:logistic,0.8106193199989201,gpu_hist,COMPLETE
95,0.800108114003137,0.034023800690417424,0.5105068297590124,logloss,0.19486135546653757,0.07972980599171452,7,297,binary:logistic,0.8495333275463341,gpu_hist,COMPLETE
96,0.8030179066242233,0.017852037046630048,0.47428633463534464,logloss,0.08525814768312458,0.02854087163756857,20,269,binary:logistic,0.8073039021118957,gpu_hist,COMPLETE
97,0.8031451939427569,0.020737360896651492,0.49629426678489386,logloss,0.05551427561449866,0.025689224126650635,20,287,binary:logistic,0.7704419812307743,gpu_hist,COMPLETE
98,0.8027078709171077,0.030197434993445512,0.48931806979551923,logloss,0.06357080134692562,0.025778456369712557,15,285,binary:logistic,0.8183438614815571,gpu_hist,COMPLETE
99,0.8008828897075837,0.021181234872615275,0.5393186531391811,logloss,0.400603128680968,0.03541259885705814,5,288,binary:logistic,0.7401450188077188,gpu_hist,COMPLETE
100,0.8031560443405531,0.052786482377465214,0.49948140136517305,logloss,0.2823896068009694,0.029786683736543567,20,269,binary:logistic,0.7722095580304563,gpu_hist,COMPLETE
101,0.8031097887208367,0.04096361672422327,0.49479295125771433,logloss,0.27471828470754767,0.030394423663266217,20,269,binary:logistic,0.7720970506991542,gpu_hist,COMPLETE
102,0.8032783168797027,0.10828370358063642,0.5260038940501459,logloss,0.1779932086330732,0.022614423014342765,20,253,binary:logistic,0.7782655530523035,gpu_hist,COMPLETE
103,0.8022437967889301,0.08911408591389236,0.5236401510881792,logloss,0.18148787776796393,0.0379454790519247,20,277,binary:logistic,0.765828705884931,gpu_hist,COMPLETE
104,0.8032580152266844,0.05410214500625725,0.5022185672133883,logloss,0.11881031017527736,0.02278068163277384,20,254,binary:logistic,0.7788608572680448,gpu_hist,COMPLETE
105,0.8032317722989293,0.05440235128882311,0.47978394079977177,logloss,0.1268864102863744,0.02261806519869591,20,255,binary:logistic,0.8093603306874739,gpu_hist,COMPLETE
106,0.801193869292398,0.1842933638837882,0.48230598545727543,logloss,0.13841803045847262,0.020365276702394356,9,253,binary:logistic,0.798895609330134,gpu_hist,COMPLETE
107,0.8030266655280981,0.11198780954541225,0.5709733121128464,logloss,0.16506449352011054,0.023125594489458876,20,263,binary:logistic,0.7097655350550386,gpu_hist,COMPLETE
108,0.7942162688256876,0.028405744913794263,0.5495835156552713,logloss,0.11227259560802101,0.021615560982431045,3,252,binary:logistic,0.8408125807051992,gpu_hist,COMPLETE
109,0.8010502722118709,0.13975352090765567,0.5285437448616341,logloss,0.07991300029119265,0.01362905035685239,13,231,binary:logistic,0.8645480638218889,gpu_hist,COMPLETE
110,0.8029855141060374,0.2604878733801443,0.43962864475044783,logloss,0.3716441883771364,0.0160395883457718,20,231,binary:logistic,0.8108586892072529,gpu_hist,COMPLETE
111,0.8028953380403018,0.04488991950899165,0.5085816681300277,logloss,0.49690801219743336,0.03217610386234403,20,264,binary:logistic,0.7798197177305882,gpu_hist,COMPLETE
112,0.8030983541345632,0.05434366244839799,0.48331804508031767,logloss,0.19508546030223467,0.027938193352796962,20,275,binary:logistic,0.8891800241575294,gpu_hist,COMPLETE
113,0.8031060573470319,0.05699839586758834,0.4625559981453524,logloss,0.2803637857340103,0.02411538209939819,20,248,binary:logistic,0.7957744967462239,gpu_hist,COMPLETE
114,0.8032655818869355,0.03711155857465655,0.5107397636503845,logloss,0.2216822976148634,0.017612442366942867,20,239,binary:logistic,0.8263642233536572,gpu_hist,COMPLETE
115,0.8030164139766192,0.03446843350141303,0.5392412391945713,logloss,0.12425593544830185,0.01744477823980256,20,238,binary:logistic,0.8184824558205869,gpu_hist,COMPLETE
116,0.8028704688082388,0.09665926234865582,0.5144979979368267,logloss,0.2310750903438106,0.021077054941961833,17,241,binary:logistic,0.7342826487386113,gpu_hist,COMPLETE
117,0.8028854139198985,0.02300609782845506,0.4730202317303126,logloss,0.35987683072983706,0.015362105414660873,20,254,binary:logistic,0.8290678871010025,gpu_hist,COMPLETE
118,0.8029944256367123,8.013165102012756,0.404693506564908,logloss,0.16244215146288496,0.018516954251513753,20,210,binary:logistic,0.7895536471415062,gpu_hist,COMPLETE
119,0.8021129386244579,0.1789054573134824,0.5583133398428287,logloss,0.0962449477866162,0.011666845282225946,20,261,binary:logistic,0.8456717276101446,gpu_hist,COMPLETE
120,0.801914424503148,0.08388960421291013,0.44460385354952536,logloss,0.49668807735021775,0.01992343292818823,11,236,binary:logistic,0.8086727813180578,gpu_hist,COMPLETE
121,0.8032353842304113,0.03811631963235525,0.5033085021041823,logloss,0.2458591338818003,0.022647933748721122,20,291,binary:logistic,0.7586772323420174,gpu_hist,COMPLETE
122,0.8032403855507378,0.04071938244388525,0.534952079583069,logloss,0.20734784700690645,0.022171566398123815,20,279,binary:logistic,0.7627532804860999,gpu_hist,COMPLETE
123,0.8032263432312332,0.02953562933960969,0.5850565156532491,logloss,0.22456958196847548,0.022504811797104535,20,291,binary:logistic,0.7574573422185541,gpu_hist,COMPLETE
124,0.8033407611843865,0.027553004738499004,0.533655143629748,logloss,0.20665513111465444,0.023106414455190502,20,294,binary:logistic,0.757804250149588,gpu_hist,COMPLETE
125,0.8031615277348894,0.03587508608047712,0.6002338216617149,logloss,0.14262800928376995,0.022944944485401332,20,294,binary:logistic,0.7628868099710544,gpu_hist,COMPLETE
126,0.8032569746835292,0.02906962498561224,0.5820217384703253,logloss,0.20508982279274807,0.025154904679410527,20,294,binary:logistic,0.7440447754027043,gpu_hist,COMPLETE
