Trial 412 finished with value: 0.8028092660062387 and parameters: {'objective': 'binary:logistic', 'tree_method': 'gpu_hist', 'lambda': 0.05081595155525974, 'alpha': 0.08514893310584548, 'colsample_bytree': 0.40178725394440973, 'subsample': 0.8513812949068544, 'learning_rate': 0.023877966310068888, 'max_depth': 17, 'min_child_weight': 184, 'eval_metric': 'logloss'}. Best is trial 254 with value: 0.8034457656439646.
start listen on 192.168.1.101:49593
@tracker All of 4 nodes getting started
@tracker All nodes finishes job
Trial 413 finished with value: 0.8032646474360261 and parameters: {'objective': 'binary:logistic', 'tree_method': 'gpu_hist', 'lambda': 0.0736055376102767, 'alpha': 0.055403745236153185, 'colsample_bytree': 0.47426061807591274, 'subsample': 0.8710237295081885, 'learning_rate': 0.022301716377772555, 'max_depth': 20, 'min_child_weight': 293, 'eval_metric': 'logloss'}. Best is trial 254 with value: 0.8034457656439646.
start listen on 192.168.1.101:39541
@tracker All of 4 nodes getting started
@tracker All nodes finishes job
Trial 414 finished with value: 0.8028538451287168 and parameters: {'objective': 'binary:logistic', 'tree_method': 'gpu_hist', 'lambda': 0.030661358268644412, 'alpha': 0.07369605926148676, 'colsample_bytree': 0.42149976577804243, 'subsample': 0.8127530091197447, 'learning_rate': 0.03287431735250013, 'max_depth': 20, 'min_child_weight': 279, 'eval_metric': 'logloss'}. Best is trial 254 with value: 0.8034457656439646.
start listen on 192.168.1.101:37457
@tracker All of 4 nodes getting started
@tracker All nodes finishes job
Trial 415 finished with value: 0.8031364785219905 and parameters: {'objective': 'binary:logistic', 'tree_method': 'gpu_hist', 'lambda': 0.014767372369484676, 'alpha': 0.1069639312965903, 'colsample_bytree': 0.3760633642681796, 'subsample': 0.8261386347839564, 'learning_rate': 0.025771164199493053, 'max_depth': 20, 'min_child_weight': 269, 'eval_metric': 'logloss'}. Best is trial 254 with value: 0.8034457656439646.
start listen on 192.168.1.101:41967
@tracker All of 4 nodes getting started
@tracker All nodes finishes job
Trial 416 finished with value: 0.8016958803075319 and parameters: {'objective': 'binary:logistic', 'tree_method': 'gpu_hist', 'lambda': 0.010388905335733473, 'alpha': 0.06613423245565478, 'colsample_bytree': 0.5080223775770524, 'subsample': 0.7846647465083416, 'learning_rate': 0.018604813460673022, 'max_depth': 11, 'min_child_weight': 264, 'eval_metric': 'logloss'}. Best is trial 254 with value: 0.8034457656439646.
start listen on 192.168.1.101:60479
@tracker All of 4 nodes getting started
@tracker All nodes finishes job
Trial 417 finished with value: 0.8002763875842055 and parameters: {'objective': 'binary:logistic', 'tree_method': 'gpu_hist', 'lambda': 0.04215350466929132, 'alpha': 0.16192851773695555, 'colsample_bytree': 0.44577643946055817, 'subsample': 0.8424605523813784, 'learning_rate': 0.008080997427459427, 'max_depth': 20, 'min_child_weight': 284, 'eval_metric': 'logloss'}. Best is trial 254 with value: 0.8034457656439646.
start listen on 192.168.1.101:57843
@tracker All of 4 nodes getting started
@tracker All nodes finishes job
Trial 418 finished with value: 0.8031312965669469 and parameters: {'objective': 'binary:logistic', 'tree_method': 'gpu_hist', 'lambda': 0.05838790223982659, 'alpha': 0.08859856931223778, 'colsample_bytree': 0.40982848601922034, 'subsample': 0.7685846686084266, 'learning_rate': 0.02818068064628282, 'max_depth': 20, 'min_child_weight': 274, 'eval_metric': 'logloss'}. Best is trial 254 with value: 0.8034457656439646.
start listen on 192.168.1.101:57173
@tracker All of 4 nodes getting started
@tracker All nodes finishes job
Trial 419 finished with value: 0.8032951421726344 and parameters: {'objective': 'binary:logistic', 'tree_method': 'gpu_hist', 'lambda': 0.001273896504225123, 'alpha': 0.053880485376791375, 'colsample_bytree': 0.32918955972295016, 'subsample': 0.8033141944156712, 'learning_rate': 0.02061162712600953, 'max_depth': 20, 'min_child_weight': 290, 'eval_metric': 'logloss'}. Best is trial 254 with value: 0.8034457656439646.
start listen on 192.168.1.101:46041
@tracker All of 4 nodes getting started
@tracker All nodes finishes job
Trial 420 finished with value: 0.8031923306675641 and parameters: {'objective': 'binary:logistic', 'tree_method': 'gpu_hist', 'lambda': 0.3411639203875381, 'alpha': 0.12974868944957085, 'colsample_bytree': 0.3886082679236372, 'subsample': 0.8254728133071193, 'learning_rate': 0.02314825587811158, 'max_depth': 20, 'min_child_weight': 279, 'eval_metric': 'logloss'}. Best is trial 254 with value: 0.8034457656439646.
start listen on 192.168.1.101:53397
@tracker All of 4 nodes getting started
@tracker All nodes finishes job
Trial 421 finished with value: 0.8032652382722971 and parameters: {'objective': 'binary:logistic', 'tree_method': 'gpu_hist', 'lambda': 0.026346844603751845, 'alpha': 0.04236563633666914, 'colsample_bytree': 0.4333974393873619, 'subsample': 0.7933461120672737, 'learning_rate': 0.02485046575296647, 'max_depth': 20, 'min_child_weight': 272, 'eval_metric': 'logloss'}. Best is trial 254 with value: 0.8034457656439646.
start listen on 192.168.1.101:48963
@tracker All of 4 nodes getting started
@tracker All nodes finishes job
Trial 422 finished with value: 0.8031263516983753 and parameters: {'objective': 'binary:logistic', 'tree_method': 'gpu_hist', 'lambda': 0.09165414061515983, 'alpha': 0.0726136679073581, 'colsample_bytree': 0.3463299842092596, 'subsample': 0.8536343856208392, 'learning_rate': 0.016944640202947597, 'max_depth': 20, 'min_child_weight': 260, 'eval_metric': 'logloss'}. Best is trial 254 with value: 0.8034457656439646.
start listen on 192.168.1.101:38521
@tracker All of 4 nodes getting started
@tracker All nodes finishes job
Trial 423 finished with value: 0.8033210690032573 and parameters: {'objective': 'binary:logistic', 'tree_method': 'gpu_hist', 'lambda': 0.18204922986654531, 'alpha': 0.10088474572390393, 'colsample_bytree': 0.36552711195795373, 'subsample': 0.811122640638183, 'learning_rate': 0.021619890461312952, 'max_depth': 20, 'min_child_weight': 295, 'eval_metric': 'logloss'}. Best is trial 254 with value: 0.8034457656439646.
start listen on 192.168.1.101:44805
@tracker All of 4 nodes getting started
@tracker All nodes finishes job
Trial 424 finished with value: 0.8028048099139605 and parameters: {'objective': 'binary:logistic', 'tree_method': 'gpu_hist', 'lambda': 0.19487756548974453, 'alpha': 0.05983811900273625, 'colsample_bytree': 0.36371404436931837, 'subsample': 0.8366119131163757, 'learning_rate': 0.02687478177334609, 'max_depth': 20, 'min_child_weight': 152, 'eval_metric': 'logloss'}. Best is trial 254 with value: 0.8034457656439646.
start listen on 192.168.1.101:45607
@tracker All of 4 nodes getting started
@tracker All nodes finishes job
Trial 425 finished with value: 0.8004627649051843 and parameters: {'objective': 'binary:logistic', 'tree_method': 'gpu_hist', 'lambda': 0.10481187772073147, 'alpha': 0.08364217188569682, 'colsample_bytree': 0.368163211267476, 'subsample': 0.8140420739177529, 'learning_rate': 0.022610915385923584, 'max_depth': 7, 'min_child_weight': 300, 'eval_metric': 'logloss'}. Best is trial 254 with value: 0.8034457656439646.
start listen on 192.168.1.101:53631
@tracker All of 4 nodes getting started
@tracker All nodes finishes job
Trial 426 finished with value: 0.8031655079105402 and parameters: {'objective': 'binary:logistic', 'tree_method': 'gpu_hist', 'lambda': 0.2503296435380587, 'alpha': 0.17615782293092272, 'colsample_bytree': 0.34461087121080175, 'subsample': 0.8702107839913555, 'learning_rate': 0.030502350414126668, 'max_depth': 20, 'min_child_weight': 291, 'eval_metric': 'logloss'}. Best is trial 254 with value: 0.8034457656439646.
start listen on 192.168.1.101:36349
@tracker All of 4 nodes getting started
@tracker All nodes finishes job
Trial 427 finished with value: 0.8033242746564735 and parameters: {'objective': 'binary:logistic', 'tree_method': 'gpu_hist', 'lambda': 0.2614454212884393, 'alpha': 0.11878382663297025, 'colsample_bytree': 0.354619603401776, 'subsample': 0.6998472374426399, 'learning_rate': 0.024201613572454796, 'max_depth': 20, 'min_child_weight': 296, 'eval_metric': 'logloss'}. Best is trial 254 with value: 0.8034457656439646.
start listen on 192.168.1.101:60805
@tracker All of 4 nodes getting started
@tracker All nodes finishes job
Trial 428 finished with value: 0.7988650276188909 and parameters: {'objective': 'binary:logistic', 'tree_method': 'gpu_hist', 'lambda': 0.25026407446707655, 'alpha': 0.13451147230380806, 'colsample_bytree': 0.3286676044355006, 'subsample': 0.8801504795400644, 'learning_rate': 0.02470419415444747, 'max_depth': 5, 'min_child_weight': 294, 'eval_metric': 'logloss'}. Best is trial 254 with value: 0.8034457656439646.
start listen on 192.168.1.101:59397
@tracker All of 4 nodes getting started
@tracker All nodes finishes job
Trial 429 finished with value: 0.8029429498643849 and parameters: {'objective': 'binary:logistic', 'tree_method': 'gpu_hist', 'lambda': 0.2674591946063814, 'alpha': 0.03331660094599097, 'colsample_bytree': 0.3474612801187861, 'subsample': 0.8924507110916571, 'learning_rate': 0.028123613369485663, 'max_depth': 20, 'min_child_weight': 266, 'eval_metric': 'logloss'}. Best is trial 254 with value: 0.8034457656439646.
start listen on 192.168.1.101:45823
@tracker All of 4 nodes getting started
@tracker All nodes finishes job
Trial 430 finished with value: 0.7932413618424238 and parameters: {'objective': 'binary:logistic', 'tree_method': 'gpu_hist', 'lambda': 0.3275228351741572, 'alpha': 0.1194824770271753, 'colsample_bytree': 0.35576945414536526, 'subsample': 0.7387292046003666, 'learning_rate': 0.001953624102663327, 'max_depth': 20, 'min_child_weight': 286, 'eval_metric': 'logloss'}. Best is trial 254 with value: 0.8034457656439646.
start listen on 192.168.1.101:54087
@tracker All of 4 nodes getting started
@tracker All nodes finishes job
Trial 431 finished with value: 0.8005426173835144 and parameters: {'objective': 'binary:logistic', 'tree_method': 'gpu_hist', 'lambda': 0.35987193665234696, 'alpha': 0.05038707884463492, 'colsample_bytree': 0.49594012432749196, 'subsample': 0.7182832833763222, 'learning_rate': 0.026382538123870546, 'max_depth': 15, 'min_child_weight': 2, 'eval_metric': 'logloss'}. Best is trial 254 with value: 0.8034457656439646.
start listen on 192.168.1.101:54347
@tracker All of 4 nodes getting started
@tracker All nodes finishes job
Trial 432 finished with value: 0.8025446114615417 and parameters: {'objective': 'binary:logistic', 'tree_method': 'gpu_hist', 'lambda': 0.4531931425530483, 'alpha': 0.06825007912540296, 'colsample_bytree': 0.37963083075571774, 'subsample': 0.7097481992693933, 'learning_rate': 0.03600753049122247, 'max_depth': 20, 'min_child_weight': 295, 'eval_metric': 'logloss'}. Best is trial 254 with value: 0.8034457656439646.
start listen on 192.168.1.101:40149
@tracker All of 4 nodes getting started
@tracker All nodes finishes job
Trial 433 finished with value: 0.8032219559054748 and parameters: {'objective': 'binary:logistic', 'tree_method': 'gpu_hist', 'lambda': 0.1614310068616318, 'alpha': 0.19507927588823473, 'colsample_bytree': 0.3153537973870715, 'subsample': 0.8464870748581564, 'learning_rate': 0.023784858343717352, 'max_depth': 20, 'min_child_weight': 276, 'eval_metric': 'logloss'}. Best is trial 254 with value: 0.8034457656439646.
start listen on 192.168.1.101:38609
@tracker All of 4 nodes getting started
@tracker All nodes finishes job
Trial 434 finished with value: 0.8021585400903943 and parameters: {'objective': 'binary:logistic', 'tree_method': 'gpu_hist', 'lambda': 0.2871183360563664, 'alpha': 0.08797844494839478, 'colsample_bytree': 0.4633259340663626, 'subsample': 0.7301661509459272, 'learning_rate': 0.02970495727493902, 'max_depth': 9, 'min_child_weight': 300, 'eval_metric': 'logloss'}. Best is trial 254 with value: 0.8034457656439646.
start listen on 192.168.1.101:56243
@tracker All of 4 nodes getting started
@tracker All nodes finishes job
Trial 435 finished with value: 0.8031243128419007 and parameters: {'objective': 'binary:logistic', 'tree_method': 'gpu_hist', 'lambda': 0.2219915474183821, 'alpha': 0.15302822194494675, 'colsample_bytree': 0.3936825175844251, 'subsample': 0.9134035294008078, 'learning_rate': 0.019262181032559406, 'max_depth': 20, 'min_child_weight': 270, 'eval_metric': 'logloss'}. Best is trial 254 with value: 0.8034457656439646.
start listen on 192.168.1.101:41645
@tracker All of 4 nodes getting started
@tracker All nodes finishes job
Trial 436 finished with value: 0.8031771117975879 and parameters: {'objective': 'binary:logistic', 'tree_method': 'gpu_hist', 'lambda': 0.03241307459298476, 'alpha': 0.04153219206092036, 'colsample_bytree': 0.3788374740116574, 'subsample': 0.8641457814457844, 'learning_rate': 0.024304971959253543, 'max_depth': 20, 'min_child_weight': 285, 'eval_metric': 'logloss'}. Best is trial 254 with value: 0.8034457656439646.
start listen on 192.168.1.101:45421
@tracker All of 4 nodes getting started
@tracker All nodes finishes job
Trial 437 finished with value: 0.7956559954708248 and parameters: {'objective': 'binary:logistic', 'tree_method': 'gpu_hist', 'lambda': 0.05120201320168813, 'alpha': 0.058557787993814225, 'colsample_bytree': 0.3400619163354606, 'subsample': 0.8276787544230934, 'learning_rate': 0.026942562029500676, 'max_depth': 3, 'min_child_weight': 262, 'eval_metric': 'logloss'}. Best is trial 254 with value: 0.8034457656439646.
start listen on 192.168.1.101:36461
@tracker All of 4 nodes getting started
@tracker All nodes finishes job
Trial 438 finished with value: 0.803317047251652 and parameters: {'objective': 'binary:logistic', 'tree_method': 'gpu_hist', 'lambda': 0.04502273866780885, 'alpha': 0.07859259011269776, 'colsample_bytree': 0.40097827126891444, 'subsample': 0.8533126666319455, 'learning_rate': 0.022383084509024247, 'max_depth': 20, 'min_child_weight': 229, 'eval_metric': 'logloss'}. Best is trial 254 with value: 0.8034457656439646.
start listen on 192.168.1.101:33189
@tracker All of 4 nodes getting started
@tracker All nodes finishes job
Trial 439 finished with value: 0.8033391990618912 and parameters: {'objective': 'binary:logistic', 'tree_method': 'gpu_hist', 'lambda': 0.0391241134785191, 'alpha': 0.12490532735604369, 'colsample_bytree': 0.47970276901994363, 'subsample': 0.6853889978190884, 'learning_rate': 0.02065369296044716, 'max_depth': 20, 'min_child_weight': 279, 'eval_metric': 'logloss'}. Best is trial 254 with value: 0.8034457656439646.
start listen on 192.168.1.101:47279
@tracker All of 4 nodes getting started
@tracker All nodes finishes job
Trial 440 finished with value: 0.803345242995997 and parameters: {'objective': 'binary:logistic', 'tree_method': 'gpu_hist', 'lambda': 0.036523781291291274, 'alpha': 0.13617126920274683, 'colsample_bytree': 0.4854767214158188, 'subsample': 0.7088825702766978, 'learning_rate': 0.025418419871223858, 'max_depth': 20, 'min_child_weight': 279, 'eval_metric': 'logloss'}. Best is trial 254 with value: 0.8034457656439646.
start listen on 192.168.1.101:59525
@tracker All of 4 nodes getting started
@tracker All nodes finishes job
Trial 441 finished with value: 0.8029354943639596 and parameters: {'objective': 'binary:logistic', 'tree_method': 'gpu_hist', 'lambda': 0.036595057196976734, 'alpha': 0.1740502015839121, 'colsample_bytree': 0.4977115444564898, 'subsample': 0.643140228680742, 'learning_rate': 0.029282887816522635, 'max_depth': 20, 'min_child_weight': 278, 'eval_metric': 'logloss'}. Best is trial 254 with value: 0.8034457656439646.
start listen on 192.168.1.101:59249
@tracker All of 4 nodes getting started
@tracker All nodes finishes job
Trial 442 finished with value: 0.8023903855400086 and parameters: {'objective': 'binary:logistic', 'tree_method': 'gpu_hist', 'lambda': 0.029976100352289987, 'alpha': 0.20178282265981062, 'colsample_bytree': 0.47771889523194716, 'subsample': 0.8347719917734612, 'learning_rate': 0.032556279737790524, 'max_depth': 13, 'min_child_weight': 272, 'eval_metric': 'logloss'}. Best is trial 254 with value: 0.8034457656439646.
start listen on 192.168.1.101:51411
@tracker All of 4 nodes getting started
@tracker All nodes finishes job
Trial 443 finished with value: 0.803139538632121 and parameters: {'objective': 'binary:logistic', 'tree_method': 'gpu_hist', 'lambda': 0.0407341485466811, 'alpha': 0.12760681294523885, 'colsample_bytree': 0.5212010141343988, 'subsample': 0.7208592668226814, 'learning_rate': 0.02610038403867647, 'max_depth': 20, 'min_child_weight': 280, 'eval_metric': 'logloss'}. Best is trial 254 with value: 0.8034457656439646.
start listen on 192.168.1.101:32991
@tracker All of 4 nodes getting started
@tracker All nodes finishes job
Trial 444 finished with value: 0.8030881049806491 and parameters: {'objective': 'binary:logistic', 'tree_method': 'gpu_hist', 'lambda': 0.024397046994040297, 'alpha': 0.10708843441288463, 'colsample_bytree': 0.4926610974122032, 'subsample': 0.6843190880340616, 'learning_rate': 0.020515995793819745, 'max_depth': 20, 'min_child_weight': 269, 'eval_metric': 'logloss'}. Best is trial 254 with value: 0.8034457656439646.
start listen on 192.168.1.101:36041
@tracker All of 4 nodes getting started
@tracker All nodes finishes job
Trial 445 finished with value: 0.8027888060594487 and parameters: {'objective': 'binary:logistic', 'tree_method': 'gpu_hist', 'lambda': 0.03298289455445703, 'alpha': 0.09703302421284613, 'colsample_bytree': 0.5021075556789635, 'subsample': 0.6775869223311289, 'learning_rate': 0.02208088006117324, 'max_depth': 17, 'min_child_weight': 277, 'eval_metric': 'logloss'}. Best is trial 254 with value: 0.8034457656439646.
start listen on 192.168.1.101:58207
@tracker All of 4 nodes getting started
@tracker All nodes finishes job
Trial 446 finished with value: 0.8032779346860658 and parameters: {'objective': 'binary:logistic', 'tree_method': 'gpu_hist', 'lambda': 0.03836740808217572, 'alpha': 0.14694876631555473, 'colsample_bytree': 0.4770804986960899, 'subsample': 0.6896161324120313, 'learning_rate': 0.026375317198492863, 'max_depth': 20, 'min_child_weight': 283, 'eval_metric': 'logloss'}. Best is trial 254 with value: 0.8034457656439646.
start listen on 192.168.1.101:46431
@tracker All of 4 nodes getting started
@tracker All nodes finishes job
Trial 447 finished with value: 0.8031261728618317 and parameters: {'objective': 'binary:logistic', 'tree_method': 'gpu_hist', 'lambda': 0.053459419308066386, 'alpha': 0.22220760783326352, 'colsample_bytree': 0.485133470130464, 'subsample': 0.6503625889751482, 'learning_rate': 0.023993012825469506, 'max_depth': 20, 'min_child_weight': 274, 'eval_metric': 'logloss'}. Best is trial 254 with value: 0.8034457656439646.
start listen on 192.168.1.101:49639
@tracker All of 4 nodes getting started
@tracker All nodes finishes job
Trial 448 finished with value: 0.803049171959978 and parameters: {'objective': 'binary:logistic', 'tree_method': 'gpu_hist', 'lambda': 0.04747858364246967, 'alpha': 5.926338467005803, 'colsample_bytree': 0.5169196419903607, 'subsample': 0.6957186322426633, 'learning_rate': 0.02881205983124732, 'max_depth': 20, 'min_child_weight': 265, 'eval_metric': 'logloss'}. Best is trial 254 with value: 0.8034457656439646.
start listen on 192.168.1.101:52545
@tracker All of 4 nodes getting started
@tracker All nodes finishes job
Trial 449 finished with value: 0.8030868288767452 and parameters: {'objective': 'binary:logistic', 'tree_method': 'gpu_hist', 'lambda': 0.02899428469334286, 'alpha': 0.1541792415974706, 'colsample_bytree': 0.4581801286208256, 'subsample': 0.6680800531070186, 'learning_rate': 0.020815138893916504, 'max_depth': 20, 'min_child_weight': 284, 'eval_metric': 'logloss'}. Best is trial 254 with value: 0.8034457656439646.
start listen on 192.168.1.101:54331
@tracker All of 4 nodes getting started
@tracker All nodes finishes job
Trial 450 finished with value: 0.8016686937745284 and parameters: {'objective': 'binary:logistic', 'tree_method': 'gpu_hist', 'lambda': 0.02136661733628519, 'alpha': 0.11827571098088448, 'colsample_bytree': 0.4226408483427355, 'subsample': 0.8750665443116666, 'learning_rate': 0.01866798284516773, 'max_depth': 11, 'min_child_weight': 270, 'eval_metric': 'logloss'}. Best is trial 254 with value: 0.8034457656439646.
start listen on 192.168.1.101:60997
@tracker All of 4 nodes getting started
@tracker All nodes finishes job
Trial 451 finished with value: 0.8033846980319292 and parameters: {'objective': 'binary:logistic', 'tree_method': 'gpu_hist', 'lambda': 0.036421864613798864, 'alpha': 0.1360027946901757, 'colsample_bytree': 0.44216304721302396, 'subsample': 0.7496285925648126, 'learning_rate': 0.02367654756232055, 'max_depth': 20, 'min_child_weight': 278, 'eval_metric': 'logloss'}. Best is trial 254 with value: 0.8034457656439646.
start listen on 192.168.1.101:41347
@tracker All of 4 nodes getting started
@tracker All nodes finishes job
Trial 452 finished with value: 0.80316073599358 and parameters: {'objective': 'binary:logistic', 'tree_method': 'gpu_hist', 'lambda': 0.03536803731634661, 'alpha': 0.1636876524044211, 'colsample_bytree': 0.4505341846628771, 'subsample': 0.6652117101382657, 'learning_rate': 0.02252599285216981, 'max_depth': 20, 'min_child_weight': 289, 'eval_metric': 'logloss'}. Best is trial 254 with value: 0.8034457656439646.
start listen on 192.168.1.101:50025
@tracker All of 4 nodes getting started
@tracker All nodes finishes job
