Trial 945 finished with value: 0.802640873255298 and parameters: {'objective': 'binary:logistic', 'tree_method': 'gpu_hist', 'lambda': 0.009134178840990303, 'alpha': 0.3317615167466116, 'colsample_bytree': 0.3766918740010024, 'subsample': 0.8231188806977237, 'learning_rate': 0.01988686170481769, 'max_depth': 15, 'min_child_weight': 279, 'eval_metric': 'logloss'}. Best is trial 725 with value: 0.8034700928628958.
start listen on 192.168.1.101:36977
@tracker All of 4 nodes getting started
@tracker All nodes finishes job
Trial 946 finished with value: 0.8031305673257946 and parameters: {'objective': 'binary:logistic', 'tree_method': 'gpu_hist', 'lambda': 0.011622231121238492, 'alpha': 0.16715138425258702, 'colsample_bytree': 0.3356239514544399, 'subsample': 0.8515100829997545, 'learning_rate': 0.024245121374196175, 'max_depth': 20, 'min_child_weight': 285, 'eval_metric': 'logloss'}. Best is trial 725 with value: 0.8034700928628958.
start listen on 192.168.1.101:56339
@tracker All of 4 nodes getting started
@tracker All nodes finishes job
Trial 947 finished with value: 0.7981287498860709 and parameters: {'objective': 'binary:logistic', 'tree_method': 'gpu_hist', 'lambda': 1.7089927511042085, 'alpha': 0.8980244105732115, 'colsample_bytree': 0.4214422717818918, 'subsample': 0.8627150586292248, 'learning_rate': 0.022386367449418864, 'max_depth': 5, 'min_child_weight': 273, 'eval_metric': 'logloss'}. Best is trial 725 with value: 0.8034700928628958.
start listen on 192.168.1.101:45667
@tracker All of 4 nodes getting started
@tracker All nodes finishes job
Trial 948 finished with value: 0.8031506899787988 and parameters: {'objective': 'binary:logistic', 'tree_method': 'gpu_hist', 'lambda': 0.03855134486694603, 'alpha': 0.06963678844100399, 'colsample_bytree': 0.30057983872161714, 'subsample': 0.7942149059496663, 'learning_rate': 0.02644019770716481, 'max_depth': 20, 'min_child_weight': 252, 'eval_metric': 'logloss'}. Best is trial 725 with value: 0.8034700928628958.
start listen on 192.168.1.101:44007
@tracker All of 4 nodes getting started
@tracker All nodes finishes job
Trial 949 finished with value: 0.8025900344178751 and parameters: {'objective': 'binary:logistic', 'tree_method': 'gpu_hist', 'lambda': 6.876442084958174, 'alpha': 0.001651953729689783, 'colsample_bytree': 0.36585120130093, 'subsample': 0.7458339817767082, 'learning_rate': 0.014952789950029176, 'max_depth': 20, 'min_child_weight': 264, 'eval_metric': 'logloss'}. Best is trial 725 with value: 0.8034700928628958.
start listen on 192.168.1.101:46677
@tracker All of 4 nodes getting started
@tracker All nodes finishes job
Trial 950 finished with value: 0.801962063354326 and parameters: {'objective': 'binary:logistic', 'tree_method': 'gpu_hist', 'lambda': 0.014785945942096737, 'alpha': 0.08243647021724716, 'colsample_bytree': 0.3263312186881878, 'subsample': 0.8460006542157251, 'learning_rate': 0.029078984136898117, 'max_depth': 9, 'min_child_weight': 290, 'eval_metric': 'logloss'}. Best is trial 725 with value: 0.8034700928628958.
start listen on 192.168.1.101:52269
@tracker All of 4 nodes getting started
@tracker All nodes finishes job
Trial 951 finished with value: 0.8031898552363221 and parameters: {'objective': 'binary:logistic', 'tree_method': 'gpu_hist', 'lambda': 0.04735817406188149, 'alpha': 0.008586179734810672, 'colsample_bytree': 0.49422758025880564, 'subsample': 0.8129826664379698, 'learning_rate': 0.020452062596723903, 'max_depth': 20, 'min_child_weight': 280, 'eval_metric': 'logloss'}. Best is trial 725 with value: 0.8034700928628958.
start listen on 192.168.1.101:49313
@tracker All of 4 nodes getting started
@tracker All nodes finishes job
Trial 952 finished with value: 0.8030059017989404 and parameters: {'objective': 'binary:logistic', 'tree_method': 'gpu_hist', 'lambda': 2.6136977139134467, 'alpha': 0.05102008603154823, 'colsample_bytree': 0.4352309614544067, 'subsample': 0.8738653232363713, 'learning_rate': 0.032331261885869586, 'max_depth': 20, 'min_child_weight': 285, 'eval_metric': 'logloss'}. Best is trial 725 with value: 0.8034700928628958.
start listen on 192.168.1.101:43087
@tracker All of 4 nodes getting started
@tracker All nodes finishes job
Trial 953 finished with value: 0.8032008993464621 and parameters: {'objective': 'binary:logistic', 'tree_method': 'gpu_hist', 'lambda': 0.018088861937989382, 'alpha': 0.653393360612169, 'colsample_bytree': 0.3448601688908568, 'subsample': 0.7770740773492044, 'learning_rate': 0.02398714599848073, 'max_depth': 20, 'min_child_weight': 272, 'eval_metric': 'logloss'}. Best is trial 725 with value: 0.8034700928628958.
start listen on 192.168.1.101:38395
@tracker All of 4 nodes getting started
@tracker All nodes finishes job
Trial 954 finished with value: 0.7935070910410852 and parameters: {'objective': 'binary:logistic', 'tree_method': 'gpu_hist', 'lambda': 0.006112451996346119, 'alpha': 4.139932353707936, 'colsample_bytree': 0.31428870810551557, 'subsample': 0.8285215259875589, 'learning_rate': 0.01772535880794224, 'max_depth': 3, 'min_child_weight': 290, 'eval_metric': 'logloss'}. Best is trial 725 with value: 0.8034700928628958.
start listen on 192.168.1.101:47081
@tracker All of 4 nodes getting started
@tracker All nodes finishes job
Trial 955 finished with value: 0.802936751450815 and parameters: {'objective': 'binary:logistic', 'tree_method': 'gpu_hist', 'lambda': 9.988233004022705, 'alpha': 0.001098630327331351, 'colsample_bytree': 0.40382216780132335, 'subsample': 0.5321957912905775, 'learning_rate': 0.021443822826781474, 'max_depth': 20, 'min_child_weight': 276, 'eval_metric': 'logloss'}. Best is trial 725 with value: 0.8034700928628958.
start listen on 192.168.1.101:57517
@tracker All of 4 nodes getting started
@tracker All nodes finishes job
Trial 956 finished with value: 0.8033347323440413 and parameters: {'objective': 'binary:logistic', 'tree_method': 'gpu_hist', 'lambda': 0.060213017548049724, 'alpha': 0.24547333730512622, 'colsample_bytree': 0.38061149925379123, 'subsample': 0.8578385725435893, 'learning_rate': 0.025563649630060345, 'max_depth': 20, 'min_child_weight': 281, 'eval_metric': 'logloss'}. Best is trial 725 with value: 0.8034700928628958.
start listen on 192.168.1.101:59727
@tracker All of 4 nodes getting started
@tracker All nodes finishes job
Trial 957 finished with value: 0.8032599611230301 and parameters: {'objective': 'binary:logistic', 'tree_method': 'gpu_hist', 'lambda': 0.03733864310375203, 'alpha': 0.2969184211250158, 'colsample_bytree': 0.42656919958788037, 'subsample': 0.8785457480842865, 'learning_rate': 0.01934834003882537, 'max_depth': 20, 'min_child_weight': 267, 'eval_metric': 'logloss'}. Best is trial 725 with value: 0.8034700928628958.
start listen on 192.168.1.101:49327
@tracker All of 4 nodes getting started
@tracker All nodes finishes job
Trial 958 finished with value: 0.8029853864901978 and parameters: {'objective': 'binary:logistic', 'tree_method': 'gpu_hist', 'lambda': 0.4065579282591651, 'alpha': 0.05934654808772679, 'colsample_bytree': 0.46969229137148644, 'subsample': 0.8396899093848127, 'learning_rate': 0.02349900815550646, 'max_depth': 20, 'min_child_weight': 148, 'eval_metric': 'logloss'}. Best is trial 725 with value: 0.8034700928628958.
start listen on 192.168.1.101:46365
@tracker All of 4 nodes getting started
@tracker All nodes finishes job
Trial 959 finished with value: 0.8024493695591886 and parameters: {'objective': 'binary:logistic', 'tree_method': 'gpu_hist', 'lambda': 0.01028595505766665, 'alpha': 0.10170001858601872, 'colsample_bytree': 0.35100608088471535, 'subsample': 0.7639119195530671, 'learning_rate': 0.0281516161547171, 'max_depth': 13, 'min_child_weight': 291, 'eval_metric': 'logloss'}. Best is trial 725 with value: 0.8034700928628958.
start listen on 192.168.1.101:57661
@tracker All of 4 nodes getting started
@tracker All nodes finishes job
Trial 960 finished with value: 0.8033354116177621 and parameters: {'objective': 'binary:logistic', 'tree_method': 'gpu_hist', 'lambda': 0.044060079862432544, 'alpha': 0.12221875436065623, 'colsample_bytree': 0.3272567911815627, 'subsample': 0.8272859264007246, 'learning_rate': 0.022116792216563312, 'max_depth': 20, 'min_child_weight': 261, 'eval_metric': 'logloss'}. Best is trial 725 with value: 0.8034700928628958.
start listen on 192.168.1.101:59585
@tracker All of 4 nodes getting started
@tracker All nodes finishes job
Trial 961 finished with value: 0.8032373442396955 and parameters: {'objective': 'binary:logistic', 'tree_method': 'gpu_hist', 'lambda': 0.004752765160054258, 'alpha': 0.17803956641029597, 'colsample_bytree': 0.3136678436836578, 'subsample': 0.8629973880575309, 'learning_rate': 0.02563594119583278, 'max_depth': 20, 'min_child_weight': 285, 'eval_metric': 'logloss'}. Best is trial 725 with value: 0.8034700928628958.
start listen on 192.168.1.101:55455
@tracker All of 4 nodes getting started
@tracker All nodes finishes job
Trial 962 finished with value: 0.8032192598437744 and parameters: {'objective': 'binary:logistic', 'tree_method': 'gpu_hist', 'lambda': 0.052959707062520206, 'alpha': 0.3638725093208565, 'colsample_bytree': 0.3940028772234657, 'subsample': 0.8031314968562809, 'learning_rate': 0.01933786140574826, 'max_depth': 20, 'min_child_weight': 275, 'eval_metric': 'logloss'}. Best is trial 725 with value: 0.8034700928628958.
start listen on 192.168.1.101:50633
@tracker All of 4 nodes getting started
@tracker All nodes finishes job
Trial 963 finished with value: 0.8027405380654518 and parameters: {'objective': 'binary:logistic', 'tree_method': 'gpu_hist', 'lambda': 0.008104905819755473, 'alpha': 0.07599758068755827, 'colsample_bytree': 0.41597438616288357, 'subsample': 0.8787897645614183, 'learning_rate': 0.024320843384478753, 'max_depth': 17, 'min_child_weight': 271, 'eval_metric': 'logloss'}. Best is trial 725 with value: 0.8034700928628958.
start listen on 192.168.1.101:40215
@tracker All of 4 nodes getting started
@tracker All nodes finishes job
Trial 964 finished with value: 0.8030688765103624 and parameters: {'objective': 'binary:logistic', 'tree_method': 'gpu_hist', 'lambda': 0.035911430381015914, 'alpha': 9.484240462193371, 'colsample_bytree': 0.3662659164091674, 'subsample': 0.8447954649089245, 'learning_rate': 0.021127198924588288, 'max_depth': 20, 'min_child_weight': 280, 'eval_metric': 'logloss'}. Best is trial 725 with value: 0.8034700928628958.
start listen on 192.168.1.101:60619
@tracker All of 4 nodes getting started
@tracker All nodes finishes job
Trial 965 finished with value: 0.8028016145593753 and parameters: {'objective': 'binary:logistic', 'tree_method': 'gpu_hist', 'lambda': 3.6764357500002944, 'alpha': 0.13815791136868208, 'colsample_bytree': 0.30017185568364857, 'subsample': 0.8663387158015187, 'learning_rate': 0.034733572178656996, 'max_depth': 20, 'min_child_weight': 291, 'eval_metric': 'logloss'}. Best is trial 725 with value: 0.8034700928628958.
start listen on 192.168.1.101:58873
@tracker All of 4 nodes getting started
@tracker All nodes finishes job
Trial 966 finished with value: 0.8022902084138335 and parameters: {'objective': 'binary:logistic', 'tree_method': 'gpu_hist', 'lambda': 0.03291443423386165, 'alpha': 0.04759131185668757, 'colsample_bytree': 0.4426126734047287, 'subsample': 0.8091306359456141, 'learning_rate': 0.029990675874027525, 'max_depth': 11, 'min_child_weight': 282, 'eval_metric': 'logloss'}. Best is trial 725 with value: 0.8034700928628958.
start listen on 192.168.1.101:40511
@tracker All of 4 nodes getting started
@tracker All nodes finishes job
Trial 967 finished with value: 0.8032927081538767 and parameters: {'objective': 'binary:logistic', 'tree_method': 'gpu_hist', 'lambda': 0.7279971343137445, 'alpha': 0.19463366435758062, 'colsample_bytree': 0.4786102168857679, 'subsample': 0.8197382509906912, 'learning_rate': 0.016876242003600314, 'max_depth': 20, 'min_child_weight': 185, 'eval_metric': 'logloss'}. Best is trial 725 with value: 0.8034700928628958.
start listen on 192.168.1.101:48545
@tracker All of 4 nodes getting started
@tracker All nodes finishes job
Trial 968 finished with value: 0.8032681606314277 and parameters: {'objective': 'binary:logistic', 'tree_method': 'gpu_hist', 'lambda': 0.01434337786389693, 'alpha': 0.09379017339446562, 'colsample_bytree': 0.3419991892918174, 'subsample': 0.8515203880580632, 'learning_rate': 0.026953748218956516, 'max_depth': 20, 'min_child_weight': 268, 'eval_metric': 'logloss'}. Best is trial 725 with value: 0.8034700928628958.
start listen on 192.168.1.101:35987
@tracker All of 4 nodes getting started
@tracker All nodes finishes job
Trial 969 finished with value: 0.8033023172124594 and parameters: {'objective': 'binary:logistic', 'tree_method': 'gpu_hist', 'lambda': 0.04222670212491562, 'alpha': 0.2891471786918833, 'colsample_bytree': 0.43148142241501175, 'subsample': 0.886965968483546, 'learning_rate': 0.02292310542247894, 'max_depth': 20, 'min_child_weight': 287, 'eval_metric': 'logloss'}. Best is trial 725 with value: 0.8034700928628958.
start listen on 192.168.1.101:37861
@tracker All of 4 nodes getting started
@tracker All nodes finishes job
Trial 970 finished with value: 0.794863332243227 and parameters: {'objective': 'binary:logistic', 'tree_method': 'gpu_hist', 'lambda': 0.01909033887776142, 'alpha': 0.06523068104068715, 'colsample_bytree': 0.4555127875441689, 'subsample': 0.7856796221979127, 'learning_rate': 0.09373518490716237, 'max_depth': 20, 'min_child_weight': 276, 'eval_metric': 'logloss'}. Best is trial 725 with value: 0.8034700928628958.
start listen on 192.168.1.101:44873
@tracker All of 4 nodes getting started
@tracker All nodes finishes job
Trial 971 finished with value: 0.8032678540700644 and parameters: {'objective': 'binary:logistic', 'tree_method': 'gpu_hist', 'lambda': 1.2024340302238878, 'alpha': 0.5253791347080118, 'colsample_bytree': 0.4102430445242721, 'subsample': 0.7226735276236732, 'learning_rate': 0.020742872013902066, 'max_depth': 20, 'min_child_weight': 255, 'eval_metric': 'logloss'}. Best is trial 725 with value: 0.8034700928628958.
start listen on 192.168.1.101:36713
@tracker All of 4 nodes getting started
@tracker All nodes finishes job
Trial 972 finished with value: 0.8008395050628235 and parameters: {'objective': 'binary:logistic', 'tree_method': 'gpu_hist', 'lambda': 0.04916829896350418, 'alpha': 0.07832826854273858, 'colsample_bytree': 0.3572671174387324, 'subsample': 0.8332069138625476, 'learning_rate': 0.02436379033466599, 'max_depth': 7, 'min_child_weight': 294, 'eval_metric': 'logloss'}. Best is trial 725 with value: 0.8034700928628958.
start listen on 192.168.1.101:35275
@tracker All of 4 nodes getting started
@tracker All nodes finishes job
Trial 973 finished with value: 0.8029490771683601 and parameters: {'objective': 'binary:logistic', 'tree_method': 'gpu_hist', 'lambda': 0.011438874726893897, 'alpha': 0.0059029235693376925, 'colsample_bytree': 0.7838210265931541, 'subsample': 0.7503538749289381, 'learning_rate': 0.01870187004489806, 'max_depth': 20, 'min_child_weight': 262, 'eval_metric': 'logloss'}. Best is trial 725 with value: 0.8034700928628958.
start listen on 192.168.1.101:47227
@tracker All of 4 nodes getting started
@tracker All nodes finishes job
Trial 974 finished with value: 0.8032796123275961 and parameters: {'objective': 'binary:logistic', 'tree_method': 'gpu_hist', 'lambda': 0.02882406459046027, 'alpha': 0.006401981911074087, 'colsample_bytree': 0.3880055200484275, 'subsample': 0.8525748262978812, 'learning_rate': 0.026605857641756703, 'max_depth': 20, 'min_child_weight': 284, 'eval_metric': 'logloss'}. Best is trial 725 with value: 0.8034700928628958.
start listen on 192.168.1.101:53673
@tracker All of 4 nodes getting started
@tracker All nodes finishes job
Trial 975 finished with value: 0.803218803598077 and parameters: {'objective': 'binary:logistic', 'tree_method': 'gpu_hist', 'lambda': 5.519887321311827, 'alpha': 0.10871416017655176, 'colsample_bytree': 0.32743326053118527, 'subsample': 0.8713794524343136, 'learning_rate': 0.02304522502887669, 'max_depth': 20, 'min_child_weight': 278, 'eval_metric': 'logloss'}. Best is trial 725 with value: 0.8034700928628958.
start listen on 192.168.1.101:59143
@tracker All of 4 nodes getting started
@tracker All nodes finishes job
Trial 976 finished with value: 0.8001099458516807 and parameters: {'objective': 'binary:logistic', 'tree_method': 'gpu_hist', 'lambda': 0.022384605575996207, 'alpha': 0.23481016439884939, 'colsample_bytree': 0.33890488388825907, 'subsample': 0.8378572970914945, 'learning_rate': 0.030638344318682825, 'max_depth': 5, 'min_child_weight': 271, 'eval_metric': 'logloss'}. Best is trial 725 with value: 0.8034700928628958.
start listen on 192.168.1.101:60515
@tracker All of 4 nodes getting started
@tracker All nodes finishes job
Trial 977 finished with value: 0.8032369272268779 and parameters: {'objective': 'binary:logistic', 'tree_method': 'gpu_hist', 'lambda': 0.06101877071834441, 'alpha': 0.05986473583994699, 'colsample_bytree': 0.3741317580523996, 'subsample': 0.7634321534055494, 'learning_rate': 0.020990067174750923, 'max_depth': 20, 'min_child_weight': 290, 'eval_metric': 'logloss'}. Best is trial 725 with value: 0.8034700928628958.
start listen on 192.168.1.101:55005
@tracker All of 4 nodes getting started
@tracker All nodes finishes job
Trial 978 finished with value: 0.8032240776414078 and parameters: {'objective': 'binary:logistic', 'tree_method': 'gpu_hist', 'lambda': 0.03954327243830771, 'alpha': 0.09221611964897883, 'colsample_bytree': 0.4896761659751511, 'subsample': 0.8154728013668503, 'learning_rate': 0.02509857005484648, 'max_depth': 20, 'min_child_weight': 280, 'eval_metric': 'logloss'}. Best is trial 725 with value: 0.8034700928628958.
start listen on 192.168.1.101:60781
@tracker All of 4 nodes getting started
@tracker All nodes finishes job
Trial 979 finished with value: 0.8032903278078779 and parameters: {'objective': 'binary:logistic', 'tree_method': 'gpu_hist', 'lambda': 1.4177389342295106, 'alpha': 0.43608134575164614, 'colsample_bytree': 0.31508013551800435, 'subsample': 0.7998524098592587, 'learning_rate': 0.028191055157525215, 'max_depth': 20, 'min_child_weight': 267, 'eval_metric': 'logloss'}. Best is trial 725 with value: 0.8034700928628958.
start listen on 192.168.1.101:35975
@tracker All of 4 nodes getting started
@tracker All nodes finishes job
Trial 980 finished with value: 0.8026108134042639 and parameters: {'objective': 'binary:logistic', 'tree_method': 'gpu_hist', 'lambda': 0.009210073495685199, 'alpha': 0.15049468083653234, 'colsample_bytree': 0.43587870432248327, 'subsample': 0.8825913355997707, 'learning_rate': 0.019258353417853154, 'max_depth': 15, 'min_child_weight': 275, 'eval_metric': 'logloss'}. Best is trial 725 with value: 0.8034700928628958.
start listen on 192.168.1.101:49589
@tracker All of 4 nodes getting started
@tracker All nodes finishes job
Trial 981 finished with value: 0.803298393270603 and parameters: {'objective': 'binary:logistic', 'tree_method': 'gpu_hist', 'lambda': 0.033547258913175004, 'alpha': 0.3360944794888487, 'colsample_bytree': 0.4576985240441989, 'subsample': 0.8435951326391604, 'learning_rate': 0.023091841155327166, 'max_depth': 20, 'min_child_weight': 286, 'eval_metric': 'logloss'}. Best is trial 725 with value: 0.8034700928628958.
start listen on 192.168.1.101:47313
@tracker All of 4 nodes getting started
@tracker All nodes finishes job
Trial 982 finished with value: 0.7933244538668192 and parameters: {'objective': 'binary:logistic', 'tree_method': 'gpu_hist', 'lambda': 0.014842496539883397, 'alpha': 0.198671221724439, 'colsample_bytree': 0.39822561104598864, 'subsample': 0.8237594718678954, 'learning_rate': 0.0038807074020044585, 'max_depth': 9, 'min_child_weight': 246, 'eval_metric': 'logloss'}. Best is trial 725 with value: 0.8034700928628958.
start listen on 192.168.1.101:52417
@tracker All of 4 nodes getting started
@tracker All nodes finishes job
Trial 983 finished with value: 0.8031557660050672 and parameters: {'objective': 'binary:logistic', 'tree_method': 'gpu_hist', 'lambda': 0.05582759063871977, 'alpha': 0.07080633457588915, 'colsample_bytree': 0.4182555789492555, 'subsample': 0.8627632045037277, 'learning_rate': 0.021823173971771238, 'max_depth': 20, 'min_child_weight': 293, 'eval_metric': 'logloss'}. Best is trial 725 with value: 0.8034700928628958.
start listen on 192.168.1.101:42495
@tracker All of 4 nodes getting started
@tracker All nodes finishes job
Trial 984 finished with value: 0.8029155778470444 and parameters: {'objective': 'binary:logistic', 'tree_method': 'gpu_hist', 'lambda': 1.9920154002239938, 'alpha': 0.12685319772918427, 'colsample_bytree': 0.5053066968103449, 'subsample': 0.8929372770706246, 'learning_rate': 0.026930689675496743, 'max_depth': 20, 'min_child_weight': 284, 'eval_metric': 'logloss'}. Best is trial 725 with value: 0.8034700928628958.
start listen on 192.168.1.101:55097
@tracker All of 4 nodes getting started
@tracker All nodes finishes job
Trial 985 finished with value: 0.8032890555182818 and parameters: {'objective': 'binary:logistic', 'tree_method': 'gpu_hist', 'lambda': 0.007393064285839907, 'alpha': 0.2709562284313712, 'colsample_bytree': 0.3556736563732403, 'subsample': 0.8544083109893581, 'learning_rate': 0.024533526479753192, 'max_depth': 20, 'min_child_weight': 274, 'eval_metric': 'logloss'}. Best is trial 725 with value: 0.8034700928628958.
start listen on 192.168.1.101:55267
@tracker All of 4 nodes getting started
@tracker All nodes finishes job
