Trial 576 finished with value: 0.802149528461386 and parameters: {'objective': 'binary:logistic', 'tree_method': 'gpu_hist', 'lambda': 0.02663862030701325, 'alpha': 0.06389676660205933, 'colsample_bytree': 0.44620895068421024, 'subsample': 0.8607601641521085, 'learning_rate': 0.03286572267071107, 'max_depth': 11, 'min_child_weight': 278, 'eval_metric': 'logloss'}. Best is trial 254 with value: 0.8034457656439646.
start listen on 192.168.1.101:55651
@tracker All of 4 nodes getting started
@tracker All nodes finishes job
Trial 577 finished with value: 0.8028765283265163 and parameters: {'objective': 'binary:logistic', 'tree_method': 'gpu_hist', 'lambda': 0.022471439946312483, 'alpha': 0.09241028244722742, 'colsample_bytree': 0.4596082017874218, 'subsample': 0.8044611762405223, 'learning_rate': 0.018731815322041163, 'max_depth': 17, 'min_child_weight': 287, 'eval_metric': 'logloss'}. Best is trial 254 with value: 0.8034457656439646.
start listen on 192.168.1.101:36025
@tracker All of 4 nodes getting started
@tracker All nodes finishes job
Trial 578 finished with value: 0.8031504430296169 and parameters: {'objective': 'binary:logistic', 'tree_method': 'gpu_hist', 'lambda': 0.07702298361556888, 'alpha': 0.04762949980213836, 'colsample_bytree': 0.5067330102329328, 'subsample': 0.9091928071239465, 'learning_rate': 0.022676256092765624, 'max_depth': 20, 'min_child_weight': 300, 'eval_metric': 'logloss'}. Best is trial 254 with value: 0.8034457656439646.
start listen on 192.168.1.101:55341
@tracker All of 4 nodes getting started
@tracker All nodes finishes job
Trial 579 finished with value: 0.7933240686762263 and parameters: {'objective': 'binary:logistic', 'tree_method': 'gpu_hist', 'lambda': 4.823731203557685, 'alpha': 0.03573467921624733, 'colsample_bytree': 0.3221783602205099, 'subsample': 0.8333448207178153, 'learning_rate': 0.0023878521010346956, 'max_depth': 20, 'min_child_weight': 275, 'eval_metric': 'logloss'}. Best is trial 254 with value: 0.8034457656439646.
start listen on 192.168.1.101:38029
@tracker All of 4 nodes getting started
@tracker All nodes finishes job
Trial 580 finished with value: 0.8016955367473834 and parameters: {'objective': 'binary:logistic', 'tree_method': 'gpu_hist', 'lambda': 0.005590943993005045, 'alpha': 0.07729815720866974, 'colsample_bytree': 0.4843823339137111, 'subsample': 0.8189220437050818, 'learning_rate': 0.04891171230835701, 'max_depth': 20, 'min_child_weight': 282, 'eval_metric': 'logloss'}. Best is trial 254 with value: 0.8034457656439646.
start listen on 192.168.1.101:55299
@tracker All of 4 nodes getting started
@tracker All nodes finishes job
Trial 581 finished with value: 0.8032270127512242 and parameters: {'objective': 'binary:logistic', 'tree_method': 'gpu_hist', 'lambda': 0.00973389960445832, 'alpha': 0.12934129321230287, 'colsample_bytree': 0.30180865123696643, 'subsample': 0.8497458191862123, 'learning_rate': 0.024643297895481343, 'max_depth': 20, 'min_child_weight': 292, 'eval_metric': 'logloss'}. Best is trial 254 with value: 0.8034457656439646.
start listen on 192.168.1.101:51917
@tracker All of 4 nodes getting started
@tracker All nodes finishes job
Trial 582 finished with value: 0.803154106072823 and parameters: {'objective': 'binary:logistic', 'tree_method': 'gpu_hist', 'lambda': 0.015939655340310114, 'alpha': 0.1084180833810028, 'colsample_bytree': 0.4391278297099824, 'subsample': 0.8379535611913073, 'learning_rate': 0.02023670493395735, 'max_depth': 20, 'min_child_weight': 211, 'eval_metric': 'logloss'}. Best is trial 254 with value: 0.8034457656439646.
start listen on 192.168.1.101:38831
@tracker All of 4 nodes getting started
@tracker All nodes finishes job
Trial 583 finished with value: 0.8029531676864852 and parameters: {'objective': 'binary:logistic', 'tree_method': 'gpu_hist', 'lambda': 0.054988282380020286, 'alpha': 5.455586402729331, 'colsample_bytree': 0.44915864810730644, 'subsample': 0.8242400747613964, 'learning_rate': 0.02931370411137714, 'max_depth': 20, 'min_child_weight': 263, 'eval_metric': 'logloss'}. Best is trial 254 with value: 0.8034457656439646.
start listen on 192.168.1.101:41539
@tracker All of 4 nodes getting started
@tracker All nodes finishes job
Trial 584 finished with value: 0.8033003119763833 and parameters: {'objective': 'binary:logistic', 'tree_method': 'gpu_hist', 'lambda': 0.026235561992981053, 'alpha': 0.06402615698289306, 'colsample_bytree': 0.34483887153136916, 'subsample': 0.9223421090571827, 'learning_rate': 0.022141037902980065, 'max_depth': 20, 'min_child_weight': 275, 'eval_metric': 'logloss'}. Best is trial 254 with value: 0.8034457656439646.
start listen on 192.168.1.101:36969
@tracker All of 4 nodes getting started
@tracker All nodes finishes job
Trial 585 finished with value: 0.8032162328091412 and parameters: {'objective': 'binary:logistic', 'tree_method': 'gpu_hist', 'lambda': 0.06565245007140436, 'alpha': 0.8895536656534495, 'colsample_bytree': 0.4676575386591371, 'subsample': 0.881256737259653, 'learning_rate': 0.027148113122551224, 'max_depth': 20, 'min_child_weight': 268, 'eval_metric': 'logloss'}. Best is trial 254 with value: 0.8034457656439646.
start listen on 192.168.1.101:51537
@tracker All of 4 nodes getting started
@tracker All nodes finishes job
Trial 586 finished with value: 0.8022644903893151 and parameters: {'objective': 'binary:logistic', 'tree_method': 'gpu_hist', 'lambda': 0.16359400086989895, 'alpha': 0.02867060191698019, 'colsample_bytree': 0.4285030182885843, 'subsample': 0.8643361671361109, 'learning_rate': 0.0245979302240853, 'max_depth': 20, 'min_child_weight': 33, 'eval_metric': 'logloss'}. Best is trial 254 with value: 0.8034457656439646.
start listen on 192.168.1.101:36261
@tracker All of 4 nodes getting started
@tracker All nodes finishes job
Trial 587 finished with value: 0.8030877103087769 and parameters: {'objective': 'binary:logistic', 'tree_method': 'gpu_hist', 'lambda': 0.045634325488827614, 'alpha': 0.08322467985485785, 'colsample_bytree': 0.48450806250324796, 'subsample': 0.7977267025101714, 'learning_rate': 0.01709081807601049, 'max_depth': 20, 'min_child_weight': 284, 'eval_metric': 'logloss'}. Best is trial 254 with value: 0.8034457656439646.
start listen on 192.168.1.101:48479
@tracker All of 4 nodes getting started
@tracker All nodes finishes job
Trial 588 finished with value: 0.7999243271420239 and parameters: {'objective': 'binary:logistic', 'tree_method': 'gpu_hist', 'lambda': 0.11742975454563444, 'alpha': 0.1055039310918987, 'colsample_bytree': 0.498625513226583, 'subsample': 0.9684050584652432, 'learning_rate': 0.020471036375939975, 'max_depth': 7, 'min_child_weight': 258, 'eval_metric': 'logloss'}. Best is trial 254 with value: 0.8034457656439646.
start listen on 192.168.1.101:48055
@tracker All of 4 nodes getting started
@tracker All nodes finishes job
Trial 589 finished with value: 0.8027706779624588 and parameters: {'objective': 'binary:logistic', 'tree_method': 'gpu_hist', 'lambda': 0.019904342213126508, 'alpha': 0.05374059799624793, 'colsample_bytree': 0.3577146311117297, 'subsample': 0.811221742956969, 'learning_rate': 0.023134700522370894, 'max_depth': 15, 'min_child_weight': 279, 'eval_metric': 'logloss'}. Best is trial 254 with value: 0.8034457656439646.
start listen on 192.168.1.101:41797
@tracker All of 4 nodes getting started
@tracker All nodes finishes job
Trial 590 finished with value: 0.7991852865971177 and parameters: {'objective': 'binary:logistic', 'tree_method': 'gpu_hist', 'lambda': 0.029646915158910166, 'alpha': 0.01834449382105232, 'colsample_bytree': 0.377380901531555, 'subsample': 0.8557980978678067, 'learning_rate': 0.026420407510102377, 'max_depth': 5, 'min_child_weight': 291, 'eval_metric': 'logloss'}. Best is trial 254 with value: 0.8034457656439646.
start listen on 192.168.1.101:46127
@tracker All of 4 nodes getting started
@tracker All nodes finishes job
Trial 591 finished with value: 0.8026817819239151 and parameters: {'objective': 'binary:logistic', 'tree_method': 'gpu_hist', 'lambda': 0.03952058215498696, 'alpha': 0.07215933047579404, 'colsample_bytree': 0.6234960936902959, 'subsample': 0.837700473630144, 'learning_rate': 0.031039768083939066, 'max_depth': 20, 'min_child_weight': 270, 'eval_metric': 'logloss'}. Best is trial 254 with value: 0.8034457656439646.
start listen on 192.168.1.101:44143
@tracker All of 4 nodes getting started
@tracker All nodes finishes job
Trial 592 finished with value: 0.8032319822493259 and parameters: {'objective': 'binary:logistic', 'tree_method': 'gpu_hist', 'lambda': 0.08981317979260435, 'alpha': 0.12747112061687144, 'colsample_bytree': 0.43955018428326303, 'subsample': 0.8994624462101038, 'learning_rate': 0.019006256318579724, 'max_depth': 20, 'min_child_weight': 275, 'eval_metric': 'logloss'}. Best is trial 254 with value: 0.8034457656439646.
start listen on 192.168.1.101:40089
@tracker All of 4 nodes getting started
@tracker All nodes finishes job
Trial 593 finished with value: 0.8032433332477696 and parameters: {'objective': 'binary:logistic', 'tree_method': 'gpu_hist', 'lambda': 0.22531517427464573, 'alpha': 0.09450850673999563, 'colsample_bytree': 0.41355880959298497, 'subsample': 0.6906463449990339, 'learning_rate': 0.022322585087337622, 'max_depth': 20, 'min_child_weight': 264, 'eval_metric': 'logloss'}. Best is trial 254 with value: 0.8034457656439646.
start listen on 192.168.1.101:60391
@tracker All of 4 nodes getting started
@tracker All nodes finishes job
Trial 594 finished with value: 0.8030242816947322 and parameters: {'objective': 'binary:logistic', 'tree_method': 'gpu_hist', 'lambda': 0.05023404514185466, 'alpha': 0.140909379179216, 'colsample_bytree': 0.45631207112431393, 'subsample': 0.825358812648775, 'learning_rate': 0.024765343923687365, 'max_depth': 20, 'min_child_weight': 147, 'eval_metric': 'logloss'}. Best is trial 254 with value: 0.8034457656439646.
start listen on 192.168.1.101:46883
@tracker All of 4 nodes getting started
@tracker All nodes finishes job
Trial 595 finished with value: 0.8031914463475565 and parameters: {'objective': 'binary:logistic', 'tree_method': 'gpu_hist', 'lambda': 0.0242902547081893, 'alpha': 0.06274355115772379, 'colsample_bytree': 0.5234049472049906, 'subsample': 0.8076343782803749, 'learning_rate': 0.028211838338699162, 'max_depth': 20, 'min_child_weight': 285, 'eval_metric': 'logloss'}. Best is trial 254 with value: 0.8034457656439646.
start listen on 192.168.1.101:56985
@tracker All of 4 nodes getting started
@tracker All nodes finishes job
Trial 596 finished with value: 0.8032625148565611 and parameters: {'objective': 'binary:logistic', 'tree_method': 'gpu_hist', 'lambda': 0.03281175369560518, 'alpha': 0.04299409912409128, 'colsample_bytree': 0.39672504131757796, 'subsample': 0.8478345084547084, 'learning_rate': 0.020932048510723656, 'max_depth': 20, 'min_child_weight': 281, 'eval_metric': 'logloss'}. Best is trial 254 with value: 0.8034457656439646.
start listen on 192.168.1.101:52303
@tracker All of 4 nodes getting started
@tracker All nodes finishes job
Trial 597 finished with value: 0.8017674987852244 and parameters: {'objective': 'binary:logistic', 'tree_method': 'gpu_hist', 'lambda': 0.05917668528808622, 'alpha': 0.112523487109821, 'colsample_bytree': 0.9944136755621411, 'subsample': 0.874537816365561, 'learning_rate': 0.024389261206009313, 'max_depth': 9, 'min_child_weight': 273, 'eval_metric': 'logloss'}. Best is trial 254 with value: 0.8034457656439646.
start listen on 192.168.1.101:53603
@tracker All of 4 nodes getting started
@tracker All nodes finishes job
Trial 598 finished with value: 0.7940766472891518 and parameters: {'objective': 'binary:logistic', 'tree_method': 'gpu_hist', 'lambda': 0.016895420498728244, 'alpha': 0.08292131255066248, 'colsample_bytree': 0.3240846921311441, 'subsample': 0.7525242362093661, 'learning_rate': 0.021749545894439084, 'max_depth': 3, 'min_child_weight': 292, 'eval_metric': 'logloss'}. Best is trial 254 with value: 0.8034457656439646.
start listen on 192.168.1.101:34321
@tracker All of 4 nodes getting started
@tracker All nodes finishes job
Trial 599 finished with value: 0.8032836506986851 and parameters: {'objective': 'binary:logistic', 'tree_method': 'gpu_hist', 'lambda': 0.040550068154553844, 'alpha': 0.16371043932648147, 'colsample_bytree': 0.42832087814352293, 'subsample': 0.7944253861972634, 'learning_rate': 0.026744336990240248, 'max_depth': 20, 'min_child_weight': 265, 'eval_metric': 'logloss'}. Best is trial 254 with value: 0.8034457656439646.
start listen on 192.168.1.101:58859
@tracker All of 4 nodes getting started
@tracker All nodes finishes job
Trial 600 finished with value: 0.8032128623778301 and parameters: {'objective': 'binary:logistic', 'tree_method': 'gpu_hist', 'lambda': 0.013062242527289134, 'alpha': 0.09797126250125256, 'colsample_bytree': 0.46686445023774775, 'subsample': 0.8204390139374073, 'learning_rate': 0.0186285401754284, 'max_depth': 20, 'min_child_weight': 297, 'eval_metric': 'logloss'}. Best is trial 254 with value: 0.8034457656439646.
start listen on 192.168.1.101:56109
@tracker All of 4 nodes getting started
@tracker All nodes finishes job
Trial 601 finished with value: 0.803222802627306 and parameters: {'objective': 'binary:logistic', 'tree_method': 'gpu_hist', 'lambda': 0.029439327770319604, 'alpha': 0.023852701753312385, 'colsample_bytree': 0.36663799580733597, 'subsample': 0.8383250900116003, 'learning_rate': 0.02363459221329457, 'max_depth': 20, 'min_child_weight': 279, 'eval_metric': 'logloss'}. Best is trial 254 with value: 0.8034457656439646.
start listen on 192.168.1.101:44045
@tracker All of 4 nodes getting started
@tracker All nodes finishes job
Trial 602 finished with value: 0.8022336731802314 and parameters: {'objective': 'binary:logistic', 'tree_method': 'gpu_hist', 'lambda': 0.008668751529955264, 'alpha': 0.034164441966944584, 'colsample_bytree': 0.41240013535486775, 'subsample': 0.7197878803969205, 'learning_rate': 0.030888615014098873, 'max_depth': 13, 'min_child_weight': 200, 'eval_metric': 'logloss'}. Best is trial 254 with value: 0.8034457656439646.
start listen on 192.168.1.101:43661
@tracker All of 4 nodes getting started
@tracker All nodes finishes job
Trial 603 finished with value: 0.803190111448823 and parameters: {'objective': 'binary:logistic', 'tree_method': 'gpu_hist', 'lambda': 0.07209868905074764, 'alpha': 0.07415896613088707, 'colsample_bytree': 0.3845339277190097, 'subsample': 0.9483355646727772, 'learning_rate': 0.020147971920384377, 'max_depth': 20, 'min_child_weight': 258, 'eval_metric': 'logloss'}. Best is trial 254 with value: 0.8034457656439646.
start listen on 192.168.1.101:39767
@tracker All of 4 nodes getting started
@tracker All nodes finishes job
Trial 604 finished with value: 0.8031391253246307 and parameters: {'objective': 'binary:logistic', 'tree_method': 'gpu_hist', 'lambda': 0.04811959602049854, 'alpha': 0.05205369215553063, 'colsample_bytree': 0.3434347098036663, 'subsample': 0.8127636749728161, 'learning_rate': 0.025163880577170394, 'max_depth': 20, 'min_child_weight': 287, 'eval_metric': 'logloss'}. Best is trial 254 with value: 0.8034457656439646.
start listen on 192.168.1.101:53357
@tracker All of 4 nodes getting started
@tracker All nodes finishes job
Trial 605 finished with value: 0.8029666862470449 and parameters: {'objective': 'binary:logistic', 'tree_method': 'gpu_hist', 'lambda': 0.034941730134787824, 'alpha': 0.12495725703508327, 'colsample_bytree': 0.44637474557238194, 'subsample': 0.8653876701994938, 'learning_rate': 0.01663012472201657, 'max_depth': 20, 'min_child_weight': 274, 'eval_metric': 'logloss'}. Best is trial 254 with value: 0.8034457656439646.
start listen on 192.168.1.101:56837
@tracker All of 4 nodes getting started
@tracker All nodes finishes job
Trial 606 finished with value: 0.8031968106265108 and parameters: {'objective': 'binary:logistic', 'tree_method': 'gpu_hist', 'lambda': 0.023960225739198125, 'alpha': 0.08599763543217036, 'colsample_bytree': 0.3116625586262795, 'subsample': 0.8325771555582455, 'learning_rate': 0.022367083188765544, 'max_depth': 20, 'min_child_weight': 300, 'eval_metric': 'logloss'}. Best is trial 254 with value: 0.8034457656439646.
start listen on 192.168.1.101:53461
@tracker All of 4 nodes getting started
@tracker All nodes finishes job
Trial 607 finished with value: 0.8031438586625926 and parameters: {'objective': 'binary:logistic', 'tree_method': 'gpu_hist', 'lambda': 0.01944711464676967, 'alpha': 0.058330851082085196, 'colsample_bytree': 0.3997804214352164, 'subsample': 0.853536746355757, 'learning_rate': 0.027775839293713182, 'max_depth': 20, 'min_child_weight': 268, 'eval_metric': 'logloss'}. Best is trial 254 with value: 0.8034457656439646.
start listen on 192.168.1.101:35711
@tracker All of 4 nodes getting started
@tracker All nodes finishes job
Trial 608 finished with value: 0.8028705120188966 and parameters: {'objective': 'binary:logistic', 'tree_method': 'gpu_hist', 'lambda': 0.0417072346555477, 'alpha': 0.108772608005905, 'colsample_bytree': 0.4798031349986352, 'subsample': 0.7364946578201571, 'learning_rate': 0.02103770488560252, 'max_depth': 17, 'min_child_weight': 282, 'eval_metric': 'logloss'}. Best is trial 254 with value: 0.8034457656439646.
start listen on 192.168.1.101:39621
@tracker All of 4 nodes getting started
@tracker All nodes finishes job
Trial 609 finished with value: 0.8027331036526996 and parameters: {'objective': 'binary:logistic', 'tree_method': 'gpu_hist', 'lambda': 0.02981990723099917, 'alpha': 0.1531277032480456, 'colsample_bytree': 0.5535788269895311, 'subsample': 0.8851390170713958, 'learning_rate': 0.014837995804754502, 'max_depth': 20, 'min_child_weight': 253, 'eval_metric': 'logloss'}. Best is trial 254 with value: 0.8034457656439646.
start listen on 192.168.1.101:54917
@tracker All of 4 nodes getting started
@tracker All nodes finishes job
Trial 610 finished with value: 0.8022656637793601 and parameters: {'objective': 'binary:logistic', 'tree_method': 'gpu_hist', 'lambda': 0.05858795141695001, 'alpha': 0.06585908018255751, 'colsample_bytree': 0.4257431674142119, 'subsample': 0.804984972040221, 'learning_rate': 0.02357940440066851, 'max_depth': 11, 'min_child_weight': 270, 'eval_metric': 'logloss'}. Best is trial 254 with value: 0.8034457656439646.
start listen on 192.168.1.101:57899
@tracker All of 4 nodes getting started
@tracker All nodes finishes job
Trial 611 finished with value: 0.8031678079381155 and parameters: {'objective': 'binary:logistic', 'tree_method': 'gpu_hist', 'lambda': 0.12652800513111892, 'alpha': 0.003618644840201598, 'colsample_bytree': 0.5128493447450828, 'subsample': 0.670729937590141, 'learning_rate': 0.026097754124628916, 'max_depth': 20, 'min_child_weight': 288, 'eval_metric': 'logloss'}. Best is trial 254 with value: 0.8034457656439646.
start listen on 192.168.1.101:53727
@tracker All of 4 nodes getting started
@tracker All nodes finishes job
Trial 612 finished with value: 0.8031089351332517 and parameters: {'objective': 'binary:logistic', 'tree_method': 'gpu_hist', 'lambda': 0.033924914725917, 'alpha': 0.09882141021354011, 'colsample_bytree': 0.4406928093272549, 'subsample': 0.77584888563416, 'learning_rate': 0.01881125727202259, 'max_depth': 20, 'min_child_weight': 277, 'eval_metric': 'logloss'}. Best is trial 254 with value: 0.8034457656439646.
start listen on 192.168.1.101:46793
@tracker All of 4 nodes getting started
@tracker All nodes finishes job
Trial 613 finished with value: 0.8032317373707681 and parameters: {'objective': 'binary:logistic', 'tree_method': 'gpu_hist', 'lambda': 0.09318077721386556, 'alpha': 0.13465791533500088, 'colsample_bytree': 0.4108113122763442, 'subsample': 0.8233403711735133, 'learning_rate': 0.022928707960067077, 'max_depth': 20, 'min_child_weight': 266, 'eval_metric': 'logloss'}. Best is trial 254 with value: 0.8034457656439646.
start listen on 192.168.1.101:35885
@tracker All of 4 nodes getting started
@tracker All nodes finishes job
Trial 614 finished with value: 0.802565881839749 and parameters: {'objective': 'binary:logistic', 'tree_method': 'gpu_hist', 'lambda': 0.024402089468931572, 'alpha': 0.07645601024875207, 'colsample_bytree': 0.5919926065282289, 'subsample': 0.8456344349769519, 'learning_rate': 0.029515926473497423, 'max_depth': 20, 'min_child_weight': 157, 'eval_metric': 'logloss'}. Best is trial 254 with value: 0.8034457656439646.
start listen on 192.168.1.101:45203
@tracker All of 4 nodes getting started
@tracker All nodes finishes job
Trial 615 finished with value: 0.803155596213882 and parameters: {'objective': 'binary:logistic', 'tree_method': 'gpu_hist', 'lambda': 0.0032217862786768662, 'alpha': 0.05025975296728388, 'colsample_bytree': 0.38104743152912973, 'subsample': 0.7882616880986534, 'learning_rate': 0.025408412638018026, 'max_depth': 20, 'min_child_weight': 282, 'eval_metric': 'logloss'}. Best is trial 254 with value: 0.8034457656439646.
start listen on 192.168.1.101:54929
@tracker All of 4 nodes getting started
@tracker All nodes finishes job
Trial 616 finished with value: 0.8000077319396551 and parameters: {'objective': 'binary:logistic', 'tree_method': 'gpu_hist', 'lambda': 0.011582355667533907, 'alpha': 0.010528471689526673, 'colsample_bytree': 0.45606302652244013, 'subsample': 0.5203823552610484, 'learning_rate': 0.020635817559351847, 'max_depth': 7, 'min_child_weight': 260, 'eval_metric': 'logloss'}. Best is trial 254 with value: 0.8034457656439646.
start listen on 192.168.1.101:50977
@tracker All of 4 nodes getting started
@tracker All nodes finishes job
