Trial 904 finished with value: 0.8032788356255572 and parameters: {'objective': 'binary:logistic', 'tree_method': 'gpu_hist', 'lambda': 0.03592671096240357, 'alpha': 0.06024911145625096, 'colsample_bytree': 0.3136625733766049, 'subsample': 0.8170735719767351, 'learning_rate': 0.023738960091890728, 'max_depth': 20, 'min_child_weight': 270, 'eval_metric': 'logloss'}. Best is trial 725 with value: 0.8034700928628958.
start listen on 192.168.1.101:39157
@tracker All of 4 nodes getting started
@tracker All nodes finishes job
Trial 905 finished with value: 0.8033648355147137 and parameters: {'objective': 'binary:logistic', 'tree_method': 'gpu_hist', 'lambda': 0.03077072649463717, 'alpha': 0.10020229602993537, 'colsample_bytree': 0.4472324417267608, 'subsample': 0.8462518739011717, 'learning_rate': 0.02081261468582031, 'max_depth': 20, 'min_child_weight': 262, 'eval_metric': 'logloss'}. Best is trial 725 with value: 0.8034700928628958.
start listen on 192.168.1.101:54891
@tracker All of 4 nodes getting started
@tracker All nodes finishes job
Trial 906 finished with value: 0.8031795375338489 and parameters: {'objective': 'binary:logistic', 'tree_method': 'gpu_hist', 'lambda': 0.013201857127564488, 'alpha': 0.03923609574952674, 'colsample_bytree': 0.48554860788255577, 'subsample': 0.8338856857943409, 'learning_rate': 0.028694366111808083, 'max_depth': 20, 'min_child_weight': 281, 'eval_metric': 'logloss'}. Best is trial 725 with value: 0.8034700928628958.
start listen on 192.168.1.101:41733
@tracker All of 4 nodes getting started
@tracker All nodes finishes job
Trial 907 finished with value: 0.8031384003337071 and parameters: {'objective': 'binary:logistic', 'tree_method': 'gpu_hist', 'lambda': 0.04207656390875737, 'alpha': 0.16354561286502567, 'colsample_bytree': 0.6935847367583512, 'subsample': 0.8613090578268099, 'learning_rate': 0.022812479386417374, 'max_depth': 20, 'min_child_weight': 274, 'eval_metric': 'logloss'}. Best is trial 725 with value: 0.8034700928628958.
start listen on 192.168.1.101:34033
@tracker All of 4 nodes getting started
@tracker All nodes finishes job
Trial 908 finished with value: 0.8009535816354328 and parameters: {'objective': 'binary:logistic', 'tree_method': 'gpu_hist', 'lambda': 0.016799997701788808, 'alpha': 5.178488013296972, 'colsample_bytree': 0.3001622141105347, 'subsample': 0.7698363211489628, 'learning_rate': 0.026227717984188145, 'max_depth': 7, 'min_child_weight': 283, 'eval_metric': 'logloss'}. Best is trial 725 with value: 0.8034700928628958.
start listen on 192.168.1.101:45623
@tracker All of 4 nodes getting started
@tracker All nodes finishes job
Trial 909 finished with value: 0.8031258378021405 and parameters: {'objective': 'binary:logistic', 'tree_method': 'gpu_hist', 'lambda': 0.023949517472068787, 'alpha': 0.11478957368055517, 'colsample_bytree': 0.3992289659229829, 'subsample': 0.8481623983343807, 'learning_rate': 0.01921491835643734, 'max_depth': 20, 'min_child_weight': 267, 'eval_metric': 'logloss'}. Best is trial 725 with value: 0.8034700928628958.
start listen on 192.168.1.101:42393
@tracker All of 4 nodes getting started
@tracker All nodes finishes job
Trial 910 finished with value: 0.8033802218872904 and parameters: {'objective': 'binary:logistic', 'tree_method': 'gpu_hist', 'lambda': 0.011163699807438043, 'alpha': 0.0010863724497108974, 'colsample_bytree': 0.3499033427299482, 'subsample': 0.7425058732544133, 'learning_rate': 0.023093355762395552, 'max_depth': 20, 'min_child_weight': 275, 'eval_metric': 'logloss'}. Best is trial 725 with value: 0.8034700928628958.
start listen on 192.168.1.101:38867
@tracker All of 4 nodes getting started
@tracker All nodes finishes job
Trial 911 finished with value: 0.8031292096501947 and parameters: {'objective': 'binary:logistic', 'tree_method': 'gpu_hist', 'lambda': 0.015504803491524877, 'alpha': 0.007493248878124802, 'colsample_bytree': 0.3512606724326816, 'subsample': 0.7210936230139146, 'learning_rate': 0.020812345313738934, 'max_depth': 20, 'min_child_weight': 281, 'eval_metric': 'logloss'}. Best is trial 725 with value: 0.8034700928628958.
start listen on 192.168.1.101:43809
@tracker All of 4 nodes getting started
@tracker All nodes finishes job
Trial 912 finished with value: 0.8031864903085122 and parameters: {'objective': 'binary:logistic', 'tree_method': 'gpu_hist', 'lambda': 0.00887739133449889, 'alpha': 0.2598926935439218, 'colsample_bytree': 0.3525800520082145, 'subsample': 0.7520616936869994, 'learning_rate': 0.021978863220323518, 'max_depth': 20, 'min_child_weight': 278, 'eval_metric': 'logloss'}. Best is trial 725 with value: 0.8034700928628958.
start listen on 192.168.1.101:59547
@tracker All of 4 nodes getting started
@tracker All nodes finishes job
Trial 913 finished with value: 0.8030104734102534 and parameters: {'objective': 'binary:logistic', 'tree_method': 'gpu_hist', 'lambda': 0.009014388362360938, 'alpha': 1.904679333468947, 'colsample_bytree': 0.33608469394182783, 'subsample': 0.7726316750323534, 'learning_rate': 0.018583806849522044, 'max_depth': 20, 'min_child_weight': 284, 'eval_metric': 'logloss'}. Best is trial 725 with value: 0.8034700928628958.
start listen on 192.168.1.101:52225
@tracker All of 4 nodes getting started
@tracker All nodes finishes job
Trial 914 finished with value: 0.7986068901459313 and parameters: {'objective': 'binary:logistic', 'tree_method': 'gpu_hist', 'lambda': 0.0108113961410373, 'alpha': 0.0035240164586668233, 'colsample_bytree': 0.3637301551841914, 'subsample': 0.739772669445013, 'learning_rate': 0.023335279788871784, 'max_depth': 5, 'min_child_weight': 275, 'eval_metric': 'logloss'}. Best is trial 725 with value: 0.8034700928628958.
start listen on 192.168.1.101:60695
@tracker All of 4 nodes getting started
@tracker All nodes finishes job
Trial 915 finished with value: 0.803167477619064 and parameters: {'objective': 'binary:logistic', 'tree_method': 'gpu_hist', 'lambda': 0.007479726343427139, 'alpha': 0.22674122509669212, 'colsample_bytree': 0.33308892935548623, 'subsample': 0.7852539728722324, 'learning_rate': 0.021507704117804345, 'max_depth': 20, 'min_child_weight': 284, 'eval_metric': 'logloss'}. Best is trial 725 with value: 0.8034700928628958.
start listen on 192.168.1.101:35055
@tracker All of 4 nodes getting started
@tracker All nodes finishes job
Trial 916 finished with value: 0.8031438335426515 and parameters: {'objective': 'binary:logistic', 'tree_method': 'gpu_hist', 'lambda': 0.012813442273049811, 'alpha': 0.0017419433222151082, 'colsample_bytree': 0.34611447523862493, 'subsample': 0.7429235568490582, 'learning_rate': 0.019953778740396336, 'max_depth': 20, 'min_child_weight': 270, 'eval_metric': 'logloss'}. Best is trial 725 with value: 0.8034700928628958.
start listen on 192.168.1.101:56959
@tracker All of 4 nodes getting started
@tracker All nodes finishes job
Trial 917 finished with value: 0.802526597684804 and parameters: {'objective': 'binary:logistic', 'tree_method': 'gpu_hist', 'lambda': 0.011012387613338705, 'alpha': 0.3093043848784841, 'colsample_bytree': 0.3263734348347402, 'subsample': 0.5084513809987242, 'learning_rate': 0.023826223625522447, 'max_depth': 15, 'min_child_weight': 277, 'eval_metric': 'logloss'}. Best is trial 725 with value: 0.8034700928628958.
start listen on 192.168.1.101:54631
@tracker All of 4 nodes getting started
@tracker All nodes finishes job
Trial 918 finished with value: 0.8018805293111775 and parameters: {'objective': 'binary:logistic', 'tree_method': 'gpu_hist', 'lambda': 0.010298972343141099, 'alpha': 0.0026162679061848635, 'colsample_bytree': 0.352733896358785, 'subsample': 0.7290173415116181, 'learning_rate': 0.026891151183519518, 'max_depth': 9, 'min_child_weight': 285, 'eval_metric': 'logloss'}. Best is trial 725 with value: 0.8034700928628958.
start listen on 192.168.1.101:45223
@tracker All of 4 nodes getting started
@tracker All nodes finishes job
Trial 919 finished with value: 0.8032418458312162 and parameters: {'objective': 'binary:logistic', 'tree_method': 'gpu_hist', 'lambda': 0.011494408551357839, 'alpha': 0.18664294601461356, 'colsample_bytree': 0.3604661763573174, 'subsample': 0.7478455122284877, 'learning_rate': 0.018563392250419593, 'max_depth': 20, 'min_child_weight': 264, 'eval_metric': 'logloss'}. Best is trial 725 with value: 0.8034700928628958.
start listen on 192.168.1.101:35457
@tracker All of 4 nodes getting started
@tracker All nodes finishes job
Trial 920 finished with value: 0.8006862777815505 and parameters: {'objective': 'binary:logistic', 'tree_method': 'gpu_hist', 'lambda': 0.009217605064393498, 'alpha': 1.2475804708263054, 'colsample_bytree': 0.3234503542556167, 'subsample': 0.7577111970327611, 'learning_rate': 0.008395763528025403, 'max_depth': 20, 'min_child_weight': 39, 'eval_metric': 'logloss'}. Best is trial 725 with value: 0.8034700928628958.
start listen on 192.168.1.101:40051
@tracker All of 4 nodes getting started
@tracker All nodes finishes job
Trial 921 finished with value: 0.8032864520897697 and parameters: {'objective': 'binary:logistic', 'tree_method': 'gpu_hist', 'lambda': 0.012631062200766307, 'alpha': 0.0012376460003092533, 'colsample_bytree': 0.3435763866205719, 'subsample': 0.7596081549409632, 'learning_rate': 0.02273055823206732, 'max_depth': 20, 'min_child_weight': 274, 'eval_metric': 'logloss'}. Best is trial 725 with value: 0.8034700928628958.
start listen on 192.168.1.101:55373
@tracker All of 4 nodes getting started
@tracker All nodes finishes job
Trial 922 finished with value: 0.8031128465968727 and parameters: {'objective': 'binary:logistic', 'tree_method': 'gpu_hist', 'lambda': 0.013381619290592407, 'alpha': 0.2736162167871392, 'colsample_bytree': 0.3153482595360953, 'subsample': 0.7363441106579264, 'learning_rate': 0.020331954230706595, 'max_depth': 20, 'min_child_weight': 258, 'eval_metric': 'logloss'}. Best is trial 725 with value: 0.8034700928628958.
start listen on 192.168.1.101:53429
@tracker All of 4 nodes getting started
@tracker All nodes finishes job
Trial 923 finished with value: 0.7951462539981669 and parameters: {'objective': 'binary:logistic', 'tree_method': 'gpu_hist', 'lambda': 0.0068265413979325, 'alpha': 0.0050165898640072955, 'colsample_bytree': 0.3693742608470994, 'subsample': 0.7531022022206114, 'learning_rate': 0.0250681036276575, 'max_depth': 3, 'min_child_weight': 281, 'eval_metric': 'logloss'}. Best is trial 725 with value: 0.8034700928628958.
start listen on 192.168.1.101:35727
@tracker All of 4 nodes getting started
@tracker All nodes finishes job
Trial 924 finished with value: 0.8029820686963337 and parameters: {'objective': 'binary:logistic', 'tree_method': 'gpu_hist', 'lambda': 1.3873345594608173, 'alpha': 0.01044707272593673, 'colsample_bytree': 0.3324222243661775, 'subsample': 0.7350876621421154, 'learning_rate': 0.028230392184481284, 'max_depth': 20, 'min_child_weight': 269, 'eval_metric': 'logloss'}. Best is trial 725 with value: 0.8034700928628958.
start listen on 192.168.1.101:34051
@tracker All of 4 nodes getting started
@tracker All nodes finishes job
Trial 925 finished with value: 0.8031224127717385 and parameters: {'objective': 'binary:logistic', 'tree_method': 'gpu_hist', 'lambda': 2.0752132104666674, 'alpha': 0.002230728265458147, 'colsample_bytree': 0.38493890177993023, 'subsample': 0.7357768657763426, 'learning_rate': 0.02273856954941213, 'max_depth': 20, 'min_child_weight': 287, 'eval_metric': 'logloss'}. Best is trial 725 with value: 0.8034700928628958.
start listen on 192.168.1.101:43127
@tracker All of 4 nodes getting started
@tracker All nodes finishes job
Trial 926 finished with value: 0.8020809277005178 and parameters: {'objective': 'binary:logistic', 'tree_method': 'gpu_hist', 'lambda': 0.005593034264330281, 'alpha': 0.23428981040827404, 'colsample_bytree': 0.6072474691999111, 'subsample': 0.7576706431803086, 'learning_rate': 0.01716628677447096, 'max_depth': 13, 'min_child_weight': 277, 'eval_metric': 'logloss'}. Best is trial 725 with value: 0.8034700928628958.
start listen on 192.168.1.101:46971
@tracker All of 4 nodes getting started
@tracker All nodes finishes job
Trial 927 finished with value: 0.8031312810372654 and parameters: {'objective': 'binary:logistic', 'tree_method': 'gpu_hist', 'lambda': 0.01153318530455336, 'alpha': 0.08045721581478098, 'colsample_bytree': 0.30070940518770845, 'subsample': 0.7821314249603206, 'learning_rate': 0.020715955315677187, 'max_depth': 20, 'min_child_weight': 285, 'eval_metric': 'logloss'}. Best is trial 725 with value: 0.8034700928628958.
start listen on 192.168.1.101:40005
@tracker All of 4 nodes getting started
@tracker All nodes finishes job
Trial 928 finished with value: 0.8031679558242761 and parameters: {'objective': 'binary:logistic', 'tree_method': 'gpu_hist', 'lambda': 0.014720119528668425, 'alpha': 0.012474265078639916, 'colsample_bytree': 0.34198694727211504, 'subsample': 0.7732881611338923, 'learning_rate': 0.025845034250815843, 'max_depth': 20, 'min_child_weight': 271, 'eval_metric': 'logloss'}. Best is trial 725 with value: 0.8034700928628958.
start listen on 192.168.1.101:36461
@tracker All of 4 nodes getting started
@tracker All nodes finishes job
Trial 929 finished with value: 0.8033339019692434 and parameters: {'objective': 'binary:logistic', 'tree_method': 'gpu_hist', 'lambda': 0.5384694648600228, 'alpha': 0.29887411006114883, 'colsample_bytree': 0.35838048791735283, 'subsample': 0.7507700912827407, 'learning_rate': 0.023632465043904545, 'max_depth': 20, 'min_child_weight': 280, 'eval_metric': 'logloss'}. Best is trial 725 with value: 0.8034700928628958.
start listen on 192.168.1.101:52575
@tracker All of 4 nodes getting started
@tracker All nodes finishes job
Trial 930 finished with value: 0.803200326219477 and parameters: {'objective': 'binary:logistic', 'tree_method': 'gpu_hist', 'lambda': 0.007549992535688584, 'alpha': 2.7198902303623926, 'colsample_bytree': 0.32212257567886116, 'subsample': 0.7636203649166323, 'learning_rate': 0.01960105690947929, 'max_depth': 20, 'min_child_weight': 263, 'eval_metric': 'logloss'}. Best is trial 725 with value: 0.8034700928628958.
start listen on 192.168.1.101:35169
@tracker All of 4 nodes getting started
@tracker All nodes finishes job
Trial 931 finished with value: 0.8027837564608842 and parameters: {'objective': 'binary:logistic', 'tree_method': 'gpu_hist', 'lambda': 0.05418779955281067, 'alpha': 4.563938336543836, 'colsample_bytree': 0.4079871527172938, 'subsample': 0.8741232606488105, 'learning_rate': 0.031174450076060727, 'max_depth': 17, 'min_child_weight': 289, 'eval_metric': 'logloss'}. Best is trial 725 with value: 0.8034700928628958.
start listen on 192.168.1.101:48793
@tracker All of 4 nodes getting started
@tracker All nodes finishes job
Trial 932 finished with value: 0.8032565013824272 and parameters: {'objective': 'binary:logistic', 'tree_method': 'gpu_hist', 'lambda': 0.6989288525895873, 'alpha': 0.20094518826525984, 'colsample_bytree': 0.38061762544470557, 'subsample': 0.8641859478419867, 'learning_rate': 0.0219454938261351, 'max_depth': 20, 'min_child_weight': 274, 'eval_metric': 'logloss'}. Best is trial 725 with value: 0.8034700928628958.
start listen on 192.168.1.101:52213
@tracker All of 4 nodes getting started
@tracker All nodes finishes job
Trial 933 finished with value: 0.7933194514566905 and parameters: {'objective': 'binary:logistic', 'tree_method': 'gpu_hist', 'lambda': 0.010373208676827131, 'alpha': 0.005507061675563221, 'colsample_bytree': 0.395199902311178, 'subsample': 0.8018769025247764, 'learning_rate': 0.0022421892025289826, 'max_depth': 20, 'min_child_weight': 282, 'eval_metric': 'logloss'}. Best is trial 725 with value: 0.8034700928628958.
start listen on 192.168.1.101:35659
@tracker All of 4 nodes getting started
@tracker All nodes finishes job
Trial 934 finished with value: 0.80301791970185 and parameters: {'objective': 'binary:logistic', 'tree_method': 'gpu_hist', 'lambda': 0.008499785537351373, 'alpha': 0.003138686339117003, 'colsample_bytree': 0.6244344266356562, 'subsample': 0.7928691444710531, 'learning_rate': 0.02698807825246728, 'max_depth': 20, 'min_child_weight': 238, 'eval_metric': 'logloss'}. Best is trial 725 with value: 0.8034700928628958.
start listen on 192.168.1.101:36371
@tracker All of 4 nodes getting started
@tracker All nodes finishes job
Trial 935 finished with value: 0.7944528143198059 and parameters: {'objective': 'binary:logistic', 'tree_method': 'gpu_hist', 'lambda': 0.013104869274373293, 'alpha': 0.07209629875370456, 'colsample_bytree': 0.3297181777683462, 'subsample': 0.7132523357245288, 'learning_rate': 0.006496695709434968, 'max_depth': 11, 'min_child_weight': 195, 'eval_metric': 'logloss'}. Best is trial 725 with value: 0.8034700928628958.
start listen on 192.168.1.101:46519
@tracker All of 4 nodes getting started
@tracker All nodes finishes job
Trial 936 finished with value: 0.8027754706401511 and parameters: {'objective': 'binary:logistic', 'tree_method': 'gpu_hist', 'lambda': 1.1253929662969682, 'alpha': 0.0848973081223321, 'colsample_bytree': 0.313734557290847, 'subsample': 0.8687360024171689, 'learning_rate': 0.02420101544404456, 'max_depth': 20, 'min_child_weight': 115, 'eval_metric': 'logloss'}. Best is trial 725 with value: 0.8034700928628958.
start listen on 192.168.1.101:35327
@tracker All of 4 nodes getting started
@tracker All nodes finishes job
Trial 937 finished with value: 0.7984351398778357 and parameters: {'objective': 'binary:logistic', 'tree_method': 'gpu_hist', 'lambda': 4.868108148561393, 'alpha': 0.06502331140259564, 'colsample_bytree': 0.34825650898797106, 'subsample': 0.8191933401435142, 'learning_rate': 0.0736917179233638, 'max_depth': 20, 'min_child_weight': 268, 'eval_metric': 'logloss'}. Best is trial 725 with value: 0.8034700928628958.
start listen on 192.168.1.101:40441
@tracker All of 4 nodes getting started
@tracker All nodes finishes job
Trial 938 finished with value: 0.8031323790674874 and parameters: {'objective': 'binary:logistic', 'tree_method': 'gpu_hist', 'lambda': 0.04574587241925272, 'alpha': 0.23005113232859767, 'colsample_bytree': 0.3652240113819865, 'subsample': 0.8105779478620291, 'learning_rate': 0.018225968480143698, 'max_depth': 20, 'min_child_weight': 288, 'eval_metric': 'logloss'}. Best is trial 725 with value: 0.8034700928628958.
start listen on 192.168.1.101:39819
@tracker All of 4 nodes getting started
@tracker All nodes finishes job
Trial 939 finished with value: 0.7931246829855945 and parameters: {'objective': 'binary:logistic', 'tree_method': 'gpu_hist', 'lambda': 8.481604887077934, 'alpha': 0.001402744275304144, 'colsample_bytree': 0.3367760445659608, 'subsample': 0.770155842981716, 'learning_rate': 0.0013377390936008479, 'max_depth': 20, 'min_child_weight': 277, 'eval_metric': 'logloss'}. Best is trial 725 with value: 0.8034700928628958.
start listen on 192.168.1.101:50317
@tracker All of 4 nodes getting started
@tracker All nodes finishes job
Trial 940 finished with value: 0.8029029407185161 and parameters: {'objective': 'binary:logistic', 'tree_method': 'gpu_hist', 'lambda': 3.0566770329706876, 'alpha': 7.331365722150406, 'colsample_bytree': 0.415611563185604, 'subsample': 0.7274438565146955, 'learning_rate': 0.029097583702332532, 'max_depth': 20, 'min_child_weight': 283, 'eval_metric': 'logloss'}. Best is trial 725 with value: 0.8034700928628958.
start listen on 192.168.1.101:56217
@tracker All of 4 nodes getting started
@tracker All nodes finishes job
Trial 941 finished with value: 0.8032367224530416 and parameters: {'objective': 'binary:logistic', 'tree_method': 'gpu_hist', 'lambda': 0.017109526915575567, 'alpha': 0.0011753719132278997, 'colsample_bytree': 0.3905648640503516, 'subsample': 0.7418865453636845, 'learning_rate': 0.021449403524285548, 'max_depth': 20, 'min_child_weight': 258, 'eval_metric': 'logloss'}. Best is trial 725 with value: 0.8034700928628958.
start listen on 192.168.1.101:44773
@tracker All of 4 nodes getting started
@tracker All nodes finishes job
Trial 942 finished with value: 0.8009618656579922 and parameters: {'objective': 'binary:logistic', 'tree_method': 'gpu_hist', 'lambda': 0.043642548684564866, 'alpha': 0.004155283704865499, 'colsample_bytree': 0.3174627598446364, 'subsample': 0.8548636636556189, 'learning_rate': 0.02491275750111948, 'max_depth': 7, 'min_child_weight': 275, 'eval_metric': 'logloss'}. Best is trial 725 with value: 0.8034700928628958.
start listen on 192.168.1.101:38931
@tracker All of 4 nodes getting started
@tracker All nodes finishes job
Trial 943 finished with value: 0.8030130458338925 and parameters: {'objective': 'binary:logistic', 'tree_method': 'gpu_hist', 'lambda': 0.05594489690764281, 'alpha': 0.1472851454782959, 'colsample_bytree': 0.35358069280255944, 'subsample': 0.8721966572407339, 'learning_rate': 0.027022671537744205, 'max_depth': 20, 'min_child_weight': 268, 'eval_metric': 'logloss'}. Best is trial 725 with value: 0.8034700928628958.
start listen on 192.168.1.101:32793
@tracker All of 4 nodes getting started
@tracker All nodes finishes job
Trial 944 finished with value: 0.8032233637664666 and parameters: {'objective': 'binary:logistic', 'tree_method': 'gpu_hist', 'lambda': 0.9163547072227501, 'alpha': 0.09282726900003017, 'colsample_bytree': 0.4047605354619399, 'subsample': 0.8367480559949335, 'learning_rate': 0.022378458794314094, 'max_depth': 20, 'min_child_weight': 289, 'eval_metric': 'logloss'}. Best is trial 725 with value: 0.8034700928628958.
start listen on 192.168.1.101:49639
@tracker All of 4 nodes getting started
@tracker All nodes finishes job
