Trial 371 finished with value: 0.8028899224316631 and parameters: {'objective': 'binary:logistic', 'tree_method': 'gpu_hist', 'lambda': 0.03862442610380424, 'alpha': 0.19387190290437245, 'colsample_bytree': 0.3726508182346282, 'subsample': 0.8147824145075631, 'learning_rate': 0.03233804460215372, 'max_depth': 20, 'min_child_weight': 269, 'eval_metric': 'logloss'}. Best is trial 254 with value: 0.8034457656439646.
start listen on 192.168.1.101:45939
@tracker All of 4 nodes getting started
@tracker All nodes finishes job
Trial 372 finished with value: 0.7951448553460038 and parameters: {'objective': 'binary:logistic', 'tree_method': 'gpu_hist', 'lambda': 0.03317329398011071, 'alpha': 0.14152037090662548, 'colsample_bytree': 0.39520950397632665, 'subsample': 0.7960937972670945, 'learning_rate': 0.02582389231723238, 'max_depth': 3, 'min_child_weight': 284, 'eval_metric': 'logloss'}. Best is trial 254 with value: 0.8034457656439646.
start listen on 192.168.1.101:34407
@tracker All of 4 nodes getting started
@tracker All nodes finishes job
Trial 373 finished with value: 0.8029242468967264 and parameters: {'objective': 'binary:logistic', 'tree_method': 'gpu_hist', 'lambda': 0.04235871329614433, 'alpha': 0.17289548498156168, 'colsample_bytree': 0.6880110949693926, 'subsample': 0.7868902195485432, 'learning_rate': 0.028655761630052567, 'max_depth': 20, 'min_child_weight': 259, 'eval_metric': 'logloss'}. Best is trial 254 with value: 0.8034457656439646.
start listen on 192.168.1.101:44567
@tracker All of 4 nodes getting started
@tracker All nodes finishes job
Trial 374 finished with value: 0.8033553700920627 and parameters: {'objective': 'binary:logistic', 'tree_method': 'gpu_hist', 'lambda': 0.057851546625568497, 'alpha': 0.13841985183415456, 'colsample_bytree': 0.33411021665617446, 'subsample': 0.812747327974008, 'learning_rate': 0.02443408975539661, 'max_depth': 20, 'min_child_weight': 278, 'eval_metric': 'logloss'}. Best is trial 254 with value: 0.8034457656439646.
start listen on 192.168.1.101:60515
@tracker All of 4 nodes getting started
@tracker All nodes finishes job
Trial 375 finished with value: 0.803030217901889 and parameters: {'objective': 'binary:logistic', 'tree_method': 'gpu_hist', 'lambda': 0.053713835229912424, 'alpha': 0.13885965086474364, 'colsample_bytree': 0.7295496490973308, 'subsample': 0.7980185382571854, 'learning_rate': 0.02337091935775864, 'max_depth': 20, 'min_child_weight': 280, 'eval_metric': 'logloss'}. Best is trial 254 with value: 0.8034457656439646.
start listen on 192.168.1.101:56137
@tracker All of 4 nodes getting started
@tracker All nodes finishes job
Trial 376 finished with value: 0.8025612601520244 and parameters: {'objective': 'binary:logistic', 'tree_method': 'gpu_hist', 'lambda': 0.060594505295718686, 'alpha': 0.11580671709960476, 'colsample_bytree': 0.3197702566581654, 'subsample': 0.7768173340289567, 'learning_rate': 0.023753770468172904, 'max_depth': 13, 'min_child_weight': 288, 'eval_metric': 'logloss'}. Best is trial 254 with value: 0.8034457656439646.
start listen on 192.168.1.101:42197
@tracker All of 4 nodes getting started
@tracker All nodes finishes job
Trial 377 finished with value: 0.8030015830217414 and parameters: {'objective': 'binary:logistic', 'tree_method': 'gpu_hist', 'lambda': 0.06851259846886387, 'alpha': 0.10392532607923398, 'colsample_bytree': 0.33224080810912376, 'subsample': 0.8285380699951554, 'learning_rate': 0.030507876550378767, 'max_depth': 20, 'min_child_weight': 276, 'eval_metric': 'logloss'}. Best is trial 254 with value: 0.8034457656439646.
start listen on 192.168.1.101:41709
@tracker All of 4 nodes getting started
@tracker All nodes finishes job
Trial 378 finished with value: 0.8032615056997097 and parameters: {'objective': 'binary:logistic', 'tree_method': 'gpu_hist', 'lambda': 0.00883674165018393, 'alpha': 0.09464567601029698, 'colsample_bytree': 0.3154462576506908, 'subsample': 0.8062771852754157, 'learning_rate': 0.021034404382684148, 'max_depth': 20, 'min_child_weight': 271, 'eval_metric': 'logloss'}. Best is trial 254 with value: 0.8034457656439646.
start listen on 192.168.1.101:33971
@tracker All of 4 nodes getting started
@tracker All nodes finishes job
Trial 379 finished with value: 0.8033257069290349 and parameters: {'objective': 'binary:logistic', 'tree_method': 'gpu_hist', 'lambda': 0.0568264479460425, 'alpha': 0.06965608355471402, 'colsample_bytree': 0.3322095177423087, 'subsample': 0.8665170285366007, 'learning_rate': 0.026775465480263428, 'max_depth': 20, 'min_child_weight': 284, 'eval_metric': 'logloss'}. Best is trial 254 with value: 0.8034457656439646.
start listen on 192.168.1.101:55087
@tracker All of 4 nodes getting started
@tracker All nodes finishes job
Trial 380 finished with value: 0.8022909839715799 and parameters: {'objective': 'binary:logistic', 'tree_method': 'gpu_hist', 'lambda': 0.04802094106707402, 'alpha': 0.07744156927781151, 'colsample_bytree': 0.33127812955215424, 'subsample': 0.8625210181101246, 'learning_rate': 0.012785774673290645, 'max_depth': 20, 'min_child_weight': 291, 'eval_metric': 'logloss'}. Best is trial 254 with value: 0.8034457656439646.
start listen on 192.168.1.101:46283
@tracker All of 4 nodes getting started
@tracker All nodes finishes job
Trial 381 finished with value: 0.8029818841383285 and parameters: {'objective': 'binary:logistic', 'tree_method': 'gpu_hist', 'lambda': 0.07565402331431162, 'alpha': 0.1476048326367542, 'colsample_bytree': 0.30877664581569786, 'subsample': 0.8538881451690618, 'learning_rate': 0.027722072787197474, 'max_depth': 17, 'min_child_weight': 286, 'eval_metric': 'logloss'}. Best is trial 254 with value: 0.8034457656439646.
start listen on 192.168.1.101:55479
@tracker All of 4 nodes getting started
@tracker All nodes finishes job
Trial 382 finished with value: 0.80294794562672 and parameters: {'objective': 'binary:logistic', 'tree_method': 'gpu_hist', 'lambda': 0.06242245166211617, 'alpha': 0.06856355135474575, 'colsample_bytree': 0.3375757452129583, 'subsample': 0.8714062868654293, 'learning_rate': 0.03387140906609728, 'max_depth': 20, 'min_child_weight': 281, 'eval_metric': 'logloss'}. Best is trial 254 with value: 0.8034457656439646.
start listen on 192.168.1.101:33231
@tracker All of 4 nodes getting started
@tracker All nodes finishes job
Trial 383 finished with value: 0.8032269568443705 and parameters: {'objective': 'binary:logistic', 'tree_method': 'gpu_hist', 'lambda': 0.04635679538377876, 'alpha': 0.12252644775063486, 'colsample_bytree': 0.4497847131909184, 'subsample': 0.7661823902146266, 'learning_rate': 0.026357469532518264, 'max_depth': 20, 'min_child_weight': 293, 'eval_metric': 'logloss'}. Best is trial 254 with value: 0.8034457656439646.
start listen on 192.168.1.101:40937
@tracker All of 4 nodes getting started
@tracker All nodes finishes job
Trial 384 finished with value: 0.8022830077091662 and parameters: {'objective': 'binary:logistic', 'tree_method': 'gpu_hist', 'lambda': 0.02957111425782491, 'alpha': 0.08904476464676259, 'colsample_bytree': 0.31975010201057297, 'subsample': 0.83315158910453, 'learning_rate': 0.029018387157759985, 'max_depth': 11, 'min_child_weight': 162, 'eval_metric': 'logloss'}. Best is trial 254 with value: 0.8034457656439646.
start listen on 192.168.1.101:60251
@tracker All of 4 nodes getting started
@tracker All nodes finishes job
Trial 385 finished with value: 0.8031862686972316 and parameters: {'objective': 'binary:logistic', 'tree_method': 'gpu_hist', 'lambda': 0.08155344966457174, 'alpha': 0.1083004260594112, 'colsample_bytree': 0.42851705989661104, 'subsample': 0.8479879693370851, 'learning_rate': 0.024686608339488963, 'max_depth': 20, 'min_child_weight': 284, 'eval_metric': 'logloss'}. Best is trial 254 with value: 0.8034457656439646.
start listen on 192.168.1.101:32927
@tracker All of 4 nodes getting started
@tracker All nodes finishes job
Trial 386 finished with value: 0.8028126619389218 and parameters: {'objective': 'binary:logistic', 'tree_method': 'gpu_hist', 'lambda': 0.05312349196193974, 'alpha': 0.06869520531971947, 'colsample_bytree': 0.35119104231600057, 'subsample': 0.8200172506495532, 'learning_rate': 0.031483535382368186, 'max_depth': 20, 'min_child_weight': 278, 'eval_metric': 'logloss'}. Best is trial 254 with value: 0.8034457656439646.
start listen on 192.168.1.101:35069
@tracker All of 4 nodes getting started
@tracker All nodes finishes job
Trial 387 finished with value: 0.8025360144477861 and parameters: {'objective': 'binary:logistic', 'tree_method': 'gpu_hist', 'lambda': 0.03814136797298351, 'alpha': 0.9959389622325474, 'colsample_bytree': 0.3736979316969448, 'subsample': 0.78509561788068, 'learning_rate': 0.026026456797424494, 'max_depth': 20, 'min_child_weight': 89, 'eval_metric': 'logloss'}. Best is trial 254 with value: 0.8034457656439646.
start listen on 192.168.1.101:42839
@tracker All of 4 nodes getting started
@tracker All nodes finishes job
Trial 388 finished with value: 0.8030206231197153 and parameters: {'objective': 'binary:logistic', 'tree_method': 'gpu_hist', 'lambda': 0.006344881870222047, 'alpha': 0.07967007067544886, 'colsample_bytree': 0.4344050436916178, 'subsample': 0.8118634017358155, 'learning_rate': 0.016753778476691808, 'max_depth': 20, 'min_child_weight': 295, 'eval_metric': 'logloss'}. Best is trial 254 with value: 0.8034457656439646.
start listen on 192.168.1.101:54367
@tracker All of 4 nodes getting started
@tracker All nodes finishes job
Trial 389 finished with value: 0.8033759683892441 and parameters: {'objective': 'binary:logistic', 'tree_method': 'gpu_hist', 'lambda': 0.044866149200739384, 'alpha': 0.05806594388239221, 'colsample_bytree': 0.40877374379576226, 'subsample': 0.8651642905688429, 'learning_rate': 0.02326384470100115, 'max_depth': 20, 'min_child_weight': 266, 'eval_metric': 'logloss'}. Best is trial 254 with value: 0.8034457656439646.
start listen on 192.168.1.101:38383
@tracker All of 4 nodes getting started
@tracker All nodes finishes job
Trial 390 finished with value: 0.8032518442761306 and parameters: {'objective': 'binary:logistic', 'tree_method': 'gpu_hist', 'lambda': 0.04555713117637192, 'alpha': 0.06364588717036307, 'colsample_bytree': 0.40179187409189704, 'subsample': 0.8740725067257745, 'learning_rate': 0.02367114286095163, 'max_depth': 20, 'min_child_weight': 270, 'eval_metric': 'logloss'}. Best is trial 254 with value: 0.8034457656439646.
start listen on 192.168.1.101:36941
@tracker All of 4 nodes getting started
@tracker All nodes finishes job
Trial 391 finished with value: 0.8015038195590201 and parameters: {'objective': 'binary:logistic', 'tree_method': 'gpu_hist', 'lambda': 0.06039458804828299, 'alpha': 0.05999760850491687, 'colsample_bytree': 0.49072870327674556, 'subsample': 0.8607787041183926, 'learning_rate': 0.05054024495051421, 'max_depth': 7, 'min_child_weight': 289, 'eval_metric': 'logloss'}. Best is trial 254 with value: 0.8034457656439646.
start listen on 192.168.1.101:41425
@tracker All of 4 nodes getting started
@tracker All nodes finishes job
Trial 392 finished with value: 0.8026121481395269 and parameters: {'objective': 'binary:logistic', 'tree_method': 'gpu_hist', 'lambda': 0.46306932651834914, 'alpha': 0.052341452747415855, 'colsample_bytree': 0.3855982569009773, 'subsample': 0.4295000828465046, 'learning_rate': 0.02754697206873887, 'max_depth': 20, 'min_child_weight': 276, 'eval_metric': 'logloss'}. Best is trial 254 with value: 0.8034457656439646.
start listen on 192.168.1.101:54053
@tracker All of 4 nodes getting started
@tracker All nodes finishes job
Trial 393 finished with value: 0.7987486721608691 and parameters: {'objective': 'binary:logistic', 'tree_method': 'gpu_hist', 'lambda': 0.06460282932127277, 'alpha': 0.08854081757361895, 'colsample_bytree': 0.3595111195232245, 'subsample': 0.8771758636348393, 'learning_rate': 0.00623459400736583, 'max_depth': 20, 'min_child_weight': 266, 'eval_metric': 'logloss'}. Best is trial 254 with value: 0.8034457656439646.
start listen on 192.168.1.101:53433
@tracker All of 4 nodes getting started
@tracker All nodes finishes job
Trial 394 finished with value: 0.8031319569870894 and parameters: {'objective': 'binary:logistic', 'tree_method': 'gpu_hist', 'lambda': 0.010571528304569066, 'alpha': 0.05567803839903561, 'colsample_bytree': 0.33368354977154047, 'subsample': 0.6724763058904947, 'learning_rate': 0.02478781747224595, 'max_depth': 20, 'min_child_weight': 284, 'eval_metric': 'logloss'}. Best is trial 254 with value: 0.8034457656439646.
start listen on 192.168.1.101:57951
@tracker All of 4 nodes getting started
@tracker All nodes finishes job
Trial 395 finished with value: 0.8030221927073558 and parameters: {'objective': 'binary:logistic', 'tree_method': 'gpu_hist', 'lambda': 0.13086681454909793, 'alpha': 0.1278815088179701, 'colsample_bytree': 0.4111543769275444, 'subsample': 0.864611734131102, 'learning_rate': 0.02991426596238523, 'max_depth': 20, 'min_child_weight': 273, 'eval_metric': 'logloss'}. Best is trial 254 with value: 0.8034457656439646.
start listen on 192.168.1.101:47851
@tracker All of 4 nodes getting started
@tracker All nodes finishes job
Trial 396 finished with value: 0.8025645491751101 and parameters: {'objective': 'binary:logistic', 'tree_method': 'gpu_hist', 'lambda': 0.05063934447181229, 'alpha': 1.6589968885933841, 'colsample_bytree': 0.44822857678469796, 'subsample': 0.8511691377767403, 'learning_rate': 0.038624209644153466, 'max_depth': 20, 'min_child_weight': 279, 'eval_metric': 'logloss'}. Best is trial 254 with value: 0.8034457656439646.
start listen on 192.168.1.101:39547
@tracker All of 4 nodes getting started
@tracker All nodes finishes job
Trial 397 finished with value: 0.7983258650282771 and parameters: {'objective': 'binary:logistic', 'tree_method': 'gpu_hist', 'lambda': 0.2888711266008397, 'alpha': 0.07498691633549932, 'colsample_bytree': 0.30848606665172296, 'subsample': 0.7475997747165802, 'learning_rate': 0.02263801785724, 'max_depth': 5, 'min_child_weight': 266, 'eval_metric': 'logloss'}. Best is trial 254 with value: 0.8034457656439646.
start listen on 192.168.1.101:35413
@tracker All of 4 nodes getting started
@tracker All nodes finishes job
Trial 398 finished with value: 0.8031227345358424 and parameters: {'objective': 'binary:logistic', 'tree_method': 'gpu_hist', 'lambda': 0.043083290930544714, 'alpha': 0.10025220297021827, 'colsample_bytree': 0.37788807139292424, 'subsample': 0.6197296856597708, 'learning_rate': 0.01946809539552914, 'max_depth': 20, 'min_child_weight': 195, 'eval_metric': 'logloss'}. Best is trial 254 with value: 0.8034457656439646.
start listen on 192.168.1.101:47073
@tracker All of 4 nodes getting started
@tracker All nodes finishes job
Trial 399 finished with value: 0.8033110723565166 and parameters: {'objective': 'binary:logistic', 'tree_method': 'gpu_hist', 'lambda': 0.06999993272771236, 'alpha': 0.04259184776634304, 'colsample_bytree': 0.42466466212899373, 'subsample': 0.7963018682900073, 'learning_rate': 0.027103072925025302, 'max_depth': 20, 'min_child_weight': 286, 'eval_metric': 'logloss'}. Best is trial 254 with value: 0.8034457656439646.
start listen on 192.168.1.101:50919
@tracker All of 4 nodes getting started
@tracker All nodes finishes job
Trial 400 finished with value: 0.8031695729272933 and parameters: {'objective': 'binary:logistic', 'tree_method': 'gpu_hist', 'lambda': 0.05311555496775971, 'alpha': 0.09091170235034558, 'colsample_bytree': 0.39563413776364703, 'subsample': 0.774913972138624, 'learning_rate': 0.023320734932586892, 'max_depth': 20, 'min_child_weight': 295, 'eval_metric': 'logloss'}. Best is trial 254 with value: 0.8034457656439646.
start listen on 192.168.1.101:37581
@tracker All of 4 nodes getting started
@tracker All nodes finishes job
Trial 401 finished with value: 0.8030160768463038 and parameters: {'objective': 'binary:logistic', 'tree_method': 'gpu_hist', 'lambda': 0.03606683106762125, 'alpha': 8.774909626455115, 'colsample_bytree': 0.48230252213532043, 'subsample': 0.8836051065373989, 'learning_rate': 0.024794236985922688, 'max_depth': 20, 'min_child_weight': 274, 'eval_metric': 'logloss'}. Best is trial 254 with value: 0.8034457656439646.
start listen on 192.168.1.101:59877
@tracker All of 4 nodes getting started
@tracker All nodes finishes job
Trial 402 finished with value: 0.8027005546934056 and parameters: {'objective': 'binary:logistic', 'tree_method': 'gpu_hist', 'lambda': 0.1056267174300846, 'alpha': 0.16182057792882723, 'colsample_bytree': 0.44341083417498367, 'subsample': 0.828847340090227, 'learning_rate': 0.021525281440880176, 'max_depth': 15, 'min_child_weight': 280, 'eval_metric': 'logloss'}. Best is trial 254 with value: 0.8034457656439646.
start listen on 192.168.1.101:32903
@tracker All of 4 nodes getting started
@tracker All nodes finishes job
Trial 403 finished with value: 0.8033057420793913 and parameters: {'objective': 'binary:logistic', 'tree_method': 'gpu_hist', 'lambda': 0.15167975277039172, 'alpha': 0.07669406756825779, 'colsample_bytree': 0.41579007239427934, 'subsample': 0.8039388495033051, 'learning_rate': 0.026174697587985653, 'max_depth': 20, 'min_child_weight': 267, 'eval_metric': 'logloss'}. Best is trial 254 with value: 0.8034457656439646.
start listen on 192.168.1.101:41385
@tracker All of 4 nodes getting started
@tracker All nodes finishes job
Trial 404 finished with value: 0.8012439312098214 and parameters: {'objective': 'binary:logistic', 'tree_method': 'gpu_hist', 'lambda': 0.043504258906297305, 'alpha': 0.059795896622629637, 'colsample_bytree': 0.3659901699415251, 'subsample': 0.8409357463673979, 'learning_rate': 0.019980648563095473, 'max_depth': 9, 'min_child_weight': 129, 'eval_metric': 'logloss'}. Best is trial 254 with value: 0.8034457656439646.
start listen on 192.168.1.101:48627
@tracker All of 4 nodes getting started
@tracker All nodes finishes job
Trial 405 finished with value: 0.8033028897945433 and parameters: {'objective': 'binary:logistic', 'tree_method': 'gpu_hist', 'lambda': 0.08826130648544671, 'alpha': 0.12531407564931935, 'colsample_bytree': 0.45889628718391484, 'subsample': 0.7867104985927603, 'learning_rate': 0.022768100274046715, 'max_depth': 20, 'min_child_weight': 289, 'eval_metric': 'logloss'}. Best is trial 254 with value: 0.8034457656439646.
start listen on 192.168.1.101:44449
@tracker All of 4 nodes getting started
@tracker All nodes finishes job
Trial 406 finished with value: 0.7935146269144238 and parameters: {'objective': 'binary:logistic', 'tree_method': 'gpu_hist', 'lambda': 0.06925009479977062, 'alpha': 0.09979046421518437, 'colsample_bytree': 0.40777042623357185, 'subsample': 0.7591501995918889, 'learning_rate': 0.01801636738567801, 'max_depth': 3, 'min_child_weight': 300, 'eval_metric': 'logloss'}. Best is trial 254 with value: 0.8034457656439646.
start listen on 192.168.1.101:57613
@tracker All of 4 nodes getting started
@tracker All nodes finishes job
Trial 407 finished with value: 0.8027975005560125 and parameters: {'objective': 'binary:logistic', 'tree_method': 'gpu_hist', 'lambda': 0.056752610161076404, 'alpha': 0.06798646834272298, 'colsample_bytree': 0.3450173756987262, 'subsample': 0.8615981538449453, 'learning_rate': 0.030230873807583415, 'max_depth': 20, 'min_child_weight': 271, 'eval_metric': 'logloss'}. Best is trial 254 with value: 0.8034457656439646.
start listen on 192.168.1.101:41333
@tracker All of 4 nodes getting started
@tracker All nodes finishes job
Trial 408 finished with value: 0.8023932470881755 and parameters: {'objective': 'binary:logistic', 'tree_method': 'gpu_hist', 'lambda': 0.005267460056114444, 'alpha': 0.04795121736347112, 'colsample_bytree': 0.3210419577382916, 'subsample': 0.8182029368870596, 'learning_rate': 0.025136739060974328, 'max_depth': 13, 'min_child_weight': 281, 'eval_metric': 'logloss'}. Best is trial 254 with value: 0.8034457656439646.
start listen on 192.168.1.101:35917
@tracker All of 4 nodes getting started
@tracker All nodes finishes job
Trial 409 finished with value: 0.8032654835867757 and parameters: {'objective': 'binary:logistic', 'tree_method': 'gpu_hist', 'lambda': 0.03532411823070747, 'alpha': 0.14776302899262325, 'colsample_bytree': 0.38792563165024285, 'subsample': 0.7990650823892611, 'learning_rate': 0.0215826848879181, 'max_depth': 20, 'min_child_weight': 263, 'eval_metric': 'logloss'}. Best is trial 254 with value: 0.8034457656439646.
start listen on 192.168.1.101:49695
@tracker All of 4 nodes getting started
@tracker All nodes finishes job
Trial 410 finished with value: 0.8029110908043833 and parameters: {'objective': 'binary:logistic', 'tree_method': 'gpu_hist', 'lambda': 0.04167366849869891, 'alpha': 0.03646224735528594, 'colsample_bytree': 0.4332187503927149, 'subsample': 0.6869080890202285, 'learning_rate': 0.02776501934929357, 'max_depth': 20, 'min_child_weight': 274, 'eval_metric': 'logloss'}. Best is trial 254 with value: 0.8034457656439646.
start listen on 192.168.1.101:47217
@tracker All of 4 nodes getting started
@tracker All nodes finishes job
Trial 411 finished with value: 0.803196593265459 and parameters: {'objective': 'binary:logistic', 'tree_method': 'gpu_hist', 'lambda': 0.00829402847955801, 'alpha': 0.11183878490278837, 'colsample_bytree': 0.3008310686332194, 'subsample': 0.8892045013671044, 'learning_rate': 0.019926749309328563, 'max_depth': 20, 'min_child_weight': 286, 'eval_metric': 'logloss'}. Best is trial 254 with value: 0.8034457656439646.
start listen on 192.168.1.101:46901
@tracker All of 4 nodes getting started
@tracker All nodes finishes job
