Trial 781 finished with value: 0.8029676288169809 and parameters: {'objective': 'binary:logistic', 'tree_method': 'gpu_hist', 'lambda': 3.73830869286004, 'alpha': 0.2011296074685227, 'colsample_bytree': 0.3827948649986827, 'subsample': 0.861002458044978, 'learning_rate': 0.016591333435497825, 'max_depth': 20, 'min_child_weight': 290, 'eval_metric': 'logloss'}. Best is trial 725 with value: 0.8034700928628958.
start listen on 192.168.1.101:32897
@tracker All of 4 nodes getting started
@tracker All nodes finishes job
Trial 782 finished with value: 0.80330432953225 and parameters: {'objective': 'binary:logistic', 'tree_method': 'gpu_hist', 'lambda': 0.9101179695824712, 'alpha': 0.04581845815582457, 'colsample_bytree': 0.42412805603951004, 'subsample': 0.8971657620108715, 'learning_rate': 0.019218351471689692, 'max_depth': 20, 'min_child_weight': 276, 'eval_metric': 'logloss'}. Best is trial 725 with value: 0.8034700928628958.
start listen on 192.168.1.101:42577
@tracker All of 4 nodes getting started
@tracker All nodes finishes job
Trial 783 finished with value: 0.8030801915998231 and parameters: {'objective': 'binary:logistic', 'tree_method': 'gpu_hist', 'lambda': 0.005703408077523888, 'alpha': 0.06535639520918832, 'colsample_bytree': 0.7104812946501791, 'subsample': 0.9318259674106378, 'learning_rate': 0.023533755194982343, 'max_depth': 20, 'min_child_weight': 284, 'eval_metric': 'logloss'}. Best is trial 725 with value: 0.8034700928628958.
start listen on 192.168.1.101:36157
@tracker All of 4 nodes getting started
@tracker All nodes finishes job
Trial 784 finished with value: 0.799177562678407 and parameters: {'objective': 'binary:logistic', 'tree_method': 'gpu_hist', 'lambda': 0.007526254523580214, 'alpha': 0.05359962654024229, 'colsample_bytree': 0.3998565202068384, 'subsample': 0.883735929928759, 'learning_rate': 0.025627758743706146, 'max_depth': 5, 'min_child_weight': 276, 'eval_metric': 'logloss'}. Best is trial 725 with value: 0.8034700928628958.
start listen on 192.168.1.101:52351
@tracker All of 4 nodes getting started
@tracker All nodes finishes job
Trial 785 finished with value: 0.8032728053684692 and parameters: {'objective': 'binary:logistic', 'tree_method': 'gpu_hist', 'lambda': 0.7816201364035003, 'alpha': 0.2983179982572902, 'colsample_bytree': 0.35195120109999517, 'subsample': 0.8731938777109581, 'learning_rate': 0.021934393738721372, 'max_depth': 20, 'min_child_weight': 294, 'eval_metric': 'logloss'}. Best is trial 725 with value: 0.8034700928628958.
start listen on 192.168.1.101:49693
@tracker All of 4 nodes getting started
@tracker All nodes finishes job
Trial 786 finished with value: 0.8033493531850519 and parameters: {'objective': 'binary:logistic', 'tree_method': 'gpu_hist', 'lambda': 0.009258012492115423, 'alpha': 0.07399579396999587, 'colsample_bytree': 0.32693779200549705, 'subsample': 0.9069933754477649, 'learning_rate': 0.02017747563452984, 'max_depth': 20, 'min_child_weight': 217, 'eval_metric': 'logloss'}. Best is trial 725 with value: 0.8034700928628958.
start listen on 192.168.1.101:55513
@tracker All of 4 nodes getting started
@tracker All nodes finishes job
Trial 787 finished with value: 0.8031567112450186 and parameters: {'objective': 'binary:logistic', 'tree_method': 'gpu_hist', 'lambda': 0.48329430285168196, 'alpha': 0.457452905205342, 'colsample_bytree': 0.31492832120740943, 'subsample': 0.8802815950702955, 'learning_rate': 0.02696799351001798, 'max_depth': 20, 'min_child_weight': 288, 'eval_metric': 'logloss'}. Best is trial 725 with value: 0.8034700928628958.
start listen on 192.168.1.101:52131
@tracker All of 4 nodes getting started
@tracker All nodes finishes job
Trial 788 finished with value: 0.8030987426490528 and parameters: {'objective': 'binary:logistic', 'tree_method': 'gpu_hist', 'lambda': 1.51661685597171, 'alpha': 0.23068595103541242, 'colsample_bytree': 0.30053939701460675, 'subsample': 0.8655232182775319, 'learning_rate': 0.0240114747548469, 'max_depth': 20, 'min_child_weight': 278, 'eval_metric': 'logloss'}. Best is trial 725 with value: 0.8034700928628958.
start listen on 192.168.1.101:36279
@tracker All of 4 nodes getting started
@tracker All nodes finishes job
Trial 789 finished with value: 0.8007352981205066 and parameters: {'objective': 'binary:logistic', 'tree_method': 'gpu_hist', 'lambda': 0.6064237853771162, 'alpha': 0.06434706593090748, 'colsample_bytree': 0.4453357701503779, 'subsample': 0.927109838746146, 'learning_rate': 0.018363020378827304, 'max_depth': 9, 'min_child_weight': 285, 'eval_metric': 'logloss'}. Best is trial 725 with value: 0.8034700928628958.
start listen on 192.168.1.101:54757
@tracker All of 4 nodes getting started
@tracker All nodes finishes job
Trial 790 finished with value: 0.8004610604000295 and parameters: {'objective': 'binary:logistic', 'tree_method': 'gpu_hist', 'lambda': 0.014335822471601365, 'alpha': 0.36033107808094467, 'colsample_bytree': 0.33997622014306345, 'subsample': 0.8941055522247012, 'learning_rate': 0.010613092199429923, 'max_depth': 15, 'min_child_weight': 275, 'eval_metric': 'logloss'}. Best is trial 725 with value: 0.8034700928628958.
start listen on 192.168.1.101:43789
@tracker All of 4 nodes getting started
@tracker All nodes finishes job
Trial 791 finished with value: 0.8028923970455535 and parameters: {'objective': 'binary:logistic', 'tree_method': 'gpu_hist', 'lambda': 0.008242875877699448, 'alpha': 0.18943492558011113, 'colsample_bytree': 0.41395086877035914, 'subsample': 0.8568211825122322, 'learning_rate': 0.022376705779171925, 'max_depth': 20, 'min_child_weight': 89, 'eval_metric': 'logloss'}. Best is trial 725 with value: 0.8034700928628958.
start listen on 192.168.1.101:50441
@tracker All of 4 nodes getting started
@tracker All nodes finishes job
Trial 792 finished with value: 0.8031741442661557 and parameters: {'objective': 'binary:logistic', 'tree_method': 'gpu_hist', 'lambda': 0.6954593148601251, 'alpha': 0.07773300093895409, 'colsample_bytree': 0.3699899131770646, 'subsample': 0.9042607706238169, 'learning_rate': 0.02503629712462268, 'max_depth': 20, 'min_child_weight': 296, 'eval_metric': 'logloss'}. Best is trial 725 with value: 0.8034700928628958.
start listen on 192.168.1.101:55201
@tracker All of 4 nodes getting started
@tracker All nodes finishes job
Trial 793 finished with value: 0.8032321064867786 and parameters: {'objective': 'binary:logistic', 'tree_method': 'gpu_hist', 'lambda': 0.015264040431254443, 'alpha': 0.05789788144634427, 'colsample_bytree': 0.43136763698738234, 'subsample': 0.8782198600529096, 'learning_rate': 0.019827405759040698, 'max_depth': 20, 'min_child_weight': 283, 'eval_metric': 'logloss'}. Best is trial 725 with value: 0.8034700928628958.
start listen on 192.168.1.101:48607
@tracker All of 4 nodes getting started
@tracker All nodes finishes job
Trial 794 finished with value: 0.8033539195653142 and parameters: {'objective': 'binary:logistic', 'tree_method': 'gpu_hist', 'lambda': 0.012782742546021533, 'alpha': 0.04564819611616691, 'colsample_bytree': 0.3914011904659756, 'subsample': 0.9145110011825148, 'learning_rate': 0.02170682957457917, 'max_depth': 20, 'min_child_weight': 207, 'eval_metric': 'logloss'}. Best is trial 725 with value: 0.8034700928628958.
start listen on 192.168.1.101:53823
@tracker All of 4 nodes getting started
@tracker All nodes finishes job
Trial 795 finished with value: 0.8032772870166093 and parameters: {'objective': 'binary:logistic', 'tree_method': 'gpu_hist', 'lambda': 0.01858449275426414, 'alpha': 0.2788135747898059, 'colsample_bytree': 0.35707166596405493, 'subsample': 0.8587804544233723, 'learning_rate': 0.026466328518338505, 'max_depth': 20, 'min_child_weight': 273, 'eval_metric': 'logloss'}. Best is trial 725 with value: 0.8034700928628958.
start listen on 192.168.1.101:39523
@tracker All of 4 nodes getting started
@tracker All nodes finishes job
Trial 796 finished with value: 0.7933444499937863 and parameters: {'objective': 'binary:logistic', 'tree_method': 'gpu_hist', 'lambda': 0.011176854803397807, 'alpha': 0.07549236789025363, 'colsample_bytree': 0.44120628586621, 'subsample': 0.8926255815134676, 'learning_rate': 0.016913489562021468, 'max_depth': 3, 'min_child_weight': 289, 'eval_metric': 'logloss'}. Best is trial 725 with value: 0.8034700928628958.
start listen on 192.168.1.101:44837
@tracker All of 4 nodes getting started
@tracker All nodes finishes job
Trial 797 finished with value: 0.8031496388645623 and parameters: {'objective': 'binary:logistic', 'tree_method': 'gpu_hist', 'lambda': 2.188246273582936, 'alpha': 0.7217776236881881, 'colsample_bytree': 0.3765079306899399, 'subsample': 0.8682598796024754, 'learning_rate': 0.02359249094650679, 'max_depth': 20, 'min_child_weight': 281, 'eval_metric': 'logloss'}. Best is trial 725 with value: 0.8034700928628958.
start listen on 192.168.1.101:59257
@tracker All of 4 nodes getting started
@tracker All nodes finishes job
Trial 798 finished with value: 0.7931319276637812 and parameters: {'objective': 'binary:logistic', 'tree_method': 'gpu_hist', 'lambda': 0.03322698411828404, 'alpha': 0.24386458796705598, 'colsample_bytree': 0.3302979115026812, 'subsample': 0.8853693517040304, 'learning_rate': 0.0010890356364302385, 'max_depth': 13, 'min_child_weight': 292, 'eval_metric': 'logloss'}. Best is trial 725 with value: 0.8034700928628958.
start listen on 192.168.1.101:58493
@tracker All of 4 nodes getting started
@tracker All nodes finishes job
Trial 799 finished with value: 0.8032965054062257 and parameters: {'objective': 'binary:logistic', 'tree_method': 'gpu_hist', 'lambda': 0.043711465087200044, 'alpha': 0.19162710930940816, 'colsample_bytree': 0.34409017957528054, 'subsample': 0.855410490605496, 'learning_rate': 0.020579011243415428, 'max_depth': 20, 'min_child_weight': 273, 'eval_metric': 'logloss'}. Best is trial 725 with value: 0.8034700928628958.
start listen on 192.168.1.101:43855
@tracker All of 4 nodes getting started
@tracker All nodes finishes job
Trial 800 finished with value: 0.8017869053291932 and parameters: {'objective': 'binary:logistic', 'tree_method': 'gpu_hist', 'lambda': 0.03712096228811446, 'alpha': 0.08557889805111797, 'colsample_bytree': 0.4222208612021313, 'subsample': 0.8720424957781885, 'learning_rate': 0.028990864797320753, 'max_depth': 20, 'min_child_weight': 23, 'eval_metric': 'logloss'}. Best is trial 725 with value: 0.8034700928628958.
start listen on 192.168.1.101:60871
@tracker All of 4 nodes getting started
@tracker All nodes finishes job
Trial 801 finished with value: 0.8028019142004943 and parameters: {'objective': 'binary:logistic', 'tree_method': 'gpu_hist', 'lambda': 0.01656906196881276, 'alpha': 0.0658811045162855, 'colsample_bytree': 0.40411395908151143, 'subsample': 0.9048153296924523, 'learning_rate': 0.01864429883537154, 'max_depth': 17, 'min_child_weight': 280, 'eval_metric': 'logloss'}. Best is trial 725 with value: 0.8034700928628958.
start listen on 192.168.1.101:46237
@tracker All of 4 nodes getting started
@tracker All nodes finishes job
Trial 802 finished with value: 0.8032041379117053 and parameters: {'objective': 'binary:logistic', 'tree_method': 'gpu_hist', 'lambda': 0.030932134966730248, 'alpha': 0.3125928439775325, 'colsample_bytree': 0.31453722149866, 'subsample': 0.9187208438796894, 'learning_rate': 0.023041024723359657, 'max_depth': 20, 'min_child_weight': 289, 'eval_metric': 'logloss'}. Best is trial 725 with value: 0.8034700928628958.
start listen on 192.168.1.101:40431
@tracker All of 4 nodes getting started
@tracker All nodes finishes job
Trial 803 finished with value: 0.8034187845931687 and parameters: {'objective': 'binary:logistic', 'tree_method': 'gpu_hist', 'lambda': 0.045485641855150964, 'alpha': 0.4204290992330658, 'colsample_bytree': 0.45217307633409415, 'subsample': 0.892892432923991, 'learning_rate': 0.027137946734008697, 'max_depth': 20, 'min_child_weight': 284, 'eval_metric': 'logloss'}. Best is trial 725 with value: 0.8034700928628958.
start listen on 192.168.1.101:54929
@tracker All of 4 nodes getting started
@tracker All nodes finishes job
Trial 804 finished with value: 0.8021969852611038 and parameters: {'objective': 'binary:logistic', 'tree_method': 'gpu_hist', 'lambda': 1.059732865337633, 'alpha': 0.6039795504214998, 'colsample_bytree': 0.466918356807033, 'subsample': 0.9339478569553663, 'learning_rate': 0.030275970776193338, 'max_depth': 11, 'min_child_weight': 300, 'eval_metric': 'logloss'}. Best is trial 725 with value: 0.8034700928628958.
start listen on 192.168.1.101:54183
@tracker All of 4 nodes getting started
@tracker All nodes finishes job
Trial 805 finished with value: 0.8025673251193128 and parameters: {'objective': 'binary:logistic', 'tree_method': 'gpu_hist', 'lambda': 0.007738503604611371, 'alpha': 0.47034201554481586, 'colsample_bytree': 0.45491491481769153, 'subsample': 0.902189877069485, 'learning_rate': 0.03582928332988499, 'max_depth': 20, 'min_child_weight': 273, 'eval_metric': 'logloss'}. Best is trial 725 with value: 0.8034700928628958.
start listen on 192.168.1.101:57199
@tracker All of 4 nodes getting started
@tracker All nodes finishes job
Trial 806 finished with value: 0.803025983693342 and parameters: {'objective': 'binary:logistic', 'tree_method': 'gpu_hist', 'lambda': 1.3159379772960542, 'alpha': 0.4913471008711465, 'colsample_bytree': 0.45988335659877716, 'subsample': 0.9165445691200705, 'learning_rate': 0.0317442247185498, 'max_depth': 20, 'min_child_weight': 279, 'eval_metric': 'logloss'}. Best is trial 725 with value: 0.8034700928628958.
start listen on 192.168.1.101:53771
@tracker All of 4 nodes getting started
@tracker All nodes finishes job
Trial 807 finished with value: 0.8033706521160774 and parameters: {'objective': 'binary:logistic', 'tree_method': 'gpu_hist', 'lambda': 0.04933103123876342, 'alpha': 0.40857270878677787, 'colsample_bytree': 0.4594018868125602, 'subsample': 0.8949318886577341, 'learning_rate': 0.02753697295481667, 'max_depth': 20, 'min_child_weight': 294, 'eval_metric': 'logloss'}. Best is trial 725 with value: 0.8034700928628958.
start listen on 192.168.1.101:34255
@tracker All of 4 nodes getting started
@tracker All nodes finishes job
Trial 808 finished with value: 0.8031064468423437 and parameters: {'objective': 'binary:logistic', 'tree_method': 'gpu_hist', 'lambda': 0.055282439386480406, 'alpha': 0.3997449059586419, 'colsample_bytree': 0.4574488611271342, 'subsample': 0.8982274799548818, 'learning_rate': 0.03288689260664988, 'max_depth': 20, 'min_child_weight': 293, 'eval_metric': 'logloss'}. Best is trial 725 with value: 0.8034700928628958.
start listen on 192.168.1.101:57291
@tracker All of 4 nodes getting started
@tracker All nodes finishes job
Trial 809 finished with value: 0.8032417939021406 and parameters: {'objective': 'binary:logistic', 'tree_method': 'gpu_hist', 'lambda': 0.050196849984112904, 'alpha': 0.4961145315860871, 'colsample_bytree': 0.46627545373447377, 'subsample': 0.8880361197391947, 'learning_rate': 0.028178323377656498, 'max_depth': 20, 'min_child_weight': 300, 'eval_metric': 'logloss'}. Best is trial 725 with value: 0.8034700928628958.
start listen on 192.168.1.101:36397
@tracker All of 4 nodes getting started
@tracker All nodes finishes job
Trial 810 finished with value: 0.8030468785801961 and parameters: {'objective': 'binary:logistic', 'tree_method': 'gpu_hist', 'lambda': 0.04831514288730986, 'alpha': 0.6311204960649957, 'colsample_bytree': 0.45420220334148403, 'subsample': 0.8944851425486164, 'learning_rate': 0.029770566511497648, 'max_depth': 20, 'min_child_weight': 294, 'eval_metric': 'logloss'}. Best is trial 725 with value: 0.8034700928628958.
start listen on 192.168.1.101:43565
@tracker All of 4 nodes getting started
@tracker All nodes finishes job
Trial 811 finished with value: 0.8016091689954893 and parameters: {'objective': 'binary:logistic', 'tree_method': 'gpu_hist', 'lambda': 0.05381803669660227, 'alpha': 0.41530201702542324, 'colsample_bytree': 0.4402488923474047, 'subsample': 0.8863112239090714, 'learning_rate': 0.03057497064546389, 'max_depth': 7, 'min_child_weight': 295, 'eval_metric': 'logloss'}. Best is trial 725 with value: 0.8034700928628958.
start listen on 192.168.1.101:38481
@tracker All of 4 nodes getting started
@tracker All nodes finishes job
Trial 812 finished with value: 0.8032546429971996 and parameters: {'objective': 'binary:logistic', 'tree_method': 'gpu_hist', 'lambda': 0.04372280541114363, 'alpha': 0.8000180177453429, 'colsample_bytree': 0.45617744314925723, 'subsample': 0.8824748918793429, 'learning_rate': 0.02713605315309512, 'max_depth': 20, 'min_child_weight': 300, 'eval_metric': 'logloss'}. Best is trial 725 with value: 0.8034700928628958.
start listen on 192.168.1.101:51085
@tracker All of 4 nodes getting started
@tracker All nodes finishes job
Trial 813 finished with value: 0.8030430045512811 and parameters: {'objective': 'binary:logistic', 'tree_method': 'gpu_hist', 'lambda': 0.0631041027132527, 'alpha': 0.5794827608601215, 'colsample_bytree': 0.46808774704747114, 'subsample': 0.9047845581987228, 'learning_rate': 0.03433390689760422, 'max_depth': 20, 'min_child_weight': 290, 'eval_metric': 'logloss'}. Best is trial 725 with value: 0.8034700928628958.
start listen on 192.168.1.101:39321
@tracker All of 4 nodes getting started
@tracker All nodes finishes job
Trial 814 finished with value: 0.8032596390319853 and parameters: {'objective': 'binary:logistic', 'tree_method': 'gpu_hist', 'lambda': 0.048286169970404524, 'alpha': 0.38514736271294026, 'colsample_bytree': 0.4399813109308892, 'subsample': 0.8959403821893551, 'learning_rate': 0.027270171422507542, 'max_depth': 20, 'min_child_weight': 288, 'eval_metric': 'logloss'}. Best is trial 725 with value: 0.8034700928628958.
start listen on 192.168.1.101:45181
@tracker All of 4 nodes getting started
@tracker All nodes finishes job
Trial 815 finished with value: 0.8030858052800145 and parameters: {'objective': 'binary:logistic', 'tree_method': 'gpu_hist', 'lambda': 0.00975626119043864, 'alpha': 0.5397456957387837, 'colsample_bytree': 0.4489103536129055, 'subsample': 0.8761420855965362, 'learning_rate': 0.027688643145359418, 'max_depth': 20, 'min_child_weight': 294, 'eval_metric': 'logloss'}. Best is trial 725 with value: 0.8034700928628958.
start listen on 192.168.1.101:40045
@tracker All of 4 nodes getting started
@tracker All nodes finishes job
Trial 816 finished with value: 0.7991885902235533 and parameters: {'objective': 'binary:logistic', 'tree_method': 'gpu_hist', 'lambda': 0.04053005709653438, 'alpha': 0.42582544727850585, 'colsample_bytree': 0.46486037290918886, 'subsample': 0.8846732532898492, 'learning_rate': 0.02633314811044728, 'max_depth': 5, 'min_child_weight': 286, 'eval_metric': 'logloss'}. Best is trial 725 with value: 0.8034700928628958.
start listen on 192.168.1.101:42113
@tracker All of 4 nodes getting started
@tracker All nodes finishes job
Trial 817 finished with value: 0.8030262612114761 and parameters: {'objective': 'binary:logistic', 'tree_method': 'gpu_hist', 'lambda': 0.012288562010196685, 'alpha': 0.3449817650982741, 'colsample_bytree': 0.47312181654122665, 'subsample': 0.8907385470677135, 'learning_rate': 0.0304322711844283, 'max_depth': 20, 'min_child_weight': 294, 'eval_metric': 'logloss'}. Best is trial 725 with value: 0.8034700928628958.
start listen on 192.168.1.101:58347
@tracker All of 4 nodes getting started
@tracker All nodes finishes job
Trial 818 finished with value: 0.8027203669707389 and parameters: {'objective': 'binary:logistic', 'tree_method': 'gpu_hist', 'lambda': 0.05062847028407309, 'alpha': 0.34886268886281807, 'colsample_bytree': 0.9123770561863804, 'subsample': 0.9078838483226623, 'learning_rate': 0.02600533672001689, 'max_depth': 15, 'min_child_weight': 284, 'eval_metric': 'logloss'}. Best is trial 725 with value: 0.8034700928628958.
start listen on 192.168.1.101:44087
@tracker All of 4 nodes getting started
@tracker All nodes finishes job
Trial 819 finished with value: 0.8024301856618125 and parameters: {'objective': 'binary:logistic', 'tree_method': 'gpu_hist', 'lambda': 0.04164280918673844, 'alpha': 0.4476242878668862, 'colsample_bytree': 0.43947847670239726, 'subsample': 0.8766068869332466, 'learning_rate': 0.03870438591697282, 'max_depth': 20, 'min_child_weight': 288, 'eval_metric': 'logloss'}. Best is trial 725 with value: 0.8034700928628958.
start listen on 192.168.1.101:53363
@tracker All of 4 nodes getting started
@tracker All nodes finishes job
Trial 820 finished with value: 0.8031266442012899 and parameters: {'objective': 'binary:logistic', 'tree_method': 'gpu_hist', 'lambda': 0.06826410849067338, 'alpha': 0.5226448931132844, 'colsample_bytree': 0.4484646605766511, 'subsample': 0.8593176237465259, 'learning_rate': 0.028665942902300522, 'max_depth': 20, 'min_child_weight': 300, 'eval_metric': 'logloss'}. Best is trial 725 with value: 0.8034700928628958.
start listen on 192.168.1.101:56189
@tracker All of 4 nodes getting started
@tracker All nodes finishes job
Trial 821 finished with value: 0.8034021610226272 and parameters: {'objective': 'binary:logistic', 'tree_method': 'gpu_hist', 'lambda': 6.675226433054566, 'alpha': 0.3146295838111865, 'colsample_bytree': 0.3224825440392503, 'subsample': 0.9015576628313035, 'learning_rate': 0.024836188781372788, 'max_depth': 20, 'min_child_weight': 282, 'eval_metric': 'logloss'}. Best is trial 725 with value: 0.8034700928628958.
start listen on 192.168.1.101:50313
@tracker All of 4 nodes getting started
@tracker All nodes finishes job
