Trial 863 finished with value: 0.8025319998343854 and parameters: {'objective': 'binary:logistic', 'tree_method': 'gpu_hist', 'lambda': 5.1397503131801425, 'alpha': 0.363318094738068, 'colsample_bytree': 0.4104529787879596, 'subsample': 0.8655428355641234, 'learning_rate': 0.022738363511518134, 'max_depth': 13, 'min_child_weight': 297, 'eval_metric': 'logloss'}. Best is trial 725 with value: 0.8034700928628958.
start listen on 192.168.1.101:37163
@tracker All of 4 nodes getting started
@tracker All nodes finishes job
Trial 864 finished with value: 0.8031927313333486 and parameters: {'objective': 'binary:logistic', 'tree_method': 'gpu_hist', 'lambda': 0.02051427809531026, 'alpha': 0.08628902912396784, 'colsample_bytree': 0.4244488474587998, 'subsample': 0.8924625133987971, 'learning_rate': 0.024984090966462844, 'max_depth': 20, 'min_child_weight': 274, 'eval_metric': 'logloss'}. Best is trial 725 with value: 0.8034700928628958.
start listen on 192.168.1.101:51947
@tracker All of 4 nodes getting started
@tracker All nodes finishes job
Trial 865 finished with value: 0.8032069218114644 and parameters: {'objective': 'binary:logistic', 'tree_method': 'gpu_hist', 'lambda': 0.007790762012686999, 'alpha': 0.0597192403093179, 'colsample_bytree': 0.31402937002713094, 'subsample': 0.852999969289545, 'learning_rate': 0.027629263270105623, 'max_depth': 20, 'min_child_weight': 289, 'eval_metric': 'logloss'}. Best is trial 725 with value: 0.8034700928628958.
start listen on 192.168.1.101:56441
@tracker All of 4 nodes getting started
@tracker All nodes finishes job
Trial 866 finished with value: 0.80253602616316 and parameters: {'objective': 'binary:logistic', 'tree_method': 'gpu_hist', 'lambda': 0.0811487621619169, 'alpha': 0.0744208894203689, 'colsample_bytree': 0.46721000716627303, 'subsample': 0.9145420430075477, 'learning_rate': 0.033265950305686784, 'max_depth': 17, 'min_child_weight': 281, 'eval_metric': 'logloss'}. Best is trial 725 with value: 0.8034700928628958.
start listen on 192.168.1.101:56859
@tracker All of 4 nodes getting started
@tracker All nodes finishes job
Trial 867 finished with value: 0.8033472747142669 and parameters: {'objective': 'binary:logistic', 'tree_method': 'gpu_hist', 'lambda': 0.9195608247133348, 'alpha': 0.2595693444360826, 'colsample_bytree': 0.4508145128207029, 'subsample': 0.8756070487234814, 'learning_rate': 0.022341847958014163, 'max_depth': 20, 'min_child_weight': 295, 'eval_metric': 'logloss'}. Best is trial 725 with value: 0.8034700928628958.
start listen on 192.168.1.101:38457
@tracker All of 4 nodes getting started
@tracker All nodes finishes job
Trial 868 finished with value: 0.7932563814420648 and parameters: {'objective': 'binary:logistic', 'tree_method': 'gpu_hist', 'lambda': 0.1062263167556368, 'alpha': 0.5313235930857533, 'colsample_bytree': 0.32464318786170276, 'subsample': 0.8391495715046839, 'learning_rate': 0.0017404645561760123, 'max_depth': 20, 'min_child_weight': 300, 'eval_metric': 'logloss'}. Best is trial 725 with value: 0.8034700928628958.
start listen on 192.168.1.101:45471
@tracker All of 4 nodes getting started
@tracker All nodes finishes job
Trial 869 finished with value: 0.8022910055496637 and parameters: {'objective': 'binary:logistic', 'tree_method': 'gpu_hist', 'lambda': 0.01444114527951788, 'alpha': 0.3295235947377757, 'colsample_bytree': 0.4281202702191893, 'subsample': 0.887516563392292, 'learning_rate': 0.025247802911416616, 'max_depth': 11, 'min_child_weight': 286, 'eval_metric': 'logloss'}. Best is trial 725 with value: 0.8034700928628958.
start listen on 192.168.1.101:58469
@tracker All of 4 nodes getting started
@tracker All nodes finishes job
Trial 870 finished with value: 0.8032610629130698 and parameters: {'objective': 'binary:logistic', 'tree_method': 'gpu_hist', 'lambda': 7.245695204663637, 'alpha': 0.04709795750685006, 'colsample_bytree': 0.41413629441432487, 'subsample': 0.9027577963794685, 'learning_rate': 0.02376635291027904, 'max_depth': 20, 'min_child_weight': 225, 'eval_metric': 'logloss'}. Best is trial 725 with value: 0.8034700928628958.
start listen on 192.168.1.101:59337
@tracker All of 4 nodes getting started
@tracker All nodes finishes job
Trial 871 finished with value: 0.8032775684580313 and parameters: {'objective': 'binary:logistic', 'tree_method': 'gpu_hist', 'lambda': 1.5485060110184339, 'alpha': 0.0866904493704565, 'colsample_bytree': 0.4829637351134043, 'subsample': 0.8582657523625815, 'learning_rate': 0.02745279318034626, 'max_depth': 20, 'min_child_weight': 276, 'eval_metric': 'logloss'}. Best is trial 725 with value: 0.8034700928628958.
start listen on 192.168.1.101:36013
@tracker All of 4 nodes getting started
@tracker All nodes finishes job
Trial 872 finished with value: 0.7939726039806375 and parameters: {'objective': 'binary:logistic', 'tree_method': 'gpu_hist', 'lambda': 0.010236716327045174, 'alpha': 0.07175750201882569, 'colsample_bytree': 0.44241231727493435, 'subsample': 0.872052826844256, 'learning_rate': 0.00317304877582287, 'max_depth': 20, 'min_child_weight': 290, 'eval_metric': 'logloss'}. Best is trial 725 with value: 0.8034700928628958.
start listen on 192.168.1.101:51263
@tracker All of 4 nodes getting started
@tracker All nodes finishes job
Trial 873 finished with value: 0.8030977502751556 and parameters: {'objective': 'binary:logistic', 'tree_method': 'gpu_hist', 'lambda': 0.016502375213451072, 'alpha': 0.06098559895723067, 'colsample_bytree': 0.8647200056614481, 'subsample': 0.8447298069919152, 'learning_rate': 0.02180451360965037, 'max_depth': 20, 'min_child_weight': 271, 'eval_metric': 'logloss'}. Best is trial 725 with value: 0.8034700928628958.
start listen on 192.168.1.101:33829
@tracker All of 4 nodes getting started
@tracker All nodes finishes job
Trial 874 finished with value: 0.8032550558142787 and parameters: {'objective': 'binary:logistic', 'tree_method': 'gpu_hist', 'lambda': 0.00814563449762812, 'alpha': 0.4322562051766587, 'colsample_bytree': 0.4608546270157525, 'subsample': 0.8297582775739868, 'learning_rate': 0.024315669129318616, 'max_depth': 20, 'min_child_weight': 282, 'eval_metric': 'logloss'}. Best is trial 725 with value: 0.8034700928628958.
start listen on 192.168.1.101:53857
@tracker All of 4 nodes getting started
@tracker All nodes finishes job
Trial 875 finished with value: 0.8015081498336324 and parameters: {'objective': 'binary:logistic', 'tree_method': 'gpu_hist', 'lambda': 2.8466873166654882, 'alpha': 0.20413448494065853, 'colsample_bytree': 0.40774566629076225, 'subsample': 0.8826469854379569, 'learning_rate': 0.029241252880835428, 'max_depth': 7, 'min_child_weight': 291, 'eval_metric': 'logloss'}. Best is trial 725 with value: 0.8034700928628958.
start listen on 192.168.1.101:42009
@tracker All of 4 nodes getting started
@tracker All nodes finishes job
Trial 876 finished with value: 0.8033112473787523 and parameters: {'objective': 'binary:logistic', 'tree_method': 'gpu_hist', 'lambda': 0.018950366934071733, 'alpha': 0.25349091483221553, 'colsample_bytree': 0.3189566120642255, 'subsample': 0.9133194366713517, 'learning_rate': 0.021990964531054646, 'max_depth': 20, 'min_child_weight': 278, 'eval_metric': 'logloss'}. Best is trial 725 with value: 0.8034700928628958.
start listen on 192.168.1.101:45541
@tracker All of 4 nodes getting started
@tracker All nodes finishes job
Trial 877 finished with value: 0.8031524282133322 and parameters: {'objective': 'binary:logistic', 'tree_method': 'gpu_hist', 'lambda': 0.006545259757424726, 'alpha': 0.09280824360802212, 'colsample_bytree': 0.43246121441313007, 'subsample': 0.8650894443395544, 'learning_rate': 0.02663267667703395, 'max_depth': 20, 'min_child_weight': 284, 'eval_metric': 'logloss'}. Best is trial 725 with value: 0.8034700928628958.
start listen on 192.168.1.101:44689
@tracker All of 4 nodes getting started
@tracker All nodes finishes job
Trial 878 finished with value: 0.8031489471670963 and parameters: {'objective': 'binary:logistic', 'tree_method': 'gpu_hist', 'lambda': 0.010087780042881689, 'alpha': 0.0542964733372999, 'colsample_bytree': 0.3273135502249269, 'subsample': 0.900380299335064, 'learning_rate': 0.023797907733224943, 'max_depth': 20, 'min_child_weight': 272, 'eval_metric': 'logloss'}. Best is trial 725 with value: 0.8034700928628958.
start listen on 192.168.1.101:48501
@tracker All of 4 nodes getting started
@tracker All nodes finishes job
Trial 879 finished with value: 0.8024925857750164 and parameters: {'objective': 'binary:logistic', 'tree_method': 'gpu_hist', 'lambda': 3.932750702573133, 'alpha': 0.364310807908032, 'colsample_bytree': 0.4536040700645129, 'subsample': 0.8864871486972619, 'learning_rate': 0.03774850311164886, 'max_depth': 20, 'min_child_weight': 300, 'eval_metric': 'logloss'}. Best is trial 725 with value: 0.8034700928628958.
start listen on 192.168.1.101:43495
@tracker All of 4 nodes getting started
@tracker All nodes finishes job
Trial 880 finished with value: 0.8001911552972393 and parameters: {'objective': 'binary:logistic', 'tree_method': 'gpu_hist', 'lambda': 0.07215718731176314, 'alpha': 0.0381543148338339, 'colsample_bytree': 0.8290008049686817, 'subsample': 0.9288976891930391, 'learning_rate': 0.030626605908947113, 'max_depth': 5, 'min_child_weight': 286, 'eval_metric': 'logloss'}. Best is trial 725 with value: 0.8034700928628958.
start listen on 192.168.1.101:39485
@tracker All of 4 nodes getting started
@tracker All nodes finishes job
Trial 881 finished with value: 0.8034175066366009 and parameters: {'objective': 'binary:logistic', 'tree_method': 'gpu_hist', 'lambda': 0.0347866370358834, 'alpha': 0.09658371695422084, 'colsample_bytree': 0.47881275956757147, 'subsample': 0.8463395496473991, 'learning_rate': 0.025889525836905125, 'max_depth': 20, 'min_child_weight': 278, 'eval_metric': 'logloss'}. Best is trial 725 with value: 0.8034700928628958.
start listen on 192.168.1.101:37761
@tracker All of 4 nodes getting started
@tracker All nodes finishes job
Trial 882 finished with value: 0.802643689140752 and parameters: {'objective': 'binary:logistic', 'tree_method': 'gpu_hist', 'lambda': 0.02657723229398937, 'alpha': 0.09662778698755113, 'colsample_bytree': 0.499514270158838, 'subsample': 0.8553827772055096, 'learning_rate': 0.02166588455425094, 'max_depth': 15, 'min_child_weight': 270, 'eval_metric': 'logloss'}. Best is trial 725 with value: 0.8034700928628958.
start listen on 192.168.1.101:60407
@tracker All of 4 nodes getting started
@tracker All nodes finishes job
Trial 883 finished with value: 0.8032325502542407 and parameters: {'objective': 'binary:logistic', 'tree_method': 'gpu_hist', 'lambda': 0.03100537203155072, 'alpha': 0.10149750566751649, 'colsample_bytree': 0.4871329046049391, 'subsample': 0.8439526808237792, 'learning_rate': 0.023872504618370555, 'max_depth': 20, 'min_child_weight': 276, 'eval_metric': 'logloss'}. Best is trial 725 with value: 0.8034700928628958.
start listen on 192.168.1.101:57419
@tracker All of 4 nodes getting started
@tracker All nodes finishes job
Trial 884 finished with value: 0.8033789956963278 and parameters: {'objective': 'binary:logistic', 'tree_method': 'gpu_hist', 'lambda': 0.03395820931508487, 'alpha': 0.08216674302924923, 'colsample_bytree': 0.490553693638654, 'subsample': 0.8325399195822858, 'learning_rate': 0.021905202513795182, 'max_depth': 20, 'min_child_weight': 271, 'eval_metric': 'logloss'}. Best is trial 725 with value: 0.8034700928628958.
start listen on 192.168.1.101:39943
@tracker All of 4 nodes getting started
@tracker All nodes finishes job
Trial 885 finished with value: 0.7979444929387722 and parameters: {'objective': 'binary:logistic', 'tree_method': 'gpu_hist', 'lambda': 0.024217906231521626, 'alpha': 0.08276597909276076, 'colsample_bytree': 0.48162513921935696, 'subsample': 0.8290635167078826, 'learning_rate': 0.005587495789755925, 'max_depth': 20, 'min_child_weight': 268, 'eval_metric': 'logloss'}. Best is trial 725 with value: 0.8034700928628958.
start listen on 192.168.1.101:45573
@tracker All of 4 nodes getting started
@tracker All nodes finishes job
Trial 886 finished with value: 0.8031734767622988 and parameters: {'objective': 'binary:logistic', 'tree_method': 'gpu_hist', 'lambda': 0.02914221420709085, 'alpha': 0.07183157748566601, 'colsample_bytree': 0.31266378261727207, 'subsample': 0.8327007691153729, 'learning_rate': 0.021043538463222645, 'max_depth': 20, 'min_child_weight': 267, 'eval_metric': 'logloss'}. Best is trial 725 with value: 0.8034700928628958.
start listen on 192.168.1.101:42713
@tracker All of 4 nodes getting started
@tracker All nodes finishes job
Trial 887 finished with value: 0.7979491754374606 and parameters: {'objective': 'binary:logistic', 'tree_method': 'gpu_hist', 'lambda': 0.03693701361473498, 'alpha': 0.09824441458049395, 'colsample_bytree': 0.33626517338675754, 'subsample': 0.8423372941450092, 'learning_rate': 0.01186267407598783, 'max_depth': 9, 'min_child_weight': 273, 'eval_metric': 'logloss'}. Best is trial 725 with value: 0.8034700928628958.
start listen on 192.168.1.101:32967
@tracker All of 4 nodes getting started
@tracker All nodes finishes job
Trial 888 finished with value: 0.8031223015574223 and parameters: {'objective': 'binary:logistic', 'tree_method': 'gpu_hist', 'lambda': 0.03403629857216152, 'alpha': 0.06825218919845318, 'colsample_bytree': 0.49422271749582175, 'subsample': 0.8331933244958599, 'learning_rate': 0.021390251555719875, 'max_depth': 20, 'min_child_weight': 269, 'eval_metric': 'logloss'}. Best is trial 725 with value: 0.8034700928628958.
start listen on 192.168.1.101:60303
@tracker All of 4 nodes getting started
@tracker All nodes finishes job
Trial 889 finished with value: 0.8031220173914948 and parameters: {'objective': 'binary:logistic', 'tree_method': 'gpu_hist', 'lambda': 0.024165571781365778, 'alpha': 0.08925402051900679, 'colsample_bytree': 0.47005051570852135, 'subsample': 0.4841066272350614, 'learning_rate': 0.022292733851054045, 'max_depth': 20, 'min_child_weight': 274, 'eval_metric': 'logloss'}. Best is trial 725 with value: 0.8034700928628958.
start listen on 192.168.1.101:33229
@tracker All of 4 nodes getting started
@tracker All nodes finishes job
Trial 890 finished with value: 0.8031503326326525 and parameters: {'objective': 'binary:logistic', 'tree_method': 'gpu_hist', 'lambda': 0.033338850233496864, 'alpha': 0.05814601947713205, 'colsample_bytree': 0.30102326124957507, 'subsample': 0.8457663164961651, 'learning_rate': 0.02031399594384458, 'max_depth': 20, 'min_child_weight': 266, 'eval_metric': 'logloss'}. Best is trial 725 with value: 0.8034700928628958.
start listen on 192.168.1.101:53205
@tracker All of 4 nodes getting started
@tracker All nodes finishes job
Trial 891 finished with value: 0.8030904402088361 and parameters: {'objective': 'binary:logistic', 'tree_method': 'gpu_hist', 'lambda': 0.01848442845882022, 'alpha': 0.1104528664393556, 'colsample_bytree': 0.33836075885368727, 'subsample': 0.8211052922710905, 'learning_rate': 0.023744579747241187, 'max_depth': 20, 'min_child_weight': 124, 'eval_metric': 'logloss'}. Best is trial 725 with value: 0.8034700928628958.
start listen on 192.168.1.101:60597
@tracker All of 4 nodes getting started
@tracker All nodes finishes job
Trial 892 finished with value: 0.7942531119326506 and parameters: {'objective': 'binary:logistic', 'tree_method': 'gpu_hist', 'lambda': 0.021549032249606668, 'alpha': 0.07878113705433108, 'colsample_bytree': 0.4058731401129628, 'subsample': 0.8233890285034235, 'learning_rate': 0.0224511396590804, 'max_depth': 3, 'min_child_weight': 277, 'eval_metric': 'logloss'}. Best is trial 725 with value: 0.8034700928628958.
start listen on 192.168.1.101:35105
@tracker All of 4 nodes getting started
@tracker All nodes finishes job
Trial 893 finished with value: 0.803216868817714 and parameters: {'objective': 'binary:logistic', 'tree_method': 'gpu_hist', 'lambda': 0.028276386821997634, 'alpha': 0.07071580357012533, 'colsample_bytree': 0.4226996007207732, 'subsample': 0.8486430087425745, 'learning_rate': 0.02450280273676591, 'max_depth': 20, 'min_child_weight': 272, 'eval_metric': 'logloss'}. Best is trial 725 with value: 0.8034700928628958.
start listen on 192.168.1.101:40529
@tracker All of 4 nodes getting started
@tracker All nodes finishes job
Trial 894 finished with value: 0.8033266314082541 and parameters: {'objective': 'binary:logistic', 'tree_method': 'gpu_hist', 'lambda': 0.03566104879040839, 'alpha': 0.04867284189203122, 'colsample_bytree': 0.3162216654039109, 'subsample': 0.8290179688366206, 'learning_rate': 0.020377186727316525, 'max_depth': 20, 'min_child_weight': 278, 'eval_metric': 'logloss'}. Best is trial 725 with value: 0.8034700928628958.
start listen on 192.168.1.101:49375
@tracker All of 4 nodes getting started
@tracker All nodes finishes job
Trial 895 finished with value: 0.8031663899964532 and parameters: {'objective': 'binary:logistic', 'tree_method': 'gpu_hist', 'lambda': 0.027469753883837215, 'alpha': 0.09098802997271604, 'colsample_bytree': 0.6435574542604137, 'subsample': 0.851714314052842, 'learning_rate': 0.02512010842886497, 'max_depth': 20, 'min_child_weight': 265, 'eval_metric': 'logloss'}. Best is trial 725 with value: 0.8034700928628958.
start listen on 192.168.1.101:58471
@tracker All of 4 nodes getting started
@tracker All nodes finishes job
Trial 896 finished with value: 0.8023935978410185 and parameters: {'objective': 'binary:logistic', 'tree_method': 'gpu_hist', 'lambda': 0.036440514354907486, 'alpha': 0.1862602599308267, 'colsample_bytree': 0.47779493081699714, 'subsample': 0.839102887945452, 'learning_rate': 0.02215617864826991, 'max_depth': 13, 'min_child_weight': 277, 'eval_metric': 'logloss'}. Best is trial 725 with value: 0.8034700928628958.
start listen on 192.168.1.101:55297
@tracker All of 4 nodes getting started
@tracker All nodes finishes job
Trial 897 finished with value: 0.8032833887647226 and parameters: {'objective': 'binary:logistic', 'tree_method': 'gpu_hist', 'lambda': 0.022457791970007007, 'alpha': 0.06434797043330012, 'colsample_bytree': 0.32952701362198855, 'subsample': 0.8347873073311518, 'learning_rate': 0.02607234649154776, 'max_depth': 20, 'min_child_weight': 271, 'eval_metric': 'logloss'}. Best is trial 725 with value: 0.8034700928628958.
start listen on 192.168.1.101:33897
@tracker All of 4 nodes getting started
@tracker All nodes finishes job
Trial 898 finished with value: 0.8032370391495655 and parameters: {'objective': 'binary:logistic', 'tree_method': 'gpu_hist', 'lambda': 2.4272502477342974, 'alpha': 0.11448366580220666, 'colsample_bytree': 0.418455087431135, 'subsample': 0.819768311703294, 'learning_rate': 0.020818911721573886, 'max_depth': 20, 'min_child_weight': 278, 'eval_metric': 'logloss'}. Best is trial 725 with value: 0.8034700928628958.
start listen on 192.168.1.101:39947
@tracker All of 4 nodes getting started
@tracker All nodes finishes job
Trial 899 finished with value: 0.8028349483942246 and parameters: {'objective': 'binary:logistic', 'tree_method': 'gpu_hist', 'lambda': 0.031634034684586095, 'alpha': 0.08305352142197324, 'colsample_bytree': 0.9718345678426499, 'subsample': 0.8531512024829806, 'learning_rate': 0.02306871934433658, 'max_depth': 17, 'min_child_weight': 264, 'eval_metric': 'logloss'}. Best is trial 725 with value: 0.8034700928628958.
start listen on 192.168.1.101:44903
@tracker All of 4 nodes getting started
@tracker All nodes finishes job
Trial 900 finished with value: 0.802205303122022 and parameters: {'objective': 'binary:logistic', 'tree_method': 'gpu_hist', 'lambda': 0.014981033717666048, 'alpha': 0.09883650973283886, 'colsample_bytree': 0.4368554148052901, 'subsample': 0.8406361577436695, 'learning_rate': 0.025818131771738626, 'max_depth': 20, 'min_child_weight': 63, 'eval_metric': 'logloss'}. Best is trial 725 with value: 0.8034700928628958.
start listen on 192.168.1.101:35467
@tracker All of 4 nodes getting started
@tracker All nodes finishes job
Trial 901 finished with value: 0.803305269650131 and parameters: {'objective': 'binary:logistic', 'tree_method': 'gpu_hist', 'lambda': 0.03944459206051986, 'alpha': 0.05549020393951016, 'colsample_bytree': 0.3933172883743631, 'subsample': 0.8571352138256911, 'learning_rate': 0.019098623367024507, 'max_depth': 20, 'min_child_weight': 280, 'eval_metric': 'logloss'}. Best is trial 725 with value: 0.8034700928628958.
start listen on 192.168.1.101:50041
@tracker All of 4 nodes getting started
@tracker All nodes finishes job
Trial 902 finished with value: 0.8032770235024337 and parameters: {'objective': 'binary:logistic', 'tree_method': 'gpu_hist', 'lambda': 0.02607398391505154, 'alpha': 0.0750766617259685, 'colsample_bytree': 0.4660850396907021, 'subsample': 0.8283177648383624, 'learning_rate': 0.0215615529861715, 'max_depth': 20, 'min_child_weight': 272, 'eval_metric': 'logloss'}. Best is trial 725 with value: 0.8034700928628958.
start listen on 192.168.1.101:56999
@tracker All of 4 nodes getting started
@tracker All nodes finishes job
Trial 903 finished with value: 0.8022478071521023 and parameters: {'objective': 'binary:logistic', 'tree_method': 'gpu_hist', 'lambda': 0.020045541478695333, 'alpha': 0.20861563093121452, 'colsample_bytree': 0.3425246086817868, 'subsample': 0.8619418014184301, 'learning_rate': 0.025155618965098745, 'max_depth': 11, 'min_child_weight': 280, 'eval_metric': 'logloss'}. Best is trial 725 with value: 0.8034700928628958.
start listen on 192.168.1.101:43321
@tracker All of 4 nodes getting started
@tracker All nodes finishes job
