Trial 453 finished with value: 0.8031335016182592 and parameters: {'objective': 'binary:logistic', 'tree_method': 'gpu_hist', 'lambda': 0.02607822867315061, 'alpha': 0.13641200262410963, 'colsample_bytree': 0.46851157818050465, 'subsample': 0.7551073014040232, 'learning_rate': 0.025762408942785666, 'max_depth': 20, 'min_child_weight': 279, 'eval_metric': 'logloss'}. Best is trial 254 with value: 0.8034457656439646.
start listen on 192.168.1.101:39531
@tracker All of 4 nodes getting started
@tracker All nodes finishes job
Trial 454 finished with value: 0.8027037693919803 and parameters: {'objective': 'binary:logistic', 'tree_method': 'gpu_hist', 'lambda': 0.037454823259514616, 'alpha': 0.17448780389722884, 'colsample_bytree': 0.43719436644359605, 'subsample': 0.727698647385022, 'learning_rate': 0.015173887972754142, 'max_depth': 20, 'min_child_weight': 287, 'eval_metric': 'logloss'}. Best is trial 254 with value: 0.8034457656439646.
start listen on 192.168.1.101:45501
@tracker All of 4 nodes getting started
@tracker All nodes finishes job
Trial 455 finished with value: 0.8029256764992723 and parameters: {'objective': 'binary:logistic', 'tree_method': 'gpu_hist', 'lambda': 0.04218024059529054, 'alpha': 0.1153318516120478, 'colsample_bytree': 0.46133729803554735, 'subsample': 0.7475635229579944, 'learning_rate': 0.020183999648354035, 'max_depth': 20, 'min_child_weight': 46, 'eval_metric': 'logloss'}. Best is trial 254 with value: 0.8034457656439646.
start listen on 192.168.1.101:33497
@tracker All of 4 nodes getting started
@tracker All nodes finishes job
Trial 456 finished with value: 0.8006069419784504 and parameters: {'objective': 'binary:logistic', 'tree_method': 'gpu_hist', 'lambda': 0.03247671237503464, 'alpha': 0.14026366456992692, 'colsample_bytree': 0.482800925316286, 'subsample': 0.747901902725915, 'learning_rate': 0.023334577313970446, 'max_depth': 7, 'min_child_weight': 276, 'eval_metric': 'logloss'}. Best is trial 254 with value: 0.8034457656439646.
start listen on 192.168.1.101:41883
@tracker All of 4 nodes getting started
@tracker All nodes finishes job
Trial 457 finished with value: 0.8031677489798156 and parameters: {'objective': 'binary:logistic', 'tree_method': 'gpu_hist', 'lambda': 0.01923789064617945, 'alpha': 0.23247276116721116, 'colsample_bytree': 0.4392891063950463, 'subsample': 0.7018709552452652, 'learning_rate': 0.02214837068637684, 'max_depth': 20, 'min_child_weight': 282, 'eval_metric': 'logloss'}. Best is trial 254 with value: 0.8034457656439646.
start listen on 192.168.1.101:36199
@tracker All of 4 nodes getting started
@tracker All nodes finishes job
Trial 458 finished with value: 0.7946690528208752 and parameters: {'objective': 'binary:logistic', 'tree_method': 'gpu_hist', 'lambda': 0.02834100254217178, 'alpha': 0.20239323808380436, 'colsample_bytree': 0.4561423248670846, 'subsample': 0.76513877228076, 'learning_rate': 0.003868513118266761, 'max_depth': 20, 'min_child_weight': 274, 'eval_metric': 'logloss'}. Best is trial 254 with value: 0.8034457656439646.
start listen on 192.168.1.101:45521
@tracker All of 4 nodes getting started
@tracker All nodes finishes job
Trial 459 finished with value: 0.8019467820931728 and parameters: {'objective': 'binary:logistic', 'tree_method': 'gpu_hist', 'lambda': 0.04421463688777549, 'alpha': 0.09864803264642709, 'colsample_bytree': 0.43014933906819386, 'subsample': 0.7579306511983372, 'learning_rate': 0.027769204896175338, 'max_depth': 20, 'min_child_weight': 76, 'eval_metric': 'logloss'}. Best is trial 254 with value: 0.8034457656439646.
start listen on 192.168.1.101:36349
@tracker All of 4 nodes getting started
@tracker All nodes finishes job
Trial 460 finished with value: 0.8028898599315062 and parameters: {'objective': 'binary:logistic', 'tree_method': 'gpu_hist', 'lambda': 0.02417878583133407, 'alpha': 0.1375095133321371, 'colsample_bytree': 0.4495306278749303, 'subsample': 0.6805376641211918, 'learning_rate': 0.03178252992678457, 'max_depth': 20, 'min_child_weight': 289, 'eval_metric': 'logloss'}. Best is trial 254 with value: 0.8034457656439646.
start listen on 192.168.1.101:52665
@tracker All of 4 nodes getting started
@tracker All nodes finishes job
Trial 461 finished with value: 0.8029877796413726 and parameters: {'objective': 'binary:logistic', 'tree_method': 'gpu_hist', 'lambda': 0.03696381017093739, 'alpha': 0.016972485861444283, 'colsample_bytree': 0.473101179085488, 'subsample': 0.7353470239687733, 'learning_rate': 0.01865675693977718, 'max_depth': 20, 'min_child_weight': 281, 'eval_metric': 'logloss'}. Best is trial 254 with value: 0.8034457656439646.
start listen on 192.168.1.101:49995
@tracker All of 4 nodes getting started
@tracker All nodes finishes job
Trial 462 finished with value: 0.7991300309547867 and parameters: {'objective': 'binary:logistic', 'tree_method': 'gpu_hist', 'lambda': 0.045391906812740225, 'alpha': 0.1699104782333383, 'colsample_bytree': 0.504833208605988, 'subsample': 0.7739612879081692, 'learning_rate': 0.02515294347888751, 'max_depth': 5, 'min_child_weight': 102, 'eval_metric': 'logloss'}. Best is trial 254 with value: 0.8034457656439646.
start listen on 192.168.1.101:45805
@tracker All of 4 nodes getting started
@tracker All nodes finishes job
Trial 463 finished with value: 0.803261065528595 and parameters: {'objective': 'binary:logistic', 'tree_method': 'gpu_hist', 'lambda': 0.0037238833028879334, 'alpha': 0.1131911272961155, 'colsample_bytree': 0.41943561733907614, 'subsample': 0.7032786170610595, 'learning_rate': 0.020781250479771633, 'max_depth': 20, 'min_child_weight': 272, 'eval_metric': 'logloss'}. Best is trial 254 with value: 0.8034457656439646.
start listen on 192.168.1.101:39621
@tracker All of 4 nodes getting started
@tracker All nodes finishes job
Trial 464 finished with value: 0.802589985594736 and parameters: {'objective': 'binary:logistic', 'tree_method': 'gpu_hist', 'lambda': 0.032374141062743736, 'alpha': 0.0214688259746982, 'colsample_bytree': 0.4119242032868747, 'subsample': 0.6613404427124316, 'learning_rate': 0.0235002098970125, 'max_depth': 15, 'min_child_weight': 278, 'eval_metric': 'logloss'}. Best is trial 254 with value: 0.8034457656439646.
start listen on 192.168.1.101:56847
@tracker All of 4 nodes getting started
@tracker All nodes finishes job
Trial 465 finished with value: 0.803096209185843 and parameters: {'objective': 'binary:logistic', 'tree_method': 'gpu_hist', 'lambda': 0.06341845715332244, 'alpha': 0.0924601385469653, 'colsample_bytree': 0.48894158765780704, 'subsample': 0.8393451359458092, 'learning_rate': 0.01726960819457056, 'max_depth': 20, 'min_child_weight': 286, 'eval_metric': 'logloss'}. Best is trial 254 with value: 0.8034457656439646.
start listen on 192.168.1.101:38495
@tracker All of 4 nodes getting started
@tracker All nodes finishes job
Trial 466 finished with value: 0.8019654476261253 and parameters: {'objective': 'binary:logistic', 'tree_method': 'gpu_hist', 'lambda': 0.05171735396756246, 'alpha': 0.13991367395371418, 'colsample_bytree': 0.3142783082234201, 'subsample': 0.7129699854514658, 'learning_rate': 0.026994947637316313, 'max_depth': 9, 'min_child_weight': 267, 'eval_metric': 'logloss'}. Best is trial 254 with value: 0.8034457656439646.
start listen on 192.168.1.101:56615
@tracker All of 4 nodes getting started
@tracker All nodes finishes job
Trial 467 finished with value: 0.8030983020420173 and parameters: {'objective': 'binary:logistic', 'tree_method': 'gpu_hist', 'lambda': 0.03823327114093183, 'alpha': 0.002305571418767864, 'colsample_bytree': 0.3001478476728159, 'subsample': 0.8265655071131944, 'learning_rate': 0.0220734970576317, 'max_depth': 20, 'min_child_weight': 259, 'eval_metric': 'logloss'}. Best is trial 254 with value: 0.8034457656439646.
start listen on 192.168.1.101:32901
@tracker All of 4 nodes getting started
@tracker All nodes finishes job
Trial 468 finished with value: 0.8030457201204412 and parameters: {'objective': 'binary:logistic', 'tree_method': 'gpu_hist', 'lambda': 0.028378879189130884, 'alpha': 0.07807081416855659, 'colsample_bytree': 0.4434510878544894, 'subsample': 0.5435403199109587, 'learning_rate': 0.025043970086838268, 'max_depth': 20, 'min_child_weight': 282, 'eval_metric': 'logloss'}. Best is trial 254 with value: 0.8034457656439646.
start listen on 192.168.1.101:39707
@tracker All of 4 nodes getting started
@tracker All nodes finishes job
Trial 469 finished with value: 0.8031301916164809 and parameters: {'objective': 'binary:logistic', 'tree_method': 'gpu_hist', 'lambda': 0.02152163677373478, 'alpha': 0.7846410491708233, 'colsample_bytree': 0.42745925762673864, 'subsample': 0.8189846681630883, 'learning_rate': 0.01970078931462408, 'max_depth': 20, 'min_child_weight': 274, 'eval_metric': 'logloss'}. Best is trial 254 with value: 0.8034457656439646.
start listen on 192.168.1.101:52867
@tracker All of 4 nodes getting started
@tracker All nodes finishes job
Trial 470 finished with value: 0.8030529357009087 and parameters: {'objective': 'binary:logistic', 'tree_method': 'gpu_hist', 'lambda': 0.0768435776751011, 'alpha': 0.09801487951692607, 'colsample_bytree': 0.40597384420559973, 'subsample': 0.7431578465163198, 'learning_rate': 0.029618260480874545, 'max_depth': 20, 'min_child_weight': 289, 'eval_metric': 'logloss'}. Best is trial 254 with value: 0.8034457656439646.
start listen on 192.168.1.101:40923
@tracker All of 4 nodes getting started
@tracker All nodes finishes job
Trial 471 finished with value: 0.8032523397547077 and parameters: {'objective': 'binary:logistic', 'tree_method': 'gpu_hist', 'lambda': 0.051323516050811945, 'alpha': 0.07030329221932562, 'colsample_bytree': 0.46766734499470286, 'subsample': 0.7786328022072799, 'learning_rate': 0.02365682103582161, 'max_depth': 20, 'min_child_weight': 268, 'eval_metric': 'logloss'}. Best is trial 254 with value: 0.8034457656439646.
start listen on 192.168.1.101:50871
@tracker All of 4 nodes getting started
@tracker All nodes finishes job
Trial 472 finished with value: 0.803240345337036 and parameters: {'objective': 'binary:logistic', 'tree_method': 'gpu_hist', 'lambda': 0.041766567745533764, 'alpha': 0.1236835806034161, 'colsample_bytree': 0.43773316257933603, 'subsample': 0.8514381361554408, 'learning_rate': 0.02101306731853165, 'max_depth': 20, 'min_child_weight': 278, 'eval_metric': 'logloss'}. Best is trial 254 with value: 0.8034457656439646.
start listen on 192.168.1.101:39073
@tracker All of 4 nodes getting started
@tracker All nodes finishes job
Trial 473 finished with value: 0.8028471623525526 and parameters: {'objective': 'binary:logistic', 'tree_method': 'gpu_hist', 'lambda': 0.03331430553251733, 'alpha': 0.18377227536146326, 'colsample_bytree': 0.5112210967618854, 'subsample': 0.8370719021131949, 'learning_rate': 0.034796390454780286, 'max_depth': 20, 'min_child_weight': 284, 'eval_metric': 'logloss'}. Best is trial 254 with value: 0.8034457656439646.
start listen on 192.168.1.101:59139
@tracker All of 4 nodes getting started
@tracker All nodes finishes job
Trial 474 finished with value: 0.8032451473870273 and parameters: {'objective': 'binary:logistic', 'tree_method': 'gpu_hist', 'lambda': 0.061588181047993636, 'alpha': 0.09136817335820546, 'colsample_bytree': 0.3280787287168341, 'subsample': 0.7613051343961628, 'learning_rate': 0.02661673939814539, 'max_depth': 20, 'min_child_weight': 263, 'eval_metric': 'logloss'}. Best is trial 254 with value: 0.8034457656439646.
start listen on 192.168.1.101:51839
@tracker All of 4 nodes getting started
@tracker All nodes finishes job
Trial 475 finished with value: 0.7942278373486538 and parameters: {'objective': 'binary:logistic', 'tree_method': 'gpu_hist', 'lambda': 0.026393323449118565, 'alpha': 0.0645036173907675, 'colsample_bytree': 0.5618562754333108, 'subsample': 0.8048086440883213, 'learning_rate': 0.02284891126692416, 'max_depth': 3, 'min_child_weight': 272, 'eval_metric': 'logloss'}. Best is trial 254 with value: 0.8034457656439646.
start listen on 192.168.1.101:39401
@tracker All of 4 nodes getting started
@tracker All nodes finishes job
Trial 476 finished with value: 0.8031091265025208 and parameters: {'objective': 'binary:logistic', 'tree_method': 'gpu_hist', 'lambda': 0.05116559602570704, 'alpha': 0.004709389395599062, 'colsample_bytree': 0.5355256204695156, 'subsample': 0.8241913417981079, 'learning_rate': 0.01807979658459465, 'max_depth': 20, 'min_child_weight': 291, 'eval_metric': 'logloss'}. Best is trial 254 with value: 0.8034457656439646.
start listen on 192.168.1.101:59615
@tracker All of 4 nodes getting started
@tracker All nodes finishes job
Trial 477 finished with value: 0.8031575667942478 and parameters: {'objective': 'binary:logistic', 'tree_method': 'gpu_hist', 'lambda': 0.036885592747171916, 'alpha': 0.15782498083684454, 'colsample_bytree': 0.41571594956026725, 'subsample': 0.7839193757184197, 'learning_rate': 0.024750741404026867, 'max_depth': 20, 'min_child_weight': 278, 'eval_metric': 'logloss'}. Best is trial 254 with value: 0.8034457656439646.
start listen on 192.168.1.101:58651
@tracker All of 4 nodes getting started
@tracker All nodes finishes job
Trial 478 finished with value: 0.8028081915702346 and parameters: {'objective': 'binary:logistic', 'tree_method': 'gpu_hist', 'lambda': 0.01649917097170729, 'alpha': 0.11162234196627505, 'colsample_bytree': 0.39109222035027935, 'subsample': 0.8168046154382765, 'learning_rate': 0.02985539871090914, 'max_depth': 17, 'min_child_weight': 270, 'eval_metric': 'logloss'}. Best is trial 254 with value: 0.8034457656439646.
start listen on 192.168.1.101:58867
@tracker All of 4 nodes getting started
@tracker All nodes finishes job
Trial 479 finished with value: 0.8033025307592035 and parameters: {'objective': 'binary:logistic', 'tree_method': 'gpu_hist', 'lambda': 0.047136098281562185, 'alpha': 0.23186795293791057, 'colsample_bytree': 0.44946521088010044, 'subsample': 0.7962128034874549, 'learning_rate': 0.020629236108232293, 'max_depth': 20, 'min_child_weight': 283, 'eval_metric': 'logloss'}. Best is trial 254 with value: 0.8034457656439646.
start listen on 192.168.1.101:58415
@tracker All of 4 nodes getting started
@tracker All nodes finishes job
Trial 480 finished with value: 0.802496747457226 and parameters: {'objective': 'binary:logistic', 'tree_method': 'gpu_hist', 'lambda': 0.031347590898849635, 'alpha': 0.08723805539178886, 'colsample_bytree': 0.42588116391177266, 'subsample': 0.839685923342075, 'learning_rate': 0.027652023920301513, 'max_depth': 13, 'min_child_weight': 261, 'eval_metric': 'logloss'}. Best is trial 254 with value: 0.8034457656439646.
start listen on 192.168.1.101:36683
@tracker All of 4 nodes getting started
@tracker All nodes finishes job
Trial 481 finished with value: 0.8021121182213502 and parameters: {'objective': 'binary:logistic', 'tree_method': 'gpu_hist', 'lambda': 0.12988626727640812, 'alpha': 0.07879076461568553, 'colsample_bytree': 0.49064159308447775, 'subsample': 0.49058574844120195, 'learning_rate': 0.022311397465072377, 'max_depth': 11, 'min_child_weight': 275, 'eval_metric': 'logloss'}. Best is trial 254 with value: 0.8034457656439646.
start listen on 192.168.1.101:55155
@tracker All of 4 nodes getting started
@tracker All nodes finishes job
Trial 482 finished with value: 0.8031744872269128 and parameters: {'objective': 'binary:logistic', 'tree_method': 'gpu_hist', 'lambda': 0.07038128971681983, 'alpha': 0.13718758675502246, 'colsample_bytree': 0.399936906523625, 'subsample': 0.8609356507199364, 'learning_rate': 0.019244591252133167, 'max_depth': 20, 'min_child_weight': 289, 'eval_metric': 'logloss'}. Best is trial 254 with value: 0.8034457656439646.
start listen on 192.168.1.101:50311
@tracker All of 4 nodes getting started
@tracker All nodes finishes job
Trial 483 finished with value: 0.8031099138846214 and parameters: {'objective': 'binary:logistic', 'tree_method': 'gpu_hist', 'lambda': 0.019732092473245973, 'alpha': 0.05786519697078635, 'colsample_bytree': 0.7123722221583189, 'subsample': 0.8088847292717154, 'learning_rate': 0.02474724441870455, 'max_depth': 20, 'min_child_weight': 265, 'eval_metric': 'logloss'}. Best is trial 254 with value: 0.8034457656439646.
start listen on 192.168.1.101:41877
@tracker All of 4 nodes getting started
@tracker All nodes finishes job
Trial 484 finished with value: 0.8028742311324266 and parameters: {'objective': 'binary:logistic', 'tree_method': 'gpu_hist', 'lambda': 0.042153541499693394, 'alpha': 0.06970012142198553, 'colsample_bytree': 0.8881271130243593, 'subsample': 0.7718934696931145, 'learning_rate': 0.015747514161599932, 'max_depth': 20, 'min_child_weight': 256, 'eval_metric': 'logloss'}. Best is trial 254 with value: 0.8034457656439646.
start listen on 192.168.1.101:40045
@tracker All of 4 nodes getting started
@tracker All nodes finishes job
Trial 485 finished with value: 0.8033092967417672 and parameters: {'objective': 'binary:logistic', 'tree_method': 'gpu_hist', 'lambda': 0.057624943547091016, 'alpha': 0.027336136795407452, 'colsample_bytree': 0.33153274577410086, 'subsample': 0.8309232000848957, 'learning_rate': 0.02147706421297219, 'max_depth': 20, 'min_child_weight': 279, 'eval_metric': 'logloss'}. Best is trial 254 with value: 0.8034457656439646.
start listen on 192.168.1.101:57865
@tracker All of 4 nodes getting started
@tracker All nodes finishes job
Trial 486 finished with value: 0.8032054974944589 and parameters: {'objective': 'binary:logistic', 'tree_method': 'gpu_hist', 'lambda': 0.026005775283202963, 'alpha': 0.10450656916093147, 'colsample_bytree': 0.4590891304059053, 'subsample': 0.8457039393619992, 'learning_rate': 0.02607025243303724, 'max_depth': 20, 'min_child_weight': 295, 'eval_metric': 'logloss'}. Best is trial 254 with value: 0.8034457656439646.
start listen on 192.168.1.101:53357
@tracker All of 4 nodes getting started
@tracker All nodes finishes job
Trial 487 finished with value: 0.8033338297698466 and parameters: {'objective': 'binary:logistic', 'tree_method': 'gpu_hist', 'lambda': 0.03625727021001233, 'alpha': 0.20318798251215134, 'colsample_bytree': 0.40821533224144724, 'subsample': 0.8597792898102593, 'learning_rate': 0.02368033719993588, 'max_depth': 20, 'min_child_weight': 271, 'eval_metric': 'logloss'}. Best is trial 254 with value: 0.8034457656439646.
start listen on 192.168.1.101:34377
@tracker All of 4 nodes getting started
@tracker All nodes finishes job
Trial 488 finished with value: 0.8031593262799244 and parameters: {'objective': 'binary:logistic', 'tree_method': 'gpu_hist', 'lambda': 8.101973723652334, 'alpha': 0.21344532644013836, 'colsample_bytree': 0.41120714241089074, 'subsample': 0.8211447174316077, 'learning_rate': 0.019759545699111123, 'max_depth': 20, 'min_child_weight': 269, 'eval_metric': 'logloss'}. Best is trial 254 with value: 0.8034457656439646.
start listen on 192.168.1.101:35271
@tracker All of 4 nodes getting started
@tracker All nodes finishes job
Trial 489 finished with value: 0.8031649349470255 and parameters: {'objective': 'binary:logistic', 'tree_method': 'gpu_hist', 'lambda': 0.03231327869675662, 'alpha': 0.28396862282179164, 'colsample_bytree': 0.38836098305649036, 'subsample': 0.7886395448412572, 'learning_rate': 0.022109517244500575, 'max_depth': 20, 'min_child_weight': 262, 'eval_metric': 'logloss'}. Best is trial 254 with value: 0.8034457656439646.
start listen on 192.168.1.101:34171
@tracker All of 4 nodes getting started
@tracker All nodes finishes job
Trial 490 finished with value: 0.803272278394608 and parameters: {'objective': 'binary:logistic', 'tree_method': 'gpu_hist', 'lambda': 0.02283806076110353, 'alpha': 0.18897614400278423, 'colsample_bytree': 0.4229551892711775, 'subsample': 0.6941420543287546, 'learning_rate': 0.023703645067652615, 'max_depth': 20, 'min_child_weight': 272, 'eval_metric': 'logloss'}. Best is trial 254 with value: 0.8034457656439646.
start listen on 192.168.1.101:35065
@tracker All of 4 nodes getting started
@tracker All nodes finishes job
Trial 491 finished with value: 0.7988830456458569 and parameters: {'objective': 'binary:logistic', 'tree_method': 'gpu_hist', 'lambda': 0.03697343877992381, 'alpha': 0.2194744114338532, 'colsample_bytree': 0.43662960919752414, 'subsample': 0.8549530362934578, 'learning_rate': 0.01756479060493786, 'max_depth': 7, 'min_child_weight': 251, 'eval_metric': 'logloss'}. Best is trial 254 with value: 0.8034457656439646.
start listen on 192.168.1.101:34715
@tracker All of 4 nodes getting started
@tracker All nodes finishes job
Trial 492 finished with value: 0.8025490684256618 and parameters: {'objective': 'binary:logistic', 'tree_method': 'gpu_hist', 'lambda': 0.03105183948615325, 'alpha': 0.25826693095366093, 'colsample_bytree': 0.39852577681986806, 'subsample': 0.8076274207888012, 'learning_rate': 0.013852146178675617, 'max_depth': 20, 'min_child_weight': 267, 'eval_metric': 'logloss'}. Best is trial 254 with value: 0.8034457656439646.
start listen on 192.168.1.101:52609
@tracker All of 4 nodes getting started
@tracker All nodes finishes job
Trial 493 finished with value: 0.8031700575623384 and parameters: {'objective': 'binary:logistic', 'tree_method': 'gpu_hist', 'lambda': 0.0423118924781257, 'alpha': 0.16798497847498534, 'colsample_bytree': 0.40736097883942624, 'subsample': 0.8437914755072996, 'learning_rate': 0.02065099888045668, 'max_depth': 20, 'min_child_weight': 275, 'eval_metric': 'logloss'}. Best is trial 254 with value: 0.8034457656439646.
start listen on 192.168.1.101:58873
@tracker All of 4 nodes getting started
@tracker All nodes finishes job
