Trial 125 finished with value: 0.8031615277348894 and parameters: {'objective': 'binary:logistic', 'tree_method': 'gpu_hist', 'lambda': 0.14262800928376995, 'alpha': 0.03587508608047712, 'colsample_bytree': 0.6002338216617149, 'subsample': 0.7628868099710544, 'learning_rate': 0.022944944485401332, 'max_depth': 20, 'min_child_weight': 294, 'eval_metric': 'logloss'}. Best is trial 124 with value: 0.8033407611843865.
start listen on 192.168.1.101:59003
@tracker All of 4 nodes getting started
@tracker All nodes finishes job
Trial 126 finished with value: 0.8032569746835292 and parameters: {'objective': 'binary:logistic', 'tree_method': 'gpu_hist', 'lambda': 0.20508982279274807, 'alpha': 0.02906962498561224, 'colsample_bytree': 0.5820217384703253, 'subsample': 0.7440447754027043, 'learning_rate': 0.025154904679410527, 'max_depth': 20, 'min_child_weight': 294, 'eval_metric': 'logloss'}. Best is trial 124 with value: 0.8033407611843865.
start listen on 192.168.1.101:35797
@tracker All of 4 nodes getting started
@tracker All nodes finishes job
Trial 127 finished with value: 0.8029663074862851 and parameters: {'objective': 'binary:logistic', 'tree_method': 'gpu_hist', 'lambda': 0.21519110162944927, 'alpha': 0.025781042888295275, 'colsample_bytree': 0.5333177798033968, 'subsample': 0.742387559394118, 'learning_rate': 0.025589115045427272, 'max_depth': 20, 'min_child_weight': 281, 'eval_metric': 'logloss'}. Best is trial 124 with value: 0.8033407611843865.
start listen on 192.168.1.101:33985
@tracker All of 4 nodes getting started
@tracker All nodes finishes job
Trial 128 finished with value: 0.8013069746332732 and parameters: {'objective': 'binary:logistic', 'tree_method': 'gpu_hist', 'lambda': 0.1214836181752391, 'alpha': 0.015941831683305967, 'colsample_bytree': 0.5554001414015121, 'subsample': 0.7599643507172327, 'learning_rate': 0.026816621465302472, 'max_depth': 7, 'min_child_weight': 300, 'eval_metric': 'logloss'}. Best is trial 124 with value: 0.8033407611843865.
start listen on 192.168.1.101:55653
@tracker All of 4 nodes getting started
@tracker All nodes finishes job
Trial 129 finished with value: 0.8031471372235771 and parameters: {'objective': 'binary:logistic', 'tree_method': 'gpu_hist', 'lambda': 0.2072562110954867, 'alpha': 0.04040700599792159, 'colsample_bytree': 0.5864226754384625, 'subsample': 0.7482856201533812, 'learning_rate': 0.023527589058963586, 'max_depth': 20, 'min_child_weight': 291, 'eval_metric': 'logloss'}. Best is trial 124 with value: 0.8033407611843865.
start listen on 192.168.1.101:45553
@tracker All of 4 nodes getting started
@tracker All nodes finishes job
Trial 130 finished with value: 0.8023197018401662 and parameters: {'objective': 'binary:logistic', 'tree_method': 'gpu_hist', 'lambda': 0.15205052033728134, 'alpha': 0.018677263598572913, 'colsample_bytree': 0.5864250372770061, 'subsample': 0.7298112649286124, 'learning_rate': 0.017361492787851738, 'max_depth': 15, 'min_child_weight': 281, 'eval_metric': 'logloss'}. Best is trial 124 with value: 0.8033407611843865.
start listen on 192.168.1.101:60685
@tracker All of 4 nodes getting started
@tracker All nodes finishes job
Trial 131 finished with value: 0.8032417580476476 and parameters: {'objective': 'binary:logistic', 'tree_method': 'gpu_hist', 'lambda': 0.10178799897550916, 'alpha': 0.029133052394206896, 'colsample_bytree': 0.46574556238423126, 'subsample': 0.7935570592908926, 'learning_rate': 0.021916922042800765, 'max_depth': 20, 'min_child_weight': 291, 'eval_metric': 'logloss'}. Best is trial 124 with value: 0.8033407611843865.
start listen on 192.168.1.101:55941
@tracker All of 4 nodes getting started
@tracker All nodes finishes job
Trial 132 finished with value: 0.8033110089300276 and parameters: {'objective': 'binary:logistic', 'tree_method': 'gpu_hist', 'lambda': 0.09472240468786709, 'alpha': 0.02887412001875217, 'colsample_bytree': 0.46355284167322414, 'subsample': 0.7844774909035762, 'learning_rate': 0.02428896943851597, 'max_depth': 20, 'min_child_weight': 293, 'eval_metric': 'logloss'}. Best is trial 124 with value: 0.8033407611843865.
start listen on 192.168.1.101:56619
@tracker All of 4 nodes getting started
@tracker All nodes finishes job
Trial 133 finished with value: 0.8031970517452508 and parameters: {'objective': 'binary:logistic', 'tree_method': 'gpu_hist', 'lambda': 0.1057723666679393, 'alpha': 0.045574470380517075, 'colsample_bytree': 0.4634078504502579, 'subsample': 0.7917789688105492, 'learning_rate': 0.022533907741208985, 'max_depth': 20, 'min_child_weight': 295, 'eval_metric': 'logloss'}. Best is trial 124 with value: 0.8033407611843865.
start listen on 192.168.1.101:53567
@tracker All of 4 nodes getting started
@tracker All nodes finishes job
Trial 134 finished with value: 0.8030718636582345 and parameters: {'objective': 'binary:logistic', 'tree_method': 'gpu_hist', 'lambda': 0.06714001993150422, 'alpha': 0.03024365772675149, 'colsample_bytree': 0.42664427118580966, 'subsample': 0.8281966184880108, 'learning_rate': 0.031372820690309784, 'max_depth': 20, 'min_child_weight': 291, 'eval_metric': 'logloss'}. Best is trial 124 with value: 0.8033407611843865.
start listen on 192.168.1.101:41791
@tracker All of 4 nodes getting started
@tracker All nodes finishes job
Trial 135 finished with value: 0.8031579554722078 and parameters: {'objective': 'binary:logistic', 'tree_method': 'gpu_hist', 'lambda': 0.08329464967357687, 'alpha': 0.038061262745061775, 'colsample_bytree': 0.4708466643336361, 'subsample': 0.799580269155499, 'learning_rate': 0.02509458559898034, 'max_depth': 20, 'min_child_weight': 276, 'eval_metric': 'logloss'}. Best is trial 124 with value: 0.8033407611843865.
start listen on 192.168.1.101:47069
@tracker All of 4 nodes getting started
@tracker All nodes finishes job
Trial 136 finished with value: 0.8030964960217861 and parameters: {'objective': 'binary:logistic', 'tree_method': 'gpu_hist', 'lambda': 0.1373980973420297, 'alpha': 0.06025170121560398, 'colsample_bytree': 0.522982477222118, 'subsample': 0.7810126957540533, 'learning_rate': 0.028213629450261048, 'max_depth': 20, 'min_child_weight': 298, 'eval_metric': 'logloss'}. Best is trial 124 with value: 0.8033407611843865.
start listen on 192.168.1.101:55815
@tracker All of 4 nodes getting started
@tracker All nodes finishes job
Trial 137 finished with value: 0.7981826333039426 and parameters: {'objective': 'binary:logistic', 'tree_method': 'gpu_hist', 'lambda': 0.055939680526928215, 'alpha': 0.021459845293555796, 'colsample_bytree': 0.6146500126739732, 'subsample': 0.7766972588106734, 'learning_rate': 0.02206701299225332, 'max_depth': 5, 'min_child_weight': 281, 'eval_metric': 'logloss'}. Best is trial 124 with value: 0.8033407611843865.
start listen on 192.168.1.101:58213
@tracker All of 4 nodes getting started
@tracker All nodes finishes job
Trial 138 finished with value: 0.8018204325494456 and parameters: {'objective': 'binary:logistic', 'tree_method': 'gpu_hist', 'lambda': 0.24366683936282477, 'alpha': 0.02349742785414462, 'colsample_bytree': 0.5436238145334015, 'subsample': 0.7424506951698117, 'learning_rate': 0.024688657750625023, 'max_depth': 9, 'min_child_weight': 300, 'eval_metric': 'logloss'}. Best is trial 124 with value: 0.8033407611843865.
start listen on 192.168.1.101:49999
@tracker All of 4 nodes getting started
@tracker All nodes finishes job
Trial 139 finished with value: 0.7932531075672298 and parameters: {'objective': 'binary:logistic', 'tree_method': 'gpu_hist', 'lambda': 0.33730497941354937, 'alpha': 0.0491987133705541, 'colsample_bytree': 0.4864850532511315, 'subsample': 0.7622929197139567, 'learning_rate': 0.00194447954499689, 'max_depth': 20, 'min_child_weight': 273, 'eval_metric': 'logloss'}. Best is trial 124 with value: 0.8033407611843865.
start listen on 192.168.1.101:50875
@tracker All of 4 nodes getting started
@tracker All nodes finishes job
Trial 140 finished with value: 0.7972116605611659 and parameters: {'objective': 'binary:logistic', 'tree_method': 'gpu_hist', 'lambda': 0.09822778497715806, 'alpha': 0.029769559851768154, 'colsample_bytree': 0.44294624241906827, 'subsample': 0.7814770229688113, 'learning_rate': 0.033361566924191, 'max_depth': 3, 'min_child_weight': 284, 'eval_metric': 'logloss'}. Best is trial 124 with value: 0.8033407611843865.
start listen on 192.168.1.101:40075
@tracker All of 4 nodes getting started
@tracker All nodes finishes job
Trial 141 finished with value: 0.8030944980873848 and parameters: {'objective': 'binary:logistic', 'tree_method': 'gpu_hist', 'lambda': 0.17848993320818018, 'alpha': 0.025552417326059423, 'colsample_bytree': 0.5026583823974331, 'subsample': 0.753529150614599, 'learning_rate': 0.01744827898783356, 'max_depth': 20, 'min_child_weight': 265, 'eval_metric': 'logloss'}. Best is trial 124 with value: 0.8033407611843865.
start listen on 192.168.1.101:58545
@tracker All of 4 nodes getting started
@tracker All nodes finishes job
Trial 142 finished with value: 0.8030057103751814 and parameters: {'objective': 'binary:logistic', 'tree_method': 'gpu_hist', 'lambda': 0.4424048930777646, 'alpha': 0.0347237153312062, 'colsample_bytree': 0.5214335569699899, 'subsample': 0.7961248619899711, 'learning_rate': 0.027098202032679097, 'max_depth': 20, 'min_child_weight': 248, 'eval_metric': 'logloss'}. Best is trial 124 with value: 0.8033407611843865.
start listen on 192.168.1.101:42279
@tracker All of 4 nodes getting started
@tracker All nodes finishes job
Trial 143 finished with value: 0.8031140754578506 and parameters: {'objective': 'binary:logistic', 'tree_method': 'gpu_hist', 'lambda': 0.11805651102601741, 'alpha': 0.010305661539813929, 'colsample_bytree': 0.4580193143171593, 'subsample': 0.7192537540957293, 'learning_rate': 0.02114524942380728, 'max_depth': 20, 'min_child_weight': 289, 'eval_metric': 'logloss'}. Best is trial 124 with value: 0.8033407611843865.
start listen on 192.168.1.101:35917
@tracker All of 4 nodes getting started
@tracker All nodes finishes job
Trial 144 finished with value: 0.8029690775455559 and parameters: {'objective': 'binary:logistic', 'tree_method': 'gpu_hist', 'lambda': 0.257178663316861, 'alpha': 0.019032783834855436, 'colsample_bytree': 0.47568612114504455, 'subsample': 0.7603225695984606, 'learning_rate': 0.015859774497282812, 'max_depth': 20, 'min_child_weight': 259, 'eval_metric': 'logloss'}. Best is trial 124 with value: 0.8033407611843865.
start listen on 192.168.1.101:40439
@tracker All of 4 nodes getting started
@tracker All nodes finishes job
Trial 145 finished with value: 0.8031938647821425 and parameters: {'objective': 'binary:logistic', 'tree_method': 'gpu_hist', 'lambda': 0.16944233335399284, 'alpha': 0.01334637163440185, 'colsample_bytree': 0.5335107222649897, 'subsample': 0.8181362708419909, 'learning_rate': 0.02381868568143327, 'max_depth': 20, 'min_child_weight': 255, 'eval_metric': 'logloss'}. Best is trial 124 with value: 0.8033407611843865.
start listen on 192.168.1.101:37647
@tracker All of 4 nodes getting started
@tracker All nodes finishes job
Trial 146 finished with value: 0.8031289889652462 and parameters: {'objective': 'binary:logistic', 'tree_method': 'gpu_hist', 'lambda': 0.2099650385241373, 'alpha': 0.04191929925816442, 'colsample_bytree': 0.49260521163322457, 'subsample': 0.7345906364542845, 'learning_rate': 0.018919874690178102, 'max_depth': 20, 'min_child_weight': 265, 'eval_metric': 'logloss'}. Best is trial 124 with value: 0.8033407611843865.
start listen on 192.168.1.101:48159
@tracker All of 4 nodes getting started
@tracker All nodes finishes job
Trial 147 finished with value: 0.8031662161185097 and parameters: {'objective': 'binary:logistic', 'tree_method': 'gpu_hist', 'lambda': 0.14286778562083843, 'alpha': 0.027700020391065113, 'colsample_bytree': 0.511934971093282, 'subsample': 0.7793400696088663, 'learning_rate': 0.029672778255702217, 'max_depth': 20, 'min_child_weight': 293, 'eval_metric': 'logloss'}. Best is trial 124 with value: 0.8033407611843865.
start listen on 192.168.1.101:54911
@tracker All of 4 nodes getting started
@tracker All nodes finishes job
Trial 148 finished with value: 0.8030920647769986 and parameters: {'objective': 'binary:logistic', 'tree_method': 'gpu_hist', 'lambda': 0.3838851920396699, 'alpha': 0.05992454123341567, 'colsample_bytree': 0.5769222547086974, 'subsample': 0.7918227016293248, 'learning_rate': 0.021633118567136574, 'max_depth': 20, 'min_child_weight': 250, 'eval_metric': 'logloss'}. Best is trial 124 with value: 0.8033407611843865.
start listen on 192.168.1.101:41003
@tracker All of 4 nodes getting started
@tracker All nodes finishes job
Trial 149 finished with value: 0.8028103505774035 and parameters: {'objective': 'binary:logistic', 'tree_method': 'gpu_hist', 'lambda': 0.2821218419028959, 'alpha': 0.034601558577314985, 'colsample_bytree': 0.45844141777543757, 'subsample': 0.8056423201988684, 'learning_rate': 0.02521292142657179, 'max_depth': 17, 'min_child_weight': 228, 'eval_metric': 'logloss'}. Best is trial 124 with value: 0.8033407611843865.
start listen on 192.168.1.101:50625
@tracker All of 4 nodes getting started
@tracker All nodes finishes job
Trial 150 finished with value: 0.8020317173545453 and parameters: {'objective': 'binary:logistic', 'tree_method': 'gpu_hist', 'lambda': 0.08052505225397012, 'alpha': 0.05052265725667326, 'colsample_bytree': 0.4146805550285685, 'subsample': 0.7503195246926314, 'learning_rate': 0.018138821250775407, 'max_depth': 13, 'min_child_weight': 283, 'eval_metric': 'logloss'}. Best is trial 124 with value: 0.8033407611843865.
start listen on 192.168.1.101:32795
@tracker All of 4 nodes getting started
@tracker All nodes finishes job
Trial 151 finished with value: 0.8031390319830711 and parameters: {'objective': 'binary:logistic', 'tree_method': 'gpu_hist', 'lambda': 0.17681259551790332, 'alpha': 0.023897541794751804, 'colsample_bytree': 0.4830207533151677, 'subsample': 0.8048503508814896, 'learning_rate': 0.021227112183402817, 'max_depth': 20, 'min_child_weight': 287, 'eval_metric': 'logloss'}. Best is trial 124 with value: 0.8033407611843865.
start listen on 192.168.1.101:46655
@tracker All of 4 nodes getting started
@tracker All nodes finishes job
Trial 152 finished with value: 0.8033474162250845 and parameters: {'objective': 'binary:logistic', 'tree_method': 'gpu_hist', 'lambda': 0.22006908826168095, 'alpha': 0.03232085738721736, 'colsample_bytree': 0.49685042746159797, 'subsample': 0.8226542045357276, 'learning_rate': 0.02264517985306849, 'max_depth': 20, 'min_child_weight': 275, 'eval_metric': 'logloss'}. Best is trial 152 with value: 0.8033474162250845.
start listen on 192.168.1.101:47335
@tracker All of 4 nodes getting started
@tracker All nodes finishes job
Trial 153 finished with value: 0.8032558324073374 and parameters: {'objective': 'binary:logistic', 'tree_method': 'gpu_hist', 'lambda': 0.22467389233354945, 'alpha': 0.02959338682321472, 'colsample_bytree': 0.4984833249269317, 'subsample': 0.8544642645544287, 'learning_rate': 0.023790858962250694, 'max_depth': 20, 'min_child_weight': 274, 'eval_metric': 'logloss'}. Best is trial 152 with value: 0.8033474162250845.
start listen on 192.168.1.101:37611
@tracker All of 4 nodes getting started
@tracker All nodes finishes job
Trial 154 finished with value: 0.8031419194685308 and parameters: {'objective': 'binary:logistic', 'tree_method': 'gpu_hist', 'lambda': 0.22212400531852053, 'alpha': 0.040399175564704515, 'colsample_bytree': 0.5011374519804732, 'subsample': 0.8299835773012888, 'learning_rate': 0.027230598945766425, 'max_depth': 20, 'min_child_weight': 278, 'eval_metric': 'logloss'}. Best is trial 152 with value: 0.8033474162250845.
start listen on 192.168.1.101:60713
@tracker All of 4 nodes getting started
@tracker All nodes finishes job
Trial 155 finished with value: 0.8029742761200833 and parameters: {'objective': 'binary:logistic', 'tree_method': 'gpu_hist', 'lambda': 0.3166407599187882, 'alpha': 0.03112047076474902, 'colsample_bytree': 0.5338248228306725, 'subsample': 0.8922349639460674, 'learning_rate': 0.02983443339854158, 'max_depth': 20, 'min_child_weight': 269, 'eval_metric': 'logloss'}. Best is trial 152 with value: 0.8033474162250845.
start listen on 192.168.1.101:53137
@tracker All of 4 nodes getting started
@tracker All nodes finishes job
Trial 156 finished with value: 0.8033795926899813 and parameters: {'objective': 'binary:logistic', 'tree_method': 'gpu_hist', 'lambda': 0.10972912711131241, 'alpha': 0.06930945287972583, 'colsample_bytree': 0.47261821930432074, 'subsample': 0.8412881914169833, 'learning_rate': 0.022803185027579647, 'max_depth': 20, 'min_child_weight': 291, 'eval_metric': 'logloss'}. Best is trial 156 with value: 0.8033795926899813.
start listen on 192.168.1.101:60169
@tracker All of 4 nodes getting started
@tracker All nodes finishes job
Trial 157 finished with value: 0.8022287756635659 and parameters: {'objective': 'binary:logistic', 'tree_method': 'gpu_hist', 'lambda': 0.09025057699296367, 'alpha': 0.05949890325456289, 'colsample_bytree': 0.47124118548559346, 'subsample': 0.8598708568423121, 'learning_rate': 0.034944020854271854, 'max_depth': 11, 'min_child_weight': 275, 'eval_metric': 'logloss'}. Best is trial 156 with value: 0.8033795926899813.
start listen on 192.168.1.101:59695
@tracker All of 4 nodes getting started
@tracker All nodes finishes job
Trial 158 finished with value: 0.8032814767067359 and parameters: {'objective': 'binary:logistic', 'tree_method': 'gpu_hist', 'lambda': 0.11904147895988956, 'alpha': 0.07026845275177541, 'colsample_bytree': 0.43574039856025204, 'subsample': 0.8802054155623693, 'learning_rate': 0.023888526143623762, 'max_depth': 20, 'min_child_weight': 300, 'eval_metric': 'logloss'}. Best is trial 156 with value: 0.8033795926899813.
start listen on 192.168.1.101:50445
@tracker All of 4 nodes getting started
@tracker All nodes finishes job
Trial 159 finished with value: 0.8031934121327925 and parameters: {'objective': 'binary:logistic', 'tree_method': 'gpu_hist', 'lambda': 0.114137849504938, 'alpha': 0.07170107049686658, 'colsample_bytree': 0.42877528232773265, 'subsample': 0.912656803980417, 'learning_rate': 0.024067918520809778, 'max_depth': 20, 'min_child_weight': 295, 'eval_metric': 'logloss'}. Best is trial 156 with value: 0.8033795926899813.
start listen on 192.168.1.101:60413
@tracker All of 4 nodes getting started
@tracker All nodes finishes job
Trial 160 finished with value: 0.8031022204258824 and parameters: {'objective': 'binary:logistic', 'tree_method': 'gpu_hist', 'lambda': 0.04918300789216339, 'alpha': 0.10115326153870745, 'colsample_bytree': 0.4487120514394454, 'subsample': 0.8755113286665935, 'learning_rate': 0.02646757339856694, 'max_depth': 20, 'min_child_weight': 283, 'eval_metric': 'logloss'}. Best is trial 156 with value: 0.8033795926899813.
start listen on 192.168.1.101:39681
@tracker All of 4 nodes getting started
@tracker All nodes finishes job
Trial 161 finished with value: 0.8032322077294043 and parameters: {'objective': 'binary:logistic', 'tree_method': 'gpu_hist', 'lambda': 0.1478501906638574, 'alpha': 0.04868400962933603, 'colsample_bytree': 0.48713523716247825, 'subsample': 0.8384696721446818, 'learning_rate': 0.0205774653819237, 'max_depth': 20, 'min_child_weight': 299, 'eval_metric': 'logloss'}. Best is trial 156 with value: 0.8033795926899813.
start listen on 192.168.1.101:35713
@tracker All of 4 nodes getting started
@tracker All nodes finishes job
Trial 162 finished with value: 0.8032200407960419 and parameters: {'objective': 'binary:logistic', 'tree_method': 'gpu_hist', 'lambda': 0.13268543988952575, 'alpha': 0.05060890519583052, 'colsample_bytree': 0.39298168107971243, 'subsample': 0.8557429975846677, 'learning_rate': 0.023122674602444746, 'max_depth': 20, 'min_child_weight': 298, 'eval_metric': 'logloss'}. Best is trial 156 with value: 0.8033795926899813.
start listen on 192.168.1.101:53533
@tracker All of 4 nodes getting started
@tracker All nodes finishes job
Trial 163 finished with value: 0.8032427948309852 and parameters: {'objective': 'binary:logistic', 'tree_method': 'gpu_hist', 'lambda': 0.10318044970496311, 'alpha': 0.06539430765838308, 'colsample_bytree': 0.4635703772970914, 'subsample': 0.845572877006759, 'learning_rate': 0.02026946493472681, 'max_depth': 20, 'min_child_weight': 292, 'eval_metric': 'logloss'}. Best is trial 156 with value: 0.8033795926899813.
start listen on 192.168.1.101:44387
@tracker All of 4 nodes getting started
@tracker All nodes finishes job
Trial 164 finished with value: 0.8031257354152225 and parameters: {'objective': 'binary:logistic', 'tree_method': 'gpu_hist', 'lambda': 0.06939144146867282, 'alpha': 0.07283409516429232, 'colsample_bytree': 0.43628814770011737, 'subsample': 0.8427642924945553, 'learning_rate': 0.02090521717566336, 'max_depth': 20, 'min_child_weight': 289, 'eval_metric': 'logloss'}. Best is trial 156 with value: 0.8033795926899813.
start listen on 192.168.1.101:59249
@tracker All of 4 nodes getting started
@tracker All nodes finishes job
Trial 165 finished with value: 0.8033715051587614 and parameters: {'objective': 'binary:logistic', 'tree_method': 'gpu_hist', 'lambda': 0.10264370965907778, 'alpha': 0.08283752139566866, 'colsample_bytree': 0.49631087098835736, 'subsample': 0.9011069095826463, 'learning_rate': 0.02539284948987528, 'max_depth': 20, 'min_child_weight': 297, 'eval_metric': 'logloss'}. Best is trial 156 with value: 0.8033795926899813.
start listen on 192.168.1.101:53833
@tracker All of 4 nodes getting started
@tracker All nodes finishes job
