Trial 617 finished with value: 0.802983216530517 and parameters: {'objective': 'binary:logistic', 'tree_method': 'gpu_hist', 'lambda': 0.0020407036093964995, 'alpha': 0.04197822495642922, 'colsample_bytree': 0.4744104945503661, 'subsample': 0.5645039318744711, 'learning_rate': 0.028706014055991717, 'max_depth': 20, 'min_child_weight': 272, 'eval_metric': 'logloss'}. Best is trial 254 with value: 0.8034457656439646.
start listen on 192.168.1.101:46007
@tracker All of 4 nodes getting started
@tracker All nodes finishes job
Trial 618 finished with value: 0.8034519077147598 and parameters: {'objective': 'binary:logistic', 'tree_method': 'gpu_hist', 'lambda': 0.046497332451565385, 'alpha': 0.16811988375993564, 'colsample_bytree': 0.3544860183047076, 'subsample': 0.8298448117996975, 'learning_rate': 0.022112843920445113, 'max_depth': 20, 'min_child_weight': 294, 'eval_metric': 'logloss'}. Best is trial 618 with value: 0.8034519077147598.
start listen on 192.168.1.101:50625
@tracker All of 4 nodes getting started
@tracker All nodes finishes job
Trial 619 finished with value: 0.8028007532886845 and parameters: {'objective': 'binary:logistic', 'tree_method': 'gpu_hist', 'lambda': 0.06687693109690895, 'alpha': 0.17547221728184637, 'colsample_bytree': 0.3520993428042464, 'subsample': 0.8716277417734477, 'learning_rate': 0.03308336158369278, 'max_depth': 20, 'min_child_weight': 293, 'eval_metric': 'logloss'}. Best is trial 618 with value: 0.8034519077147598.
start listen on 192.168.1.101:40359
@tracker All of 4 nodes getting started
@tracker All nodes finishes job
Trial 620 finished with value: 0.8032498836674551 and parameters: {'objective': 'binary:logistic', 'tree_method': 'gpu_hist', 'lambda': 0.01088833952176284, 'alpha': 0.18758682406075236, 'colsample_bytree': 0.3333132296658869, 'subsample': 0.8585778312066514, 'learning_rate': 0.023856452281719467, 'max_depth': 20, 'min_child_weight': 300, 'eval_metric': 'logloss'}. Best is trial 618 with value: 0.8034519077147598.
start listen on 192.168.1.101:50413
@tracker All of 4 nodes getting started
@tracker All nodes finishes job
Trial 621 finished with value: 0.8032213304134934 and parameters: {'objective': 'binary:logistic', 'tree_method': 'gpu_hist', 'lambda': 0.008507576580007675, 'alpha': 1.9648464291784817, 'colsample_bytree': 0.3587288176825463, 'subsample': 0.907347256121933, 'learning_rate': 0.026317895446783764, 'max_depth': 20, 'min_child_weight': 293, 'eval_metric': 'logloss'}. Best is trial 618 with value: 0.8034519077147598.
start listen on 192.168.1.101:48779
@tracker All of 4 nodes getting started
@tracker All nodes finishes job
Trial 622 finished with value: 0.8032553541476352 and parameters: {'objective': 'binary:logistic', 'tree_method': 'gpu_hist', 'lambda': 0.04743076401699363, 'alpha': 0.14620087384015432, 'colsample_bytree': 0.33852434366668577, 'subsample': 0.7610906152222264, 'learning_rate': 0.022637570511764366, 'max_depth': 20, 'min_child_weight': 294, 'eval_metric': 'logloss'}. Best is trial 618 with value: 0.8034519077147598.
start listen on 192.168.1.101:43881
@tracker All of 4 nodes getting started
@tracker All nodes finishes job
Trial 623 finished with value: 0.8032888321633177 and parameters: {'objective': 'binary:logistic', 'tree_method': 'gpu_hist', 'lambda': 0.05516478877439861, 'alpha': 0.0018834958483631209, 'colsample_bytree': 0.34910460422553813, 'subsample': 0.8328491208067995, 'learning_rate': 0.02467318645132254, 'max_depth': 20, 'min_child_weight': 290, 'eval_metric': 'logloss'}. Best is trial 618 with value: 0.8034519077147598.
start listen on 192.168.1.101:35479
@tracker All of 4 nodes getting started
@tracker All nodes finishes job
Trial 624 finished with value: 0.8028417323585247 and parameters: {'objective': 'binary:logistic', 'tree_method': 'gpu_hist', 'lambda': 0.04321706931041643, 'alpha': 1.2251369441806372, 'colsample_bytree': 0.3204027759772285, 'subsample': 0.7994542305307158, 'learning_rate': 0.027710819293369198, 'max_depth': 15, 'min_child_weight': 288, 'eval_metric': 'logloss'}. Best is trial 618 with value: 0.8034519077147598.
start listen on 192.168.1.101:35197
@tracker All of 4 nodes getting started
@tracker All nodes finishes job
Trial 625 finished with value: 0.7978507069031984 and parameters: {'objective': 'binary:logistic', 'tree_method': 'gpu_hist', 'lambda': 0.03810139942982261, 'alpha': 0.22166232770753194, 'colsample_bytree': 0.36261519734397396, 'subsample': 0.8108030259722706, 'learning_rate': 0.021382130732094284, 'max_depth': 5, 'min_child_weight': 297, 'eval_metric': 'logloss'}. Best is trial 618 with value: 0.8034519077147598.
start listen on 192.168.1.101:47027
@tracker All of 4 nodes getting started
@tracker All nodes finishes job
Trial 626 finished with value: 0.8021582536903722 and parameters: {'objective': 'binary:logistic', 'tree_method': 'gpu_hist', 'lambda': 0.05265202694410391, 'alpha': 0.16698488996316746, 'colsample_bytree': 0.3371271766607859, 'subsample': 0.8407263594475991, 'learning_rate': 0.03495714331829784, 'max_depth': 9, 'min_child_weight': 288, 'eval_metric': 'logloss'}. Best is trial 618 with value: 0.8034519077147598.
start listen on 192.168.1.101:56591
@tracker All of 4 nodes getting started
@tracker All nodes finishes job
Trial 627 finished with value: 0.8030570219143149 and parameters: {'objective': 'binary:logistic', 'tree_method': 'gpu_hist', 'lambda': 0.04527309841669043, 'alpha': 0.28461949895150274, 'colsample_bytree': 0.5720896660497613, 'subsample': 0.8202244913719496, 'learning_rate': 0.025301528767718826, 'max_depth': 20, 'min_child_weight': 284, 'eval_metric': 'logloss'}. Best is trial 618 with value: 0.8034519077147598.
start listen on 192.168.1.101:43089
@tracker All of 4 nodes getting started
@tracker All nodes finishes job
Trial 628 finished with value: 0.7992623971330745 and parameters: {'objective': 'binary:logistic', 'tree_method': 'gpu_hist', 'lambda': 0.07461824905001424, 'alpha': 0.12155335984190814, 'colsample_bytree': 0.49256978864290757, 'subsample': 0.8495383952977668, 'learning_rate': 0.006789956000379063, 'max_depth': 20, 'min_child_weight': 295, 'eval_metric': 'logloss'}. Best is trial 618 with value: 0.8034519077147598.
start listen on 192.168.1.101:52537
@tracker All of 4 nodes getting started
@tracker All nodes finishes job
Trial 629 finished with value: 0.8031316870430807 and parameters: {'objective': 'binary:logistic', 'tree_method': 'gpu_hist', 'lambda': 0.03445409593896617, 'alpha': 0.029335808460645565, 'colsample_bytree': 0.3723247033420621, 'subsample': 0.8956102692864563, 'learning_rate': 0.02220514202721255, 'max_depth': 20, 'min_child_weight': 282, 'eval_metric': 'logloss'}. Best is trial 618 with value: 0.8034519077147598.
start listen on 192.168.1.101:59815
@tracker All of 4 nodes getting started
@tracker All nodes finishes job
Trial 630 finished with value: 0.8032768758342335 and parameters: {'objective': 'binary:logistic', 'tree_method': 'gpu_hist', 'lambda': 0.013560418811432549, 'alpha': 0.1492320894288663, 'colsample_bytree': 0.34929451169074743, 'subsample': 0.8288904015212124, 'learning_rate': 0.019669763062561664, 'max_depth': 20, 'min_child_weight': 300, 'eval_metric': 'logloss'}. Best is trial 618 with value: 0.8034519077147598.
start listen on 192.168.1.101:37279
@tracker All of 4 nodes getting started
@tracker All nodes finishes job
Trial 631 finished with value: 0.7966749101932654 and parameters: {'objective': 'binary:logistic', 'tree_method': 'gpu_hist', 'lambda': 0.06032571934742185, 'alpha': 0.20280604071445127, 'colsample_bytree': 0.3223592815866815, 'subsample': 0.7894657123750081, 'learning_rate': 0.03067380188238652, 'max_depth': 3, 'min_child_weight': 277, 'eval_metric': 'logloss'}. Best is trial 618 with value: 0.8034519077147598.
start listen on 192.168.1.101:47113
@tracker All of 4 nodes getting started
@tracker All nodes finishes job
Trial 632 finished with value: 0.8005317957564967 and parameters: {'objective': 'binary:logistic', 'tree_method': 'gpu_hist', 'lambda': 0.027587667558116136, 'alpha': 0.37806035911740804, 'colsample_bytree': 0.46675014934110765, 'subsample': 0.8593572649125045, 'learning_rate': 0.056939364180648155, 'max_depth': 20, 'min_child_weight': 288, 'eval_metric': 'logloss'}. Best is trial 618 with value: 0.8034519077147598.
start listen on 192.168.1.101:38893
@tracker All of 4 nodes getting started
@tracker All nodes finishes job
Trial 633 finished with value: 0.8025124494365242 and parameters: {'objective': 'binary:logistic', 'tree_method': 'gpu_hist', 'lambda': 0.03923234116414186, 'alpha': 0.06367614132039925, 'colsample_bytree': 0.36845794793455566, 'subsample': 0.8823525292057236, 'learning_rate': 0.024121160344979884, 'max_depth': 13, 'min_child_weight': 284, 'eval_metric': 'logloss'}. Best is trial 618 with value: 0.8034519077147598.
start listen on 192.168.1.101:40853
@tracker All of 4 nodes getting started
@tracker All nodes finishes job
Trial 634 finished with value: 0.8031061032821953 and parameters: {'objective': 'binary:logistic', 'tree_method': 'gpu_hist', 'lambda': 0.047935569013958394, 'alpha': 0.17471238189162303, 'colsample_bytree': 0.5070075136149691, 'subsample': 0.6998438081693259, 'learning_rate': 0.027017033592386646, 'max_depth': 20, 'min_child_weight': 293, 'eval_metric': 'logloss'}. Best is trial 618 with value: 0.8034519077147598.
start listen on 192.168.1.101:38987
@tracker All of 4 nodes getting started
@tracker All nodes finishes job
Trial 635 finished with value: 0.8029963817771987 and parameters: {'objective': 'binary:logistic', 'tree_method': 'gpu_hist', 'lambda': 0.031074670607836554, 'alpha': 0.12367919983582046, 'colsample_bytree': 0.4903468802303723, 'subsample': 0.9207782194288637, 'learning_rate': 0.020959053163903042, 'max_depth': 20, 'min_child_weight': 119, 'eval_metric': 'logloss'}. Best is trial 618 with value: 0.8034519077147598.
start listen on 192.168.1.101:50489
@tracker All of 4 nodes getting started
@tracker All nodes finishes job
Trial 636 finished with value: 0.8032939191420982 and parameters: {'objective': 'binary:logistic', 'tree_method': 'gpu_hist', 'lambda': 0.009403016167057306, 'alpha': 0.08740592316504014, 'colsample_bytree': 0.4374009298925158, 'subsample': 0.7710527553441701, 'learning_rate': 0.0236430049404996, 'max_depth': 20, 'min_child_weight': 277, 'eval_metric': 'logloss'}. Best is trial 618 with value: 0.8034519077147598.
start listen on 192.168.1.101:55805
@tracker All of 4 nodes getting started
@tracker All nodes finishes job
Trial 637 finished with value: 0.8028289392792995 and parameters: {'objective': 'binary:logistic', 'tree_method': 'gpu_hist', 'lambda': 0.016506664028577523, 'alpha': 0.04633704872507907, 'colsample_bytree': 0.4552447319509576, 'subsample': 0.8148577294033976, 'learning_rate': 0.028482808924102952, 'max_depth': 20, 'min_child_weight': 189, 'eval_metric': 'logloss'}. Best is trial 618 with value: 0.8034519077147598.
start listen on 192.168.1.101:46685
@tracker All of 4 nodes getting started
@tracker All nodes finishes job
Trial 638 finished with value: 0.8030785433284626 and parameters: {'objective': 'binary:logistic', 'tree_method': 'gpu_hist', 'lambda': 0.041070069103753055, 'alpha': 0.06817634952396058, 'colsample_bytree': 0.3886012447046294, 'subsample': 0.8008756898644342, 'learning_rate': 0.02223569023034525, 'max_depth': 17, 'min_child_weight': 281, 'eval_metric': 'logloss'}. Best is trial 618 with value: 0.8034519077147598.
start listen on 192.168.1.101:46033
@tracker All of 4 nodes getting started
@tracker All nodes finishes job
Trial 639 finished with value: 0.8028460071077141 and parameters: {'objective': 'binary:logistic', 'tree_method': 'gpu_hist', 'lambda': 0.05571426337057094, 'alpha': 0.03594689447393611, 'colsample_bytree': 0.3570690109476613, 'subsample': 0.606653695076274, 'learning_rate': 0.017640492384968325, 'max_depth': 20, 'min_child_weight': 288, 'eval_metric': 'logloss'}. Best is trial 618 with value: 0.8034519077147598.
start listen on 192.168.1.101:52625
@tracker All of 4 nodes getting started
@tracker All nodes finishes job
Trial 640 finished with value: 0.8034093028779747 and parameters: {'objective': 'binary:logistic', 'tree_method': 'gpu_hist', 'lambda': 0.034652324847001884, 'alpha': 0.11420970511731961, 'colsample_bytree': 0.30753576717088693, 'subsample': 0.7486932649156872, 'learning_rate': 0.025575396976544377, 'max_depth': 20, 'min_child_weight': 274, 'eval_metric': 'logloss'}. Best is trial 618 with value: 0.8034519077147598.
start listen on 192.168.1.101:38281
@tracker All of 4 nodes getting started
@tracker All nodes finishes job
Trial 641 finished with value: 0.8021602629042265 and parameters: {'objective': 'binary:logistic', 'tree_method': 'gpu_hist', 'lambda': 0.021184093156971544, 'alpha': 0.2529447288990187, 'colsample_bytree': 0.3164187707419761, 'subsample': 0.7461347738348377, 'learning_rate': 0.03160147877842576, 'max_depth': 11, 'min_child_weight': 262, 'eval_metric': 'logloss'}. Best is trial 618 with value: 0.8034519077147598.
start listen on 192.168.1.101:37735
@tracker All of 4 nodes getting started
@tracker All nodes finishes job
Trial 642 finished with value: 0.8031650992347094 and parameters: {'objective': 'binary:logistic', 'tree_method': 'gpu_hist', 'lambda': 0.026248199143717826, 'alpha': 0.09610834792971953, 'colsample_bytree': 0.3007467544453964, 'subsample': 0.7614650388298385, 'learning_rate': 0.026919358896006065, 'max_depth': 20, 'min_child_weight': 267, 'eval_metric': 'logloss'}. Best is trial 618 with value: 0.8034519077147598.
start listen on 192.168.1.101:42427
@tracker All of 4 nodes getting started
@tracker All nodes finishes job
Trial 643 finished with value: 0.8030052700950865 and parameters: {'objective': 'binary:logistic', 'tree_method': 'gpu_hist', 'lambda': 0.1506971773174928, 'alpha': 0.0555249712358888, 'colsample_bytree': 0.3274465447407326, 'subsample': 0.7324936529418486, 'learning_rate': 0.02577601703254108, 'max_depth': 20, 'min_child_weight': 273, 'eval_metric': 'logloss'}. Best is trial 618 with value: 0.8034519077147598.
start listen on 192.168.1.101:54319
@tracker All of 4 nodes getting started
@tracker All nodes finishes job
Trial 644 finished with value: 0.8032131447455839 and parameters: {'objective': 'binary:logistic', 'tree_method': 'gpu_hist', 'lambda': 0.030788058265212928, 'alpha': 0.07612577459407208, 'colsample_bytree': 0.33269027857874955, 'subsample': 0.7516114296852509, 'learning_rate': 0.02966084719597745, 'max_depth': 20, 'min_child_weight': 272, 'eval_metric': 'logloss'}. Best is trial 618 with value: 0.8034519077147598.
start listen on 192.168.1.101:32983
@tracker All of 4 nodes getting started
@tracker All nodes finishes job
Trial 645 finished with value: 0.8032538681478244 and parameters: {'objective': 'binary:logistic', 'tree_method': 'gpu_hist', 'lambda': 0.09939903438119055, 'alpha': 0.11177833166718897, 'colsample_bytree': 0.30856660312684875, 'subsample': 0.746912397743219, 'learning_rate': 0.02538666396561651, 'max_depth': 20, 'min_child_weight': 262, 'eval_metric': 'logloss'}. Best is trial 618 with value: 0.8034519077147598.
start listen on 192.168.1.101:38167
@tracker All of 4 nodes getting started
@tracker All nodes finishes job
Trial 646 finished with value: 0.8028119292104023 and parameters: {'objective': 'binary:logistic', 'tree_method': 'gpu_hist', 'lambda': 3.3673770672037038, 'alpha': 0.14055408376645928, 'colsample_bytree': 0.30366601075581506, 'subsample': 0.7363048106438393, 'learning_rate': 0.028382145995620153, 'max_depth': 20, 'min_child_weight': 276, 'eval_metric': 'logloss'}. Best is trial 618 with value: 0.8034519077147598.
start listen on 192.168.1.101:49205
@tracker All of 4 nodes getting started
@tracker All nodes finishes job
Trial 647 finished with value: 0.8033011386458538 and parameters: {'objective': 'binary:logistic', 'tree_method': 'gpu_hist', 'lambda': 0.033745473553137104, 'alpha': 0.08951567494181506, 'colsample_bytree': 0.3122646034792735, 'subsample': 0.7621123384529798, 'learning_rate': 0.023936724780060196, 'max_depth': 20, 'min_child_weight': 268, 'eval_metric': 'logloss'}. Best is trial 618 with value: 0.8034519077147598.
start listen on 192.168.1.101:59159
@tracker All of 4 nodes getting started
@tracker All nodes finishes job
Trial 648 finished with value: 0.8012737746806259 and parameters: {'objective': 'binary:logistic', 'tree_method': 'gpu_hist', 'lambda': 0.021986158189275493, 'alpha': 0.0580302344302465, 'colsample_bytree': 0.31931749627560163, 'subsample': 0.7253661823326307, 'learning_rate': 0.026579383423633657, 'max_depth': 7, 'min_child_weight': 69, 'eval_metric': 'logloss'}. Best is trial 618 with value: 0.8034519077147598.
start listen on 192.168.1.101:41189
@tracker All of 4 nodes getting started
@tracker All nodes finishes job
Trial 649 finished with value: 0.8028719462531021 and parameters: {'objective': 'binary:logistic', 'tree_method': 'gpu_hist', 'lambda': 0.08111986597163379, 'alpha': 0.07540989766755825, 'colsample_bytree': 0.3332197974068075, 'subsample': 0.7818307851870284, 'learning_rate': 0.03289845094134195, 'max_depth': 20, 'min_child_weight': 252, 'eval_metric': 'logloss'}. Best is trial 618 with value: 0.8034519077147598.
start listen on 192.168.1.101:38087
@tracker All of 4 nodes getting started
@tracker All nodes finishes job
Trial 650 finished with value: 0.8031712381450783 and parameters: {'objective': 'binary:logistic', 'tree_method': 'gpu_hist', 'lambda': 0.007653270108099338, 'alpha': 0.15539428703905284, 'colsample_bytree': 0.3461894952927092, 'subsample': 0.7732240817133585, 'learning_rate': 0.023479474790751652, 'max_depth': 20, 'min_child_weight': 294, 'eval_metric': 'logloss'}. Best is trial 618 with value: 0.8034519077147598.
start listen on 192.168.1.101:41653
@tracker All of 4 nodes getting started
@tracker All nodes finishes job
Trial 651 finished with value: 0.8032824971430402 and parameters: {'objective': 'binary:logistic', 'tree_method': 'gpu_hist', 'lambda': 0.20472470540849474, 'alpha': 0.04624411394483932, 'colsample_bytree': 0.3097956271126978, 'subsample': 0.8394032516785417, 'learning_rate': 0.025157171726617137, 'max_depth': 20, 'min_child_weight': 284, 'eval_metric': 'logloss'}. Best is trial 618 with value: 0.8034519077147598.
start listen on 192.168.1.101:47241
@tracker All of 4 nodes getting started
@tracker All nodes finishes job
Trial 652 finished with value: 0.8031817248758751 and parameters: {'objective': 'binary:logistic', 'tree_method': 'gpu_hist', 'lambda': 0.02656604865005983, 'alpha': 0.023828505707605037, 'colsample_bytree': 0.3420288379997664, 'subsample': 0.7465197709446797, 'learning_rate': 0.028019059204318, 'max_depth': 20, 'min_child_weight': 277, 'eval_metric': 'logloss'}. Best is trial 618 with value: 0.8034519077147598.
start listen on 192.168.1.101:54087
@tracker All of 4 nodes getting started
@tracker All nodes finishes job
Trial 653 finished with value: 0.8030899574264547 and parameters: {'objective': 'binary:logistic', 'tree_method': 'gpu_hist', 'lambda': 0.04743298837831735, 'alpha': 0.10493368845773297, 'colsample_bytree': 0.6635853541654614, 'subsample': 0.8269505708850418, 'learning_rate': 0.02226245591364613, 'max_depth': 20, 'min_child_weight': 271, 'eval_metric': 'logloss'}. Best is trial 618 with value: 0.8034519077147598.
start listen on 192.168.1.101:56543
@tracker All of 4 nodes getting started
@tracker All nodes finishes job
Trial 654 finished with value: 0.793446647722249 and parameters: {'objective': 'binary:logistic', 'tree_method': 'gpu_hist', 'lambda': 0.01859721226383969, 'alpha': 0.08426058914069597, 'colsample_bytree': 0.3718048889763449, 'subsample': 0.8473296248589974, 'learning_rate': 0.009937936434991346, 'max_depth': 5, 'min_child_weight': 300, 'eval_metric': 'logloss'}. Best is trial 618 with value: 0.8034519077147598.
start listen on 192.168.1.101:43207
@tracker All of 4 nodes getting started
@tracker All nodes finishes job
Trial 655 finished with value: 0.8028132020993899 and parameters: {'objective': 'binary:logistic', 'tree_method': 'gpu_hist', 'lambda': 0.011135565839909939, 'alpha': 0.17817282611922935, 'colsample_bytree': 0.3262893741316988, 'subsample': 0.8632193225121705, 'learning_rate': 0.024728765567917633, 'max_depth': 15, 'min_child_weight': 288, 'eval_metric': 'logloss'}. Best is trial 618 with value: 0.8034519077147598.
start listen on 192.168.1.101:56819
@tracker All of 4 nodes getting started
@tracker All nodes finishes job
Trial 656 finished with value: 0.8031732426182927 and parameters: {'objective': 'binary:logistic', 'tree_method': 'gpu_hist', 'lambda': 0.03426640801313507, 'alpha': 0.06490744239948705, 'colsample_bytree': 0.41610868876988566, 'subsample': 0.8144698340055416, 'learning_rate': 0.03009751070498102, 'max_depth': 20, 'min_child_weight': 265, 'eval_metric': 'logloss'}. Best is trial 618 with value: 0.8034519077147598.
start listen on 192.168.1.101:51433
@tracker All of 4 nodes getting started
@tracker All nodes finishes job
Trial 657 finished with value: 0.8032001423698433 and parameters: {'objective': 'binary:logistic', 'tree_method': 'gpu_hist', 'lambda': 0.06453139911310914, 'alpha': 0.13378114444195444, 'colsample_bytree': 0.42961230718953464, 'subsample': 0.934145280845838, 'learning_rate': 0.022559219050354466, 'max_depth': 20, 'min_child_weight': 95, 'eval_metric': 'logloss'}. Best is trial 618 with value: 0.8034519077147598.
start listen on 192.168.1.101:43871
@tracker All of 4 nodes getting started
@tracker All nodes finishes job
