number,value,params_alpha,params_colsample_bytree,params_eval_metric,params_lambda,params_learning_rate,params_max_depth,params_min_child_weight,params_objective,params_subsample,params_tree_method,state
763,0.8032646856335938,0.2981902746574093,0.35422451157215473,logloss,0.01035342227524264,0.019423716467155596,20,281,binary:logistic,0.9089185932440679,gpu_hist,COMPLETE
764,0.8033132185040192,0.35141569686399016,0.32619012348098353,logloss,1.937006148871252,0.022629739256322827,20,296,binary:logistic,0.9245499765155104,gpu_hist,COMPLETE
765,0.8017786074661457,0.5368106828823568,0.34185923420107306,logloss,1.083774414447935,0.020803285723023025,13,9,binary:logistic,0.877755552798264,gpu_hist,COMPLETE
766,0.8031886470270961,0.27574978356286417,0.36589030738419054,logloss,0.014181444869995768,0.02324931726130462,20,286,binary:logistic,0.8993443836398832,gpu_hist,COMPLETE
767,0.8031275261782226,0.4017020554081613,0.391183260792042,logloss,2.0608284847054072,0.018864601749699336,20,280,binary:logistic,0.8657761790689942,gpu_hist,COMPLETE
768,0.8027672790873097,0.2833764391301394,0.3772626822305147,logloss,0.010809573932187086,0.01571799489937126,20,300,binary:logistic,0.8854471455283751,gpu_hist,COMPLETE
769,0.8031699013936809,0.43250388844827,0.3257191604055603,logloss,0.008591096618558131,0.022376359908060924,20,290,binary:logistic,0.8961884364202586,gpu_hist,COMPLETE
770,0.8028452171100884,0.3548856296641633,0.3125404186774025,logloss,0.0068152059703184935,0.02029369213091041,17,279,binary:logistic,0.8707343593004658,gpu_hist,COMPLETE
771,0.8032752839601376,0.25792461158548197,0.3415566687849331,logloss,0.01380039651255285,0.023421120305790077,20,290,binary:logistic,0.9462452010162306,gpu_hist,COMPLETE
772,0.8014780339667642,0.6420232147874939,0.361645780143931,logloss,0.012250363737807987,0.017852920558181103,11,285,binary:logistic,0.9194622423395191,gpu_hist,COMPLETE
773,0.8032439712724767,0.33122510633420355,0.40127470092191614,logloss,0.011627239737480288,0.020925992497162264,20,276,binary:logistic,0.8819989638445093,gpu_hist,COMPLETE
774,0.8032736041390028,0.28365888360184593,0.38684897016917275,logloss,1.2219280891656963,0.02343933648209205,20,300,binary:logistic,0.9083760697087202,gpu_hist,COMPLETE
775,0.8033360962315138,0.20451051320659214,0.35301340298857753,logloss,0.015525935523754008,0.01994157047815653,20,282,binary:logistic,0.8633083802118827,gpu_hist,COMPLETE
776,0.803299074070047,0.5224536668648609,0.41656460133625905,logloss,0.4226719284216706,0.023315223263208028,20,293,binary:logistic,0.8970026018739384,gpu_hist,COMPLETE
777,0.8031999087707385,0.05120384062781022,0.43565392415038395,logloss,9.54525049869938,0.021604360407459878,20,278,binary:logistic,0.8773063762010459,gpu_hist,COMPLETE
778,0.8030921766996859,0.2583398191964748,0.3160959636526538,logloss,0.010100316794584587,0.01810805647972095,20,287,binary:logistic,0.8686503425859664,gpu_hist,COMPLETE
779,0.8007937927640018,0.3856434238895932,0.33586385256851936,logloss,0.0049532945414396635,0.024709506901659253,7,296,binary:logistic,0.889508134756166,gpu_hist,COMPLETE
780,0.8032674330794687,0.05893307961604242,0.36979788916354744,logloss,0.016788623905867012,0.021279539247268775,20,282,binary:logistic,0.9137556406784593,gpu_hist,COMPLETE
781,0.8029676288169809,0.2011296074685227,0.3827948649986827,logloss,3.73830869286004,0.016591333435497825,20,290,binary:logistic,0.861002458044978,gpu_hist,COMPLETE
782,0.80330432953225,0.04581845815582457,0.42412805603951004,logloss,0.9101179695824712,0.019218351471689692,20,276,binary:logistic,0.8971657620108715,gpu_hist,COMPLETE
783,0.8030801915998231,0.06535639520918832,0.7104812946501791,logloss,0.005703408077523888,0.023533755194982343,20,284,binary:logistic,0.9318259674106378,gpu_hist,COMPLETE
784,0.799177562678407,0.05359962654024229,0.3998565202068384,logloss,0.007526254523580214,0.025627758743706146,5,276,binary:logistic,0.883735929928759,gpu_hist,COMPLETE
785,0.8032728053684692,0.2983179982572902,0.35195120109999517,logloss,0.7816201364035003,0.021934393738721372,20,294,binary:logistic,0.8731938777109581,gpu_hist,COMPLETE
786,0.8033493531850519,0.07399579396999587,0.32693779200549705,logloss,0.009258012492115423,0.02017747563452984,20,217,binary:logistic,0.9069933754477649,gpu_hist,COMPLETE
787,0.8031567112450186,0.457452905205342,0.31492832120740943,logloss,0.48329430285168196,0.02696799351001798,20,288,binary:logistic,0.8802815950702955,gpu_hist,COMPLETE
788,0.8030987426490528,0.23068595103541242,0.30053939701460675,logloss,1.51661685597171,0.0240114747548469,20,278,binary:logistic,0.8655232182775319,gpu_hist,COMPLETE
789,0.8007352981205066,0.06434706593090748,0.4453357701503779,logloss,0.6064237853771162,0.018363020378827304,9,285,binary:logistic,0.927109838746146,gpu_hist,COMPLETE
790,0.8004610604000295,0.36033107808094467,0.33997622014306345,logloss,0.014335822471601365,0.010613092199429923,15,275,binary:logistic,0.8941055522247012,gpu_hist,COMPLETE
791,0.8028923970455535,0.18943492558011113,0.41395086877035914,logloss,0.008242875877699448,0.022376705779171925,20,89,binary:logistic,0.8568211825122322,gpu_hist,COMPLETE
792,0.8031741442661557,0.07773300093895409,0.3699899131770646,logloss,0.6954593148601251,0.02503629712462268,20,296,binary:logistic,0.9042607706238169,gpu_hist,COMPLETE
793,0.8032321064867786,0.05789788144634427,0.43136763698738234,logloss,0.015264040431254443,0.019827405759040698,20,283,binary:logistic,0.8782198600529096,gpu_hist,COMPLETE
794,0.8033539195653142,0.04564819611616691,0.3914011904659756,logloss,0.012782742546021533,0.02170682957457917,20,207,binary:logistic,0.9145110011825148,gpu_hist,COMPLETE
795,0.8032772870166093,0.2788135747898059,0.35707166596405493,logloss,0.01858449275426414,0.026466328518338505,20,273,binary:logistic,0.8587804544233723,gpu_hist,COMPLETE
796,0.7933444499937863,0.07549236789025363,0.44120628586621,logloss,0.011176854803397807,0.016913489562021468,3,289,binary:logistic,0.8926255815134676,gpu_hist,COMPLETE
797,0.8031496388645623,0.7217776236881881,0.3765079306899399,logloss,2.188246273582936,0.02359249094650679,20,281,binary:logistic,0.8682598796024754,gpu_hist,COMPLETE
798,0.7931319276637812,0.24386458796705598,0.3302979115026812,logloss,0.03322698411828404,0.0010890356364302385,13,292,binary:logistic,0.8853693517040304,gpu_hist,COMPLETE
799,0.8032965054062257,0.19162710930940816,0.34409017957528054,logloss,0.043711465087200044,0.020579011243415428,20,273,binary:logistic,0.855410490605496,gpu_hist,COMPLETE
800,0.8017869053291932,0.08557889805111797,0.4222208612021313,logloss,0.03712096228811446,0.028990864797320753,20,23,binary:logistic,0.8720424957781885,gpu_hist,COMPLETE
801,0.8028019142004943,0.0658811045162855,0.40411395908151143,logloss,0.01656906196881276,0.01864429883537154,17,280,binary:logistic,0.9048153296924523,gpu_hist,COMPLETE
802,0.8032041379117053,0.3125928439775325,0.31453722149866,logloss,0.030932134966730248,0.023041024723359657,20,289,binary:logistic,0.9187208438796894,gpu_hist,COMPLETE
803,0.8034187845931687,0.4204290992330658,0.45217307633409415,logloss,0.045485641855150964,0.027137946734008697,20,284,binary:logistic,0.892892432923991,gpu_hist,COMPLETE
804,0.8021969852611038,0.6039795504214998,0.466918356807033,logloss,1.059732865337633,0.030275970776193338,11,300,binary:logistic,0.9339478569553663,gpu_hist,COMPLETE
805,0.8025673251193128,0.47034201554481586,0.45491491481769153,logloss,0.007738503604611371,0.03582928332988499,20,273,binary:logistic,0.902189877069485,gpu_hist,COMPLETE
806,0.803025983693342,0.4913471008711465,0.45988335659877716,logloss,1.3159379772960542,0.0317442247185498,20,279,binary:logistic,0.9165445691200705,gpu_hist,COMPLETE
807,0.8033706521160774,0.40857270878677787,0.4594018868125602,logloss,0.04933103123876342,0.02753697295481667,20,294,binary:logistic,0.8949318886577341,gpu_hist,COMPLETE
808,0.8031064468423437,0.3997449059586419,0.4574488611271342,logloss,0.055282439386480406,0.03288689260664988,20,293,binary:logistic,0.8982274799548818,gpu_hist,COMPLETE
809,0.8032417939021406,0.4961145315860871,0.46627545373447377,logloss,0.050196849984112904,0.028178323377656498,20,300,binary:logistic,0.8880361197391947,gpu_hist,COMPLETE
810,0.8030468785801961,0.6311204960649957,0.45420220334148403,logloss,0.04831514288730986,0.029770566511497648,20,294,binary:logistic,0.8944851425486164,gpu_hist,COMPLETE
811,0.8016091689954893,0.41530201702542324,0.4402488923474047,logloss,0.05381803669660227,0.03057497064546389,7,295,binary:logistic,0.8863112239090714,gpu_hist,COMPLETE
812,0.8032546429971996,0.8000180177453429,0.45617744314925723,logloss,0.04372280541114363,0.02713605315309512,20,300,binary:logistic,0.8824748918793429,gpu_hist,COMPLETE
813,0.8030430045512811,0.5794827608601215,0.46808774704747114,logloss,0.0631041027132527,0.03433390689760422,20,290,binary:logistic,0.9047845581987228,gpu_hist,COMPLETE
814,0.8032596390319853,0.38514736271294026,0.4399813109308892,logloss,0.048286169970404524,0.027270171422507542,20,288,binary:logistic,0.8959403821893551,gpu_hist,COMPLETE
815,0.8030858052800145,0.5397456957387837,0.4489103536129055,logloss,0.00975626119043864,0.027688643145359418,20,294,binary:logistic,0.8761420855965362,gpu_hist,COMPLETE
816,0.7991885902235533,0.42582544727850585,0.46486037290918886,logloss,0.04053005709653438,0.02633314811044728,5,286,binary:logistic,0.8846732532898492,gpu_hist,COMPLETE
817,0.8030262612114761,0.3449817650982741,0.47312181654122665,logloss,0.012288562010196685,0.0304322711844283,20,294,binary:logistic,0.8907385470677135,gpu_hist,COMPLETE
818,0.8027203669707389,0.34886268886281807,0.9123770561863804,logloss,0.05062847028407309,0.02600533672001689,15,284,binary:logistic,0.9078838483226623,gpu_hist,COMPLETE
819,0.8024301856618125,0.4476242878668862,0.43947847670239726,logloss,0.04164280918673844,0.03870438591697282,20,288,binary:logistic,0.8766068869332466,gpu_hist,COMPLETE
820,0.8031266442012899,0.5226448931132844,0.4484646605766511,logloss,0.06826410849067338,0.028665942902300522,20,300,binary:logistic,0.8593176237465259,gpu_hist,COMPLETE
821,0.8034021610226272,0.3146295838111865,0.3224825440392503,logloss,6.675226433054566,0.024836188781372788,20,282,binary:logistic,0.9015576628313035,gpu_hist,COMPLETE
822,0.8032693008914855,0.3390161896073959,0.32373784806045586,logloss,6.181957246040642,0.030787526829540387,20,291,binary:logistic,0.9058309974603319,gpu_hist,COMPLETE
823,0.8032794378502613,0.29292140790695226,0.31621826528842556,logloss,0.48881896128519464,0.02553830049838479,20,284,binary:logistic,0.8988796961779947,gpu_hist,COMPLETE
824,0.8019391965248533,0.3238018716789438,0.3107671933876906,logloss,4.388432802086973,0.028126640883600718,9,296,binary:logistic,0.8865316292214787,gpu_hist,COMPLETE
825,0.8029388384765473,0.2818287981220649,0.30196217099533496,logloss,0.012153626207017485,0.03364885077617791,20,283,binary:logistic,0.9158460222729369,gpu_hist,COMPLETE
826,0.7950995107464494,0.3568973915698245,0.32402663109785496,logloss,7.531160768600866,0.025741161890535363,3,290,binary:logistic,0.8927527393955017,gpu_hist,COMPLETE
827,0.8032117918106236,0.2454842939362522,0.3287498664263254,logloss,0.7158043523589889,0.024928029225124253,20,280,binary:logistic,0.909939484022222,gpu_hist,COMPLETE
828,0.8032856353919895,0.38570373156477744,0.3010571527135147,logloss,6.462647855342587,0.02887195563080537,20,295,binary:logistic,0.896607287715063,gpu_hist,COMPLETE
829,0.8025410852974939,0.27778933578922815,0.335036395169828,logloss,8.972231534110199,0.025259179026565073,13,233,binary:logistic,0.8792780688003062,gpu_hist,COMPLETE
830,0.8033142338182528,0.3121877947550632,0.31376917966519785,logloss,0.01698429907445448,0.027953277220050296,20,288,binary:logistic,0.9078291120494871,gpu_hist,COMPLETE
831,0.8022124091228767,0.0509696282398182,0.43442719810468766,logloss,0.5761791560470043,0.04510059271667231,20,279,binary:logistic,0.8663508813181952,gpu_hist,COMPLETE
832,0.8025172005927521,0.24408625510476656,0.32525432686539735,logloss,5.1831852750645115,0.03206747202465119,20,175,binary:logistic,0.8897048223381239,gpu_hist,COMPLETE
833,0.8032903119512558,0.057502962162774285,0.4556672162670061,logloss,7.97937949276621,0.024455228124969596,20,285,binary:logistic,0.8749316684309102,gpu_hist,COMPLETE
834,0.8031822446570417,0.4076631339253871,0.33984814509124844,logloss,0.00970856813604877,0.024351701493696646,20,277,binary:logistic,0.8995950140653645,gpu_hist,COMPLETE
835,0.8029419659364547,0.31967831941838415,0.4307611845913042,logloss,0.3918869900584368,0.027485169631176667,20,300,binary:logistic,0.5899041232267861,gpu_hist,COMPLETE
836,0.8034450189659769,0.06712223417314912,0.4641447350765741,logloss,2.9652297069939357,0.024173670766971325,20,290,binary:logistic,0.8525711426043026,gpu_hist,COMPLETE
837,0.8023565191733067,0.04202145349080307,0.4735946409426845,logloss,9.909349347570007,0.0266664679614666,11,295,binary:logistic,0.8530572485217932,gpu_hist,COMPLETE
838,0.8028499159013198,0.053512612112980966,0.4608688883230296,logloss,3.194418447613374,0.029741884767355665,17,291,binary:logistic,0.8487178416422041,gpu_hist,COMPLETE
839,0.8031196467992259,0.04397517588972559,0.4733596260304336,logloss,5.709963868075884,0.02514933194544963,20,290,binary:logistic,0.8678874951456412,gpu_hist,COMPLETE
840,0.8025830151652769,0.06558734189336583,0.4537298014928724,logloss,3.84775119092632,0.023781713639896153,20,79,binary:logistic,0.8494230295097062,gpu_hist,COMPLETE
841,0.803257136355688,0.26504060648203903,0.4603301292742218,logloss,2.1786485113480665,0.027280231752097994,20,295,binary:logistic,0.8563327806423782,gpu_hist,COMPLETE
842,0.8029129423238569,0.054918373553964804,0.44560550069567945,logloss,4.060822236788093,0.0318839500010919,20,288,binary:logistic,0.8472979733122121,gpu_hist,COMPLETE
843,0.796340443627028,0.39766532440985086,0.45980132358802134,logloss,2.8565366919626896,0.004589393301169708,20,285,binary:logistic,0.8649099071556134,gpu_hist,COMPLETE
844,0.8032849993289265,0.06583165699929688,0.47871800940845866,logloss,2.462496659885166,0.02443248482346978,20,295,binary:logistic,0.9217107328709078,gpu_hist,COMPLETE
845,0.8017994028540576,0.3117979835761336,0.4457189584393108,logloss,1.6426422231069895,0.036037849669375406,7,284,binary:logistic,0.8422623490181856,gpu_hist,COMPLETE
846,0.8031674863919719,0.22111491220838234,0.4340465754196029,logloss,2.384746461834414,0.0265248512129985,20,290,binary:logistic,0.8583117691051071,gpu_hist,COMPLETE
847,0.8029353126394403,0.04584252551227138,0.7377887432047776,logloss,2.8840370012173704,0.029483587516462698,20,295,binary:logistic,0.8708456334579887,gpu_hist,COMPLETE
848,0.7985277820570043,0.06813486958736498,0.47194111420334983,logloss,7.497785020011202,0.023706531477401198,5,282,binary:logistic,0.914212965093511,gpu_hist,COMPLETE
849,0.8031398915645683,0.26592419447814164,0.4432908315709721,logloss,1.9191530765401767,0.026849717274168346,20,289,binary:logistic,0.8414210327775236,gpu_hist,COMPLETE
850,0.8027761665878459,0.05480307286319404,0.4862469176766547,logloss,1.047928678680844,0.025378081927110985,15,163,binary:logistic,0.8561796000189776,gpu_hist,COMPLETE
851,0.8032588648909816,0.3383946160015412,0.4651498623893946,logloss,4.329328181650666,0.022794856476146246,20,300,binary:logistic,0.8941861891367675,gpu_hist,COMPLETE
852,0.8030989155461744,0.4635419353214861,0.4250607986108543,logloss,5.6651223347499124,0.0297963388919227,20,281,binary:logistic,0.8789540561232886,gpu_hist,COMPLETE
853,0.8030751552968457,0.07131689482914634,0.44765705305152337,logloss,4.6050565412820665,0.023603965940095954,20,286,binary:logistic,0.42597866439827614,gpu_hist,COMPLETE
854,0.8032807155888687,0.08685687350578158,0.4324652344559273,logloss,0.006195685168760718,0.027741401106731598,20,293,binary:logistic,0.8640266688412096,gpu_hist,COMPLETE
855,0.8017452675828939,0.04094573403037038,0.48058146326844065,logloss,1.2641102941705025,0.02335615240252675,9,279,binary:logistic,0.9064882803577174,gpu_hist,COMPLETE
856,0.80329583365214,0.22960379427523006,0.4584239971948237,logloss,0.01219902698422556,0.025798388469844055,20,287,binary:logistic,0.8380172110417259,gpu_hist,COMPLETE
857,0.8033691308611651,0.416995081502294,0.3117392004023049,logloss,3.4405848400820145,0.022674554773367998,20,276,binary:logistic,0.8882096149275853,gpu_hist,COMPLETE
858,0.796814322433286,0.062340674080219566,0.4224680824464658,logloss,6.369429789025572,0.03142851875490515,3,294,binary:logistic,0.8494139792114739,gpu_hist,COMPLETE
859,0.7998583349317381,0.050676178029835456,0.4383743175385846,logloss,0.014065586438605717,0.007478029424182443,20,282,binary:logistic,0.877689868972915,gpu_hist,COMPLETE
860,0.8033487040443623,0.07602224196155853,0.44722329312979087,logloss,3.3739861140550262,0.025651312058794534,20,290,binary:logistic,0.901722834000046,gpu_hist,COMPLETE
861,0.8000624687816414,0.29217555190115185,0.470280059135957,logloss,1.814565618566556,0.05887775797874065,20,277,binary:logistic,0.9232308118983784,gpu_hist,COMPLETE
862,0.8031716490005134,0.21037353997434322,0.30026975653556554,logloss,0.7960882710499919,0.02889535011294417,20,284,binary:logistic,0.8347296292816881,gpu_hist,COMPLETE
863,0.8025319998343854,0.363318094738068,0.4104529787879596,logloss,5.1397503131801425,0.022738363511518134,13,297,binary:logistic,0.8655428355641234,gpu_hist,COMPLETE
864,0.8031927313333486,0.08628902912396784,0.4244488474587998,logloss,0.02051427809531026,0.024984090966462844,20,274,binary:logistic,0.8924625133987971,gpu_hist,COMPLETE
865,0.8032069218114644,0.0597192403093179,0.31402937002713094,logloss,0.007790762012686999,0.027629263270105623,20,289,binary:logistic,0.852999969289545,gpu_hist,COMPLETE
866,0.80253602616316,0.0744208894203689,0.46721000716627303,logloss,0.0811487621619169,0.033265950305686784,17,281,binary:logistic,0.9145420430075477,gpu_hist,COMPLETE
867,0.8033472747142669,0.2595693444360826,0.4508145128207029,logloss,0.9195608247133348,0.022341847958014163,20,295,binary:logistic,0.8756070487234814,gpu_hist,COMPLETE
868,0.7932563814420648,0.5313235930857533,0.32464318786170276,logloss,0.1062263167556368,0.0017404645561760123,20,300,binary:logistic,0.8391495715046839,gpu_hist,COMPLETE
869,0.8022910055496637,0.3295235947377757,0.4281202702191893,logloss,0.01444114527951788,0.025247802911416616,11,286,binary:logistic,0.887516563392292,gpu_hist,COMPLETE
870,0.8032610629130698,0.04709795750685006,0.41413629441432487,logloss,7.245695204663637,0.02376635291027904,20,225,binary:logistic,0.9027577963794685,gpu_hist,COMPLETE
871,0.8032775684580313,0.0866904493704565,0.4829637351134043,logloss,1.5485060110184339,0.02745279318034626,20,276,binary:logistic,0.8582657523625815,gpu_hist,COMPLETE
872,0.7939726039806375,0.07175750201882569,0.44241231727493435,logloss,0.010236716327045174,0.00317304877582287,20,290,binary:logistic,0.872052826844256,gpu_hist,COMPLETE
873,0.8030977502751556,0.06098559895723067,0.8647200056614481,logloss,0.016502375213451072,0.02180451360965037,20,271,binary:logistic,0.8447298069919152,gpu_hist,COMPLETE
874,0.8032550558142787,0.4322562051766587,0.4608546270157525,logloss,0.00814563449762812,0.024315669129318616,20,282,binary:logistic,0.8297582775739868,gpu_hist,COMPLETE
875,0.8015081498336324,0.20413448494065853,0.40774566629076225,logloss,2.8466873166654882,0.029241252880835428,7,291,binary:logistic,0.8826469854379569,gpu_hist,COMPLETE
876,0.8033112473787523,0.25349091483221553,0.3189566120642255,logloss,0.018950366934071733,0.021990964531054646,20,278,binary:logistic,0.9133194366713517,gpu_hist,COMPLETE
877,0.8031524282133322,0.09280824360802212,0.43246121441313007,logloss,0.006545259757424726,0.02663267667703395,20,284,binary:logistic,0.8650894443395544,gpu_hist,COMPLETE
878,0.8031489471670963,0.0542964733372999,0.3273135502249269,logloss,0.010087780042881689,0.023797907733224943,20,272,binary:logistic,0.900380299335064,gpu_hist,COMPLETE
879,0.8024925857750164,0.364310807908032,0.4536040700645129,logloss,3.932750702573133,0.03774850311164886,20,300,binary:logistic,0.8864871486972619,gpu_hist,COMPLETE
880,0.8001911552972393,0.0381543148338339,0.8290008049686817,logloss,0.07215718731176314,0.030626605908947113,5,286,binary:logistic,0.9288976891930391,gpu_hist,COMPLETE
881,0.8034175066366009,0.09658371695422084,0.47881275956757147,logloss,0.0347866370358834,0.025889525836905125,20,278,binary:logistic,0.8463395496473991,gpu_hist,COMPLETE
882,0.802643689140752,0.09662778698755113,0.499514270158838,logloss,0.02657723229398937,0.02166588455425094,15,270,binary:logistic,0.8553827772055096,gpu_hist,COMPLETE
883,0.8032325502542407,0.10149750566751649,0.4871329046049391,logloss,0.03100537203155072,0.023872504618370555,20,276,binary:logistic,0.8439526808237792,gpu_hist,COMPLETE
884,0.8033789956963278,0.08216674302924923,0.490553693638654,logloss,0.03395820931508487,0.021905202513795182,20,271,binary:logistic,0.8325399195822858,gpu_hist,COMPLETE
885,0.7979444929387722,0.08276597909276076,0.48162513921935696,logloss,0.024217906231521626,0.005587495789755925,20,268,binary:logistic,0.8290635167078826,gpu_hist,COMPLETE
886,0.8031734767622988,0.07183157748566601,0.31266378261727207,logloss,0.02914221420709085,0.021043538463222645,20,267,binary:logistic,0.8327007691153729,gpu_hist,COMPLETE
887,0.7979491754374606,0.09824441458049395,0.33626517338675754,logloss,0.03693701361473498,0.01186267407598783,9,273,binary:logistic,0.8423372941450092,gpu_hist,COMPLETE
888,0.8031223015574223,0.06825218919845318,0.49422271749582175,logloss,0.03403629857216152,0.021390251555719875,20,269,binary:logistic,0.8331933244958599,gpu_hist,COMPLETE
889,0.8031220173914948,0.08925402051900679,0.47005051570852135,logloss,0.024165571781365778,0.022292733851054045,20,274,binary:logistic,0.4841066272350614,gpu_hist,COMPLETE
890,0.8031503326326525,0.05814601947713205,0.30102326124957507,logloss,0.033338850233496864,0.02031399594384458,20,266,binary:logistic,0.8457663164961651,gpu_hist,COMPLETE
