Trial 330 finished with value: 0.799957945142801 and parameters: {'objective': 'binary:logistic', 'tree_method': 'gpu_hist', 'lambda': 0.028479670959732976, 'alpha': 0.08671370462419835, 'colsample_bytree': 0.4072071357141649, 'subsample': 0.7874694740075695, 'learning_rate': 0.029414773782527118, 'max_depth': 5, 'min_child_weight': 263, 'eval_metric': 'logloss'}. Best is trial 254 with value: 0.8034457656439646.
start listen on 192.168.1.101:57999
@tracker All of 4 nodes getting started
@tracker All nodes finishes job
Trial 331 finished with value: 0.8027041006373636 and parameters: {'objective': 'binary:logistic', 'tree_method': 'gpu_hist', 'lambda': 0.016382030352687774, 'alpha': 0.05973118486205181, 'colsample_bytree': 0.41750360062424247, 'subsample': 0.8145046583486494, 'learning_rate': 0.02528718262124989, 'max_depth': 15, 'min_child_weight': 293, 'eval_metric': 'logloss'}. Best is trial 254 with value: 0.8034457656439646.
start listen on 192.168.1.101:38177
@tracker All of 4 nodes getting started
@tracker All nodes finishes job
Trial 332 finished with value: 0.803230091823913 and parameters: {'objective': 'binary:logistic', 'tree_method': 'gpu_hist', 'lambda': 0.045644225474869904, 'alpha': 0.03644654255126971, 'colsample_bytree': 0.36171091615362694, 'subsample': 0.8480502356407772, 'learning_rate': 0.021978176337491433, 'max_depth': 20, 'min_child_weight': 284, 'eval_metric': 'logloss'}. Best is trial 254 with value: 0.8034457656439646.
start listen on 192.168.1.101:43029
@tracker All of 4 nodes getting started
@tracker All nodes finishes job
Trial 333 finished with value: 0.8031643404599169 and parameters: {'objective': 'binary:logistic', 'tree_method': 'gpu_hist', 'lambda': 0.07236000313483744, 'alpha': 0.05023155566574187, 'colsample_bytree': 0.3266112102076598, 'subsample': 0.894155940824173, 'learning_rate': 0.02781525933251722, 'max_depth': 20, 'min_child_weight': 273, 'eval_metric': 'logloss'}. Best is trial 254 with value: 0.8034457656439646.
start listen on 192.168.1.101:33015
@tracker All of 4 nodes getting started
@tracker All nodes finishes job
Trial 334 finished with value: 0.8033819063400844 and parameters: {'objective': 'binary:logistic', 'tree_method': 'gpu_hist', 'lambda': 0.03276656923575253, 'alpha': 0.07305700154075667, 'colsample_bytree': 0.4273158560155732, 'subsample': 0.7717790405584035, 'learning_rate': 0.02448101252297178, 'max_depth': 20, 'min_child_weight': 278, 'eval_metric': 'logloss'}. Best is trial 254 with value: 0.8034457656439646.
start listen on 192.168.1.101:45329
@tracker All of 4 nodes getting started
@tracker All nodes finishes job
Trial 335 finished with value: 0.8018782741289633 and parameters: {'objective': 'binary:logistic', 'tree_method': 'gpu_hist', 'lambda': 0.054919761969700324, 'alpha': 0.09278464865264774, 'colsample_bytree': 0.39770742171626083, 'subsample': 0.7751929234844922, 'learning_rate': 0.025908244507851334, 'max_depth': 9, 'min_child_weight': 267, 'eval_metric': 'logloss'}. Best is trial 254 with value: 0.8034457656439646.
start listen on 192.168.1.101:32969
@tracker All of 4 nodes getting started
@tracker All nodes finishes job
Trial 336 finished with value: 0.8032983110450259 and parameters: {'objective': 'binary:logistic', 'tree_method': 'gpu_hist', 'lambda': 0.036363763553875134, 'alpha': 0.0726614196756609, 'colsample_bytree': 0.42307955306299333, 'subsample': 0.774340870414203, 'learning_rate': 0.0198328779631213, 'max_depth': 20, 'min_child_weight': 277, 'eval_metric': 'logloss'}. Best is trial 254 with value: 0.8034457656439646.
start listen on 192.168.1.101:41215
@tracker All of 4 nodes getting started
@tracker All nodes finishes job
Trial 337 finished with value: 0.8028378688462011 and parameters: {'objective': 'binary:logistic', 'tree_method': 'gpu_hist', 'lambda': 0.048127702422688795, 'alpha': 0.11954102805258433, 'colsample_bytree': 0.4885349453359465, 'subsample': 0.7693015126468097, 'learning_rate': 0.014988703931789374, 'max_depth': 20, 'min_child_weight': 259, 'eval_metric': 'logloss'}. Best is trial 254 with value: 0.8034457656439646.
start listen on 192.168.1.101:43675
@tracker All of 4 nodes getting started
@tracker All nodes finishes job
Trial 338 finished with value: 0.8032291963334329 and parameters: {'objective': 'binary:logistic', 'tree_method': 'gpu_hist', 'lambda': 0.02266627848398293, 'alpha': 0.08256482999564232, 'colsample_bytree': 0.3479092857128585, 'subsample': 0.9612494107405913, 'learning_rate': 0.024494499376895195, 'max_depth': 20, 'min_child_weight': 273, 'eval_metric': 'logloss'}. Best is trial 254 with value: 0.8034457656439646.
start listen on 192.168.1.101:57791
@tracker All of 4 nodes getting started
@tracker All nodes finishes job
Trial 339 finished with value: 0.7969499678264393 and parameters: {'objective': 'binary:logistic', 'tree_method': 'gpu_hist', 'lambda': 0.0759548957331587, 'alpha': 0.04459143007912813, 'colsample_bytree': 0.37005041517492826, 'subsample': 0.7868678656669532, 'learning_rate': 0.03161443626212692, 'max_depth': 3, 'min_child_weight': 280, 'eval_metric': 'logloss'}. Best is trial 254 with value: 0.8034457656439646.
start listen on 192.168.1.101:57639
@tracker All of 4 nodes getting started
@tracker All nodes finishes job
Trial 340 finished with value: 0.8034000902349477 and parameters: {'objective': 'binary:logistic', 'tree_method': 'gpu_hist', 'lambda': 0.03495369693815101, 'alpha': 0.10463721374462856, 'colsample_bytree': 0.4075851132507174, 'subsample': 0.7995806663118751, 'learning_rate': 0.021934266970736974, 'max_depth': 20, 'min_child_weight': 269, 'eval_metric': 'logloss'}. Best is trial 254 with value: 0.8034457656439646.
start listen on 192.168.1.101:46505
@tracker All of 4 nodes getting started
@tracker All nodes finishes job
Trial 341 finished with value: 0.8032071930087455 and parameters: {'objective': 'binary:logistic', 'tree_method': 'gpu_hist', 'lambda': 0.019461121800325262, 'alpha': 0.13447898608639489, 'colsample_bytree': 0.40780234366572077, 'subsample': 0.7910605852440259, 'learning_rate': 0.02759026158257394, 'max_depth': 20, 'min_child_weight': 265, 'eval_metric': 'logloss'}. Best is trial 254 with value: 0.8034457656439646.
start listen on 192.168.1.101:38511
@tracker All of 4 nodes getting started
@tracker All nodes finishes job
Trial 342 finished with value: 0.8026476546585628 and parameters: {'objective': 'binary:logistic', 'tree_method': 'gpu_hist', 'lambda': 0.01493872355860353, 'alpha': 0.11835212331868505, 'colsample_bytree': 0.4268326561564698, 'subsample': 0.8013995272406437, 'learning_rate': 0.0226741684589659, 'max_depth': 13, 'min_child_weight': 260, 'eval_metric': 'logloss'}. Best is trial 254 with value: 0.8034457656439646.
start listen on 192.168.1.101:36467
@tracker All of 4 nodes getting started
@tracker All nodes finishes job
Trial 343 finished with value: 0.8031377023153882 and parameters: {'objective': 'binary:logistic', 'tree_method': 'gpu_hist', 'lambda': 0.8591455772179064, 'alpha': 0.09972274585107722, 'colsample_bytree': 0.40208770908657177, 'subsample': 0.8050688463701732, 'learning_rate': 0.018070083991587133, 'max_depth': 20, 'min_child_weight': 268, 'eval_metric': 'logloss'}. Best is trial 254 with value: 0.8034457656439646.
start listen on 192.168.1.101:42947
@tracker All of 4 nodes getting started
@tracker All nodes finishes job
Trial 344 finished with value: 0.8032430572553586 and parameters: {'objective': 'binary:logistic', 'tree_method': 'gpu_hist', 'lambda': 0.033525815069492364, 'alpha': 0.10439269323910771, 'colsample_bytree': 0.4525016420143848, 'subsample': 0.7849142201878394, 'learning_rate': 0.024274217018489936, 'max_depth': 20, 'min_child_weight': 256, 'eval_metric': 'logloss'}. Best is trial 254 with value: 0.8034457656439646.
start listen on 192.168.1.101:41939
@tracker All of 4 nodes getting started
@tracker All nodes finishes job
Trial 345 finished with value: 0.8023243640140432 and parameters: {'objective': 'binary:logistic', 'tree_method': 'gpu_hist', 'lambda': 0.023456120911940246, 'alpha': 0.3451389851107815, 'colsample_bytree': 0.3897156094096236, 'subsample': 0.8113286270236644, 'learning_rate': 0.02619394819544475, 'max_depth': 20, 'min_child_weight': 62, 'eval_metric': 'logloss'}. Best is trial 254 with value: 0.8034457656439646.
start listen on 192.168.1.101:37225
@tracker All of 4 nodes getting started
@tracker All nodes finishes job
Trial 346 finished with value: 0.8032953572451015 and parameters: {'objective': 'binary:logistic', 'tree_method': 'gpu_hist', 'lambda': 0.012085258752041519, 'alpha': 0.19002358021941848, 'colsample_bytree': 0.41883499966363547, 'subsample': 0.7959907569627117, 'learning_rate': 0.021016891599696087, 'max_depth': 20, 'min_child_weight': 271, 'eval_metric': 'logloss'}. Best is trial 254 with value: 0.8034457656439646.
start listen on 192.168.1.101:53269
@tracker All of 4 nodes getting started
@tracker All nodes finishes job
Trial 347 finished with value: 0.8029049956495734 and parameters: {'objective': 'binary:logistic', 'tree_method': 'gpu_hist', 'lambda': 0.09379565748492029, 'alpha': 0.260203659494961, 'colsample_bytree': 0.44135057817344486, 'subsample': 0.8190127440796827, 'learning_rate': 0.029663575726325185, 'max_depth': 17, 'min_child_weight': 263, 'eval_metric': 'logloss'}. Best is trial 254 with value: 0.8034457656439646.
start listen on 192.168.1.101:47453
@tracker All of 4 nodes getting started
@tracker All nodes finishes job
Trial 348 finished with value: 0.8024212150638576 and parameters: {'objective': 'binary:logistic', 'tree_method': 'gpu_hist', 'lambda': 0.06389890615804043, 'alpha': 0.14099020411592733, 'colsample_bytree': 0.4084689791982108, 'subsample': 0.7665506568308109, 'learning_rate': 0.035302011256560566, 'max_depth': 20, 'min_child_weight': 276, 'eval_metric': 'logloss'}. Best is trial 254 with value: 0.8034457656439646.
start listen on 192.168.1.101:55673
@tracker All of 4 nodes getting started
@tracker All nodes finishes job
Trial 349 finished with value: 0.8029037689681998 and parameters: {'objective': 'binary:logistic', 'tree_method': 'gpu_hist', 'lambda': 0.030743913372631618, 'alpha': 0.08555242469817559, 'colsample_bytree': 0.48168490319100665, 'subsample': 0.8345812990958592, 'learning_rate': 0.01642180243089433, 'max_depth': 20, 'min_child_weight': 269, 'eval_metric': 'logloss'}. Best is trial 254 with value: 0.8034457656439646.
start listen on 192.168.1.101:32817
@tracker All of 4 nodes getting started
@tracker All nodes finishes job
Trial 350 finished with value: 0.8018500957124736 and parameters: {'objective': 'binary:logistic', 'tree_method': 'gpu_hist', 'lambda': 0.3405130932719001, 'alpha': 0.07153635393795488, 'colsample_bytree': 0.4286453770670977, 'subsample': 0.8224054489530469, 'learning_rate': 0.019197645741596263, 'max_depth': 11, 'min_child_weight': 285, 'eval_metric': 'logloss'}. Best is trial 254 with value: 0.8034457656439646.
start listen on 192.168.1.101:48851
@tracker All of 4 nodes getting started
@tracker All nodes finishes job
Trial 351 finished with value: 0.8033332032970433 and parameters: {'objective': 'binary:logistic', 'tree_method': 'gpu_hist', 'lambda': 0.04527299550219282, 'alpha': 0.18051145496231064, 'colsample_bytree': 0.3876097603482678, 'subsample': 0.7819941500774819, 'learning_rate': 0.02258451269179648, 'max_depth': 20, 'min_child_weight': 273, 'eval_metric': 'logloss'}. Best is trial 254 with value: 0.8034457656439646.
start listen on 192.168.1.101:49079
@tracker All of 4 nodes getting started
@tracker All nodes finishes job
Trial 352 finished with value: 0.7967760649265179 and parameters: {'objective': 'binary:logistic', 'tree_method': 'gpu_hist', 'lambda': 0.04626764594910225, 'alpha': 0.16330357015767627, 'colsample_bytree': 0.8410445506195048, 'subsample': 0.7807045427422508, 'learning_rate': 0.004836094341965618, 'max_depth': 20, 'min_child_weight': 277, 'eval_metric': 'logloss'}. Best is trial 254 with value: 0.8034457656439646.
start listen on 192.168.1.101:33443
@tracker All of 4 nodes getting started
@tracker All nodes finishes job
Trial 353 finished with value: 0.8032628856617648 and parameters: {'objective': 'binary:logistic', 'tree_method': 'gpu_hist', 'lambda': 0.05772434944058302, 'alpha': 0.10782073876701864, 'colsample_bytree': 0.45927273331701113, 'subsample': 0.7698405406632068, 'learning_rate': 0.024741954180435913, 'max_depth': 20, 'min_child_weight': 283, 'eval_metric': 'logloss'}. Best is trial 254 with value: 0.8034457656439646.
start listen on 192.168.1.101:59365
@tracker All of 4 nodes getting started
@tracker All nodes finishes job
Trial 354 finished with value: 0.803086726489827 and parameters: {'objective': 'binary:logistic', 'tree_method': 'gpu_hist', 'lambda': 0.03777983585237038, 'alpha': 0.18079995567492466, 'colsample_bytree': 0.3923998169739567, 'subsample': 0.7921679511888281, 'learning_rate': 0.02276124810186366, 'max_depth': 20, 'min_child_weight': 273, 'eval_metric': 'logloss'}. Best is trial 254 with value: 0.8034457656439646.
start listen on 192.168.1.101:46715
@tracker All of 4 nodes getting started
@tracker All nodes finishes job
Trial 355 finished with value: 0.8009912853047152 and parameters: {'objective': 'binary:logistic', 'tree_method': 'gpu_hist', 'lambda': 0.04618726699521621, 'alpha': 0.02530553567088053, 'colsample_bytree': 0.40659649292407174, 'subsample': 0.7799657434330504, 'learning_rate': 0.009220944812383981, 'max_depth': 20, 'min_child_weight': 288, 'eval_metric': 'logloss'}. Best is trial 254 with value: 0.8034457656439646.
start listen on 192.168.1.101:50467
@tracker All of 4 nodes getting started
@tracker All nodes finishes job
Trial 356 finished with value: 0.8032138924588839 and parameters: {'objective': 'binary:logistic', 'tree_method': 'gpu_hist', 'lambda': 0.06252702046764466, 'alpha': 0.12280054645934387, 'colsample_bytree': 0.4201705022253892, 'subsample': 0.7621058262605915, 'learning_rate': 0.02582832124487505, 'max_depth': 20, 'min_child_weight': 271, 'eval_metric': 'logloss'}. Best is trial 254 with value: 0.8034457656439646.
start listen on 192.168.1.101:59247
@tracker All of 4 nodes getting started
@tracker All nodes finishes job
Trial 357 finished with value: 0.8031308486582364 and parameters: {'objective': 'binary:logistic', 'tree_method': 'gpu_hist', 'lambda': 0.08282204394329484, 'alpha': 0.14486035549144013, 'colsample_bytree': 0.30270625925836436, 'subsample': 0.8035226190834124, 'learning_rate': 0.028208064024701558, 'max_depth': 20, 'min_child_weight': 279, 'eval_metric': 'logloss'}. Best is trial 254 with value: 0.8034457656439646.
start listen on 192.168.1.101:43651
@tracker All of 4 nodes getting started
@tracker All nodes finishes job
Trial 358 finished with value: 0.8029407697695432 and parameters: {'objective': 'binary:logistic', 'tree_method': 'gpu_hist', 'lambda': 0.052659452978867864, 'alpha': 0.08635760406565152, 'colsample_bytree': 0.44093409612754086, 'subsample': 0.5846144732160261, 'learning_rate': 0.022621231560012736, 'max_depth': 20, 'min_child_weight': 267, 'eval_metric': 'logloss'}. Best is trial 254 with value: 0.8034457656439646.
start listen on 192.168.1.101:33725
@tracker All of 4 nodes getting started
@tracker All nodes finishes job
Trial 359 finished with value: 0.7997292022511133 and parameters: {'objective': 'binary:logistic', 'tree_method': 'gpu_hist', 'lambda': 0.03355419996178448, 'alpha': 0.06499341882838738, 'colsample_bytree': 0.3834581641192992, 'subsample': 0.7969168734765134, 'learning_rate': 0.019530505650711332, 'max_depth': 7, 'min_child_weight': 289, 'eval_metric': 'logloss'}. Best is trial 254 with value: 0.8034457656439646.
start listen on 192.168.1.101:53677
@tracker All of 4 nodes getting started
@tracker All nodes finishes job
Trial 360 finished with value: 0.8032197545049999 and parameters: {'objective': 'binary:logistic', 'tree_method': 'gpu_hist', 'lambda': 0.027255286879149392, 'alpha': 0.09891087639359324, 'colsample_bytree': 0.4691872712896267, 'subsample': 0.829394845483201, 'learning_rate': 0.02415386062779471, 'max_depth': 20, 'min_child_weight': 275, 'eval_metric': 'logloss'}. Best is trial 254 with value: 0.8034457656439646.
start listen on 192.168.1.101:56947
@tracker All of 4 nodes getting started
@tracker All nodes finishes job
Trial 361 finished with value: 0.803328999548468 and parameters: {'objective': 'binary:logistic', 'tree_method': 'gpu_hist', 'lambda': 0.043629349878982565, 'alpha': 0.07046041304721214, 'colsample_bytree': 0.42964175167920976, 'subsample': 0.7835005764686462, 'learning_rate': 0.021580025074886357, 'max_depth': 20, 'min_child_weight': 282, 'eval_metric': 'logloss'}. Best is trial 254 with value: 0.8034457656439646.
start listen on 192.168.1.101:51723
@tracker All of 4 nodes getting started
@tracker All nodes finishes job
Trial 362 finished with value: 0.8030501415025189 and parameters: {'objective': 'binary:logistic', 'tree_method': 'gpu_hist', 'lambda': 0.039214643830916954, 'alpha': 0.08007447453869843, 'colsample_bytree': 0.416367366093091, 'subsample': 0.8068549285946401, 'learning_rate': 0.0177309852532913, 'max_depth': 20, 'min_child_weight': 282, 'eval_metric': 'logloss'}. Best is trial 254 with value: 0.8034457656439646.
start listen on 192.168.1.101:60697
@tracker All of 4 nodes getting started
@tracker All nodes finishes job
Trial 363 finished with value: 0.797960928736392 and parameters: {'objective': 'binary:logistic', 'tree_method': 'gpu_hist', 'lambda': 0.045218679709461494, 'alpha': 0.07376234235941515, 'colsample_bytree': 0.3988433076150622, 'subsample': 0.8381093509748959, 'learning_rate': 0.021399870582209976, 'max_depth': 5, 'min_child_weight': 260, 'eval_metric': 'logloss'}. Best is trial 254 with value: 0.8034457656439646.
start listen on 192.168.1.101:52105
@tracker All of 4 nodes getting started
@tracker All nodes finishes job
Trial 364 finished with value: 0.8025837995504214 and parameters: {'objective': 'binary:logistic', 'tree_method': 'gpu_hist', 'lambda': 0.03288614790310038, 'alpha': 0.057853089974843674, 'colsample_bytree': 0.427903792245159, 'subsample': 0.7541542433660737, 'learning_rate': 0.02094096694387887, 'max_depth': 15, 'min_child_weight': 270, 'eval_metric': 'logloss'}. Best is trial 254 with value: 0.8034457656439646.
start listen on 192.168.1.101:60985
@tracker All of 4 nodes getting started
@tracker All nodes finishes job
Trial 365 finished with value: 0.80320725905076 and parameters: {'objective': 'binary:logistic', 'tree_method': 'gpu_hist', 'lambda': 0.04221976106066592, 'alpha': 0.09502328073528402, 'colsample_bytree': 0.4067796969646729, 'subsample': 0.7896544383800291, 'learning_rate': 0.019908957530207785, 'max_depth': 20, 'min_child_weight': 276, 'eval_metric': 'logloss'}. Best is trial 254 with value: 0.8034457656439646.
start listen on 192.168.1.101:51927
@tracker All of 4 nodes getting started
@tracker All nodes finishes job
Trial 366 finished with value: 0.8032572737797473 and parameters: {'objective': 'binary:logistic', 'tree_method': 'gpu_hist', 'lambda': 0.051398172514150235, 'alpha': 0.07011252332120796, 'colsample_bytree': 0.43369392948766, 'subsample': 0.7745903426093166, 'learning_rate': 0.02274212212550995, 'max_depth': 20, 'min_child_weight': 265, 'eval_metric': 'logloss'}. Best is trial 254 with value: 0.8034457656439646.
start listen on 192.168.1.101:32943
@tracker All of 4 nodes getting started
@tracker All nodes finishes job
Trial 367 finished with value: 0.8029696288220064 and parameters: {'objective': 'binary:logistic', 'tree_method': 'gpu_hist', 'lambda': 0.6375852785862124, 'alpha': 0.060540061941493896, 'colsample_bytree': 0.38646147282915666, 'subsample': 0.82334807345291, 'learning_rate': 0.01875284603008853, 'max_depth': 20, 'min_child_weight': 282, 'eval_metric': 'logloss'}. Best is trial 254 with value: 0.8034457656439646.
start listen on 192.168.1.101:51063
@tracker All of 4 nodes getting started
@tracker All nodes finishes job
Trial 368 finished with value: 0.796818029722462 and parameters: {'objective': 'binary:logistic', 'tree_method': 'gpu_hist', 'lambda': 0.40664900219959205, 'alpha': 0.1161456137073546, 'colsample_bytree': 0.632902560645566, 'subsample': 0.8434469527396015, 'learning_rate': 0.010388223356493777, 'max_depth': 9, 'min_child_weight': 275, 'eval_metric': 'logloss'}. Best is trial 254 with value: 0.8034457656439646.
start listen on 192.168.1.101:53607
@tracker All of 4 nodes getting started
@tracker All nodes finishes job
Trial 369 finished with value: 0.80296333853811 and parameters: {'objective': 'binary:logistic', 'tree_method': 'gpu_hist', 'lambda': 0.02586525200211206, 'alpha': 0.08370776433547104, 'colsample_bytree': 0.4161182227512699, 'subsample': 0.8052134216563359, 'learning_rate': 0.027528586286236195, 'max_depth': 20, 'min_child_weight': 222, 'eval_metric': 'logloss'}. Best is trial 254 with value: 0.8034457656439646.
start listen on 192.168.1.101:48603
@tracker All of 4 nodes getting started
@tracker All nodes finishes job
Trial 370 finished with value: 0.8033127578991127 and parameters: {'objective': 'binary:logistic', 'tree_method': 'gpu_hist', 'lambda': 0.03585425912414797, 'alpha': 0.20601505325765418, 'colsample_bytree': 0.3972216859455224, 'subsample': 0.8151458955731324, 'learning_rate': 0.02548579357733713, 'max_depth': 20, 'min_child_weight': 255, 'eval_metric': 'logloss'}. Best is trial 254 with value: 0.8034457656439646.
start listen on 192.168.1.101:36867
@tracker All of 4 nodes getting started
@tracker All nodes finishes job
