Trial 207 finished with value: 0.8016534117505137 and parameters: {'objective': 'binary:logistic', 'tree_method': 'gpu_hist', 'lambda': 0.02375988475607629, 'alpha': 0.29520135108434065, 'colsample_bytree': 0.4162532586502645, 'subsample': 0.8377054930978611, 'learning_rate': 0.02067134083285553, 'max_depth': 20, 'min_child_weight': 11, 'eval_metric': 'logloss'}. Best is trial 186 with value: 0.8034102340594776.
start listen on 192.168.1.101:38787
@tracker All of 4 nodes getting started
@tracker All nodes finishes job
Trial 208 finished with value: 0.803248365463989 and parameters: {'objective': 'binary:logistic', 'tree_method': 'gpu_hist', 'lambda': 0.01872041028624334, 'alpha': 0.49353480639482816, 'colsample_bytree': 0.39603513741954727, 'subsample': 0.8196673269170816, 'learning_rate': 0.021381409366900386, 'max_depth': 20, 'min_child_weight': 247, 'eval_metric': 'logloss'}. Best is trial 186 with value: 0.8034102340594776.
start listen on 192.168.1.101:48639
@tracker All of 4 nodes getting started
@tracker All nodes finishes job
Trial 209 finished with value: 0.8029829328005101 and parameters: {'objective': 'binary:logistic', 'tree_method': 'gpu_hist', 'lambda': 0.012121554387805851, 'alpha': 0.7021617452708879, 'colsample_bytree': 0.4317115083271196, 'subsample': 0.8222637004566231, 'learning_rate': 0.01672226484637991, 'max_depth': 20, 'min_child_weight': 263, 'eval_metric': 'logloss'}. Best is trial 186 with value: 0.8034102340594776.
start listen on 192.168.1.101:46375
@tracker All of 4 nodes getting started
@tracker All nodes finishes job
Trial 210 finished with value: 0.8030570307417129 and parameters: {'objective': 'binary:logistic', 'tree_method': 'gpu_hist', 'lambda': 0.026220553192927924, 'alpha': 0.34284354797867983, 'colsample_bytree': 0.43378479866281433, 'subsample': 0.8965215531997849, 'learning_rate': 0.018493966335584245, 'max_depth': 20, 'min_child_weight': 257, 'eval_metric': 'logloss'}. Best is trial 186 with value: 0.8034102340594776.
start listen on 192.168.1.101:35643
@tracker All of 4 nodes getting started
@tracker All nodes finishes job
Trial 211 finished with value: 0.8030394606234572 and parameters: {'objective': 'binary:logistic', 'tree_method': 'gpu_hist', 'lambda': 0.014379043223565896, 'alpha': 0.2274966631145008, 'colsample_bytree': 0.4084704754774793, 'subsample': 0.8404107305602181, 'learning_rate': 0.025973638113834272, 'max_depth': 20, 'min_child_weight': 238, 'eval_metric': 'logloss'}. Best is trial 186 with value: 0.8034102340594776.
start listen on 192.168.1.101:35211
@tracker All of 4 nodes getting started
@tracker All nodes finishes job
Trial 212 finished with value: 0.80304245305687 and parameters: {'objective': 'binary:logistic', 'tree_method': 'gpu_hist', 'lambda': 0.026204710095007272, 'alpha': 0.27394992914966165, 'colsample_bytree': 0.39503639126385576, 'subsample': 0.8769348878061798, 'learning_rate': 0.02847622990100114, 'max_depth': 20, 'min_child_weight': 267, 'eval_metric': 'logloss'}. Best is trial 186 with value: 0.8034102340594776.
start listen on 192.168.1.101:42879
@tracker All of 4 nodes getting started
@tracker All nodes finishes job
Trial 213 finished with value: 0.8032786857232626 and parameters: {'objective': 'binary:logistic', 'tree_method': 'gpu_hist', 'lambda': 0.01697889166260319, 'alpha': 0.15231961559023857, 'colsample_bytree': 0.381840920343025, 'subsample': 0.8572332268559363, 'learning_rate': 0.024681294059320125, 'max_depth': 20, 'min_child_weight': 253, 'eval_metric': 'logloss'}. Best is trial 186 with value: 0.8034102340594776.
start listen on 192.168.1.101:54761
@tracker All of 4 nodes getting started
@tracker All nodes finishes job
Trial 214 finished with value: 0.8033049229295562 and parameters: {'objective': 'binary:logistic', 'tree_method': 'gpu_hist', 'lambda': 0.009411793159114418, 'alpha': 0.16112409010637152, 'colsample_bytree': 0.380753167582311, 'subsample': 0.8591012309438489, 'learning_rate': 0.02082465086375069, 'max_depth': 20, 'min_child_weight': 245, 'eval_metric': 'logloss'}. Best is trial 186 with value: 0.8034102340594776.
start listen on 192.168.1.101:54705
@tracker All of 4 nodes getting started
@tracker All nodes finishes job
Trial 215 finished with value: 0.8000812834540271 and parameters: {'objective': 'binary:logistic', 'tree_method': 'gpu_hist', 'lambda': 0.010030845501278921, 'alpha': 0.15597216799184835, 'colsample_bytree': 0.3765479914347015, 'subsample': 0.8610088885653606, 'learning_rate': 0.020870472134599426, 'max_depth': 7, 'min_child_weight': 244, 'eval_metric': 'logloss'}. Best is trial 186 with value: 0.8034102340594776.
start listen on 192.168.1.101:38147
@tracker All of 4 nodes getting started
@tracker All nodes finishes job
Trial 216 finished with value: 0.8031797091232077 and parameters: {'objective': 'binary:logistic', 'tree_method': 'gpu_hist', 'lambda': 0.0025229546144373382, 'alpha': 0.22100466116569376, 'colsample_bytree': 0.3841787740933875, 'subsample': 0.8487760091944334, 'learning_rate': 0.01905054463330765, 'max_depth': 20, 'min_child_weight': 251, 'eval_metric': 'logloss'}. Best is trial 186 with value: 0.8034102340594776.
start listen on 192.168.1.101:58277
@tracker All of 4 nodes getting started
@tracker All nodes finishes job
Trial 217 finished with value: 0.8031669977246585 and parameters: {'objective': 'binary:logistic', 'tree_method': 'gpu_hist', 'lambda': 0.005491362616370492, 'alpha': 0.3415723103213944, 'colsample_bytree': 0.4013581958177869, 'subsample': 0.8647380275187866, 'learning_rate': 0.02474973026558939, 'max_depth': 20, 'min_child_weight': 237, 'eval_metric': 'logloss'}. Best is trial 186 with value: 0.8034102340594776.
start listen on 192.168.1.101:58625
@tracker All of 4 nodes getting started
@tracker All nodes finishes job
Trial 218 finished with value: 0.8032706232574935 and parameters: {'objective': 'binary:logistic', 'tree_method': 'gpu_hist', 'lambda': 0.00875682066507677, 'alpha': 0.16282732545144915, 'colsample_bytree': 0.41499526793055946, 'subsample': 0.8343394320885855, 'learning_rate': 0.022045997115404, 'max_depth': 20, 'min_child_weight': 260, 'eval_metric': 'logloss'}. Best is trial 186 with value: 0.8034102340594776.
start listen on 192.168.1.101:33857
@tracker All of 4 nodes getting started
@tracker All nodes finishes job
Trial 219 finished with value: 0.8032934682364318 and parameters: {'objective': 'binary:logistic', 'tree_method': 'gpu_hist', 'lambda': 0.01690761213624164, 'alpha': 0.1779685013213848, 'colsample_bytree': 0.4274226382094334, 'subsample': 0.8329792840728094, 'learning_rate': 0.02134939336301664, 'max_depth': 20, 'min_child_weight': 244, 'eval_metric': 'logloss'}. Best is trial 186 with value: 0.8034102340594776.
start listen on 192.168.1.101:60723
@tracker All of 4 nodes getting started
@tracker All nodes finishes job
Trial 220 finished with value: 0.7983732799250998 and parameters: {'objective': 'binary:logistic', 'tree_method': 'gpu_hist', 'lambda': 0.007693081750562338, 'alpha': 0.17127217919557824, 'colsample_bytree': 0.4286632420720475, 'subsample': 0.8315647471658895, 'learning_rate': 0.02269539891492719, 'max_depth': 5, 'min_child_weight': 244, 'eval_metric': 'logloss'}. Best is trial 186 with value: 0.8034102340594776.
start listen on 192.168.1.101:45593
@tracker All of 4 nodes getting started
@tracker All nodes finishes job
Trial 221 finished with value: 0.8032233647472886 and parameters: {'objective': 'binary:logistic', 'tree_method': 'gpu_hist', 'lambda': 0.014598573403033832, 'alpha': 0.1322569570801118, 'colsample_bytree': 0.4128939779359953, 'subsample': 0.8384944482395126, 'learning_rate': 0.019780909359046594, 'max_depth': 20, 'min_child_weight': 252, 'eval_metric': 'logloss'}. Best is trial 186 with value: 0.8034102340594776.
start listen on 192.168.1.101:60493
@tracker All of 4 nodes getting started
@tracker All nodes finishes job
Trial 222 finished with value: 0.8033107933671494 and parameters: {'objective': 'binary:logistic', 'tree_method': 'gpu_hist', 'lambda': 0.017947363207779482, 'alpha': 0.24706260273823852, 'colsample_bytree': 0.38272051392374606, 'subsample': 0.8165305161144473, 'learning_rate': 0.021581706915308512, 'max_depth': 20, 'min_child_weight': 263, 'eval_metric': 'logloss'}. Best is trial 186 with value: 0.8034102340594776.
start listen on 192.168.1.101:59403
@tracker All of 4 nodes getting started
@tracker All nodes finishes job
Trial 223 finished with value: 0.8032713354977313 and parameters: {'objective': 'binary:logistic', 'tree_method': 'gpu_hist', 'lambda': 0.021776609677324615, 'alpha': 0.2448889388565618, 'colsample_bytree': 0.37264677916907596, 'subsample': 0.8152705902462044, 'learning_rate': 0.02178311229588186, 'max_depth': 20, 'min_child_weight': 262, 'eval_metric': 'logloss'}. Best is trial 186 with value: 0.8034102340594776.
start listen on 192.168.1.101:57175
@tracker All of 4 nodes getting started
@tracker All nodes finishes job
Trial 224 finished with value: 0.8032842267681362 and parameters: {'objective': 'binary:logistic', 'tree_method': 'gpu_hist', 'lambda': 0.019454710395905635, 'alpha': 0.2127527643823766, 'colsample_bytree': 0.37576781857913316, 'subsample': 0.8134068224088715, 'learning_rate': 0.021816166283562668, 'max_depth': 20, 'min_child_weight': 263, 'eval_metric': 'logloss'}. Best is trial 186 with value: 0.8034102340594776.
start listen on 192.168.1.101:47699
@tracker All of 4 nodes getting started
@tracker All nodes finishes job
Trial 225 finished with value: 0.8032297264132304 and parameters: {'objective': 'binary:logistic', 'tree_method': 'gpu_hist', 'lambda': 0.017812676938981923, 'alpha': 0.26228340668556127, 'colsample_bytree': 0.3692438965303992, 'subsample': 0.8156330119926533, 'learning_rate': 0.023998130851995023, 'max_depth': 20, 'min_child_weight': 264, 'eval_metric': 'logloss'}. Best is trial 186 with value: 0.8034102340594776.
start listen on 192.168.1.101:46951
@tracker All of 4 nodes getting started
@tracker All nodes finishes job
Trial 226 finished with value: 0.8033545713760193 and parameters: {'objective': 'binary:logistic', 'tree_method': 'gpu_hist', 'lambda': 0.020922125481542743, 'alpha': 0.22550267301327154, 'colsample_bytree': 0.3209056925486935, 'subsample': 0.8077215849114034, 'learning_rate': 0.02131877082171826, 'max_depth': 20, 'min_child_weight': 268, 'eval_metric': 'logloss'}. Best is trial 186 with value: 0.8034102340594776.
start listen on 192.168.1.101:60413
@tracker All of 4 nodes getting started
@tracker All nodes finishes job
Trial 227 finished with value: 0.8031707920890315 and parameters: {'objective': 'binary:logistic', 'tree_method': 'gpu_hist', 'lambda': 0.020015677938283054, 'alpha': 0.22728533623353267, 'colsample_bytree': 0.3171510703103286, 'subsample': 0.8046098029702299, 'learning_rate': 0.02150066017396709, 'max_depth': 20, 'min_child_weight': 269, 'eval_metric': 'logloss'}. Best is trial 186 with value: 0.8034102340594776.
start listen on 192.168.1.101:55735
@tracker All of 4 nodes getting started
@tracker All nodes finishes job
Trial 228 finished with value: 0.8017151738935009 and parameters: {'objective': 'binary:logistic', 'tree_method': 'gpu_hist', 'lambda': 0.016730187712703775, 'alpha': 0.3067288658161201, 'colsample_bytree': 0.33657592143421833, 'subsample': 0.8113088341462735, 'learning_rate': 0.024829371400567936, 'max_depth': 9, 'min_child_weight': 265, 'eval_metric': 'logloss'}. Best is trial 186 with value: 0.8034102340594776.
start listen on 192.168.1.101:36149
@tracker All of 4 nodes getting started
@tracker All nodes finishes job
Trial 229 finished with value: 0.8027451461851389 and parameters: {'objective': 'binary:logistic', 'tree_method': 'gpu_hist', 'lambda': 0.02216719804943353, 'alpha': 0.19853028282420154, 'colsample_bytree': 0.34866162086997016, 'subsample': 0.8220399188344154, 'learning_rate': 0.02082566474862163, 'max_depth': 15, 'min_child_weight': 257, 'eval_metric': 'logloss'}. Best is trial 186 with value: 0.8034102340594776.
start listen on 192.168.1.101:35081
@tracker All of 4 nodes getting started
@tracker All nodes finishes job
Trial 230 finished with value: 0.8031541476487775 and parameters: {'objective': 'binary:logistic', 'tree_method': 'gpu_hist', 'lambda': 0.015318674558277486, 'alpha': 0.25092803658118873, 'colsample_bytree': 0.30507223891807844, 'subsample': 0.813380246348518, 'learning_rate': 0.018735505042251084, 'max_depth': 20, 'min_child_weight': 265, 'eval_metric': 'logloss'}. Best is trial 186 with value: 0.8034102340594776.
start listen on 192.168.1.101:41847
@tracker All of 4 nodes getting started
@tracker All nodes finishes job
Trial 231 finished with value: 0.8031712562357951 and parameters: {'objective': 'binary:logistic', 'tree_method': 'gpu_hist', 'lambda': 0.028465782199383196, 'alpha': 0.18342596576856354, 'colsample_bytree': 0.3761875548481467, 'subsample': 0.829038882391279, 'learning_rate': 0.022586712328277567, 'max_depth': 20, 'min_child_weight': 255, 'eval_metric': 'logloss'}. Best is trial 186 with value: 0.8034102340594776.
start listen on 192.168.1.101:55863
@tracker All of 4 nodes getting started
@tracker All nodes finishes job
Trial 232 finished with value: 0.8032076595530739 and parameters: {'objective': 'binary:logistic', 'tree_method': 'gpu_hist', 'lambda': 0.01229572643609426, 'alpha': 0.35030051099076637, 'colsample_bytree': 0.38913713641933434, 'subsample': 0.7993520034248526, 'learning_rate': 0.023917488428507407, 'max_depth': 20, 'min_child_weight': 275, 'eval_metric': 'logloss'}. Best is trial 186 with value: 0.8034102340594776.
start listen on 192.168.1.101:42123
@tracker All of 4 nodes getting started
@tracker All nodes finishes job
Trial 233 finished with value: 0.8034410558457306 and parameters: {'objective': 'binary:logistic', 'tree_method': 'gpu_hist', 'lambda': 0.018207922438323983, 'alpha': 0.2204516041439327, 'colsample_bytree': 0.38390309230324965, 'subsample': 0.8212157020410712, 'learning_rate': 0.021118004721344046, 'max_depth': 20, 'min_child_weight': 270, 'eval_metric': 'logloss'}. Best is trial 233 with value: 0.8034410558457306.
start listen on 192.168.1.101:59399
@tracker All of 4 nodes getting started
@tracker All nodes finishes job
Trial 234 finished with value: 0.8032322084922658 and parameters: {'objective': 'binary:logistic', 'tree_method': 'gpu_hist', 'lambda': 0.02214900962495076, 'alpha': 0.21756307397524532, 'colsample_bytree': 0.3591644960135757, 'subsample': 0.8216016279070731, 'learning_rate': 0.020804817383101193, 'max_depth': 20, 'min_child_weight': 271, 'eval_metric': 'logloss'}. Best is trial 233 with value: 0.8034410558457306.
start listen on 192.168.1.101:38433
@tracker All of 4 nodes getting started
@tracker All nodes finishes job
Trial 235 finished with value: 0.7932323777309213 and parameters: {'objective': 'binary:logistic', 'tree_method': 'gpu_hist', 'lambda': 0.0164765814310835, 'alpha': 0.2762583387679795, 'colsample_bytree': 0.3831287555197424, 'subsample': 0.8432430692247207, 'learning_rate': 0.0010949766946741432, 'max_depth': 20, 'min_child_weight': 263, 'eval_metric': 'logloss'}. Best is trial 233 with value: 0.8034410558457306.
start listen on 192.168.1.101:59727
@tracker All of 4 nodes getting started
@tracker All nodes finishes job
Trial 236 finished with value: 0.7951550844475569 and parameters: {'objective': 'binary:logistic', 'tree_method': 'gpu_hist', 'lambda': 0.020191851199360355, 'alpha': 0.1406529488189039, 'colsample_bytree': 0.39983653236135847, 'subsample': 0.8110974537674152, 'learning_rate': 0.025212078427049225, 'max_depth': 3, 'min_child_weight': 246, 'eval_metric': 'logloss'}. Best is trial 233 with value: 0.8034410558457306.
start listen on 192.168.1.101:40821
@tracker All of 4 nodes getting started
@tracker All nodes finishes job
Trial 237 finished with value: 0.8032214493109152 and parameters: {'objective': 'binary:logistic', 'tree_method': 'gpu_hist', 'lambda': 0.024634875399168987, 'alpha': 0.1637725479162917, 'colsample_bytree': 0.36509660279660766, 'subsample': 0.8346059157275331, 'learning_rate': 0.019544560408708795, 'max_depth': 20, 'min_child_weight': 262, 'eval_metric': 'logloss'}. Best is trial 233 with value: 0.8034410558457306.
start listen on 192.168.1.101:59075
@tracker All of 4 nodes getting started
@tracker All nodes finishes job
Trial 238 finished with value: 0.8031899526646402 and parameters: {'objective': 'binary:logistic', 'tree_method': 'gpu_hist', 'lambda': 0.030646434955958056, 'alpha': 0.22477224655835107, 'colsample_bytree': 0.3956000521399994, 'subsample': 0.8197905625153297, 'learning_rate': 0.021548820239567813, 'max_depth': 20, 'min_child_weight': 251, 'eval_metric': 'logloss'}. Best is trial 233 with value: 0.8034410558457306.
start listen on 192.168.1.101:45671
@tracker All of 4 nodes getting started
@tracker All nodes finishes job
Trial 239 finished with value: 0.8031082334640953 and parameters: {'objective': 'binary:logistic', 'tree_method': 'gpu_hist', 'lambda': 0.018634012930662382, 'alpha': 0.2568505339103864, 'colsample_bytree': 0.37790491505300206, 'subsample': 0.8035444680988219, 'learning_rate': 0.02702630153669873, 'max_depth': 20, 'min_child_weight': 270, 'eval_metric': 'logloss'}. Best is trial 233 with value: 0.8034410558457306.
start listen on 192.168.1.101:54233
@tracker All of 4 nodes getting started
@tracker All nodes finishes job
Trial 240 finished with value: 0.8025650201331375 and parameters: {'objective': 'binary:logistic', 'tree_method': 'gpu_hist', 'lambda': 0.011108749739506629, 'alpha': 0.12554638522375716, 'colsample_bytree': 0.3281902524835485, 'subsample': 0.8518573975803603, 'learning_rate': 0.023895374095590845, 'max_depth': 13, 'min_child_weight': 279, 'eval_metric': 'logloss'}. Best is trial 233 with value: 0.8034410558457306.
start listen on 192.168.1.101:55535
@tracker All of 4 nodes getting started
@tracker All nodes finishes job
Trial 241 finished with value: 0.8032175823657145 and parameters: {'objective': 'binary:logistic', 'tree_method': 'gpu_hist', 'lambda': 0.013818272963878579, 'alpha': 0.18804098085343435, 'colsample_bytree': 0.4394063094688985, 'subsample': 0.8809368772292949, 'learning_rate': 0.022404731348031497, 'max_depth': 20, 'min_child_weight': 258, 'eval_metric': 'logloss'}. Best is trial 233 with value: 0.8034410558457306.
start listen on 192.168.1.101:56663
@tracker All of 4 nodes getting started
@tracker All nodes finishes job
Trial 242 finished with value: 0.803167660596856 and parameters: {'objective': 'binary:logistic', 'tree_method': 'gpu_hist', 'lambda': 0.024393130293323153, 'alpha': 0.29085052781469883, 'colsample_bytree': 0.42349969952313893, 'subsample': 0.8381502596903206, 'learning_rate': 0.02154829993670156, 'max_depth': 20, 'min_child_weight': 270, 'eval_metric': 'logloss'}. Best is trial 233 with value: 0.8034410558457306.
start listen on 192.168.1.101:57059
@tracker All of 4 nodes getting started
@tracker All nodes finishes job
Trial 243 finished with value: 0.8030744803823336 and parameters: {'objective': 'binary:logistic', 'tree_method': 'gpu_hist', 'lambda': 0.01699961766566652, 'alpha': 0.20004915934997888, 'colsample_bytree': 0.40613125699552566, 'subsample': 0.8537111085407628, 'learning_rate': 0.02319531775633312, 'max_depth': 20, 'min_child_weight': 278, 'eval_metric': 'logloss'}. Best is trial 233 with value: 0.8034410558457306.
start listen on 192.168.1.101:60787
@tracker All of 4 nodes getting started
@tracker All nodes finishes job
Trial 244 finished with value: 0.8031268872271837 and parameters: {'objective': 'binary:logistic', 'tree_method': 'gpu_hist', 'lambda': 0.03204622816733849, 'alpha': 0.15683211647380585, 'colsample_bytree': 0.38642795514155626, 'subsample': 0.8714730424023682, 'learning_rate': 0.01867449986562225, 'max_depth': 20, 'min_child_weight': 264, 'eval_metric': 'logloss'}. Best is trial 233 with value: 0.8034410558457306.
start listen on 192.168.1.101:46605
@tracker All of 4 nodes getting started
@tracker All nodes finishes job
Trial 245 finished with value: 0.8032365111403921 and parameters: {'objective': 'binary:logistic', 'tree_method': 'gpu_hist', 'lambda': 0.02167087427507839, 'alpha': 0.2334153219010136, 'colsample_bytree': 0.4004734241963408, 'subsample': 0.8243585432500734, 'learning_rate': 0.026060899277481696, 'max_depth': 20, 'min_child_weight': 254, 'eval_metric': 'logloss'}. Best is trial 233 with value: 0.8034410558457306.
start listen on 192.168.1.101:33325
@tracker All of 4 nodes getting started
@tracker All nodes finishes job
Trial 246 finished with value: 0.8032981776532346 and parameters: {'objective': 'binary:logistic', 'tree_method': 'gpu_hist', 'lambda': 0.018243661378015683, 'alpha': 0.11203132130223085, 'colsample_bytree': 0.4417177744268833, 'subsample': 0.7972168670811786, 'learning_rate': 0.020396044959642458, 'max_depth': 20, 'min_child_weight': 282, 'eval_metric': 'logloss'}. Best is trial 233 with value: 0.8034410558457306.
start listen on 192.168.1.101:39607
@tracker All of 4 nodes getting started
@tracker All nodes finishes job
Trial 247 finished with value: 0.8031479619858937 and parameters: {'objective': 'binary:logistic', 'tree_method': 'gpu_hist', 'lambda': 0.018568997352623674, 'alpha': 0.12091786331121265, 'colsample_bytree': 0.43504719650231116, 'subsample': 0.7912868843744032, 'learning_rate': 0.017421890344725247, 'max_depth': 20, 'min_child_weight': 275, 'eval_metric': 'logloss'}. Best is trial 233 with value: 0.8034410558457306.
start listen on 192.168.1.101:60507
@tracker All of 4 nodes getting started
@tracker All nodes finishes job
